[0.010s] Invoking command in '/home/dx/CPE631-Navigation-ROS2-main/build/cpe631_ros2': CMAKE_PREFIX_PATH=${CMAKE_PREFIX_PATH}:/home/dx/ros2_ws/install/cpe631_ros2:/home/dx/ros2_ws/install/autonomous_exploration:/opt/ros/jazzy DEBUGINFOD_URLS=https://debuginfod.ubuntu.com /usr/bin/cmake --build /home/dx/CPE631-Navigation-ROS2-main/build/cpe631_ros2 -- -j4 -l4
[0.042s] -- Found ament_cmake: 2.5.6 (/opt/ros/jazzy/share/ament_cmake/cmake)
[0.217s] -- Override CMake install command with custom implementation using symlinks instead of copying resources
[0.246s] -- Found geometry_msgs: 5.3.7 (/opt/ros/jazzy/share/geometry_msgs/cmake)
[0.292s] -- Found rosidl_generator_c: 4.6.7 (/opt/ros/jazzy/share/rosidl_generator_c/cmake)
[0.304s] -- Found rosidl_generator_cpp: 4.6.7 (/opt/ros/jazzy/share/rosidl_generator_cpp/cmake)
[0.323s] -- Using all available rosidl_typesupport_c: rosidl_typesupport_fastrtps_c;rosidl_typesupport_introspection_c
[0.342s] -- Using all available rosidl_typesupport_cpp: rosidl_typesupport_fastrtps_cpp;rosidl_typesupport_introspection_cpp
[0.395s] -- Found nav2_core: 1.3.11 (/opt/ros/jazzy/share/nav2_core/cmake)
[0.469s] -- Found rmw_implementation_cmake: 7.3.3 (/opt/ros/jazzy/share/rmw_implementation_cmake/cmake)
[0.474s] -- Found rmw_cyclonedds_cpp: 2.2.3 (/opt/ros/jazzy/share/rmw_cyclonedds_cpp/cmake)
[0.515s] -- Using RMW implementation 'rmw_cyclonedds_cpp' as default
[0.943s] -- Found eigen3_cmake_module: 0.3.0 (/opt/ros/jazzy/share/eigen3_cmake_module/cmake)
[0.944s] -- Ensuring Eigen3 include directory is part of orocos-kdl CMake target
[1.036s] -- Found TinyXML2 via Config file: /usr/lib/x86_64-linux-gnu/cmake/tinyxml2
[1.293s] -- Configuring done (1.3s)
[1.455s] -- Generating done (0.2s)
[1.460s] -- Build files have been written to: /home/dx/CPE631-Navigation-ROS2-main/build/cpe631_ros2
[1.501s] [  0%] Built target ament_cmake_python_symlink_cpe631_ros2_setup
[1.501s] [  0%] Built target ament_cmake_python_symlink_cpe631_ros2
[1.506s] [100%] Built target cpe631_ros2_dstar_planner
[1.651s] running egg_info
[1.664s] writing cpe631_ros2.egg-info/PKG-INFO
[1.665s] writing dependency_links to cpe631_ros2.egg-info/dependency_links.txt
[1.665s] writing top-level names to cpe631_ros2.egg-info/top_level.txt
[1.702s] reading manifest file 'cpe631_ros2.egg-info/SOURCES.txt'
[1.703s] writing manifest file 'cpe631_ros2.egg-info/SOURCES.txt'
[1.723s] [100%] Built target ament_cmake_python_build_cpe631_ros2_egg
[1.732s] Invoked command in '/home/dx/CPE631-Navigation-ROS2-main/build/cpe631_ros2' returned '0': CMAKE_PREFIX_PATH=${CMAKE_PREFIX_PATH}:/home/dx/ros2_ws/install/cpe631_ros2:/home/dx/ros2_ws/install/autonomous_exploration:/opt/ros/jazzy DEBUGINFOD_URLS=https://debuginfod.ubuntu.com /usr/bin/cmake --build /home/dx/CPE631-Navigation-ROS2-main/build/cpe631_ros2 -- -j4 -l4
[1.741s] Invoking command in '/home/dx/CPE631-Navigation-ROS2-main/build/cpe631_ros2': CMAKE_PREFIX_PATH=${CMAKE_PREFIX_PATH}:/home/dx/ros2_ws/install/cpe631_ros2:/home/dx/ros2_ws/install/autonomous_exploration:/opt/ros/jazzy DEBUGINFOD_URLS=https://debuginfod.ubuntu.com /usr/bin/cmake --install /home/dx/CPE631-Navigation-ROS2-main/build/cpe631_ros2
[1.747s] -- Install configuration: ""
[1.747s] -- Execute custom install script
[1.747s] -- Up-to-date symlink: /home/dx/CPE631-Navigation-ROS2-main/install/cpe631_ros2/share/cpe631_ros2/environment/pythonpath.sh
[1.748s] -- Up-to-date symlink: /home/dx/CPE631-Navigation-ROS2-main/install/cpe631_ros2/share/cpe631_ros2/environment/pythonpath.dsv
[1.748s] -- Up-to-date symlink: /home/dx/CPE631-Navigation-ROS2-main/install/cpe631_ros2/lib/python3.12/site-packages/cpe631_ros2-0.1.0-py3.12.egg-info/PKG-INFO
[1.748s] -- Up-to-date symlink: /home/dx/CPE631-Navigation-ROS2-main/install/cpe631_ros2/lib/python3.12/site-packages/cpe631_ros2-0.1.0-py3.12.egg-info/SOURCES.txt
[1.748s] -- Up-to-date symlink: /home/dx/CPE631-Navigation-ROS2-main/install/cpe631_ros2/lib/python3.12/site-packages/cpe631_ros2-0.1.0-py3.12.egg-info/dependency_links.txt
[1.748s] -- Up-to-date symlink: /home/dx/CPE631-Navigation-ROS2-main/install/cpe631_ros2/lib/python3.12/site-packages/cpe631_ros2-0.1.0-py3.12.egg-info/top_level.txt
[1.749s] -- Up-to-date symlink: /home/dx/CPE631-Navigation-ROS2-main/install/cpe631_ros2/lib/python3.12/site-packages/cpe631_ros2/__init__.py
[1.749s] -- Up-to-date symlink: /home/dx/CPE631-Navigation-ROS2-main/install/cpe631_ros2/lib/python3.12/site-packages/cpe631_ros2/data_collector.py
[1.749s] -- Up-to-date symlink: /home/dx/CPE631-Navigation-ROS2-main/install/cpe631_ros2/lib/python3.12/site-packages/cpe631_ros2/goal_sender.py
[1.749s] -- Up-to-date symlink: /home/dx/CPE631-Navigation-ROS2-main/install/cpe631_ros2/lib/python3.12/site-packages/cpe631_ros2/map_republisher.py
[1.749s] -- Up-to-date symlink: /home/dx/CPE631-Navigation-ROS2-main/install/cpe631_ros2/lib/python3.12/site-packages/cpe631_ros2/ped_pose_extractor.py
[1.749s] -- Up-to-date symlink: /home/dx/CPE631-Navigation-ROS2-main/install/cpe631_ros2/lib/python3.12/site-packages/cpe631_ros2/peds.py
[1.749s] -- Up-to-date symlink: /home/dx/CPE631-Navigation-ROS2-main/install/cpe631_ros2/lib/python3.12/site-packages/cpe631_ros2/replan_trigger.py
[1.749s] -- Up-to-date symlink: /home/dx/CPE631-Navigation-ROS2-main/install/cpe631_ros2/lib/python3.12/site-packages/cpe631_ros2/social_nav_node.py
[1.750s] -- Up-to-date symlink: /home/dx/CPE631-Navigation-ROS2-main/install/cpe631_ros2/lib/python3.12/site-packages/cpe631_ros2/teleop.py
[1.750s] -- Up-to-date symlink: /home/dx/CPE631-Navigation-ROS2-main/install/cpe631_ros2/share/cpe631_ros2//cpe631_ros2_dstar_planner.xml
[1.750s] -- Up-to-date symlink: /home/dx/CPE631-Navigation-ROS2-main/install/cpe631_ros2/share/cpe631_ros2/launch/__pycache__/cafe.launch.cpython-312.pyc
[1.750s] -- Up-to-date symlink: /home/dx/CPE631-Navigation-ROS2-main/install/cpe631_ros2/share/cpe631_ros2/launch/__pycache__/cafe_dynamic.launch.cpython-312.pyc
[1.750s] -- Up-to-date symlink: /home/dx/CPE631-Navigation-ROS2-main/install/cpe631_ros2/share/cpe631_ros2/launch/cafe.launch.py
[1.750s] -- Up-to-date symlink: /home/dx/CPE631-Navigation-ROS2-main/install/cpe631_ros2/share/cpe631_ros2/launch/cafe_dynamic.launch.py
[1.750s] -- Up-to-date symlink: /home/dx/CPE631-Navigation-ROS2-main/install/cpe631_ros2/share/cpe631_ros2/launch/teleop.launch.py
[1.750s] -- Up-to-date symlink: /home/dx/CPE631-Navigation-ROS2-main/install/cpe631_ros2/share/cpe631_ros2/worlds/cafe.world
[1.751s] -- Up-to-date symlink: /home/dx/CPE631-Navigation-ROS2-main/install/cpe631_ros2/share/cpe631_ros2/models/Target/model.config
[1.751s] -- Up-to-date symlink: /home/dx/CPE631-Navigation-ROS2-main/install/cpe631_ros2/share/cpe631_ros2/models/Target/model.sdf
[1.751s] -- Up-to-date symlink: /home/dx/CPE631-Navigation-ROS2-main/install/cpe631_ros2/share/cpe631_ros2/models/cafe/materials/textures/__auto_10.jpg
[1.751s] -- Up-to-date symlink: /home/dx/CPE631-Navigation-ROS2-main/install/cpe631_ros2/share/cpe631_ros2/models/cafe/materials/textures/__auto_2.jpg
[1.751s] -- Up-to-date symlink: /home/dx/CPE631-Navigation-ROS2-main/install/cpe631_ros2/share/cpe631_ros2/models/cafe/materials/textures/__auto_21.jpg
[1.751s] -- Up-to-date symlink: /home/dx/CPE631-Navigation-ROS2-main/install/cpe631_ros2/share/cpe631_ros2/models/cafe/materials/textures/__auto_22.jpg
[1.752s] -- Up-to-date symlink: /home/dx/CPE631-Navigation-ROS2-main/install/cpe631_ros2/share/cpe631_ros2/models/cafe/materials/textures/__auto_23.jpg
[1.752s] -- Up-to-date symlink: /home/dx/CPE631-Navigation-ROS2-main/install/cpe631_ros2/share/cpe631_ros2/models/cafe/materials/textures/__auto_24.jpg
[1.752s] -- Up-to-date symlink: /home/dx/CPE631-Navigation-ROS2-main/install/cpe631_ros2/share/cpe631_ros2/models/cafe/materials/textures/__auto_25.jpg
[1.752s] -- Up-to-date symlink: /home/dx/CPE631-Navigation-ROS2-main/install/cpe631_ros2/share/cpe631_ros2/models/cafe/materials/textures/__auto_26.jpg
[1.752s] -- Up-to-date symlink: /home/dx/CPE631-Navigation-ROS2-main/install/cpe631_ros2/share/cpe631_ros2/models/cafe/materials/textures/__auto_28.jpg
[1.752s] -- Up-to-date symlink: /home/dx/CPE631-Navigation-ROS2-main/install/cpe631_ros2/share/cpe631_ros2/models/cafe/materials/textures/__auto_29.jpg
[1.752s] -- Up-to-date symlink: /home/dx/CPE631-Navigation-ROS2-main/install/cpe631_ros2/share/cpe631_ros2/models/cafe/materials/textures/__auto_30.jpg
[1.752s] -- Up-to-date symlink: /home/dx/CPE631-Navigation-ROS2-main/install/cpe631_ros2/share/cpe631_ros2/models/cafe/materials/textures/__auto_31.jpg
[1.752s] -- Up-to-date symlink: /home/dx/CPE631-Navigation-ROS2-main/install/cpe631_ros2/share/cpe631_ros2/models/cafe/materials/textures/__auto_34.jpg
[1.752s] -- Up-to-date symlink: /home/dx/CPE631-Navigation-ROS2-main/install/cpe631_ros2/share/cpe631_ros2/models/cafe/materials/textures/__auto_35.jpg
[1.752s] -- Up-to-date symlink: /home/dx/CPE631-Navigation-ROS2-main/install/cpe631_ros2/share/cpe631_ros2/models/cafe/materials/textures/__auto_37.jpg
[1.752s] -- Up-to-date symlink: /home/dx/CPE631-Navigation-ROS2-main/install/cpe631_ros2/share/cpe631_ros2/models/cafe/meshes/cafe.dae
[1.752s] -- Up-to-date symlink: /home/dx/CPE631-Navigation-ROS2-main/install/cpe631_ros2/share/cpe631_ros2/models/cafe/model.config
[1.753s] -- Up-to-date symlink: /home/dx/CPE631-Navigation-ROS2-main/install/cpe631_ros2/share/cpe631_ros2/models/cafe/model.sdf
[1.753s] -- Up-to-date symlink: /home/dx/CPE631-Navigation-ROS2-main/install/cpe631_ros2/share/cpe631_ros2/models/cafe_table/materials/textures/Maple.jpg
[1.753s] -- Up-to-date symlink: /home/dx/CPE631-Navigation-ROS2-main/install/cpe631_ros2/share/cpe631_ros2/models/cafe_table/materials/textures/Wood_Floor_Dark.jpg
[1.753s] -- Up-to-date symlink: /home/dx/CPE631-Navigation-ROS2-main/install/cpe631_ros2/share/cpe631_ros2/models/cafe_table/meshes/cafe_table.dae
[1.753s] -- Up-to-date symlink: /home/dx/CPE631-Navigation-ROS2-main/install/cpe631_ros2/share/cpe631_ros2/models/cafe_table/model-1_4.sdf
[1.753s] -- Up-to-date symlink: /home/dx/CPE631-Navigation-ROS2-main/install/cpe631_ros2/share/cpe631_ros2/models/cafe_table/model.config
[1.753s] -- Up-to-date symlink: /home/dx/CPE631-Navigation-ROS2-main/install/cpe631_ros2/share/cpe631_ros2/models/cafe_table/model.sdf
[1.753s] -- Up-to-date symlink: /home/dx/CPE631-Navigation-ROS2-main/install/cpe631_ros2/share/cpe631_ros2/models/person_standing/materials/textures/eyebrow001-unmodified.png
[1.753s] -- Up-to-date symlink: /home/dx/CPE631-Navigation-ROS2-main/install/cpe631_ros2/share/cpe631_ros2/models/person_standing/materials/textures/eyebrow001.png
[1.753s] -- Up-to-date symlink: /home/dx/CPE631-Navigation-ROS2-main/install/cpe631_ros2/share/cpe631_ros2/models/person_standing/materials/textures/green_eye.png
[1.754s] -- Up-to-date symlink: /home/dx/CPE631-Navigation-ROS2-main/install/cpe631_ros2/share/cpe631_ros2/models/person_standing/materials/textures/jeans01_normals.png
[1.754s] -- Up-to-date symlink: /home/dx/CPE631-Navigation-ROS2-main/install/cpe631_ros2/share/cpe631_ros2/models/person_standing/materials/textures/jeans_basic_diffuse.png
[1.754s] -- Up-to-date symlink: /home/dx/CPE631-Navigation-ROS2-main/install/cpe631_ros2/share/cpe631_ros2/models/person_standing/materials/textures/male02_diffuse_black-unmodified.png
[1.754s] -- Up-to-date symlink: /home/dx/CPE631-Navigation-ROS2-main/install/cpe631_ros2/share/cpe631_ros2/models/person_standing/materials/textures/male02_diffuse_black.png
[1.754s] -- Up-to-date symlink: /home/dx/CPE631-Navigation-ROS2-main/install/cpe631_ros2/share/cpe631_ros2/models/person_standing/materials/textures/teeth.png
[1.754s] -- Up-to-date symlink: /home/dx/CPE631-Navigation-ROS2-main/install/cpe631_ros2/share/cpe631_ros2/models/person_standing/materials/textures/tshirt02_normals.png
[1.754s] -- Up-to-date symlink: /home/dx/CPE631-Navigation-ROS2-main/install/cpe631_ros2/share/cpe631_ros2/models/person_standing/materials/textures/tshirt02_texture.png
[1.754s] -- Up-to-date symlink: /home/dx/CPE631-Navigation-ROS2-main/install/cpe631_ros2/share/cpe631_ros2/models/person_standing/materials/textures/young_lightskinned_male_diffuse.png
[1.754s] -- Up-to-date symlink: /home/dx/CPE631-Navigation-ROS2-main/install/cpe631_ros2/share/cpe631_ros2/models/person_standing/meshes/standing.dae
[1.755s] -- Up-to-date symlink: /home/dx/CPE631-Navigation-ROS2-main/install/cpe631_ros2/share/cpe631_ros2/models/person_standing/model.config
[1.755s] -- Up-to-date symlink: /home/dx/CPE631-Navigation-ROS2-main/install/cpe631_ros2/share/cpe631_ros2/models/person_standing/model.sdf
[1.755s] -- Up-to-date symlink: /home/dx/CPE631-Navigation-ROS2-main/install/cpe631_ros2/share/cpe631_ros2/models/person_walking/materials/textures/eyebrow001-unmodified.png
[1.755s] -- Up-to-date symlink: /home/dx/CPE631-Navigation-ROS2-main/install/cpe631_ros2/share/cpe631_ros2/models/person_walking/materials/textures/eyebrow001.png
[1.755s] -- Up-to-date symlink: /home/dx/CPE631-Navigation-ROS2-main/install/cpe631_ros2/share/cpe631_ros2/models/person_walking/materials/textures/green_eye.png
[1.755s] -- Up-to-date symlink: /home/dx/CPE631-Navigation-ROS2-main/install/cpe631_ros2/share/cpe631_ros2/models/person_walking/materials/textures/jeans01_normals.png
[1.755s] -- Up-to-date symlink: /home/dx/CPE631-Navigation-ROS2-main/install/cpe631_ros2/share/cpe631_ros2/models/person_walking/materials/textures/jeans_basic_diffuse.png
[1.755s] -- Up-to-date symlink: /home/dx/CPE631-Navigation-ROS2-main/install/cpe631_ros2/share/cpe631_ros2/models/person_walking/materials/textures/male02_diffuse_black-unmodified.png
[1.755s] -- Up-to-date symlink: /home/dx/CPE631-Navigation-ROS2-main/install/cpe631_ros2/share/cpe631_ros2/models/person_walking/materials/textures/male02_diffuse_black.png
[1.755s] -- Up-to-date symlink: /home/dx/CPE631-Navigation-ROS2-main/install/cpe631_ros2/share/cpe631_ros2/models/person_walking/materials/textures/teeth.png
[1.755s] -- Up-to-date symlink: /home/dx/CPE631-Navigation-ROS2-main/install/cpe631_ros2/share/cpe631_ros2/models/person_walking/materials/textures/tshirt02_normals.png
[1.756s] -- Up-to-date symlink: /home/dx/CPE631-Navigation-ROS2-main/install/cpe631_ros2/share/cpe631_ros2/models/person_walking/materials/textures/tshirt02_texture.png
[1.756s] -- Up-to-date symlink: /home/dx/CPE631-Navigation-ROS2-main/install/cpe631_ros2/share/cpe631_ros2/models/person_walking/materials/textures/young_lightskinned_male_diffuse.png
[1.756s] -- Up-to-date symlink: /home/dx/CPE631-Navigation-ROS2-main/install/cpe631_ros2/share/cpe631_ros2/models/person_walking/meshes/walking.dae
[1.756s] -- Up-to-date symlink: /home/dx/CPE631-Navigation-ROS2-main/install/cpe631_ros2/share/cpe631_ros2/models/person_walking/model.config
[1.756s] -- Up-to-date symlink: /home/dx/CPE631-Navigation-ROS2-main/install/cpe631_ros2/share/cpe631_ros2/models/person_walking/model.sdf
[1.756s] -- Up-to-date symlink: /home/dx/CPE631-Navigation-ROS2-main/install/cpe631_ros2/share/cpe631_ros2/models/person_walking_actor/model.sdf
[1.756s] -- Up-to-date symlink: /home/dx/CPE631-Navigation-ROS2-main/install/cpe631_ros2/share/cpe631_ros2/models/person_walking_actor_1/model.sdf
[1.756s] -- Up-to-date symlink: /home/dx/CPE631-Navigation-ROS2-main/install/cpe631_ros2/share/cpe631_ros2/models/person_walking_actor_2/model.sdf
[1.756s] -- Up-to-date symlink: /home/dx/CPE631-Navigation-ROS2-main/install/cpe631_ros2/share/cpe631_ros2/models/person_walking_actor_3/model.sdf
[1.756s] -- Up-to-date symlink: /home/dx/CPE631-Navigation-ROS2-main/install/cpe631_ros2/share/cpe631_ros2/models/turtlebot3_burger/model-1_4.sdf
[1.756s] -- Up-to-date symlink: /home/dx/CPE631-Navigation-ROS2-main/install/cpe631_ros2/share/cpe631_ros2/models/turtlebot3_burger/model.config
[1.756s] -- Up-to-date symlink: /home/dx/CPE631-Navigation-ROS2-main/install/cpe631_ros2/share/cpe631_ros2/models/turtlebot3_burger/model.sdf
[1.756s] -- Up-to-date symlink: /home/dx/CPE631-Navigation-ROS2-main/install/cpe631_ros2/share/cpe631_ros2/rviz/gmapping.rviz
[1.757s] -- Up-to-date symlink: /home/dx/CPE631-Navigation-ROS2-main/install/cpe631_ros2/share/cpe631_ros2/rviz/navigation.rviz
[1.757s] -- Up-to-date symlink: /home/dx/CPE631-Navigation-ROS2-main/install/cpe631_ros2/share/cpe631_ros2/param/custom_bt.xml
[1.757s] -- Up-to-date symlink: /home/dx/CPE631-Navigation-ROS2-main/install/cpe631_ros2/share/cpe631_ros2/param/custom_bt_dstar_plus.xml
[1.757s] -- Up-to-date symlink: /home/dx/CPE631-Navigation-ROS2-main/install/cpe631_ros2/share/cpe631_ros2/param/nav2_burger.yaml
[1.757s] -- Up-to-date symlink: /home/dx/CPE631-Navigation-ROS2-main/install/cpe631_ros2/share/cpe631_ros2/param/nav2_dstar_plus.yaml
[1.757s] -- Up-to-date symlink: /home/dx/CPE631-Navigation-ROS2-main/install/cpe631_ros2/share/cpe631_ros2/param/nav2_dynamic_astar.yaml
[1.757s] -- Up-to-date symlink: /home/dx/CPE631-Navigation-ROS2-main/install/cpe631_ros2/share/cpe631_ros2/param/nav2_dynamic_conservative.yaml
[1.757s] -- Up-to-date symlink: /home/dx/CPE631-Navigation-ROS2-main/install/cpe631_ros2/share/cpe631_ros2/param/nav2_dynamic_dstar.yaml
[1.757s] -- Up-to-date symlink: /home/dx/CPE631-Navigation-ROS2-main/install/cpe631_ros2/share/cpe631_ros2/param/nav2_social_astar.yaml
[1.757s] -- Up-to-date symlink: /home/dx/CPE631-Navigation-ROS2-main/install/cpe631_ros2/share/cpe631_ros2/param/nav2_social_dstar.yaml
[1.757s] -- Up-to-date symlink: /home/dx/CPE631-Navigation-ROS2-main/install/cpe631_ros2/share/cpe631_ros2/param/nav2_social_dynamic.yaml
[1.757s] -- Up-to-date symlink: /home/dx/CPE631-Navigation-ROS2-main/install/cpe631_ros2/share/cpe631_ros2/param/nav2_social_smac.yaml
[1.757s] -- Up-to-date symlink: /home/dx/CPE631-Navigation-ROS2-main/install/cpe631_ros2/share/cpe631_ros2/param/social_pose_bridge.yaml
[1.758s] -- Up-to-date symlink: /home/dx/CPE631-Navigation-ROS2-main/install/cpe631_ros2/share/cpe631_ros2/param/turtlebot3_burger_bridge_local.yaml
[1.758s] -- Up-to-date symlink: /home/dx/CPE631-Navigation-ROS2-main/install/cpe631_ros2/share/cpe631_ros2/maps/cafe.pgm
[1.758s] -- Up-to-date symlink: /home/dx/CPE631-Navigation-ROS2-main/install/cpe631_ros2/share/cpe631_ros2/maps/cafe.yaml
[1.758s] -- Up-to-date symlink: /home/dx/CPE631-Navigation-ROS2-main/install/cpe631_ros2/include/cpe631_ros2/dstar_planner.hpp
[1.758s] -- Up-to-date symlink: /home/dx/CPE631-Navigation-ROS2-main/install/cpe631_ros2/lib/libcpe631_ros2_dstar_planner.so
[1.758s] -- Up-to-date symlink: /home/dx/CPE631-Navigation-ROS2-main/install/cpe631_ros2/share/cpe631_ros2/cpe631_ros2_dstar_planner.xml
[1.758s] -- Up-to-date symlink: /home/dx/CPE631-Navigation-ROS2-main/install/cpe631_ros2/share/cpe631_ros2/environment/library_path.sh
[1.758s] -- Up-to-date symlink: /home/dx/CPE631-Navigation-ROS2-main/install/cpe631_ros2/share/cpe631_ros2/environment/library_path.dsv
[1.758s] -- Up-to-date symlink: /home/dx/CPE631-Navigation-ROS2-main/install/cpe631_ros2/share/ament_index/resource_index/package_run_dependencies/cpe631_ros2
[1.758s] -- Up-to-date symlink: /home/dx/CPE631-Navigation-ROS2-main/install/cpe631_ros2/share/ament_index/resource_index/parent_prefix_path/cpe631_ros2
[1.758s] -- Up-to-date symlink: /home/dx/CPE631-Navigation-ROS2-main/install/cpe631_ros2/share/cpe631_ros2/environment/ament_prefix_path.sh
[1.758s] -- Up-to-date symlink: /home/dx/CPE631-Navigation-ROS2-main/install/cpe631_ros2/share/cpe631_ros2/environment/ament_prefix_path.dsv
[1.759s] -- Up-to-date symlink: /home/dx/CPE631-Navigation-ROS2-main/install/cpe631_ros2/share/cpe631_ros2/environment/path.sh
[1.759s] -- Up-to-date symlink: /home/dx/CPE631-Navigation-ROS2-main/install/cpe631_ros2/share/cpe631_ros2/environment/path.dsv
[1.759s] -- Up-to-date symlink: /home/dx/CPE631-Navigation-ROS2-main/install/cpe631_ros2/share/cpe631_ros2/local_setup.bash
[1.759s] -- Up-to-date symlink: /home/dx/CPE631-Navigation-ROS2-main/install/cpe631_ros2/share/cpe631_ros2/local_setup.sh
[1.759s] -- Up-to-date symlink: /home/dx/CPE631-Navigation-ROS2-main/install/cpe631_ros2/share/cpe631_ros2/local_setup.zsh
[1.759s] -- Up-to-date symlink: /home/dx/CPE631-Navigation-ROS2-main/install/cpe631_ros2/share/cpe631_ros2/local_setup.dsv
[1.759s] -- Symlinking: /home/dx/CPE631-Navigation-ROS2-main/install/cpe631_ros2/share/cpe631_ros2/package.dsv
[1.767s] -- Up-to-date symlink: /home/dx/CPE631-Navigation-ROS2-main/install/cpe631_ros2/share/ament_index/resource_index/packages/cpe631_ros2
[1.767s] -- Up-to-date symlink: /home/dx/CPE631-Navigation-ROS2-main/install/cpe631_ros2/share/ament_index/resource_index/nav2_core__pluginlib__plugin/cpe631_ros2
[1.767s] -- Up-to-date symlink: /home/dx/CPE631-Navigation-ROS2-main/install/cpe631_ros2/share/cpe631_ros2/cmake/ament_cmake_export_include_directories-extras.cmake
[1.767s] -- Up-to-date symlink: /home/dx/CPE631-Navigation-ROS2-main/install/cpe631_ros2/share/cpe631_ros2/cmake/ament_cmake_export_libraries-extras.cmake
[1.767s] -- Up-to-date symlink: /home/dx/CPE631-Navigation-ROS2-main/install/cpe631_ros2/share/cpe631_ros2/cmake/ament_cmake_export_dependencies-extras.cmake
[1.767s] -- Up-to-date symlink: /home/dx/CPE631-Navigation-ROS2-main/install/cpe631_ros2/share/cpe631_ros2/cmake/cpe631_ros2Config.cmake
[1.768s] -- Up-to-date symlink: /home/dx/CPE631-Navigation-ROS2-main/install/cpe631_ros2/share/cpe631_ros2/cmake/cpe631_ros2Config-version.cmake
[1.768s] -- Up-to-date symlink: /home/dx/CPE631-Navigation-ROS2-main/install/cpe631_ros2/share/cpe631_ros2/package.xml
[1.795s] Listing '/home/dx/CPE631-Navigation-ROS2-main/install/cpe631_ros2/lib/python3.12/site-packages/cpe631_ros2'...
[1.798s] -- Up-to-date: /home/dx/CPE631-Navigation-ROS2-main/install/cpe631_ros2/lib/cpe631_ros2/cpe631_teleop
[1.798s] -- Up-to-date: /home/dx/CPE631-Navigation-ROS2-main/install/cpe631_ros2/lib/cpe631_ros2/cpe631_peds
[1.798s] -- Up-to-date: /home/dx/CPE631-Navigation-ROS2-main/install/cpe631_ros2/lib/cpe631_ros2/cpe631_map_republisher
[1.798s] -- Up-to-date: /home/dx/CPE631-Navigation-ROS2-main/install/cpe631_ros2/lib/cpe631_ros2/ped_pose_extractor
[1.798s] -- Up-to-date: /home/dx/CPE631-Navigation-ROS2-main/install/cpe631_ros2/lib/cpe631_ros2/social_nav_node
[1.799s] -- Up-to-date: /home/dx/CPE631-Navigation-ROS2-main/install/cpe631_ros2/lib/cpe631_ros2/data_collector
[1.799s] -- Up-to-date: /home/dx/CPE631-Navigation-ROS2-main/install/cpe631_ros2/lib/cpe631_ros2/goal_sender
[1.799s] -- Installing: /home/dx/CPE631-Navigation-ROS2-main/install/cpe631_ros2/lib/cpe631_ros2/replan_trigger
[1.800s] Invoked command in '/home/dx/CPE631-Navigation-ROS2-main/build/cpe631_ros2' returned '0': CMAKE_PREFIX_PATH=${CMAKE_PREFIX_PATH}:/home/dx/ros2_ws/install/cpe631_ros2:/home/dx/ros2_ws/install/autonomous_exploration:/opt/ros/jazzy DEBUGINFOD_URLS=https://debuginfod.ubuntu.com /usr/bin/cmake --install /home/dx/CPE631-Navigation-ROS2-main/build/cpe631_ros2
