[0.017s] Invoking command in '/home/dx/CPE631-Navigation-ROS2-main/build/cpe631_ros2': CMAKE_PREFIX_PATH=${CMAKE_PREFIX_PATH}:/home/dx/ros2_ws/install/cpe631_ros2:/home/dx/ros2_ws/install/autonomous_exploration:/opt/ros/jazzy DEBUGINFOD_URLS=https://debuginfod.ubuntu.com /usr/bin/cmake /home/dx/CPE631-Navigation-ROS2-main -DCMAKE_INSTALL_PREFIX=/home/dx/CPE631-Navigation-ROS2-main/install/cpe631_ros2
[0.043s] -- Found ament_cmake: 2.5.6 (/opt/ros/jazzy/share/ament_cmake/cmake)
[0.270s] -- Override CMake install command with custom implementation using symlinks instead of copying resources
[0.300s] -- Found geometry_msgs: 5.3.7 (/opt/ros/jazzy/share/geometry_msgs/cmake)
[0.352s] -- Found rosidl_generator_c: 4.6.7 (/opt/ros/jazzy/share/rosidl_generator_c/cmake)
[0.366s] -- Found rosidl_generator_cpp: 4.6.7 (/opt/ros/jazzy/share/rosidl_generator_cpp/cmake)
[0.391s] -- Using all available rosidl_typesupport_c: rosidl_typesupport_fastrtps_c;rosidl_typesupport_introspection_c
[0.410s] -- Using all available rosidl_typesupport_cpp: rosidl_typesupport_fastrtps_cpp;rosidl_typesupport_introspection_cpp
[0.474s] -- Found nav2_core: 1.3.11 (/opt/ros/jazzy/share/nav2_core/cmake)
[0.558s] -- Found rmw_implementation_cmake: 7.3.3 (/opt/ros/jazzy/share/rmw_implementation_cmake/cmake)
[0.564s] -- Found rmw_cyclonedds_cpp: 2.2.3 (/opt/ros/jazzy/share/rmw_cyclonedds_cpp/cmake)
[0.608s] -- Using RMW implementation 'rmw_cyclonedds_cpp' as default
[1.071s] -- Found eigen3_cmake_module: 0.3.0 (/opt/ros/jazzy/share/eigen3_cmake_module/cmake)
[1.073s] -- Ensuring Eigen3 include directory is part of orocos-kdl CMake target
[1.174s] -- Found TinyXML2 via Config file: /usr/lib/x86_64-linux-gnu/cmake/tinyxml2
[1.486s] -- Configuring done (1.5s)
[1.613s] -- Generating done (0.1s)
[1.619s] -- Build files have been written to: /home/dx/CPE631-Navigation-ROS2-main/build/cpe631_ros2
[1.629s] Invoked command in '/home/dx/CPE631-Navigation-ROS2-main/build/cpe631_ros2' returned '0': CMAKE_PREFIX_PATH=${CMAKE_PREFIX_PATH}:/home/dx/ros2_ws/install/cpe631_ros2:/home/dx/ros2_ws/install/autonomous_exploration:/opt/ros/jazzy DEBUGINFOD_URLS=https://debuginfod.ubuntu.com /usr/bin/cmake /home/dx/CPE631-Navigation-ROS2-main -DCMAKE_INSTALL_PREFIX=/home/dx/CPE631-Navigation-ROS2-main/install/cpe631_ros2
[1.630s] Invoking command in '/home/dx/CPE631-Navigation-ROS2-main/build/cpe631_ros2': CMAKE_PREFIX_PATH=${CMAKE_PREFIX_PATH}:/home/dx/ros2_ws/install/cpe631_ros2:/home/dx/ros2_ws/install/autonomous_exploration:/opt/ros/jazzy DEBUGINFOD_URLS=https://debuginfod.ubuntu.com /usr/bin/cmake --build /home/dx/CPE631-Navigation-ROS2-main/build/cpe631_ros2 -- -j4 -l4
[1.701s] [  0%] Built target ament_cmake_python_symlink_cpe631_ros2_setup
[1.708s] [  0%] Built target ament_cmake_python_symlink_cpe631_ros2
[1.722s] [ 50%] Building CXX object CMakeFiles/cpe631_ros2_dstar_planner.dir/src/dstar_planner.cpp.o
[1.957s] running egg_info
[1.973s] writing cpe631_ros2.egg-info/PKG-INFO
[1.973s] writing dependency_links to cpe631_ros2.egg-info/dependency_links.txt
[1.974s] writing top-level names to cpe631_ros2.egg-info/top_level.txt
[2.020s] reading manifest file 'cpe631_ros2.egg-info/SOURCES.txt'
[2.020s] writing manifest file 'cpe631_ros2.egg-info/SOURCES.txt'
[2.050s] [ 50%] Built target ament_cmake_python_build_cpe631_ros2_egg
[7.058s] [100%] Linking CXX shared library libcpe631_ros2_dstar_planner.so
[7.409s] [100%] Built target cpe631_ros2_dstar_planner
[7.420s] Invoked command in '/home/dx/CPE631-Navigation-ROS2-main/build/cpe631_ros2' returned '0': CMAKE_PREFIX_PATH=${CMAKE_PREFIX_PATH}:/home/dx/ros2_ws/install/cpe631_ros2:/home/dx/ros2_ws/install/autonomous_exploration:/opt/ros/jazzy DEBUGINFOD_URLS=https://debuginfod.ubuntu.com /usr/bin/cmake --build /home/dx/CPE631-Navigation-ROS2-main/build/cpe631_ros2 -- -j4 -l4
[7.431s] Invoking command in '/home/dx/CPE631-Navigation-ROS2-main/build/cpe631_ros2': CMAKE_PREFIX_PATH=${CMAKE_PREFIX_PATH}:/home/dx/ros2_ws/install/cpe631_ros2:/home/dx/ros2_ws/install/autonomous_exploration:/opt/ros/jazzy DEBUGINFOD_URLS=https://debuginfod.ubuntu.com /usr/bin/cmake --install /home/dx/CPE631-Navigation-ROS2-main/build/cpe631_ros2
[7.439s] -- Install configuration: ""
[7.440s] -- Execute custom install script
[7.440s] -- Up-to-date symlink: /home/dx/CPE631-Navigation-ROS2-main/install/cpe631_ros2/share/cpe631_ros2/environment/pythonpath.sh
[7.440s] -- Up-to-date symlink: /home/dx/CPE631-Navigation-ROS2-main/install/cpe631_ros2/share/cpe631_ros2/environment/pythonpath.dsv
[7.440s] -- Up-to-date symlink: /home/dx/CPE631-Navigation-ROS2-main/install/cpe631_ros2/lib/python3.12/site-packages/cpe631_ros2-0.1.0-py3.12.egg-info/PKG-INFO
[7.440s] -- Up-to-date symlink: /home/dx/CPE631-Navigation-ROS2-main/install/cpe631_ros2/lib/python3.12/site-packages/cpe631_ros2-0.1.0-py3.12.egg-info/SOURCES.txt
[7.441s] -- Up-to-date symlink: /home/dx/CPE631-Navigation-ROS2-main/install/cpe631_ros2/lib/python3.12/site-packages/cpe631_ros2-0.1.0-py3.12.egg-info/dependency_links.txt
[7.441s] -- Up-to-date symlink: /home/dx/CPE631-Navigation-ROS2-main/install/cpe631_ros2/lib/python3.12/site-packages/cpe631_ros2-0.1.0-py3.12.egg-info/top_level.txt
[7.441s] -- Up-to-date symlink: /home/dx/CPE631-Navigation-ROS2-main/install/cpe631_ros2/lib/python3.12/site-packages/cpe631_ros2/__init__.py
[7.441s] -- Up-to-date symlink: /home/dx/CPE631-Navigation-ROS2-main/install/cpe631_ros2/lib/python3.12/site-packages/cpe631_ros2/data_collector.py
[7.441s] -- Up-to-date symlink: /home/dx/CPE631-Navigation-ROS2-main/install/cpe631_ros2/lib/python3.12/site-packages/cpe631_ros2/goal_sender.py
[7.441s] -- Up-to-date symlink: /home/dx/CPE631-Navigation-ROS2-main/install/cpe631_ros2/lib/python3.12/site-packages/cpe631_ros2/map_republisher.py
[7.442s] -- Up-to-date symlink: /home/dx/CPE631-Navigation-ROS2-main/install/cpe631_ros2/lib/python3.12/site-packages/cpe631_ros2/ped_pose_extractor.py
[7.442s] -- Up-to-date symlink: /home/dx/CPE631-Navigation-ROS2-main/install/cpe631_ros2/lib/python3.12/site-packages/cpe631_ros2/peds.py
[7.442s] -- Up-to-date symlink: /home/dx/CPE631-Navigation-ROS2-main/install/cpe631_ros2/lib/python3.12/site-packages/cpe631_ros2/social_nav_node.py
[7.442s] -- Up-to-date symlink: /home/dx/CPE631-Navigation-ROS2-main/install/cpe631_ros2/lib/python3.12/site-packages/cpe631_ros2/teleop.py
[7.442s] -- Up-to-date symlink: /home/dx/CPE631-Navigation-ROS2-main/install/cpe631_ros2/share/cpe631_ros2//cpe631_ros2_dstar_planner.xml
[7.442s] -- Up-to-date symlink: /home/dx/CPE631-Navigation-ROS2-main/install/cpe631_ros2/share/cpe631_ros2/launch/__pycache__/cafe.launch.cpython-312.pyc
[7.442s] -- Symlinking: /home/dx/CPE631-Navigation-ROS2-main/install/cpe631_ros2/share/cpe631_ros2/launch/__pycache__/cafe_dynamic.launch.cpython-312.pyc
[7.453s] -- Up-to-date symlink: /home/dx/CPE631-Navigation-ROS2-main/install/cpe631_ros2/share/cpe631_ros2/launch/cafe.launch.py
[7.453s] -- Up-to-date symlink: /home/dx/CPE631-Navigation-ROS2-main/install/cpe631_ros2/share/cpe631_ros2/launch/cafe_dynamic.launch.py
[7.453s] -- Up-to-date symlink: /home/dx/CPE631-Navigation-ROS2-main/install/cpe631_ros2/share/cpe631_ros2/launch/teleop.launch.py
[7.453s] -- Up-to-date symlink: /home/dx/CPE631-Navigation-ROS2-main/install/cpe631_ros2/share/cpe631_ros2/worlds/cafe.world
[7.454s] -- Up-to-date symlink: /home/dx/CPE631-Navigation-ROS2-main/install/cpe631_ros2/share/cpe631_ros2/models/Target/model.config
[7.454s] -- Up-to-date symlink: /home/dx/CPE631-Navigation-ROS2-main/install/cpe631_ros2/share/cpe631_ros2/models/Target/model.sdf
[7.454s] -- Up-to-date symlink: /home/dx/CPE631-Navigation-ROS2-main/install/cpe631_ros2/share/cpe631_ros2/models/cafe/materials/textures/__auto_10.jpg
[7.455s] -- Up-to-date symlink: /home/dx/CPE631-Navigation-ROS2-main/install/cpe631_ros2/share/cpe631_ros2/models/cafe/materials/textures/__auto_2.jpg
[7.455s] -- Up-to-date symlink: /home/dx/CPE631-Navigation-ROS2-main/install/cpe631_ros2/share/cpe631_ros2/models/cafe/materials/textures/__auto_21.jpg
[7.455s] -- Up-to-date symlink: /home/dx/CPE631-Navigation-ROS2-main/install/cpe631_ros2/share/cpe631_ros2/models/cafe/materials/textures/__auto_22.jpg
[7.455s] -- Up-to-date symlink: /home/dx/CPE631-Navigation-ROS2-main/install/cpe631_ros2/share/cpe631_ros2/models/cafe/materials/textures/__auto_23.jpg
[7.455s] -- Up-to-date symlink: /home/dx/CPE631-Navigation-ROS2-main/install/cpe631_ros2/share/cpe631_ros2/models/cafe/materials/textures/__auto_24.jpg
[7.455s] -- Up-to-date symlink: /home/dx/CPE631-Navigation-ROS2-main/install/cpe631_ros2/share/cpe631_ros2/models/cafe/materials/textures/__auto_25.jpg
[7.455s] -- Up-to-date symlink: /home/dx/CPE631-Navigation-ROS2-main/install/cpe631_ros2/share/cpe631_ros2/models/cafe/materials/textures/__auto_26.jpg
[7.456s] -- Up-to-date symlink: /home/dx/CPE631-Navigation-ROS2-main/install/cpe631_ros2/share/cpe631_ros2/models/cafe/materials/textures/__auto_28.jpg
[7.456s] -- Up-to-date symlink: /home/dx/CPE631-Navigation-ROS2-main/install/cpe631_ros2/share/cpe631_ros2/models/cafe/materials/textures/__auto_29.jpg
[7.456s] -- Up-to-date symlink: /home/dx/CPE631-Navigation-ROS2-main/install/cpe631_ros2/share/cpe631_ros2/models/cafe/materials/textures/__auto_30.jpg
[7.456s] -- Up-to-date symlink: /home/dx/CPE631-Navigation-ROS2-main/install/cpe631_ros2/share/cpe631_ros2/models/cafe/materials/textures/__auto_31.jpg
[7.456s] -- Up-to-date symlink: /home/dx/CPE631-Navigation-ROS2-main/install/cpe631_ros2/share/cpe631_ros2/models/cafe/materials/textures/__auto_34.jpg
[7.456s] -- Up-to-date symlink: /home/dx/CPE631-Navigation-ROS2-main/install/cpe631_ros2/share/cpe631_ros2/models/cafe/materials/textures/__auto_35.jpg
[7.456s] -- Up-to-date symlink: /home/dx/CPE631-Navigation-ROS2-main/install/cpe631_ros2/share/cpe631_ros2/models/cafe/materials/textures/__auto_37.jpg
[7.456s] -- Up-to-date symlink: /home/dx/CPE631-Navigation-ROS2-main/install/cpe631_ros2/share/cpe631_ros2/models/cafe/meshes/cafe.dae
[7.456s] -- Up-to-date symlink: /home/dx/CPE631-Navigation-ROS2-main/install/cpe631_ros2/share/cpe631_ros2/models/cafe/model.config
[7.456s] -- Up-to-date symlink: /home/dx/CPE631-Navigation-ROS2-main/install/cpe631_ros2/share/cpe631_ros2/models/cafe/model.sdf
[7.456s] -- Up-to-date symlink: /home/dx/CPE631-Navigation-ROS2-main/install/cpe631_ros2/share/cpe631_ros2/models/cafe_table/materials/textures/Maple.jpg
[7.456s] -- Up-to-date symlink: /home/dx/CPE631-Navigation-ROS2-main/install/cpe631_ros2/share/cpe631_ros2/models/cafe_table/materials/textures/Wood_Floor_Dark.jpg
[7.457s] -- Up-to-date symlink: /home/dx/CPE631-Navigation-ROS2-main/install/cpe631_ros2/share/cpe631_ros2/models/cafe_table/meshes/cafe_table.dae
[7.457s] -- Up-to-date symlink: /home/dx/CPE631-Navigation-ROS2-main/install/cpe631_ros2/share/cpe631_ros2/models/cafe_table/model-1_4.sdf
[7.458s] -- Up-to-date symlink: /home/dx/CPE631-Navigation-ROS2-main/install/cpe631_ros2/share/cpe631_ros2/models/cafe_table/model.config
[7.458s] -- Up-to-date symlink: /home/dx/CPE631-Navigation-ROS2-main/install/cpe631_ros2/share/cpe631_ros2/models/cafe_table/model.sdf
[7.458s] -- Up-to-date symlink: /home/dx/CPE631-Navigation-ROS2-main/install/cpe631_ros2/share/cpe631_ros2/models/person_standing/materials/textures/eyebrow001-unmodified.png
[7.458s] -- Up-to-date symlink: /home/dx/CPE631-Navigation-ROS2-main/install/cpe631_ros2/share/cpe631_ros2/models/person_standing/materials/textures/eyebrow001.png
[7.458s] -- Up-to-date symlink: /home/dx/CPE631-Navigation-ROS2-main/install/cpe631_ros2/share/cpe631_ros2/models/person_standing/materials/textures/green_eye.png
[7.458s] -- Up-to-date symlink: /home/dx/CPE631-Navigation-ROS2-main/install/cpe631_ros2/share/cpe631_ros2/models/person_standing/materials/textures/jeans01_normals.png
[7.459s] -- Up-to-date symlink: /home/dx/CPE631-Navigation-ROS2-main/install/cpe631_ros2/share/cpe631_ros2/models/person_standing/materials/textures/jeans_basic_diffuse.png
[7.459s] -- Up-to-date symlink: /home/dx/CPE631-Navigation-ROS2-main/install/cpe631_ros2/share/cpe631_ros2/models/person_standing/materials/textures/male02_diffuse_black-unmodified.png
[7.459s] -- Up-to-date symlink: /home/dx/CPE631-Navigation-ROS2-main/install/cpe631_ros2/share/cpe631_ros2/models/person_standing/materials/textures/male02_diffuse_black.png
[7.459s] -- Up-to-date symlink: /home/dx/CPE631-Navigation-ROS2-main/install/cpe631_ros2/share/cpe631_ros2/models/person_standing/materials/textures/teeth.png
[7.459s] -- Up-to-date symlink: /home/dx/CPE631-Navigation-ROS2-main/install/cpe631_ros2/share/cpe631_ros2/models/person_standing/materials/textures/tshirt02_normals.png
[7.459s] -- Up-to-date symlink: /home/dx/CPE631-Navigation-ROS2-main/install/cpe631_ros2/share/cpe631_ros2/models/person_standing/materials/textures/tshirt02_texture.png
[7.459s] -- Up-to-date symlink: /home/dx/CPE631-Navigation-ROS2-main/install/cpe631_ros2/share/cpe631_ros2/models/person_standing/materials/textures/young_lightskinned_male_diffuse.png
[7.459s] -- Up-to-date symlink: /home/dx/CPE631-Navigation-ROS2-main/install/cpe631_ros2/share/cpe631_ros2/models/person_standing/meshes/standing.dae
[7.459s] -- Up-to-date symlink: /home/dx/CPE631-Navigation-ROS2-main/install/cpe631_ros2/share/cpe631_ros2/models/person_standing/model.config
[7.459s] -- Up-to-date symlink: /home/dx/CPE631-Navigation-ROS2-main/install/cpe631_ros2/share/cpe631_ros2/models/person_standing/model.sdf
[7.460s] -- Up-to-date symlink: /home/dx/CPE631-Navigation-ROS2-main/install/cpe631_ros2/share/cpe631_ros2/models/person_walking/materials/textures/eyebrow001-unmodified.png
[7.460s] -- Up-to-date symlink: /home/dx/CPE631-Navigation-ROS2-main/install/cpe631_ros2/share/cpe631_ros2/models/person_walking/materials/textures/eyebrow001.png
[7.460s] -- Up-to-date symlink: /home/dx/CPE631-Navigation-ROS2-main/install/cpe631_ros2/share/cpe631_ros2/models/person_walking/materials/textures/green_eye.png
[7.460s] -- Up-to-date symlink: /home/dx/CPE631-Navigation-ROS2-main/install/cpe631_ros2/share/cpe631_ros2/models/person_walking/materials/textures/jeans01_normals.png
[7.460s] -- Up-to-date symlink: /home/dx/CPE631-Navigation-ROS2-main/install/cpe631_ros2/share/cpe631_ros2/models/person_walking/materials/textures/jeans_basic_diffuse.png
[7.460s] -- Up-to-date symlink: /home/dx/CPE631-Navigation-ROS2-main/install/cpe631_ros2/share/cpe631_ros2/models/person_walking/materials/textures/male02_diffuse_black-unmodified.png
[7.460s] -- Up-to-date symlink: /home/dx/CPE631-Navigation-ROS2-main/install/cpe631_ros2/share/cpe631_ros2/models/person_walking/materials/textures/male02_diffuse_black.png
[7.460s] -- Up-to-date symlink: /home/dx/CPE631-Navigation-ROS2-main/install/cpe631_ros2/share/cpe631_ros2/models/person_walking/materials/textures/teeth.png
[7.460s] -- Up-to-date symlink: /home/dx/CPE631-Navigation-ROS2-main/install/cpe631_ros2/share/cpe631_ros2/models/person_walking/materials/textures/tshirt02_normals.png
[7.460s] -- Up-to-date symlink: /home/dx/CPE631-Navigation-ROS2-main/install/cpe631_ros2/share/cpe631_ros2/models/person_walking/materials/textures/tshirt02_texture.png
[7.460s] -- Up-to-date symlink: /home/dx/CPE631-Navigation-ROS2-main/install/cpe631_ros2/share/cpe631_ros2/models/person_walking/materials/textures/young_lightskinned_male_diffuse.png
[7.460s] -- Up-to-date symlink: /home/dx/CPE631-Navigation-ROS2-main/install/cpe631_ros2/share/cpe631_ros2/models/person_walking/meshes/walking.dae
[7.460s] -- Up-to-date symlink: /home/dx/CPE631-Navigation-ROS2-main/install/cpe631_ros2/share/cpe631_ros2/models/person_walking/model.config
[7.460s] -- Up-to-date symlink: /home/dx/CPE631-Navigation-ROS2-main/install/cpe631_ros2/share/cpe631_ros2/models/person_walking/model.sdf
[7.461s] -- Up-to-date symlink: /home/dx/CPE631-Navigation-ROS2-main/install/cpe631_ros2/share/cpe631_ros2/models/person_walking_actor/model.sdf
[7.461s] -- Up-to-date symlink: /home/dx/CPE631-Navigation-ROS2-main/install/cpe631_ros2/share/cpe631_ros2/models/person_walking_actor_1/model.sdf
[7.461s] -- Up-to-date symlink: /home/dx/CPE631-Navigation-ROS2-main/install/cpe631_ros2/share/cpe631_ros2/models/person_walking_actor_2/model.sdf
[7.461s] -- Up-to-date symlink: /home/dx/CPE631-Navigation-ROS2-main/install/cpe631_ros2/share/cpe631_ros2/models/person_walking_actor_3/model.sdf
[7.461s] -- Up-to-date symlink: /home/dx/CPE631-Navigation-ROS2-main/install/cpe631_ros2/share/cpe631_ros2/models/turtlebot3_burger/model-1_4.sdf
[7.461s] -- Up-to-date symlink: /home/dx/CPE631-Navigation-ROS2-main/install/cpe631_ros2/share/cpe631_ros2/models/turtlebot3_burger/model.config
[7.461s] -- Up-to-date symlink: /home/dx/CPE631-Navigation-ROS2-main/install/cpe631_ros2/share/cpe631_ros2/models/turtlebot3_burger/model.sdf
[7.461s] -- Up-to-date symlink: /home/dx/CPE631-Navigation-ROS2-main/install/cpe631_ros2/share/cpe631_ros2/rviz/gmapping.rviz
[7.461s] -- Up-to-date symlink: /home/dx/CPE631-Navigation-ROS2-main/install/cpe631_ros2/share/cpe631_ros2/rviz/navigation.rviz
[7.461s] -- Up-to-date symlink: /home/dx/CPE631-Navigation-ROS2-main/install/cpe631_ros2/share/cpe631_ros2/param/custom_bt.xml
[7.462s] -- Up-to-date symlink: /home/dx/CPE631-Navigation-ROS2-main/install/cpe631_ros2/share/cpe631_ros2/param/nav2_burger.yaml
[7.462s] -- Up-to-date symlink: /home/dx/CPE631-Navigation-ROS2-main/install/cpe631_ros2/share/cpe631_ros2/param/nav2_dynamic_astar.yaml
[7.462s] -- Up-to-date symlink: /home/dx/CPE631-Navigation-ROS2-main/install/cpe631_ros2/share/cpe631_ros2/param/nav2_dynamic_conservative.yaml
[7.463s] -- Up-to-date symlink: /home/dx/CPE631-Navigation-ROS2-main/install/cpe631_ros2/share/cpe631_ros2/param/nav2_dynamic_dstar.yaml
[7.463s] -- Up-to-date symlink: /home/dx/CPE631-Navigation-ROS2-main/install/cpe631_ros2/share/cpe631_ros2/param/nav2_social_astar.yaml
[7.463s] -- Up-to-date symlink: /home/dx/CPE631-Navigation-ROS2-main/install/cpe631_ros2/share/cpe631_ros2/param/nav2_social_dstar.yaml
[7.464s] -- Up-to-date symlink: /home/dx/CPE631-Navigation-ROS2-main/install/cpe631_ros2/share/cpe631_ros2/param/nav2_social_dynamic.yaml
[7.464s] -- Up-to-date symlink: /home/dx/CPE631-Navigation-ROS2-main/install/cpe631_ros2/share/cpe631_ros2/param/nav2_social_smac.yaml
[7.464s] -- Up-to-date symlink: /home/dx/CPE631-Navigation-ROS2-main/install/cpe631_ros2/share/cpe631_ros2/param/social_pose_bridge.yaml
[7.464s] -- Up-to-date symlink: /home/dx/CPE631-Navigation-ROS2-main/install/cpe631_ros2/share/cpe631_ros2/param/turtlebot3_burger_bridge_local.yaml
[7.464s] -- Up-to-date symlink: /home/dx/CPE631-Navigation-ROS2-main/install/cpe631_ros2/share/cpe631_ros2/maps/cafe.pgm
[7.465s] -- Up-to-date symlink: /home/dx/CPE631-Navigation-ROS2-main/install/cpe631_ros2/share/cpe631_ros2/maps/cafe.yaml
[7.465s] -- Up-to-date symlink: /home/dx/CPE631-Navigation-ROS2-main/install/cpe631_ros2/include/cpe631_ros2/dstar_planner.hpp
[7.465s] -- Up-to-date symlink: /home/dx/CPE631-Navigation-ROS2-main/install/cpe631_ros2/lib/libcpe631_ros2_dstar_planner.so
[7.465s] -- Up-to-date symlink: /home/dx/CPE631-Navigation-ROS2-main/install/cpe631_ros2/share/cpe631_ros2/cpe631_ros2_dstar_planner.xml
[7.465s] -- Up-to-date symlink: /home/dx/CPE631-Navigation-ROS2-main/install/cpe631_ros2/share/cpe631_ros2/environment/library_path.sh
[7.465s] -- Up-to-date symlink: /home/dx/CPE631-Navigation-ROS2-main/install/cpe631_ros2/share/cpe631_ros2/environment/library_path.dsv
[7.465s] -- Up-to-date symlink: /home/dx/CPE631-Navigation-ROS2-main/install/cpe631_ros2/share/ament_index/resource_index/package_run_dependencies/cpe631_ros2
[7.465s] -- Up-to-date symlink: /home/dx/CPE631-Navigation-ROS2-main/install/cpe631_ros2/share/ament_index/resource_index/parent_prefix_path/cpe631_ros2
[7.465s] -- Up-to-date symlink: /home/dx/CPE631-Navigation-ROS2-main/install/cpe631_ros2/share/cpe631_ros2/environment/ament_prefix_path.sh
[7.465s] -- Up-to-date symlink: /home/dx/CPE631-Navigation-ROS2-main/install/cpe631_ros2/share/cpe631_ros2/environment/ament_prefix_path.dsv
[7.465s] -- Up-to-date symlink: /home/dx/CPE631-Navigation-ROS2-main/install/cpe631_ros2/share/cpe631_ros2/environment/path.sh
[7.465s] -- Up-to-date symlink: /home/dx/CPE631-Navigation-ROS2-main/install/cpe631_ros2/share/cpe631_ros2/environment/path.dsv
[7.465s] -- Up-to-date symlink: /home/dx/CPE631-Navigation-ROS2-main/install/cpe631_ros2/share/cpe631_ros2/local_setup.bash
[7.465s] -- Up-to-date symlink: /home/dx/CPE631-Navigation-ROS2-main/install/cpe631_ros2/share/cpe631_ros2/local_setup.sh
[7.466s] -- Up-to-date symlink: /home/dx/CPE631-Navigation-ROS2-main/install/cpe631_ros2/share/cpe631_ros2/local_setup.zsh
[7.466s] -- Up-to-date symlink: /home/dx/CPE631-Navigation-ROS2-main/install/cpe631_ros2/share/cpe631_ros2/local_setup.dsv
[7.466s] -- Symlinking: /home/dx/CPE631-Navigation-ROS2-main/install/cpe631_ros2/share/cpe631_ros2/package.dsv
[7.475s] -- Up-to-date symlink: /home/dx/CPE631-Navigation-ROS2-main/install/cpe631_ros2/share/ament_index/resource_index/packages/cpe631_ros2
[7.475s] -- Up-to-date symlink: /home/dx/CPE631-Navigation-ROS2-main/install/cpe631_ros2/share/ament_index/resource_index/nav2_core__pluginlib__plugin/cpe631_ros2
[7.475s] -- Up-to-date symlink: /home/dx/CPE631-Navigation-ROS2-main/install/cpe631_ros2/share/cpe631_ros2/cmake/ament_cmake_export_include_directories-extras.cmake
[7.475s] -- Up-to-date symlink: /home/dx/CPE631-Navigation-ROS2-main/install/cpe631_ros2/share/cpe631_ros2/cmake/ament_cmake_export_libraries-extras.cmake
[7.475s] -- Up-to-date symlink: /home/dx/CPE631-Navigation-ROS2-main/install/cpe631_ros2/share/cpe631_ros2/cmake/ament_cmake_export_dependencies-extras.cmake
[7.475s] -- Up-to-date symlink: /home/dx/CPE631-Navigation-ROS2-main/install/cpe631_ros2/share/cpe631_ros2/cmake/cpe631_ros2Config.cmake
[7.476s] -- Up-to-date symlink: /home/dx/CPE631-Navigation-ROS2-main/install/cpe631_ros2/share/cpe631_ros2/cmake/cpe631_ros2Config-version.cmake
[7.476s] -- Up-to-date symlink: /home/dx/CPE631-Navigation-ROS2-main/install/cpe631_ros2/share/cpe631_ros2/package.xml
[7.521s] Listing '/home/dx/CPE631-Navigation-ROS2-main/install/cpe631_ros2/lib/python3.12/site-packages/cpe631_ros2'...
[7.521s] Compiling '/home/dx/CPE631-Navigation-ROS2-main/install/cpe631_ros2/lib/python3.12/site-packages/cpe631_ros2/data_collector.py'...
[7.521s] Compiling '/home/dx/CPE631-Navigation-ROS2-main/install/cpe631_ros2/lib/python3.12/site-packages/cpe631_ros2/goal_sender.py'...
[7.521s] Compiling '/home/dx/CPE631-Navigation-ROS2-main/install/cpe631_ros2/lib/python3.12/site-packages/cpe631_ros2/social_nav_node.py'...
[7.526s] -- Up-to-date: /home/dx/CPE631-Navigation-ROS2-main/install/cpe631_ros2/lib/cpe631_ros2/cpe631_teleop
[7.526s] -- Up-to-date: /home/dx/CPE631-Navigation-ROS2-main/install/cpe631_ros2/lib/cpe631_ros2/cpe631_peds
[7.526s] -- Up-to-date: /home/dx/CPE631-Navigation-ROS2-main/install/cpe631_ros2/lib/cpe631_ros2/cpe631_map_republisher
[7.526s] -- Up-to-date: /home/dx/CPE631-Navigation-ROS2-main/install/cpe631_ros2/lib/cpe631_ros2/ped_pose_extractor
[7.526s] -- Installing: /home/dx/CPE631-Navigation-ROS2-main/install/cpe631_ros2/lib/cpe631_ros2/social_nav_node
[7.527s] -- Installing: /home/dx/CPE631-Navigation-ROS2-main/install/cpe631_ros2/lib/cpe631_ros2/data_collector
[7.527s] -- Installing: /home/dx/CPE631-Navigation-ROS2-main/install/cpe631_ros2/lib/cpe631_ros2/goal_sender
[7.528s] Invoked command in '/home/dx/CPE631-Navigation-ROS2-main/build/cpe631_ros2' returned '0': CMAKE_PREFIX_PATH=${CMAKE_PREFIX_PATH}:/home/dx/ros2_ws/install/cpe631_ros2:/home/dx/ros2_ws/install/autonomous_exploration:/opt/ros/jazzy DEBUGINFOD_URLS=https://debuginfod.ubuntu.com /usr/bin/cmake --install /home/dx/CPE631-Navigation-ROS2-main/build/cpe631_ros2
