[0.180s] DEBUG:colcon:Command line arguments: ['/usr/bin/colcon', 'build', '--packages-select', 'cpe631_ros2']
[0.180s] DEBUG:colcon:Parsed command line arguments: Namespace(log_base=None, log_level=None, verb_name='build', build_base='build', install_base='install', merge_install=False, symlink_install=False, test_result_base=None, continue_on_error=False, executor='parallel', parallel_workers=4, event_handlers=None, ignore_user_meta=False, metas=['./colcon.meta'], base_paths=['.'], packages_ignore=None, packages_ignore_regex=None, paths=None, packages_up_to=None, packages_up_to_regex=None, packages_above=None, packages_above_and_dependencies=None, packages_above_depth=None, packages_select_by_dep=None, packages_skip_by_dep=None, packages_skip_up_to=None, packages_select_build_failed=False, packages_skip_build_finished=False, packages_select_test_failures=False, packages_skip_test_passed=False, packages_select=['cpe631_ros2'], packages_skip=None, packages_select_regex=None, packages_skip_regex=None, packages_start=None, packages_end=None, allow_overriding=[], cmake_args=None, cmake_target=None, cmake_target_skip_unavailable=False, cmake_clean_cache=False, cmake_clean_first=False, cmake_force_configure=False, ament_cmake_args=None, catkin_cmake_args=None, catkin_skip_building_tests=False, verb_parser=<colcon_defaults.argument_parser.defaults.DefaultArgumentsDecorator object at 0x757513e86180>, verb_extension=<colcon_core.verb.build.BuildVerb object at 0x757513e85ac0>, main=<bound method BuildVerb.main of <colcon_core.verb.build.BuildVerb object at 0x757513e85ac0>>)
[0.261s] Level 1:colcon.colcon_core.package_discovery:discover_packages(colcon_meta) check parameters
[0.261s] Level 1:colcon.colcon_core.package_discovery:discover_packages(recursive) check parameters
[0.261s] Level 1:colcon.colcon_core.package_discovery:discover_packages(ignore) check parameters
[0.261s] Level 1:colcon.colcon_core.package_discovery:discover_packages(path) check parameters
[0.261s] Level 1:colcon.colcon_core.package_discovery:discover_packages(colcon_meta) discover
[0.261s] Level 1:colcon.colcon_core.package_discovery:discover_packages(recursive) discover
[0.262s] INFO:colcon.colcon_core.package_discovery:Crawling recursively for packages in '/home/dx/CPE631-Navigation-ROS2-main'
[0.262s] Level 1:colcon.colcon_core.package_identification:_identify(.) by extensions ['ignore', 'ignore_ament_install']
[0.262s] Level 1:colcon.colcon_core.package_identification:_identify(.) by extension 'ignore'
[0.262s] Level 1:colcon.colcon_core.package_identification:_identify(.) by extension 'ignore_ament_install'
[0.262s] Level 1:colcon.colcon_core.package_identification:_identify(.) by extensions ['colcon_pkg']
[0.262s] Level 1:colcon.colcon_core.package_identification:_identify(.) by extension 'colcon_pkg'
[0.263s] Level 1:colcon.colcon_core.package_identification:_identify(.) by extensions ['colcon_meta']
[0.263s] Level 1:colcon.colcon_core.package_identification:_identify(.) by extension 'colcon_meta'
[0.263s] Level 1:colcon.colcon_core.package_identification:_identify(.) by extensions ['ros']
[0.263s] Level 1:colcon.colcon_core.package_identification:_identify(.) by extension 'ros'
[0.300s] DEBUG:colcon.colcon_core.package_identification:Package '.' with type 'ros.ament_cmake' and name 'cpe631_ros2'
[0.300s] Level 1:colcon.colcon_core.package_discovery:discover_packages(recursive) using defaults
[0.300s] Level 1:colcon.colcon_core.package_discovery:discover_packages(ignore) discover
[0.300s] Level 1:colcon.colcon_core.package_discovery:discover_packages(ignore) using defaults
[0.300s] Level 1:colcon.colcon_core.package_discovery:discover_packages(path) discover
[0.300s] Level 1:colcon.colcon_core.package_discovery:discover_packages(path) using defaults
[0.330s] Level 1:colcon.colcon_core.package_discovery:discover_packages(prefix_path) check parameters
[0.330s] Level 1:colcon.colcon_core.package_discovery:discover_packages(prefix_path) discover
[0.334s] DEBUG:colcon.colcon_installed_package_information.package_discovery:Found 5 installed packages in /home/dx/ros2_ws/install
[0.336s] DEBUG:colcon.colcon_installed_package_information.package_discovery:Found 399 installed packages in /opt/ros/jazzy
[0.337s] Level 1:colcon.colcon_core.package_discovery:discover_packages(prefix_path) using defaults
[0.387s] Level 5:colcon.colcon_core.verb:set package 'cpe631_ros2' build argument 'cmake_args' from command line to 'None'
[0.388s] Level 5:colcon.colcon_core.verb:set package 'cpe631_ros2' build argument 'cmake_target' from command line to 'None'
[0.388s] Level 5:colcon.colcon_core.verb:set package 'cpe631_ros2' build argument 'cmake_target_skip_unavailable' from command line to 'False'
[0.388s] Level 5:colcon.colcon_core.verb:set package 'cpe631_ros2' build argument 'cmake_clean_cache' from command line to 'False'
[0.388s] Level 5:colcon.colcon_core.verb:set package 'cpe631_ros2' build argument 'cmake_clean_first' from command line to 'False'
[0.388s] Level 5:colcon.colcon_core.verb:set package 'cpe631_ros2' build argument 'cmake_force_configure' from command line to 'False'
[0.388s] Level 5:colcon.colcon_core.verb:set package 'cpe631_ros2' build argument 'ament_cmake_args' from command line to 'None'
[0.388s] Level 5:colcon.colcon_core.verb:set package 'cpe631_ros2' build argument 'catkin_cmake_args' from command line to 'None'
[0.388s] Level 5:colcon.colcon_core.verb:set package 'cpe631_ros2' build argument 'catkin_skip_building_tests' from command line to 'False'
[0.388s] DEBUG:colcon.colcon_core.verb:Building package 'cpe631_ros2' with the following arguments: {'ament_cmake_args': None, 'build_base': '/home/dx/CPE631-Navigation-ROS2-main/build/cpe631_ros2', 'catkin_cmake_args': None, 'catkin_skip_building_tests': False, 'cmake_args': None, 'cmake_clean_cache': False, 'cmake_clean_first': False, 'cmake_force_configure': False, 'cmake_target': None, 'cmake_target_skip_unavailable': False, 'install_base': '/home/dx/CPE631-Navigation-ROS2-main/install/cpe631_ros2', 'merge_install': False, 'path': '/home/dx/CPE631-Navigation-ROS2-main', 'symlink_install': False, 'test_result_base': None}
[0.388s] INFO:colcon.colcon_core.executor:Executing jobs using 'parallel' executor
[0.389s] DEBUG:colcon.colcon_parallel_executor.executor.parallel:run_until_complete
[0.389s] INFO:colcon.colcon_ros.task.ament_cmake.build:Building ROS package in '/home/dx/CPE631-Navigation-ROS2-main' with build type 'ament_cmake'
[0.390s] INFO:colcon.colcon_cmake.task.cmake.build:Building CMake package in '/home/dx/CPE631-Navigation-ROS2-main'
[0.396s] INFO:colcon.colcon_core.plugin_system:Skipping extension 'colcon_core.shell.bat': Not used on non-Windows systems
[0.397s] INFO:colcon.colcon_core.shell:Skip shell extension 'powershell' for command environment: Not usable outside of PowerShell
[0.397s] DEBUG:colcon.colcon_core.shell:Skip shell extension 'dsv' for command environment
[0.407s] DEBUG:colcon.colcon_core.event_handler.log_command:Invoking command in '/home/dx/CPE631-Navigation-ROS2-main/build/cpe631_ros2': CMAKE_PREFIX_PATH=${CMAKE_PREFIX_PATH}:/home/dx/ros2_ws/install/cpe631_ros2:/home/dx/ros2_ws/install/autonomous_exploration:/opt/ros/jazzy DEBUGINFOD_URLS=https://debuginfod.ubuntu.com /usr/bin/cmake /home/dx/CPE631-Navigation-ROS2-main -DCMAKE_INSTALL_PREFIX=/home/dx/CPE631-Navigation-ROS2-main/install/cpe631_ros2
[2.018s] DEBUG:colcon.colcon_core.event_handler.log_command:Invoked command in '/home/dx/CPE631-Navigation-ROS2-main/build/cpe631_ros2' returned '0': CMAKE_PREFIX_PATH=${CMAKE_PREFIX_PATH}:/home/dx/ros2_ws/install/cpe631_ros2:/home/dx/ros2_ws/install/autonomous_exploration:/opt/ros/jazzy DEBUGINFOD_URLS=https://debuginfod.ubuntu.com /usr/bin/cmake /home/dx/CPE631-Navigation-ROS2-main -DCMAKE_INSTALL_PREFIX=/home/dx/CPE631-Navigation-ROS2-main/install/cpe631_ros2
[2.020s] DEBUG:colcon.colcon_core.event_handler.log_command:Invoking command in '/home/dx/CPE631-Navigation-ROS2-main/build/cpe631_ros2': CMAKE_PREFIX_PATH=${CMAKE_PREFIX_PATH}:/home/dx/ros2_ws/install/cpe631_ros2:/home/dx/ros2_ws/install/autonomous_exploration:/opt/ros/jazzy DEBUGINFOD_URLS=https://debuginfod.ubuntu.com /usr/bin/cmake --build /home/dx/CPE631-Navigation-ROS2-main/build/cpe631_ros2 -- -j4 -l4
[7.810s] DEBUG:colcon.colcon_core.event_handler.log_command:Invoked command in '/home/dx/CPE631-Navigation-ROS2-main/build/cpe631_ros2' returned '0': CMAKE_PREFIX_PATH=${CMAKE_PREFIX_PATH}:/home/dx/ros2_ws/install/cpe631_ros2:/home/dx/ros2_ws/install/autonomous_exploration:/opt/ros/jazzy DEBUGINFOD_URLS=https://debuginfod.ubuntu.com /usr/bin/cmake --build /home/dx/CPE631-Navigation-ROS2-main/build/cpe631_ros2 -- -j4 -l4
[7.820s] DEBUG:colcon.colcon_core.event_handler.log_command:Invoking command in '/home/dx/CPE631-Navigation-ROS2-main/build/cpe631_ros2': CMAKE_PREFIX_PATH=${CMAKE_PREFIX_PATH}:/home/dx/ros2_ws/install/cpe631_ros2:/home/dx/ros2_ws/install/autonomous_exploration:/opt/ros/jazzy DEBUGINFOD_URLS=https://debuginfod.ubuntu.com /usr/bin/cmake --install /home/dx/CPE631-Navigation-ROS2-main/build/cpe631_ros2
[7.917s] Level 1:colcon.colcon_core.environment:create_environment_scripts_only(cpe631_ros2)
[7.918s] DEBUG:colcon.colcon_core.event_handler.log_command:Invoked command in '/home/dx/CPE631-Navigation-ROS2-main/build/cpe631_ros2' returned '0': CMAKE_PREFIX_PATH=${CMAKE_PREFIX_PATH}:/home/dx/ros2_ws/install/cpe631_ros2:/home/dx/ros2_ws/install/autonomous_exploration:/opt/ros/jazzy DEBUGINFOD_URLS=https://debuginfod.ubuntu.com /usr/bin/cmake --install /home/dx/CPE631-Navigation-ROS2-main/build/cpe631_ros2
[7.923s] Level 1:colcon.colcon_core.environment:checking '/home/dx/CPE631-Navigation-ROS2-main/install/cpe631_ros2' for CMake module files
[7.924s] Level 1:colcon.colcon_core.environment:checking '/home/dx/CPE631-Navigation-ROS2-main/install/cpe631_ros2' for CMake config files
[7.924s] Level 1:colcon.colcon_core.shell:create_environment_hook('cpe631_ros2', 'cmake_prefix_path')
[7.925s] INFO:colcon.colcon_core.shell:Creating environment hook '/home/dx/CPE631-Navigation-ROS2-main/install/cpe631_ros2/share/cpe631_ros2/hook/cmake_prefix_path.ps1'
[7.926s] INFO:colcon.colcon_core.shell:Creating environment descriptor '/home/dx/CPE631-Navigation-ROS2-main/install/cpe631_ros2/share/cpe631_ros2/hook/cmake_prefix_path.dsv'
[7.926s] INFO:colcon.colcon_core.shell:Creating environment hook '/home/dx/CPE631-Navigation-ROS2-main/install/cpe631_ros2/share/cpe631_ros2/hook/cmake_prefix_path.sh'
[7.927s] Level 1:colcon.colcon_core.environment:checking '/home/dx/CPE631-Navigation-ROS2-main/install/cpe631_ros2/lib'
[7.927s] Level 1:colcon.colcon_core.shell:create_environment_hook('cpe631_ros2', 'ld_library_path_lib')
[7.928s] INFO:colcon.colcon_core.shell:Creating environment hook '/home/dx/CPE631-Navigation-ROS2-main/install/cpe631_ros2/share/cpe631_ros2/hook/ld_library_path_lib.ps1'
[7.928s] INFO:colcon.colcon_core.shell:Creating environment descriptor '/home/dx/CPE631-Navigation-ROS2-main/install/cpe631_ros2/share/cpe631_ros2/hook/ld_library_path_lib.dsv'
[7.928s] INFO:colcon.colcon_core.shell:Creating environment hook '/home/dx/CPE631-Navigation-ROS2-main/install/cpe631_ros2/share/cpe631_ros2/hook/ld_library_path_lib.sh'
[7.929s] Level 1:colcon.colcon_core.environment:checking '/home/dx/CPE631-Navigation-ROS2-main/install/cpe631_ros2/bin'
[7.929s] Level 1:colcon.colcon_core.environment:checking '/home/dx/CPE631-Navigation-ROS2-main/install/cpe631_ros2/lib/pkgconfig/cpe631_ros2.pc'
[7.929s] Level 1:colcon.colcon_core.environment:checking '/home/dx/CPE631-Navigation-ROS2-main/install/cpe631_ros2/lib/python3.12/site-packages'
[7.929s] Level 1:colcon.colcon_core.shell:create_environment_hook('cpe631_ros2', 'pythonpath')
[7.930s] INFO:colcon.colcon_core.shell:Creating environment hook '/home/dx/CPE631-Navigation-ROS2-main/install/cpe631_ros2/share/cpe631_ros2/hook/pythonpath.ps1'
[7.930s] INFO:colcon.colcon_core.shell:Creating environment descriptor '/home/dx/CPE631-Navigation-ROS2-main/install/cpe631_ros2/share/cpe631_ros2/hook/pythonpath.dsv'
[7.930s] INFO:colcon.colcon_core.shell:Creating environment hook '/home/dx/CPE631-Navigation-ROS2-main/install/cpe631_ros2/share/cpe631_ros2/hook/pythonpath.sh'
[7.931s] Level 1:colcon.colcon_core.environment:checking '/home/dx/CPE631-Navigation-ROS2-main/install/cpe631_ros2/bin'
[7.931s] INFO:colcon.colcon_core.shell:Creating package script '/home/dx/CPE631-Navigation-ROS2-main/install/cpe631_ros2/share/cpe631_ros2/package.ps1'
[7.933s] INFO:colcon.colcon_core.shell:Creating package descriptor '/home/dx/CPE631-Navigation-ROS2-main/install/cpe631_ros2/share/cpe631_ros2/package.dsv'
[7.934s] INFO:colcon.colcon_core.shell:Creating package script '/home/dx/CPE631-Navigation-ROS2-main/install/cpe631_ros2/share/cpe631_ros2/package.sh'
[7.935s] INFO:colcon.colcon_core.shell:Creating package script '/home/dx/CPE631-Navigation-ROS2-main/install/cpe631_ros2/share/cpe631_ros2/package.bash'
[7.936s] INFO:colcon.colcon_core.shell:Creating package script '/home/dx/CPE631-Navigation-ROS2-main/install/cpe631_ros2/share/cpe631_ros2/package.zsh'
[7.937s] Level 1:colcon.colcon_core.environment:create_file_with_runtime_dependencies(/home/dx/CPE631-Navigation-ROS2-main/install/cpe631_ros2/share/colcon-core/packages/cpe631_ros2)
[7.938s] Level 1:colcon.colcon_core.environment:create_environment_scripts_only(cpe631_ros2)
[7.938s] Level 1:colcon.colcon_core.environment:checking '/home/dx/CPE631-Navigation-ROS2-main/install/cpe631_ros2' for CMake module files
[7.939s] Level 1:colcon.colcon_core.environment:checking '/home/dx/CPE631-Navigation-ROS2-main/install/cpe631_ros2' for CMake config files
[7.939s] Level 1:colcon.colcon_core.shell:create_environment_hook('cpe631_ros2', 'cmake_prefix_path')
[7.939s] INFO:colcon.colcon_core.shell:Creating environment hook '/home/dx/CPE631-Navigation-ROS2-main/install/cpe631_ros2/share/cpe631_ros2/hook/cmake_prefix_path.ps1'
[7.940s] INFO:colcon.colcon_core.shell:Creating environment descriptor '/home/dx/CPE631-Navigation-ROS2-main/install/cpe631_ros2/share/cpe631_ros2/hook/cmake_prefix_path.dsv'
[7.940s] INFO:colcon.colcon_core.shell:Creating environment hook '/home/dx/CPE631-Navigation-ROS2-main/install/cpe631_ros2/share/cpe631_ros2/hook/cmake_prefix_path.sh'
[7.941s] Level 1:colcon.colcon_core.environment:checking '/home/dx/CPE631-Navigation-ROS2-main/install/cpe631_ros2/lib'
[7.941s] Level 1:colcon.colcon_core.shell:create_environment_hook('cpe631_ros2', 'ld_library_path_lib')
[7.941s] INFO:colcon.colcon_core.shell:Creating environment hook '/home/dx/CPE631-Navigation-ROS2-main/install/cpe631_ros2/share/cpe631_ros2/hook/ld_library_path_lib.ps1'
[7.942s] INFO:colcon.colcon_core.shell:Creating environment descriptor '/home/dx/CPE631-Navigation-ROS2-main/install/cpe631_ros2/share/cpe631_ros2/hook/ld_library_path_lib.dsv'
[7.943s] INFO:colcon.colcon_core.shell:Creating environment hook '/home/dx/CPE631-Navigation-ROS2-main/install/cpe631_ros2/share/cpe631_ros2/hook/ld_library_path_lib.sh'
[7.943s] Level 1:colcon.colcon_core.environment:checking '/home/dx/CPE631-Navigation-ROS2-main/install/cpe631_ros2/bin'
[7.943s] Level 1:colcon.colcon_core.environment:checking '/home/dx/CPE631-Navigation-ROS2-main/install/cpe631_ros2/lib/pkgconfig/cpe631_ros2.pc'
[7.943s] Level 1:colcon.colcon_core.environment:checking '/home/dx/CPE631-Navigation-ROS2-main/install/cpe631_ros2/lib/python3.12/site-packages'
[7.944s] Level 1:colcon.colcon_core.shell:create_environment_hook('cpe631_ros2', 'pythonpath')
[7.944s] INFO:colcon.colcon_core.shell:Creating environment hook '/home/dx/CPE631-Navigation-ROS2-main/install/cpe631_ros2/share/cpe631_ros2/hook/pythonpath.ps1'
[7.944s] INFO:colcon.colcon_core.shell:Creating environment descriptor '/home/dx/CPE631-Navigation-ROS2-main/install/cpe631_ros2/share/cpe631_ros2/hook/pythonpath.dsv'
[7.944s] INFO:colcon.colcon_core.shell:Creating environment hook '/home/dx/CPE631-Navigation-ROS2-main/install/cpe631_ros2/share/cpe631_ros2/hook/pythonpath.sh'
[7.945s] Level 1:colcon.colcon_core.environment:checking '/home/dx/CPE631-Navigation-ROS2-main/install/cpe631_ros2/bin'
[7.945s] INFO:colcon.colcon_core.shell:Creating package script '/home/dx/CPE631-Navigation-ROS2-main/install/cpe631_ros2/share/cpe631_ros2/package.ps1'
[7.946s] INFO:colcon.colcon_core.shell:Creating package descriptor '/home/dx/CPE631-Navigation-ROS2-main/install/cpe631_ros2/share/cpe631_ros2/package.dsv'
[7.947s] INFO:colcon.colcon_core.shell:Creating package script '/home/dx/CPE631-Navigation-ROS2-main/install/cpe631_ros2/share/cpe631_ros2/package.sh'
[7.947s] INFO:colcon.colcon_core.shell:Creating package script '/home/dx/CPE631-Navigation-ROS2-main/install/cpe631_ros2/share/cpe631_ros2/package.bash'
[7.947s] INFO:colcon.colcon_core.shell:Creating package script '/home/dx/CPE631-Navigation-ROS2-main/install/cpe631_ros2/share/cpe631_ros2/package.zsh'
[7.948s] Level 1:colcon.colcon_core.environment:create_file_with_runtime_dependencies(/home/dx/CPE631-Navigation-ROS2-main/install/cpe631_ros2/share/colcon-core/packages/cpe631_ros2)
[7.948s] DEBUG:colcon.colcon_parallel_executor.executor.parallel:closing loop
[7.949s] DEBUG:colcon.colcon_parallel_executor.executor.parallel:loop closed
[7.949s] DEBUG:colcon.colcon_parallel_executor.executor.parallel:run_until_complete finished with '0'
[7.949s] DEBUG:colcon.colcon_core.event_reactor:joining thread
[7.949s] DEBUG:colcon.colcon_core.event_reactor:joined thread
[7.950s] INFO:colcon.colcon_core.shell:Creating prefix script '/home/dx/CPE631-Navigation-ROS2-main/install/local_setup.ps1'
[7.951s] INFO:colcon.colcon_core.shell:Creating prefix util module '/home/dx/CPE631-Navigation-ROS2-main/install/_local_setup_util_ps1.py'
[7.952s] INFO:colcon.colcon_core.shell:Creating prefix chain script '/home/dx/CPE631-Navigation-ROS2-main/install/setup.ps1'
[7.954s] INFO:colcon.colcon_core.shell:Creating prefix script '/home/dx/CPE631-Navigation-ROS2-main/install/local_setup.sh'
[7.955s] INFO:colcon.colcon_core.shell:Creating prefix util module '/home/dx/CPE631-Navigation-ROS2-main/install/_local_setup_util_sh.py'
[7.955s] INFO:colcon.colcon_core.shell:Creating prefix chain script '/home/dx/CPE631-Navigation-ROS2-main/install/setup.sh'
[7.957s] INFO:colcon.colcon_core.shell:Creating prefix script '/home/dx/CPE631-Navigation-ROS2-main/install/local_setup.bash'
[7.957s] INFO:colcon.colcon_core.shell:Creating prefix chain script '/home/dx/CPE631-Navigation-ROS2-main/install/setup.bash'
[7.959s] INFO:colcon.colcon_core.shell:Creating prefix script '/home/dx/CPE631-Navigation-ROS2-main/install/local_setup.zsh'
[7.960s] INFO:colcon.colcon_core.shell:Creating prefix chain script '/home/dx/CPE631-Navigation-ROS2-main/install/setup.zsh'
