[0.203s] DEBUG:colcon:Command line arguments: ['/usr/bin/colcon', 'build', '--packages-select', 'cpe631_ros2', '--symlink-install']
[0.203s] DEBUG:colcon:Parsed command line arguments: Namespace(log_base=None, log_level=None, verb_name='build', build_base='build', install_base='install', merge_install=False, symlink_install=True, test_result_base=None, continue_on_error=False, executor='parallel', parallel_workers=4, event_handlers=None, ignore_user_meta=False, metas=['./colcon.meta'], base_paths=['.'], packages_ignore=None, packages_ignore_regex=None, paths=None, packages_up_to=None, packages_up_to_regex=None, packages_above=None, packages_above_and_dependencies=None, packages_above_depth=None, packages_select_by_dep=None, packages_skip_by_dep=None, packages_skip_up_to=None, packages_select_build_failed=False, packages_skip_build_finished=False, packages_select_test_failures=False, packages_skip_test_passed=False, packages_select=['cpe631_ros2'], packages_skip=None, packages_select_regex=None, packages_skip_regex=None, packages_start=None, packages_end=None, allow_overriding=[], cmake_args=None, cmake_target=None, cmake_target_skip_unavailable=False, cmake_clean_cache=False, cmake_clean_first=False, cmake_force_configure=False, ament_cmake_args=None, catkin_cmake_args=None, catkin_skip_building_tests=False, verb_parser=<colcon_defaults.argument_parser.defaults.DefaultArgumentsDecorator object at 0x79b9e43224b0>, verb_extension=<colcon_core.verb.build.BuildVerb object at 0x79b9e4322390>, main=<bound method BuildVerb.main of <colcon_core.verb.build.BuildVerb object at 0x79b9e4322390>>)
[0.258s] Level 1:colcon.colcon_core.package_discovery:discover_packages(colcon_meta) check parameters
[0.258s] Level 1:colcon.colcon_core.package_discovery:discover_packages(recursive) check parameters
[0.258s] Level 1:colcon.colcon_core.package_discovery:discover_packages(ignore) check parameters
[0.258s] Level 1:colcon.colcon_core.package_discovery:discover_packages(path) check parameters
[0.258s] Level 1:colcon.colcon_core.package_discovery:discover_packages(colcon_meta) discover
[0.258s] Level 1:colcon.colcon_core.package_discovery:discover_packages(recursive) discover
[0.258s] INFO:colcon.colcon_core.package_discovery:Crawling recursively for packages in '/home/dx/CPE631-Navigation-ROS2-main'
[0.258s] Level 1:colcon.colcon_core.package_identification:_identify(.) by extensions ['ignore', 'ignore_ament_install']
[0.258s] Level 1:colcon.colcon_core.package_identification:_identify(.) by extension 'ignore'
[0.258s] Level 1:colcon.colcon_core.package_identification:_identify(.) by extension 'ignore_ament_install'
[0.258s] Level 1:colcon.colcon_core.package_identification:_identify(.) by extensions ['colcon_pkg']
[0.258s] Level 1:colcon.colcon_core.package_identification:_identify(.) by extension 'colcon_pkg'
[0.258s] Level 1:colcon.colcon_core.package_identification:_identify(.) by extensions ['colcon_meta']
[0.258s] Level 1:colcon.colcon_core.package_identification:_identify(.) by extension 'colcon_meta'
[0.258s] Level 1:colcon.colcon_core.package_identification:_identify(.) by extensions ['ros']
[0.258s] Level 1:colcon.colcon_core.package_identification:_identify(.) by extension 'ros'
[0.290s] DEBUG:colcon.colcon_core.package_identification:Package '.' with type 'ros.ament_cmake' and name 'cpe631_ros2'
[0.290s] Level 1:colcon.colcon_core.package_discovery:discover_packages(recursive) using defaults
[0.290s] Level 1:colcon.colcon_core.package_discovery:discover_packages(ignore) discover
[0.290s] Level 1:colcon.colcon_core.package_discovery:discover_packages(ignore) using defaults
[0.290s] Level 1:colcon.colcon_core.package_discovery:discover_packages(path) discover
[0.290s] Level 1:colcon.colcon_core.package_discovery:discover_packages(path) using defaults
[0.310s] Level 1:colcon.colcon_core.package_discovery:discover_packages(prefix_path) check parameters
[0.310s] Level 1:colcon.colcon_core.package_discovery:discover_packages(prefix_path) discover
[0.313s] DEBUG:colcon.colcon_installed_package_information.package_discovery:Found 5 installed packages in /home/dx/ros2_ws/install
[0.315s] DEBUG:colcon.colcon_installed_package_information.package_discovery:Found 399 installed packages in /opt/ros/jazzy
[0.316s] Level 1:colcon.colcon_core.package_discovery:discover_packages(prefix_path) using defaults
[0.357s] Level 5:colcon.colcon_core.verb:set package 'cpe631_ros2' build argument 'cmake_args' from command line to 'None'
[0.357s] Level 5:colcon.colcon_core.verb:set package 'cpe631_ros2' build argument 'cmake_target' from command line to 'None'
[0.357s] Level 5:colcon.colcon_core.verb:set package 'cpe631_ros2' build argument 'cmake_target_skip_unavailable' from command line to 'False'
[0.357s] Level 5:colcon.colcon_core.verb:set package 'cpe631_ros2' build argument 'cmake_clean_cache' from command line to 'False'
[0.357s] Level 5:colcon.colcon_core.verb:set package 'cpe631_ros2' build argument 'cmake_clean_first' from command line to 'False'
[0.357s] Level 5:colcon.colcon_core.verb:set package 'cpe631_ros2' build argument 'cmake_force_configure' from command line to 'False'
[0.357s] Level 5:colcon.colcon_core.verb:set package 'cpe631_ros2' build argument 'ament_cmake_args' from command line to 'None'
[0.357s] Level 5:colcon.colcon_core.verb:set package 'cpe631_ros2' build argument 'catkin_cmake_args' from command line to 'None'
[0.357s] Level 5:colcon.colcon_core.verb:set package 'cpe631_ros2' build argument 'catkin_skip_building_tests' from command line to 'False'
[0.357s] DEBUG:colcon.colcon_core.verb:Building package 'cpe631_ros2' with the following arguments: {'ament_cmake_args': None, 'build_base': '/home/dx/CPE631-Navigation-ROS2-main/build/cpe631_ros2', 'catkin_cmake_args': None, 'catkin_skip_building_tests': False, 'cmake_args': None, 'cmake_clean_cache': False, 'cmake_clean_first': False, 'cmake_force_configure': False, 'cmake_target': None, 'cmake_target_skip_unavailable': False, 'install_base': '/home/dx/CPE631-Navigation-ROS2-main/install/cpe631_ros2', 'merge_install': False, 'path': '/home/dx/CPE631-Navigation-ROS2-main', 'symlink_install': True, 'test_result_base': None}
[0.357s] INFO:colcon.colcon_core.executor:Executing jobs using 'parallel' executor
[0.358s] DEBUG:colcon.colcon_parallel_executor.executor.parallel:run_until_complete
[0.358s] INFO:colcon.colcon_ros.task.ament_cmake.build:Building ROS package in '/home/dx/CPE631-Navigation-ROS2-main' with build type 'ament_cmake'
[0.358s] INFO:colcon.colcon_cmake.task.cmake.build:Building CMake package in '/home/dx/CPE631-Navigation-ROS2-main'
[0.369s] INFO:colcon.colcon_core.plugin_system:Skipping extension 'colcon_core.shell.bat': Not used on non-Windows systems
[0.369s] INFO:colcon.colcon_core.shell:Skip shell extension 'powershell' for command environment: Not usable outside of PowerShell
[0.369s] DEBUG:colcon.colcon_core.shell:Skip shell extension 'dsv' for command environment
[0.377s] DEBUG:colcon.colcon_core.event_handler.log_command:Invoking command in '/home/dx/CPE631-Navigation-ROS2-main/build/cpe631_ros2': CMAKE_PREFIX_PATH=${CMAKE_PREFIX_PATH}:/home/dx/ros2_ws/install/cpe631_ros2:/home/dx/ros2_ws/install/autonomous_exploration:/opt/ros/jazzy DEBUGINFOD_URLS=https://debuginfod.ubuntu.com /usr/bin/cmake --build /home/dx/CPE631-Navigation-ROS2-main/build/cpe631_ros2 -- -j4 -l4
[0.744s] DEBUG:colcon.colcon_core.event_handler.log_command:Invoked command in '/home/dx/CPE631-Navigation-ROS2-main/build/cpe631_ros2' returned '0': CMAKE_PREFIX_PATH=${CMAKE_PREFIX_PATH}:/home/dx/ros2_ws/install/cpe631_ros2:/home/dx/ros2_ws/install/autonomous_exploration:/opt/ros/jazzy DEBUGINFOD_URLS=https://debuginfod.ubuntu.com /usr/bin/cmake --build /home/dx/CPE631-Navigation-ROS2-main/build/cpe631_ros2 -- -j4 -l4
[0.752s] DEBUG:colcon.colcon_core.event_handler.log_command:Invoking command in '/home/dx/CPE631-Navigation-ROS2-main/build/cpe631_ros2': CMAKE_PREFIX_PATH=${CMAKE_PREFIX_PATH}:/home/dx/ros2_ws/install/cpe631_ros2:/home/dx/ros2_ws/install/autonomous_exploration:/opt/ros/jazzy DEBUGINFOD_URLS=https://debuginfod.ubuntu.com /usr/bin/cmake --install /home/dx/CPE631-Navigation-ROS2-main/build/cpe631_ros2
[0.857s] Level 1:colcon.colcon_core.environment:create_environment_scripts_only(cpe631_ros2)
[0.857s] DEBUG:colcon.colcon_core.event_handler.log_command:Invoked command in '/home/dx/CPE631-Navigation-ROS2-main/build/cpe631_ros2' returned '0': CMAKE_PREFIX_PATH=${CMAKE_PREFIX_PATH}:/home/dx/ros2_ws/install/cpe631_ros2:/home/dx/ros2_ws/install/autonomous_exploration:/opt/ros/jazzy DEBUGINFOD_URLS=https://debuginfod.ubuntu.com /usr/bin/cmake --install /home/dx/CPE631-Navigation-ROS2-main/build/cpe631_ros2
[0.866s] Level 1:colcon.colcon_core.environment:checking '/home/dx/CPE631-Navigation-ROS2-main/install/cpe631_ros2' for CMake module files
[0.866s] Level 1:colcon.colcon_core.environment:checking '/home/dx/CPE631-Navigation-ROS2-main/install/cpe631_ros2' for CMake config files
[0.867s] Level 1:colcon.colcon_core.shell:create_environment_hook('cpe631_ros2', 'cmake_prefix_path')
[0.867s] INFO:colcon.colcon_core.shell:Creating environment hook '/home/dx/CPE631-Navigation-ROS2-main/install/cpe631_ros2/share/cpe631_ros2/hook/cmake_prefix_path.ps1'
[0.868s] INFO:colcon.colcon_core.shell:Creating environment descriptor '/home/dx/CPE631-Navigation-ROS2-main/install/cpe631_ros2/share/cpe631_ros2/hook/cmake_prefix_path.dsv'
[0.868s] INFO:colcon.colcon_core.shell:Creating environment hook '/home/dx/CPE631-Navigation-ROS2-main/install/cpe631_ros2/share/cpe631_ros2/hook/cmake_prefix_path.sh'
[0.869s] Level 1:colcon.colcon_core.environment:checking '/home/dx/CPE631-Navigation-ROS2-main/install/cpe631_ros2/lib'
[0.869s] Level 1:colcon.colcon_core.shell:create_environment_hook('cpe631_ros2', 'ld_library_path_lib')
[0.869s] INFO:colcon.colcon_core.shell:Creating environment hook '/home/dx/CPE631-Navigation-ROS2-main/install/cpe631_ros2/share/cpe631_ros2/hook/ld_library_path_lib.ps1'
[0.870s] INFO:colcon.colcon_core.shell:Creating environment descriptor '/home/dx/CPE631-Navigation-ROS2-main/install/cpe631_ros2/share/cpe631_ros2/hook/ld_library_path_lib.dsv'
[0.870s] INFO:colcon.colcon_core.shell:Creating environment hook '/home/dx/CPE631-Navigation-ROS2-main/install/cpe631_ros2/share/cpe631_ros2/hook/ld_library_path_lib.sh'
[0.870s] Level 1:colcon.colcon_core.environment:checking '/home/dx/CPE631-Navigation-ROS2-main/install/cpe631_ros2/bin'
[0.870s] Level 1:colcon.colcon_core.environment:checking '/home/dx/CPE631-Navigation-ROS2-main/install/cpe631_ros2/lib/pkgconfig/cpe631_ros2.pc'
[0.870s] Level 1:colcon.colcon_core.environment:checking '/home/dx/CPE631-Navigation-ROS2-main/install/cpe631_ros2/lib/python3.12/site-packages'
[0.870s] Level 1:colcon.colcon_core.shell:create_environment_hook('cpe631_ros2', 'pythonpath')
[0.870s] INFO:colcon.colcon_core.shell:Creating environment hook '/home/dx/CPE631-Navigation-ROS2-main/install/cpe631_ros2/share/cpe631_ros2/hook/pythonpath.ps1'
[0.871s] INFO:colcon.colcon_core.shell:Creating environment descriptor '/home/dx/CPE631-Navigation-ROS2-main/install/cpe631_ros2/share/cpe631_ros2/hook/pythonpath.dsv'
[0.871s] INFO:colcon.colcon_core.shell:Creating environment hook '/home/dx/CPE631-Navigation-ROS2-main/install/cpe631_ros2/share/cpe631_ros2/hook/pythonpath.sh'
[0.871s] Level 1:colcon.colcon_core.environment:checking '/home/dx/CPE631-Navigation-ROS2-main/install/cpe631_ros2/bin'
[0.872s] INFO:colcon.colcon_core.shell:Creating package script '/home/dx/CPE631-Navigation-ROS2-main/install/cpe631_ros2/share/cpe631_ros2/package.ps1'
[0.872s] INFO:colcon.colcon_core.shell:Creating package descriptor '/home/dx/CPE631-Navigation-ROS2-main/install/cpe631_ros2/share/cpe631_ros2/package.dsv'
[0.873s] INFO:colcon.colcon_core.shell:Creating package script '/home/dx/CPE631-Navigation-ROS2-main/install/cpe631_ros2/share/cpe631_ros2/package.sh'
[0.873s] INFO:colcon.colcon_core.shell:Creating package script '/home/dx/CPE631-Navigation-ROS2-main/install/cpe631_ros2/share/cpe631_ros2/package.bash'
[0.874s] INFO:colcon.colcon_core.shell:Creating package script '/home/dx/CPE631-Navigation-ROS2-main/install/cpe631_ros2/share/cpe631_ros2/package.zsh'
[0.874s] Level 1:colcon.colcon_core.environment:create_file_with_runtime_dependencies(/home/dx/CPE631-Navigation-ROS2-main/install/cpe631_ros2/share/colcon-core/packages/cpe631_ros2)
[0.875s] Level 1:colcon.colcon_core.environment:create_environment_scripts_only(cpe631_ros2)
[0.875s] Level 1:colcon.colcon_core.environment:checking '/home/dx/CPE631-Navigation-ROS2-main/install/cpe631_ros2' for CMake module files
[0.875s] Level 1:colcon.colcon_core.environment:checking '/home/dx/CPE631-Navigation-ROS2-main/install/cpe631_ros2' for CMake config files
[0.876s] Level 1:colcon.colcon_core.shell:create_environment_hook('cpe631_ros2', 'cmake_prefix_path')
[0.876s] INFO:colcon.colcon_core.shell:Creating environment hook '/home/dx/CPE631-Navigation-ROS2-main/install/cpe631_ros2/share/cpe631_ros2/hook/cmake_prefix_path.ps1'
[0.876s] INFO:colcon.colcon_core.shell:Creating environment descriptor '/home/dx/CPE631-Navigation-ROS2-main/install/cpe631_ros2/share/cpe631_ros2/hook/cmake_prefix_path.dsv'
[0.876s] INFO:colcon.colcon_core.shell:Creating environment hook '/home/dx/CPE631-Navigation-ROS2-main/install/cpe631_ros2/share/cpe631_ros2/hook/cmake_prefix_path.sh'
[0.877s] Level 1:colcon.colcon_core.environment:checking '/home/dx/CPE631-Navigation-ROS2-main/install/cpe631_ros2/lib'
[0.877s] Level 1:colcon.colcon_core.shell:create_environment_hook('cpe631_ros2', 'ld_library_path_lib')
[0.877s] INFO:colcon.colcon_core.shell:Creating environment hook '/home/dx/CPE631-Navigation-ROS2-main/install/cpe631_ros2/share/cpe631_ros2/hook/ld_library_path_lib.ps1'
[0.877s] INFO:colcon.colcon_core.shell:Creating environment descriptor '/home/dx/CPE631-Navigation-ROS2-main/install/cpe631_ros2/share/cpe631_ros2/hook/ld_library_path_lib.dsv'
[0.877s] INFO:colcon.colcon_core.shell:Creating environment hook '/home/dx/CPE631-Navigation-ROS2-main/install/cpe631_ros2/share/cpe631_ros2/hook/ld_library_path_lib.sh'
[0.878s] Level 1:colcon.colcon_core.environment:checking '/home/dx/CPE631-Navigation-ROS2-main/install/cpe631_ros2/bin'
[0.878s] Level 1:colcon.colcon_core.environment:checking '/home/dx/CPE631-Navigation-ROS2-main/install/cpe631_ros2/lib/pkgconfig/cpe631_ros2.pc'
[0.878s] Level 1:colcon.colcon_core.environment:checking '/home/dx/CPE631-Navigation-ROS2-main/install/cpe631_ros2/lib/python3.12/site-packages'
[0.878s] Level 1:colcon.colcon_core.shell:create_environment_hook('cpe631_ros2', 'pythonpath')
[0.878s] INFO:colcon.colcon_core.shell:Creating environment hook '/home/dx/CPE631-Navigation-ROS2-main/install/cpe631_ros2/share/cpe631_ros2/hook/pythonpath.ps1'
[0.878s] INFO:colcon.colcon_core.shell:Creating environment descriptor '/home/dx/CPE631-Navigation-ROS2-main/install/cpe631_ros2/share/cpe631_ros2/hook/pythonpath.dsv'
[0.878s] INFO:colcon.colcon_core.shell:Creating environment hook '/home/dx/CPE631-Navigation-ROS2-main/install/cpe631_ros2/share/cpe631_ros2/hook/pythonpath.sh'
[0.879s] Level 1:colcon.colcon_core.environment:checking '/home/dx/CPE631-Navigation-ROS2-main/install/cpe631_ros2/bin'
[0.879s] INFO:colcon.colcon_core.shell:Creating package script '/home/dx/CPE631-Navigation-ROS2-main/install/cpe631_ros2/share/cpe631_ros2/package.ps1'
[0.879s] INFO:colcon.colcon_core.shell:Creating package descriptor '/home/dx/CPE631-Navigation-ROS2-main/install/cpe631_ros2/share/cpe631_ros2/package.dsv'
[0.880s] INFO:colcon.colcon_core.shell:Creating package script '/home/dx/CPE631-Navigation-ROS2-main/install/cpe631_ros2/share/cpe631_ros2/package.sh'
[0.880s] INFO:colcon.colcon_core.shell:Creating package script '/home/dx/CPE631-Navigation-ROS2-main/install/cpe631_ros2/share/cpe631_ros2/package.bash'
[0.880s] INFO:colcon.colcon_core.shell:Creating package script '/home/dx/CPE631-Navigation-ROS2-main/install/cpe631_ros2/share/cpe631_ros2/package.zsh'
[0.881s] Level 1:colcon.colcon_core.environment:create_file_with_runtime_dependencies(/home/dx/CPE631-Navigation-ROS2-main/install/cpe631_ros2/share/colcon-core/packages/cpe631_ros2)
[0.881s] DEBUG:colcon.colcon_parallel_executor.executor.parallel:closing loop
[0.881s] DEBUG:colcon.colcon_parallel_executor.executor.parallel:loop closed
[0.881s] DEBUG:colcon.colcon_parallel_executor.executor.parallel:run_until_complete finished with '0'
[0.881s] DEBUG:colcon.colcon_core.event_reactor:joining thread
[0.888s] INFO:colcon.colcon_core.plugin_system:Skipping extension 'colcon_notification.desktop_notification.terminal_notifier': Not used on non-Darwin systems
[0.888s] INFO:colcon.colcon_core.plugin_system:Skipping extension 'colcon_notification.desktop_notification.win32': Not used on non-Windows systems
[0.888s] INFO:colcon.colcon_notification.desktop_notification:Sending desktop notification using 'notify2'
[0.906s] DEBUG:colcon.colcon_core.event_reactor:joined thread
[0.906s] INFO:colcon.colcon_core.shell:Creating prefix script '/home/dx/CPE631-Navigation-ROS2-main/install/local_setup.ps1'
[0.907s] INFO:colcon.colcon_core.shell:Creating prefix util module '/home/dx/CPE631-Navigation-ROS2-main/install/_local_setup_util_ps1.py'
[0.908s] INFO:colcon.colcon_core.shell:Creating prefix chain script '/home/dx/CPE631-Navigation-ROS2-main/install/setup.ps1'
[0.909s] INFO:colcon.colcon_core.shell:Creating prefix script '/home/dx/CPE631-Navigation-ROS2-main/install/local_setup.sh'
[0.910s] INFO:colcon.colcon_core.shell:Creating prefix util module '/home/dx/CPE631-Navigation-ROS2-main/install/_local_setup_util_sh.py'
[0.910s] INFO:colcon.colcon_core.shell:Creating prefix chain script '/home/dx/CPE631-Navigation-ROS2-main/install/setup.sh'
[0.911s] INFO:colcon.colcon_core.shell:Creating prefix script '/home/dx/CPE631-Navigation-ROS2-main/install/local_setup.bash'
[0.911s] INFO:colcon.colcon_core.shell:Creating prefix chain script '/home/dx/CPE631-Navigation-ROS2-main/install/setup.bash'
[0.912s] INFO:colcon.colcon_core.shell:Creating prefix script '/home/dx/CPE631-Navigation-ROS2-main/install/local_setup.zsh'
[0.913s] INFO:colcon.colcon_core.shell:Creating prefix chain script '/home/dx/CPE631-Navigation-ROS2-main/install/setup.zsh'
