[0.000000] (-) TimerEvent: {}
[0.000638] (cpe631_ros2) JobQueued: {'identifier': 'cpe631_ros2', 'dependencies': OrderedDict()}
[0.000667] (cpe631_ros2) JobStarted: {'identifier': 'cpe631_ros2'}
[0.011556] (cpe631_ros2) JobProgress: {'identifier': 'cpe631_ros2', 'progress': 'cmake'}
[0.012477] (cpe631_ros2) JobProgress: {'identifier': 'cpe631_ros2', 'progress': 'build'}
[0.012971] (cpe631_ros2) Command: {'cmd': ['/usr/bin/cmake', '--build', '/home/dx/CPE631-Navigation-ROS2-main/build/cpe631_ros2', '--', '-j4', '-l4'], 'cwd': '/home/dx/CPE631-Navigation-ROS2-main/build/cpe631_ros2', 'env': OrderedDict({'USER': 'dx', 'XDG_SESSION_TYPE': 'wayland', 'SHLVL': '2', 'HOME': '/home/dx', 'OLDPWD': '/home/dx/CPE631-Navigation-ROS2-main/codefiles', 'DESKTOP_SESSION': 'ubuntu', 'GNOME_SHELL_SESSION_MODE': 'ubuntu', 'GTK_MODULES': 'gail:atk-bridge', 'MODES': 'baseline,dynamic,dynamic_astar,dynamic_dstar', 'SYSTEMD_EXEC_PID': '1727', 'GSM_SKIP_SSH_AGENT_WORKAROUND': 'true', 'DBUS_SESSION_BUS_ADDRESS': 'unix:path=/run/user/1000/bus', 'COLORTERM': 'truecolor', 'DEBUGINFOD_URLS': 'https://debuginfod.ubuntu.com', 'IM_CONFIG_PHASE': '1', 'CSV_FILE': '/home/dx/CPE631-Navigation-ROS2-main/experiment_results_v3.csv', 'WAYLAND_DISPLAY': 'wayland-0', 'RUNS_PER_MODE': '10', 'LOGNAME': 'dx', 'DESKTOP_AUTOSTART_ID': '1052346a73249d23c6177770868315940100000017270016', '_': '/usr/bin/colcon', 'APPEND_CSV': '1', 'MEMORY_PRESSURE_WATCH': '/sys/fs/cgroup/user.slice/user-1000.slice/user@1000.service/app.slice/app-gnome\\x2dsession\\x2dmanager.slice/gnome-session-manager@ubuntu.service/memory.pressure', 'XDG_SESSION_CLASS': 'user', 'USERNAME': 'dx', 'TERM': 'xterm-256color', 'GNOME_DESKTOP_SESSION_ID': 'this-is-deprecated', 'PATH': '/usr/local/sbin:/usr/local/bin:/usr/sbin:/usr/bin:/sbin:/bin:/usr/games:/usr/local/games:/snap/bin:/snap/bin', 'SESSION_MANAGER': 'local/dx-VMware-Virtual-Platform:@/tmp/.ICE-unix/1727,unix/dx-VMware-Virtual-Platform:/tmp/.ICE-unix/1727', 'XDG_MENU_PREFIX': 'gnome-', 'GNOME_TERMINAL_SCREEN': '/org/gnome/Terminal/screen/5d62d39a_9efe_431d_8c91_c6b29d3a7a24', 'GNOME_SETUP_DISPLAY': ':1', 'XDG_RUNTIME_DIR': '/run/user/1000', 'DISPLAY': ':0', 'LANG': 'zh_CN.UTF-8', 'XDG_CURRENT_DESKTOP': 'ubuntu:GNOME', 'XMODIFIERS': '@im=ibus', 'XDG_SESSION_DESKTOP': 'ubuntu', 'XAUTHORITY': '/run/user/1000/.mutter-Xwaylandauth.9GOSO3', 'GNOME_TERMINAL_SERVICE': ':1.84', 'SSH_AUTH_SOCK': '/run/user/1000/keyring/ssh', 'SHELL': '/bin/bash', 'QT_ACCESSIBILITY': '1', 'GDMSESSION': 'ubuntu', 'QT_IM_MODULE': 'ibus', 'PWD': '/home/dx/CPE631-Navigation-ROS2-main/build/cpe631_ros2', 'XDG_CONFIG_DIRS': '/etc/xdg/xdg-ubuntu:/etc/xdg', 'XDG_DATA_DIRS': '/usr/share/ubuntu:/usr/share/gnome:/usr/local/share/:/usr/share/:/var/lib/snapd/desktop', 'QTWEBENGINE_DICTIONARIES_PATH': '/usr/share/hunspell-bdic/', 'COLCON': '1', 'MEMORY_PRESSURE_WRITE': 'c29tZSAyMDAwMDAgMjAwMDAwMAA=', 'VTE_VERSION': '7600'}), 'shell': False}
[0.099868] (-) TimerEvent: {}
[0.154086] (cpe631_ros2) StdoutLine: {'line': b'[  0%] Built target ament_cmake_python_symlink_cpe631_ros2\n'}
[0.154385] (cpe631_ros2) StdoutLine: {'line': b'[  0%] Built target ament_cmake_python_symlink_cpe631_ros2_setup\n'}
[0.192623] (cpe631_ros2) StdoutLine: {'line': b'[100%] Built target cpe631_ros2_dstar_planner\n'}
[0.199967] (-) TimerEvent: {}
[0.300200] (-) TimerEvent: {}
[0.301643] (cpe631_ros2) StdoutLine: {'line': b'running egg_info\n'}
[0.308878] (cpe631_ros2) StdoutLine: {'line': b'writing cpe631_ros2.egg-info/PKG-INFO\n'}
[0.309227] (cpe631_ros2) StdoutLine: {'line': b'writing dependency_links to cpe631_ros2.egg-info/dependency_links.txt\n'}
[0.309485] (cpe631_ros2) StdoutLine: {'line': b'writing top-level names to cpe631_ros2.egg-info/top_level.txt\n'}
[0.328252] (cpe631_ros2) StdoutLine: {'line': b"reading manifest file 'cpe631_ros2.egg-info/SOURCES.txt'\n"}
[0.328926] (cpe631_ros2) StdoutLine: {'line': b"writing manifest file 'cpe631_ros2.egg-info/SOURCES.txt'\n"}
[0.347546] (cpe631_ros2) StdoutLine: {'line': b'[100%] Built target ament_cmake_python_build_cpe631_ros2_egg\n'}
[0.355417] (cpe631_ros2) CommandEnded: {'returncode': 0}
[0.356569] (cpe631_ros2) JobProgress: {'identifier': 'cpe631_ros2', 'progress': 'install'}
[0.362993] (cpe631_ros2) Command: {'cmd': ['/usr/bin/cmake', '--install', '/home/dx/CPE631-Navigation-ROS2-main/build/cpe631_ros2'], 'cwd': '/home/dx/CPE631-Navigation-ROS2-main/build/cpe631_ros2', 'env': OrderedDict({'USER': 'dx', 'XDG_SESSION_TYPE': 'wayland', 'SHLVL': '2', 'HOME': '/home/dx', 'OLDPWD': '/home/dx/CPE631-Navigation-ROS2-main/codefiles', 'DESKTOP_SESSION': 'ubuntu', 'GNOME_SHELL_SESSION_MODE': 'ubuntu', 'GTK_MODULES': 'gail:atk-bridge', 'MODES': 'baseline,dynamic,dynamic_astar,dynamic_dstar', 'SYSTEMD_EXEC_PID': '1727', 'GSM_SKIP_SSH_AGENT_WORKAROUND': 'true', 'DBUS_SESSION_BUS_ADDRESS': 'unix:path=/run/user/1000/bus', 'COLORTERM': 'truecolor', 'DEBUGINFOD_URLS': 'https://debuginfod.ubuntu.com', 'IM_CONFIG_PHASE': '1', 'CSV_FILE': '/home/dx/CPE631-Navigation-ROS2-main/experiment_results_v3.csv', 'WAYLAND_DISPLAY': 'wayland-0', 'RUNS_PER_MODE': '10', 'LOGNAME': 'dx', 'DESKTOP_AUTOSTART_ID': '1052346a73249d23c6177770868315940100000017270016', '_': '/usr/bin/colcon', 'APPEND_CSV': '1', 'MEMORY_PRESSURE_WATCH': '/sys/fs/cgroup/user.slice/user-1000.slice/user@1000.service/app.slice/app-gnome\\x2dsession\\x2dmanager.slice/gnome-session-manager@ubuntu.service/memory.pressure', 'XDG_SESSION_CLASS': 'user', 'USERNAME': 'dx', 'TERM': 'xterm-256color', 'GNOME_DESKTOP_SESSION_ID': 'this-is-deprecated', 'PATH': '/usr/local/sbin:/usr/local/bin:/usr/sbin:/usr/bin:/sbin:/bin:/usr/games:/usr/local/games:/snap/bin:/snap/bin', 'SESSION_MANAGER': 'local/dx-VMware-Virtual-Platform:@/tmp/.ICE-unix/1727,unix/dx-VMware-Virtual-Platform:/tmp/.ICE-unix/1727', 'XDG_MENU_PREFIX': 'gnome-', 'GNOME_TERMINAL_SCREEN': '/org/gnome/Terminal/screen/5d62d39a_9efe_431d_8c91_c6b29d3a7a24', 'GNOME_SETUP_DISPLAY': ':1', 'XDG_RUNTIME_DIR': '/run/user/1000', 'DISPLAY': ':0', 'LANG': 'zh_CN.UTF-8', 'XDG_CURRENT_DESKTOP': 'ubuntu:GNOME', 'XMODIFIERS': '@im=ibus', 'XDG_SESSION_DESKTOP': 'ubuntu', 'XAUTHORITY': '/run/user/1000/.mutter-Xwaylandauth.9GOSO3', 'GNOME_TERMINAL_SERVICE': ':1.84', 'SSH_AUTH_SOCK': '/run/user/1000/keyring/ssh', 'SHELL': '/bin/bash', 'QT_ACCESSIBILITY': '1', 'GDMSESSION': 'ubuntu', 'QT_IM_MODULE': 'ibus', 'PWD': '/home/dx/CPE631-Navigation-ROS2-main/build/cpe631_ros2', 'XDG_CONFIG_DIRS': '/etc/xdg/xdg-ubuntu:/etc/xdg', 'XDG_DATA_DIRS': '/usr/share/ubuntu:/usr/share/gnome:/usr/local/share/:/usr/share/:/var/lib/snapd/desktop', 'QTWEBENGINE_DICTIONARIES_PATH': '/usr/share/hunspell-bdic/', 'COLCON': '1', 'MEMORY_PRESSURE_WRITE': 'c29tZSAyMDAwMDAgMjAwMDAwMAA=', 'VTE_VERSION': '7600'}), 'shell': False}
[0.369089] (cpe631_ros2) StdoutLine: {'line': b'-- Install configuration: ""\n'}
[0.369653] (cpe631_ros2) StdoutLine: {'line': b'-- Execute custom install script\n'}
[0.370375] (cpe631_ros2) StdoutLine: {'line': b'-- Up-to-date symlink: /home/dx/CPE631-Navigation-ROS2-main/install/cpe631_ros2/share/cpe631_ros2/environment/pythonpath.sh\n'}
[0.370642] (cpe631_ros2) StdoutLine: {'line': b'-- Up-to-date symlink: /home/dx/CPE631-Navigation-ROS2-main/install/cpe631_ros2/share/cpe631_ros2/environment/pythonpath.dsv\n'}
[0.371406] (cpe631_ros2) StdoutLine: {'line': b'-- Up-to-date symlink: /home/dx/CPE631-Navigation-ROS2-main/install/cpe631_ros2/lib/python3.12/site-packages/cpe631_ros2-0.1.0-py3.12.egg-info/PKG-INFO\n'}
[0.371615] (cpe631_ros2) StdoutLine: {'line': b'-- Up-to-date symlink: /home/dx/CPE631-Navigation-ROS2-main/install/cpe631_ros2/lib/python3.12/site-packages/cpe631_ros2-0.1.0-py3.12.egg-info/SOURCES.txt\n'}
[0.371796] (cpe631_ros2) StdoutLine: {'line': b'-- Up-to-date symlink: /home/dx/CPE631-Navigation-ROS2-main/install/cpe631_ros2/lib/python3.12/site-packages/cpe631_ros2-0.1.0-py3.12.egg-info/dependency_links.txt\n'}
[0.371982] (cpe631_ros2) StdoutLine: {'line': b'-- Up-to-date symlink: /home/dx/CPE631-Navigation-ROS2-main/install/cpe631_ros2/lib/python3.12/site-packages/cpe631_ros2-0.1.0-py3.12.egg-info/top_level.txt\n'}
[0.372764] (cpe631_ros2) StdoutLine: {'line': b'-- Up-to-date symlink: /home/dx/CPE631-Navigation-ROS2-main/install/cpe631_ros2/lib/python3.12/site-packages/cpe631_ros2/__init__.py\n'}
[0.373032] (cpe631_ros2) StdoutLine: {'line': b'-- Up-to-date symlink: /home/dx/CPE631-Navigation-ROS2-main/install/cpe631_ros2/lib/python3.12/site-packages/cpe631_ros2/data_collector.py\n'}
[0.373238] (cpe631_ros2) StdoutLine: {'line': b'-- Up-to-date symlink: /home/dx/CPE631-Navigation-ROS2-main/install/cpe631_ros2/lib/python3.12/site-packages/cpe631_ros2/goal_sender.py\n'}
[0.373421] (cpe631_ros2) StdoutLine: {'line': b'-- Up-to-date symlink: /home/dx/CPE631-Navigation-ROS2-main/install/cpe631_ros2/lib/python3.12/site-packages/cpe631_ros2/map_republisher.py\n'}
[0.373628] (cpe631_ros2) StdoutLine: {'line': b'-- Up-to-date symlink: /home/dx/CPE631-Navigation-ROS2-main/install/cpe631_ros2/lib/python3.12/site-packages/cpe631_ros2/ped_pose_extractor.py\n'}
[0.374010] (cpe631_ros2) StdoutLine: {'line': b'-- Up-to-date symlink: /home/dx/CPE631-Navigation-ROS2-main/install/cpe631_ros2/lib/python3.12/site-packages/cpe631_ros2/peds.py\n'}
[0.374199] (cpe631_ros2) StdoutLine: {'line': b'-- Up-to-date symlink: /home/dx/CPE631-Navigation-ROS2-main/install/cpe631_ros2/lib/python3.12/site-packages/cpe631_ros2/social_nav_node.py\n'}
[0.374441] (cpe631_ros2) StdoutLine: {'line': b'-- Up-to-date symlink: /home/dx/CPE631-Navigation-ROS2-main/install/cpe631_ros2/lib/python3.12/site-packages/cpe631_ros2/teleop.py\n'}
[0.374561] (cpe631_ros2) StdoutLine: {'line': b'-- Up-to-date symlink: /home/dx/CPE631-Navigation-ROS2-main/install/cpe631_ros2/share/cpe631_ros2//cpe631_ros2_dstar_planner.xml\n'}
[0.375532] (cpe631_ros2) StdoutLine: {'line': b'-- Up-to-date symlink: /home/dx/CPE631-Navigation-ROS2-main/install/cpe631_ros2/share/cpe631_ros2/launch/__pycache__/cafe.launch.cpython-312.pyc\n'}
[0.375690] (cpe631_ros2) StdoutLine: {'line': b'-- Symlinking: /home/dx/CPE631-Navigation-ROS2-main/install/cpe631_ros2/share/cpe631_ros2/launch/__pycache__/cafe_dynamic.launch.cpython-312.pyc\n'}
[0.382029] (cpe631_ros2) StdoutLine: {'line': b'-- Up-to-date symlink: /home/dx/CPE631-Navigation-ROS2-main/install/cpe631_ros2/share/cpe631_ros2/launch/cafe.launch.py\n'}
[0.382249] (cpe631_ros2) StdoutLine: {'line': b'-- Up-to-date symlink: /home/dx/CPE631-Navigation-ROS2-main/install/cpe631_ros2/share/cpe631_ros2/launch/cafe_dynamic.launch.py\n'}
[0.382451] (cpe631_ros2) StdoutLine: {'line': b'-- Up-to-date symlink: /home/dx/CPE631-Navigation-ROS2-main/install/cpe631_ros2/share/cpe631_ros2/launch/teleop.launch.py\n'}
[0.382987] (cpe631_ros2) StdoutLine: {'line': b'-- Up-to-date symlink: /home/dx/CPE631-Navigation-ROS2-main/install/cpe631_ros2/share/cpe631_ros2/worlds/cafe.world\n'}
[0.387888] (cpe631_ros2) StdoutLine: {'line': b'-- Up-to-date symlink: /home/dx/CPE631-Navigation-ROS2-main/install/cpe631_ros2/share/cpe631_ros2/models/Target/model.config\n'}
[0.388050] (cpe631_ros2) StdoutLine: {'line': b'-- Up-to-date symlink: /home/dx/CPE631-Navigation-ROS2-main/install/cpe631_ros2/share/cpe631_ros2/models/Target/model.sdf\n'}
[0.388771] (cpe631_ros2) StdoutLine: {'line': b'-- Up-to-date symlink: /home/dx/CPE631-Navigation-ROS2-main/install/cpe631_ros2/share/cpe631_ros2/models/cafe/materials/textures/__auto_10.jpg\n'}
[0.389037] (cpe631_ros2) StdoutLine: {'line': b'-- Up-to-date symlink: /home/dx/CPE631-Navigation-ROS2-main/install/cpe631_ros2/share/cpe631_ros2/models/cafe/materials/textures/__auto_2.jpg\n'}
[0.389336] (cpe631_ros2) StdoutLine: {'line': b'-- Up-to-date symlink: /home/dx/CPE631-Navigation-ROS2-main/install/cpe631_ros2/share/cpe631_ros2/models/cafe/materials/textures/__auto_21.jpg\n'}
[0.389612] (cpe631_ros2) StdoutLine: {'line': b'-- Up-to-date symlink: /home/dx/CPE631-Navigation-ROS2-main/install/cpe631_ros2/share/cpe631_ros2/models/cafe/materials/textures/__auto_22.jpg\n'}
[0.389830] (cpe631_ros2) StdoutLine: {'line': b'-- Up-to-date symlink: /home/dx/CPE631-Navigation-ROS2-main/install/cpe631_ros2/share/cpe631_ros2/models/cafe/materials/textures/__auto_23.jpg\n'}
[0.390040] (cpe631_ros2) StdoutLine: {'line': b'-- Up-to-date symlink: /home/dx/CPE631-Navigation-ROS2-main/install/cpe631_ros2/share/cpe631_ros2/models/cafe/materials/textures/__auto_24.jpg\n'}
[0.390257] (cpe631_ros2) StdoutLine: {'line': b'-- Up-to-date symlink: /home/dx/CPE631-Navigation-ROS2-main/install/cpe631_ros2/share/cpe631_ros2/models/cafe/materials/textures/__auto_25.jpg\n'}
[0.390546] (cpe631_ros2) StdoutLine: {'line': b'-- Up-to-date symlink: /home/dx/CPE631-Navigation-ROS2-main/install/cpe631_ros2/share/cpe631_ros2/models/cafe/materials/textures/__auto_26.jpg\n'}
[0.390895] (cpe631_ros2) StdoutLine: {'line': b'-- Up-to-date symlink: /home/dx/CPE631-Navigation-ROS2-main/install/cpe631_ros2/share/cpe631_ros2/models/cafe/materials/textures/__auto_28.jpg\n'}
[0.391202] (cpe631_ros2) StdoutLine: {'line': b'-- Up-to-date symlink: /home/dx/CPE631-Navigation-ROS2-main/install/cpe631_ros2/share/cpe631_ros2/models/cafe/materials/textures/__auto_29.jpg\n'}
[0.391453] (cpe631_ros2) StdoutLine: {'line': b'-- Up-to-date symlink: /home/dx/CPE631-Navigation-ROS2-main/install/cpe631_ros2/share/cpe631_ros2/models/cafe/materials/textures/__auto_30.jpg\n'}
[0.391695] (cpe631_ros2) StdoutLine: {'line': b'-- Up-to-date symlink: /home/dx/CPE631-Navigation-ROS2-main/install/cpe631_ros2/share/cpe631_ros2/models/cafe/materials/textures/__auto_31.jpg\n'}
[0.391922] (cpe631_ros2) StdoutLine: {'line': b'-- Up-to-date symlink: /home/dx/CPE631-Navigation-ROS2-main/install/cpe631_ros2/share/cpe631_ros2/models/cafe/materials/textures/__auto_34.jpg\n'}
[0.392154] (cpe631_ros2) StdoutLine: {'line': b'-- Up-to-date symlink: /home/dx/CPE631-Navigation-ROS2-main/install/cpe631_ros2/share/cpe631_ros2/models/cafe/materials/textures/__auto_35.jpg\n'}
[0.392376] (cpe631_ros2) StdoutLine: {'line': b'-- Up-to-date symlink: /home/dx/CPE631-Navigation-ROS2-main/install/cpe631_ros2/share/cpe631_ros2/models/cafe/materials/textures/__auto_37.jpg\n'}
[0.392691] (cpe631_ros2) StdoutLine: {'line': b'-- Up-to-date symlink: /home/dx/CPE631-Navigation-ROS2-main/install/cpe631_ros2/share/cpe631_ros2/models/cafe/meshes/cafe.dae\n'}
[0.392894] (cpe631_ros2) StdoutLine: {'line': b'-- Up-to-date symlink: /home/dx/CPE631-Navigation-ROS2-main/install/cpe631_ros2/share/cpe631_ros2/models/cafe/model.config\n'}
[0.392982] (cpe631_ros2) StdoutLine: {'line': b'-- Up-to-date symlink: /home/dx/CPE631-Navigation-ROS2-main/install/cpe631_ros2/share/cpe631_ros2/models/cafe/model.sdf\n'}
[0.393513] (cpe631_ros2) StdoutLine: {'line': b'-- Up-to-date symlink: /home/dx/CPE631-Navigation-ROS2-main/install/cpe631_ros2/share/cpe631_ros2/models/cafe_table/materials/textures/Maple.jpg\n'}
[0.393744] (cpe631_ros2) StdoutLine: {'line': b'-- Up-to-date symlink: /home/dx/CPE631-Navigation-ROS2-main/install/cpe631_ros2/share/cpe631_ros2/models/cafe_table/materials/textures/Wood_Floor_Dark.jpg\n'}
[0.394061] (cpe631_ros2) StdoutLine: {'line': b'-- Up-to-date symlink: /home/dx/CPE631-Navigation-ROS2-main/install/cpe631_ros2/share/cpe631_ros2/models/cafe_table/meshes/cafe_table.dae\n'}
[0.394274] (cpe631_ros2) StdoutLine: {'line': b'-- Up-to-date symlink: /home/dx/CPE631-Navigation-ROS2-main/install/cpe631_ros2/share/cpe631_ros2/models/cafe_table/model-1_4.sdf\n'}
[0.394478] (cpe631_ros2) StdoutLine: {'line': b'-- Up-to-date symlink: /home/dx/CPE631-Navigation-ROS2-main/install/cpe631_ros2/share/cpe631_ros2/models/cafe_table/model.config\n'}
[0.394737] (cpe631_ros2) StdoutLine: {'line': b'-- Up-to-date symlink: /home/dx/CPE631-Navigation-ROS2-main/install/cpe631_ros2/share/cpe631_ros2/models/cafe_table/model.sdf\n'}
[0.395265] (cpe631_ros2) StdoutLine: {'line': b'-- Up-to-date symlink: /home/dx/CPE631-Navigation-ROS2-main/install/cpe631_ros2/share/cpe631_ros2/models/person_standing/materials/textures/eyebrow001-unmodified.png\n'}
[0.395553] (cpe631_ros2) StdoutLine: {'line': b'-- Up-to-date symlink: /home/dx/CPE631-Navigation-ROS2-main/install/cpe631_ros2/share/cpe631_ros2/models/person_standing/materials/textures/eyebrow001.png\n'}
[0.395721] (cpe631_ros2) StdoutLine: {'line': b'-- Up-to-date symlink: /home/dx/CPE631-Navigation-ROS2-main/install/cpe631_ros2/share/cpe631_ros2/models/person_standing/materials/textures/green_eye.png\n'}
[0.396194] (cpe631_ros2) StdoutLine: {'line': b'-- Up-to-date symlink: /home/dx/CPE631-Navigation-ROS2-main/install/cpe631_ros2/share/cpe631_ros2/models/person_standing/materials/textures/jeans01_normals.png\n'}
[0.396364] (cpe631_ros2) StdoutLine: {'line': b'-- Up-to-date symlink: /home/dx/CPE631-Navigation-ROS2-main/install/cpe631_ros2/share/cpe631_ros2/models/person_standing/materials/textures/jeans_basic_diffuse.png\n'}
[0.396669] (cpe631_ros2) StdoutLine: {'line': b'-- Up-to-date symlink: /home/dx/CPE631-Navigation-ROS2-main/install/cpe631_ros2/share/cpe631_ros2/models/person_standing/materials/textures/male02_diffuse_black-unmodified.png\n'}
[0.396946] (cpe631_ros2) StdoutLine: {'line': b'-- Up-to-date symlink: /home/dx/CPE631-Navigation-ROS2-main/install/cpe631_ros2/share/cpe631_ros2/models/person_standing/materials/textures/male02_diffuse_black.png\n'}
[0.397231] (cpe631_ros2) StdoutLine: {'line': b'-- Up-to-date symlink: /home/dx/CPE631-Navigation-ROS2-main/install/cpe631_ros2/share/cpe631_ros2/models/person_standing/materials/textures/teeth.png\n'}
[0.397465] (cpe631_ros2) StdoutLine: {'line': b'-- Up-to-date symlink: /home/dx/CPE631-Navigation-ROS2-main/install/cpe631_ros2/share/cpe631_ros2/models/person_standing/materials/textures/tshirt02_normals.png\n'}
[0.397701] (cpe631_ros2) StdoutLine: {'line': b'-- Up-to-date symlink: /home/dx/CPE631-Navigation-ROS2-main/install/cpe631_ros2/share/cpe631_ros2/models/person_standing/materials/textures/tshirt02_texture.png\n'}
[0.397942] (cpe631_ros2) StdoutLine: {'line': b'-- Up-to-date symlink: /home/dx/CPE631-Navigation-ROS2-main/install/cpe631_ros2/share/cpe631_ros2/models/person_standing/materials/textures/young_lightskinned_male_diffuse.png\n'}
[0.398317] (cpe631_ros2) StdoutLine: {'line': b'-- Up-to-date symlink: /home/dx/CPE631-Navigation-ROS2-main/install/cpe631_ros2/share/cpe631_ros2/models/person_standing/meshes/standing.dae\n'}
[0.398539] (cpe631_ros2) StdoutLine: {'line': b'-- Up-to-date symlink: /home/dx/CPE631-Navigation-ROS2-main/install/cpe631_ros2/share/cpe631_ros2/models/person_standing/model.config\n'}
[0.398745] (cpe631_ros2) StdoutLine: {'line': b'-- Up-to-date symlink: /home/dx/CPE631-Navigation-ROS2-main/install/cpe631_ros2/share/cpe631_ros2/models/person_standing/model.sdf\n'}
[0.399357] (cpe631_ros2) StdoutLine: {'line': b'-- Up-to-date symlink: /home/dx/CPE631-Navigation-ROS2-main/install/cpe631_ros2/share/cpe631_ros2/models/person_walking/materials/textures/eyebrow001-unmodified.png\n'}
[0.399622] (cpe631_ros2) StdoutLine: {'line': b'-- Up-to-date symlink: /home/dx/CPE631-Navigation-ROS2-main/install/cpe631_ros2/share/cpe631_ros2/models/person_walking/materials/textures/eyebrow001.png\n'}
[0.399823] (cpe631_ros2) StdoutLine: {'line': b'-- Up-to-date symlink: /home/dx/CPE631-Navigation-ROS2-main/install/cpe631_ros2/share/cpe631_ros2/models/person_walking/materials/textures/green_eye.png\n'}
[0.400090] (cpe631_ros2) StdoutLine: {'line': b'-- Up-to-date symlink: /home/dx/CPE631-Navigation-ROS2-main/install/cpe631_ros2/share/cpe631_ros2/models/person_walking/materials/textures/jeans01_normals.png\n'}
[0.400320] (-) TimerEvent: {}
[0.400403] (cpe631_ros2) StdoutLine: {'line': b'-- Up-to-date symlink: /home/dx/CPE631-Navigation-ROS2-main/install/cpe631_ros2/share/cpe631_ros2/models/person_walking/materials/textures/jeans_basic_diffuse.png\n'}
[0.400627] (cpe631_ros2) StdoutLine: {'line': b'-- Up-to-date symlink: /home/dx/CPE631-Navigation-ROS2-main/install/cpe631_ros2/share/cpe631_ros2/models/person_walking/materials/textures/male02_diffuse_black-unmodified.png\n'}
[0.400859] (cpe631_ros2) StdoutLine: {'line': b'-- Up-to-date symlink: /home/dx/CPE631-Navigation-ROS2-main/install/cpe631_ros2/share/cpe631_ros2/models/person_walking/materials/textures/male02_diffuse_black.png\n'}
[0.401446] (cpe631_ros2) StdoutLine: {'line': b'-- Up-to-date symlink: /home/dx/CPE631-Navigation-ROS2-main/install/cpe631_ros2/share/cpe631_ros2/models/person_walking/materials/textures/teeth.png\n'}
[0.401532] (cpe631_ros2) StdoutLine: {'line': b'-- Up-to-date symlink: /home/dx/CPE631-Navigation-ROS2-main/install/cpe631_ros2/share/cpe631_ros2/models/person_walking/materials/textures/tshirt02_normals.png\n'}
[0.401918] (cpe631_ros2) StdoutLine: {'line': b'-- Up-to-date symlink: /home/dx/CPE631-Navigation-ROS2-main/install/cpe631_ros2/share/cpe631_ros2/models/person_walking/materials/textures/tshirt02_texture.png\n'}
[0.402119] (cpe631_ros2) StdoutLine: {'line': b'-- Up-to-date symlink: /home/dx/CPE631-Navigation-ROS2-main/install/cpe631_ros2/share/cpe631_ros2/models/person_walking/materials/textures/young_lightskinned_male_diffuse.png\n'}
[0.404805] (cpe631_ros2) StdoutLine: {'line': b'-- Up-to-date symlink: /home/dx/CPE631-Navigation-ROS2-main/install/cpe631_ros2/share/cpe631_ros2/models/person_walking/meshes/walking.dae\n'}
[0.404927] (cpe631_ros2) StdoutLine: {'line': b'-- Up-to-date symlink: /home/dx/CPE631-Navigation-ROS2-main/install/cpe631_ros2/share/cpe631_ros2/models/person_walking/model.config\n'}
[0.404978] (cpe631_ros2) StdoutLine: {'line': b'-- Up-to-date symlink: /home/dx/CPE631-Navigation-ROS2-main/install/cpe631_ros2/share/cpe631_ros2/models/person_walking/model.sdf\n'}
[0.405019] (cpe631_ros2) StdoutLine: {'line': b'-- Up-to-date symlink: /home/dx/CPE631-Navigation-ROS2-main/install/cpe631_ros2/share/cpe631_ros2/models/person_walking_actor/model.sdf\n'}
[0.405069] (cpe631_ros2) StdoutLine: {'line': b'-- Up-to-date symlink: /home/dx/CPE631-Navigation-ROS2-main/install/cpe631_ros2/share/cpe631_ros2/models/person_walking_actor_1/model.sdf\n'}
[0.405123] (cpe631_ros2) StdoutLine: {'line': b'-- Up-to-date symlink: /home/dx/CPE631-Navigation-ROS2-main/install/cpe631_ros2/share/cpe631_ros2/models/person_walking_actor_2/model.sdf\n'}
[0.405171] (cpe631_ros2) StdoutLine: {'line': b'-- Up-to-date symlink: /home/dx/CPE631-Navigation-ROS2-main/install/cpe631_ros2/share/cpe631_ros2/models/person_walking_actor_3/model.sdf\n'}
[0.405214] (cpe631_ros2) StdoutLine: {'line': b'-- Up-to-date symlink: /home/dx/CPE631-Navigation-ROS2-main/install/cpe631_ros2/share/cpe631_ros2/models/turtlebot3_burger/model-1_4.sdf\n'}
[0.405289] (cpe631_ros2) StdoutLine: {'line': b'-- Up-to-date symlink: /home/dx/CPE631-Navigation-ROS2-main/install/cpe631_ros2/share/cpe631_ros2/models/turtlebot3_burger/model.config\n'}
[0.405373] (cpe631_ros2) StdoutLine: {'line': b'-- Up-to-date symlink: /home/dx/CPE631-Navigation-ROS2-main/install/cpe631_ros2/share/cpe631_ros2/models/turtlebot3_burger/model.sdf\n'}
[0.406175] (cpe631_ros2) StdoutLine: {'line': b'-- Up-to-date symlink: /home/dx/CPE631-Navigation-ROS2-main/install/cpe631_ros2/share/cpe631_ros2/rviz/gmapping.rviz\n'}
[0.406294] (cpe631_ros2) StdoutLine: {'line': b'-- Up-to-date symlink: /home/dx/CPE631-Navigation-ROS2-main/install/cpe631_ros2/share/cpe631_ros2/rviz/navigation.rviz\n'}
[0.406340] (cpe631_ros2) StdoutLine: {'line': b'-- Up-to-date symlink: /home/dx/CPE631-Navigation-ROS2-main/install/cpe631_ros2/share/cpe631_ros2/param/custom_bt.xml\n'}
[0.406380] (cpe631_ros2) StdoutLine: {'line': b'-- Up-to-date symlink: /home/dx/CPE631-Navigation-ROS2-main/install/cpe631_ros2/share/cpe631_ros2/param/nav2_burger.yaml\n'}
[0.406460] (cpe631_ros2) StdoutLine: {'line': b'-- Up-to-date symlink: /home/dx/CPE631-Navigation-ROS2-main/install/cpe631_ros2/share/cpe631_ros2/param/nav2_dynamic_astar.yaml\n'}
[0.406742] (cpe631_ros2) StdoutLine: {'line': b'-- Up-to-date symlink: /home/dx/CPE631-Navigation-ROS2-main/install/cpe631_ros2/share/cpe631_ros2/param/nav2_dynamic_conservative.yaml\n'}
[0.406962] (cpe631_ros2) StdoutLine: {'line': b'-- Up-to-date symlink: /home/dx/CPE631-Navigation-ROS2-main/install/cpe631_ros2/share/cpe631_ros2/param/nav2_dynamic_dstar.yaml\n'}
[0.407341] (cpe631_ros2) StdoutLine: {'line': b'-- Up-to-date symlink: /home/dx/CPE631-Navigation-ROS2-main/install/cpe631_ros2/share/cpe631_ros2/param/nav2_social_astar.yaml\n'}
[0.407564] (cpe631_ros2) StdoutLine: {'line': b'-- Up-to-date symlink: /home/dx/CPE631-Navigation-ROS2-main/install/cpe631_ros2/share/cpe631_ros2/param/nav2_social_dstar.yaml\n'}
[0.407846] (cpe631_ros2) StdoutLine: {'line': b'-- Up-to-date symlink: /home/dx/CPE631-Navigation-ROS2-main/install/cpe631_ros2/share/cpe631_ros2/param/nav2_social_dynamic.yaml\n'}
[0.408165] (cpe631_ros2) StdoutLine: {'line': b'-- Up-to-date symlink: /home/dx/CPE631-Navigation-ROS2-main/install/cpe631_ros2/share/cpe631_ros2/param/nav2_social_smac.yaml\n'}
[0.408452] (cpe631_ros2) StdoutLine: {'line': b'-- Up-to-date symlink: /home/dx/CPE631-Navigation-ROS2-main/install/cpe631_ros2/share/cpe631_ros2/param/social_pose_bridge.yaml\n'}
[0.408698] (cpe631_ros2) StdoutLine: {'line': b'-- Up-to-date symlink: /home/dx/CPE631-Navigation-ROS2-main/install/cpe631_ros2/share/cpe631_ros2/param/turtlebot3_burger_bridge_local.yaml\n'}
[0.409190] (cpe631_ros2) StdoutLine: {'line': b'-- Up-to-date symlink: /home/dx/CPE631-Navigation-ROS2-main/install/cpe631_ros2/share/cpe631_ros2/maps/cafe.pgm\n'}
[0.409303] (cpe631_ros2) StdoutLine: {'line': b'-- Up-to-date symlink: /home/dx/CPE631-Navigation-ROS2-main/install/cpe631_ros2/share/cpe631_ros2/maps/cafe.yaml\n'}
[0.409962] (cpe631_ros2) StdoutLine: {'line': b'-- Up-to-date symlink: /home/dx/CPE631-Navigation-ROS2-main/install/cpe631_ros2/include/cpe631_ros2/dstar_planner.hpp\n'}
[0.410443] (cpe631_ros2) StdoutLine: {'line': b'-- Up-to-date symlink: /home/dx/CPE631-Navigation-ROS2-main/install/cpe631_ros2/lib/libcpe631_ros2_dstar_planner.so\n'}
[0.410568] (cpe631_ros2) StdoutLine: {'line': b'-- Up-to-date symlink: /home/dx/CPE631-Navigation-ROS2-main/install/cpe631_ros2/share/cpe631_ros2/cpe631_ros2_dstar_planner.xml\n'}
[0.410861] (cpe631_ros2) StdoutLine: {'line': b'-- Up-to-date symlink: /home/dx/CPE631-Navigation-ROS2-main/install/cpe631_ros2/share/cpe631_ros2/environment/library_path.sh\n'}
[0.411123] (cpe631_ros2) StdoutLine: {'line': b'-- Up-to-date symlink: /home/dx/CPE631-Navigation-ROS2-main/install/cpe631_ros2/share/cpe631_ros2/environment/library_path.dsv\n'}
[0.411733] (cpe631_ros2) StdoutLine: {'line': b'-- Up-to-date symlink: /home/dx/CPE631-Navigation-ROS2-main/install/cpe631_ros2/share/ament_index/resource_index/package_run_dependencies/cpe631_ros2\n'}
[0.412106] (cpe631_ros2) StdoutLine: {'line': b'-- Up-to-date symlink: /home/dx/CPE631-Navigation-ROS2-main/install/cpe631_ros2/share/ament_index/resource_index/parent_prefix_path/cpe631_ros2\n'}
[0.412376] (cpe631_ros2) StdoutLine: {'line': b'-- Up-to-date symlink: /home/dx/CPE631-Navigation-ROS2-main/install/cpe631_ros2/share/cpe631_ros2/environment/ament_prefix_path.sh\n'}
[0.412630] (cpe631_ros2) StdoutLine: {'line': b'-- Up-to-date symlink: /home/dx/CPE631-Navigation-ROS2-main/install/cpe631_ros2/share/cpe631_ros2/environment/ament_prefix_path.dsv\n'}
[0.413014] (cpe631_ros2) StdoutLine: {'line': b'-- Up-to-date symlink: /home/dx/CPE631-Navigation-ROS2-main/install/cpe631_ros2/share/cpe631_ros2/environment/path.sh\n'}
[0.413424] (cpe631_ros2) StdoutLine: {'line': b'-- Up-to-date symlink: /home/dx/CPE631-Navigation-ROS2-main/install/cpe631_ros2/share/cpe631_ros2/environment/path.dsv\n'}
[0.413747] (cpe631_ros2) StdoutLine: {'line': b'-- Up-to-date symlink: /home/dx/CPE631-Navigation-ROS2-main/install/cpe631_ros2/share/cpe631_ros2/local_setup.bash\n'}
[0.414012] (cpe631_ros2) StdoutLine: {'line': b'-- Up-to-date symlink: /home/dx/CPE631-Navigation-ROS2-main/install/cpe631_ros2/share/cpe631_ros2/local_setup.sh\n'}
[0.414344] (cpe631_ros2) StdoutLine: {'line': b'-- Up-to-date symlink: /home/dx/CPE631-Navigation-ROS2-main/install/cpe631_ros2/share/cpe631_ros2/local_setup.zsh\n'}
[0.414595] (cpe631_ros2) StdoutLine: {'line': b'-- Up-to-date symlink: /home/dx/CPE631-Navigation-ROS2-main/install/cpe631_ros2/share/cpe631_ros2/local_setup.dsv\n'}
[0.414710] (cpe631_ros2) StdoutLine: {'line': b'-- Symlinking: /home/dx/CPE631-Navigation-ROS2-main/install/cpe631_ros2/share/cpe631_ros2/package.dsv\n'}
[0.421680] (cpe631_ros2) StdoutLine: {'line': b'-- Up-to-date symlink: /home/dx/CPE631-Navigation-ROS2-main/install/cpe631_ros2/share/ament_index/resource_index/packages/cpe631_ros2\n'}
[0.422101] (cpe631_ros2) StdoutLine: {'line': b'-- Up-to-date symlink: /home/dx/CPE631-Navigation-ROS2-main/install/cpe631_ros2/share/ament_index/resource_index/nav2_core__pluginlib__plugin/cpe631_ros2\n'}
[0.422545] (cpe631_ros2) StdoutLine: {'line': b'-- Up-to-date symlink: /home/dx/CPE631-Navigation-ROS2-main/install/cpe631_ros2/share/cpe631_ros2/cmake/ament_cmake_export_include_directories-extras.cmake\n'}
[0.422819] (cpe631_ros2) StdoutLine: {'line': b'-- Up-to-date symlink: /home/dx/CPE631-Navigation-ROS2-main/install/cpe631_ros2/share/cpe631_ros2/cmake/ament_cmake_export_libraries-extras.cmake\n'}
[0.423091] (cpe631_ros2) StdoutLine: {'line': b'-- Up-to-date symlink: /home/dx/CPE631-Navigation-ROS2-main/install/cpe631_ros2/share/cpe631_ros2/cmake/ament_cmake_export_dependencies-extras.cmake\n'}
[0.423369] (cpe631_ros2) StdoutLine: {'line': b'-- Up-to-date symlink: /home/dx/CPE631-Navigation-ROS2-main/install/cpe631_ros2/share/cpe631_ros2/cmake/cpe631_ros2Config.cmake\n'}
[0.423607] (cpe631_ros2) StdoutLine: {'line': b'-- Up-to-date symlink: /home/dx/CPE631-Navigation-ROS2-main/install/cpe631_ros2/share/cpe631_ros2/cmake/cpe631_ros2Config-version.cmake\n'}
[0.423863] (cpe631_ros2) StdoutLine: {'line': b'-- Up-to-date symlink: /home/dx/CPE631-Navigation-ROS2-main/install/cpe631_ros2/share/cpe631_ros2/package.xml\n'}
[0.474683] (cpe631_ros2) StdoutLine: {'line': b"Listing '/home/dx/CPE631-Navigation-ROS2-main/install/cpe631_ros2/lib/python3.12/site-packages/cpe631_ros2'...\n"}
[0.474823] (cpe631_ros2) StdoutLine: {'line': b"Compiling '/home/dx/CPE631-Navigation-ROS2-main/install/cpe631_ros2/lib/python3.12/site-packages/cpe631_ros2/data_collector.py'...\n"}
[0.474869] (cpe631_ros2) StdoutLine: {'line': b"Compiling '/home/dx/CPE631-Navigation-ROS2-main/install/cpe631_ros2/lib/python3.12/site-packages/cpe631_ros2/goal_sender.py'...\n"}
[0.474909] (cpe631_ros2) StdoutLine: {'line': b"Compiling '/home/dx/CPE631-Navigation-ROS2-main/install/cpe631_ros2/lib/python3.12/site-packages/cpe631_ros2/ped_pose_extractor.py'...\n"}
[0.474947] (cpe631_ros2) StdoutLine: {'line': b"Compiling '/home/dx/CPE631-Navigation-ROS2-main/install/cpe631_ros2/lib/python3.12/site-packages/cpe631_ros2/peds.py'...\n"}
[0.474985] (cpe631_ros2) StdoutLine: {'line': b"Compiling '/home/dx/CPE631-Navigation-ROS2-main/install/cpe631_ros2/lib/python3.12/site-packages/cpe631_ros2/social_nav_node.py'...\n"}
[0.478703] (cpe631_ros2) StdoutLine: {'line': b'-- Up-to-date: /home/dx/CPE631-Navigation-ROS2-main/install/cpe631_ros2/lib/cpe631_ros2/cpe631_teleop\n'}
[0.478840] (cpe631_ros2) StdoutLine: {'line': b'-- Installing: /home/dx/CPE631-Navigation-ROS2-main/install/cpe631_ros2/lib/cpe631_ros2/cpe631_peds\n'}
[0.478930] (cpe631_ros2) StdoutLine: {'line': b'-- Up-to-date: /home/dx/CPE631-Navigation-ROS2-main/install/cpe631_ros2/lib/cpe631_ros2/cpe631_map_republisher\n'}
[0.479086] (cpe631_ros2) StdoutLine: {'line': b'-- Installing: /home/dx/CPE631-Navigation-ROS2-main/install/cpe631_ros2/lib/cpe631_ros2/ped_pose_extractor\n'}
[0.479139] (cpe631_ros2) StdoutLine: {'line': b'-- Installing: /home/dx/CPE631-Navigation-ROS2-main/install/cpe631_ros2/lib/cpe631_ros2/social_nav_node\n'}
[0.479303] (cpe631_ros2) StdoutLine: {'line': b'-- Installing: /home/dx/CPE631-Navigation-ROS2-main/install/cpe631_ros2/lib/cpe631_ros2/data_collector\n'}
[0.479659] (cpe631_ros2) StdoutLine: {'line': b'-- Installing: /home/dx/CPE631-Navigation-ROS2-main/install/cpe631_ros2/lib/cpe631_ros2/goal_sender\n'}
[0.481216] (cpe631_ros2) CommandEnded: {'returncode': 0}
[0.500418] (-) TimerEvent: {}
[0.505378] (cpe631_ros2) JobEnded: {'identifier': 'cpe631_ros2', 'rc': 0}
[0.506254] (-) EventReactorShutdown: {}
