[INFO] [1777717959.369943657] [data_collector]: DataCollector ready  mode=dynamic_astar  encounter=1.00m  personal=1.20m  intimate=0.45m
[INFO] [1777717959.370382384] [data_collector]: Results CSV: /home/dx/CPE631-Navigation-ROS2-main/dynamic_4groups_headless_10.csv

Commands: [s] start  [e] end  [1] social  [2] baseline  [3] dynamic  [q] quit
cmd> [INFO] [1777717964.619435582] [data_collector]: Started experiment [dynamic_astar]
[WARN] [1777717964.678656786] [data_collector]: Personal space violation (<1.20m) +1, total=1
[WARN] [1777717993.118915231] [data_collector]: Personal space violation (<1.20m) +1, total=2
[INFO] [1777717993.215498185] [data_collector]: Encounter (<1.0m) +1, total=1
[WARN] [1777717993.648672575] [data_collector]: Intimate space violation (<0.45m) +1, total=1
[WARN] [1777718004.322971307] [data_collector]: Personal space violation (<1.20m) +1, total=3
[INFO] [1777718004.492176003] [data_collector]: Encounter (<1.0m) +1, total=2
[WARN] [1777718005.267391824] [data_collector]: Intimate space violation (<0.45m) +1, total=2
[WARN] [1777718019.395544305] [data_collector]: Personal space violation (<1.20m) +1, total=4
[INFO] [1777718019.648869548] [data_collector]: Encounter (<1.0m) +1, total=3
[WARN] [1777718027.857100171] [data_collector]: Personal space violation (<1.20m) +1, total=5
[INFO] [1777718028.144911057] [data_collector]: Encounter (<1.0m) +1, total=4
[WARN] [1777718028.355805254] [data_collector]: Personal space violation (<1.20m) +1, total=6
[WARN] [1777718029.638269208] [data_collector]: Intimate space violation (<0.45m) +1, total=3
[WARN] [1777718031.389941020] [data_collector]: Personal space violation (<1.20m) +1, total=7
[WARN] [1777718048.774490396] [data_collector]: Personal space violation (<1.20m) +1, total=8
[WARN] [1777718055.013746296] [data_collector]: Personal space violation (<1.20m) +1, total=9
[INFO] [1777718055.182873427] [data_collector]: Encounter (<1.0m) +1, total=5
[WARN] [1777718056.151869313] [data_collector]: Intimate space violation (<0.45m) +1, total=4
[WARN] [1777718065.477773693] [data_collector]: Personal space violation (<1.20m) +1, total=10
[INFO] [1777718066.076467911] [data_collector]: Encounter (<1.0m) +1, total=6
[WARN] [1777718066.741734253] [data_collector]: Personal space violation (<1.20m) +1, total=11
[WARN] [1777718066.917730144] [data_collector]: Intimate space violation (<0.45m) +1, total=5
[INFO] [1777718067.848161354] [data_collector]: SIGUSR1: 读取 result_file → 'succeeded'
[INFO] [1777718067.848473109] [data_collector]: =======================================================
[INFO] [1777718067.848690160] [data_collector]: Experiment #7 result: succeeded
[INFO] [1777718067.848902788] [data_collector]:   Mode:                    dynamic_astar
[INFO] [1777718067.849114797] [data_collector]:   Attempt:                 1
[INFO] [1777718067.849368945] [data_collector]:   Path length:             36.44 m
[INFO] [1777718067.849600455] [data_collector]:   Navigation time:         94.54 s
[INFO] [1777718067.849831407] [data_collector]:   Encounters (<1.0m):      6
[INFO] [1777718067.850069442] [data_collector]:   Personal violations (<1.20m): 11
[INFO] [1777718067.854270547] [data_collector]:   Intimate violations (<0.45m): 5
[INFO] [1777718067.854641489] [data_collector]:   Min pedestrian dist:     0.257 m
[INFO] [1777718067.854997998] [data_collector]:   Mean angular accel:      0.2536 rad/s²
[INFO] [1777718067.855870856] [data_collector]: =======================================================
[INFO] [1777718067.856322726] [data_collector]: Saved to /home/dx/CPE631-Navigation-ROS2-main/dynamic_4groups_headless_10.csv
[INFO] [1777718067.856630965] [data_collector]: exit_after_result=True, shutting down.
[INFO] [1777718067.857858320] [data_collector]: SIGUSR1: experiment was not active, shutting down.
