[INFO] [1777760205.466505776] [data_collector]: DataCollector ready  mode=social_dstar_plus  encounter=1.00m  personal=1.20m  intimate=0.45m
[INFO] [1777760205.467880323] [data_collector]: Results CSV: /home/dx/CPE631-Navigation-ROS2-main/experiment_results_v3.csv

Commands: [s] start  [e] end  [1] social  [2] baseline  [3] dynamic  [q] quit
cmd> [INFO] [1777760210.512205917] [data_collector]: Started experiment [social_dstar_plus]
[WARN] [1777760210.579366902] [data_collector]: Personal space violation (<1.20m) +1, total=1
[INFO] [1777760211.094349526] [data_collector]: Encounter (<1.0m) +1, total=1
[WARN] [1777760240.490529363] [data_collector]: Personal space violation (<1.20m) +1, total=2
[INFO] [1777760240.685075368] [data_collector]: Encounter (<1.0m) +1, total=2
[WARN] [1777760248.230708613] [data_collector]: Personal space violation (<1.20m) +1, total=3
[INFO] [1777760248.725351696] [data_collector]: Encounter (<1.0m) +1, total=3
[WARN] [1777760249.316449767] [data_collector]: Intimate space violation (<0.45m) +1, total=1
[WARN] [1777760253.951489213] [data_collector]: Personal space violation (<1.20m) +1, total=4
[WARN] [1777760265.731129387] [data_collector]: Personal space violation (<1.20m) +1, total=5
[INFO] [1777760265.923859180] [data_collector]: Encounter (<1.0m) +1, total=4
[WARN] [1777760266.793577294] [data_collector]: Intimate space violation (<0.45m) +1, total=2
[WARN] [1777760281.024903608] [data_collector]: Personal space violation (<1.20m) +1, total=6
[INFO] [1777760281.297676109] [data_collector]: Encounter (<1.0m) +1, total=5
[WARN] [1777760282.299604167] [data_collector]: Intimate space violation (<0.45m) +1, total=3
[WARN] [1777760286.480191622] [data_collector]: Personal space violation (<1.20m) +1, total=7
[WARN] [1777760286.703837593] [data_collector]: Personal space violation (<1.20m) +1, total=8
[INFO] [1777760287.299895555] [data_collector]: Encounter (<1.0m) +1, total=6
[WARN] [1777760288.846525929] [data_collector]: Intimate space violation (<0.45m) +1, total=4
[WARN] [1777760292.648875255] [data_collector]: Personal space violation (<1.20m) +1, total=9
[WARN] [1777760292.856751406] [data_collector]: Personal space violation (<1.20m) +1, total=10
[WARN] [1777760293.362071546] [data_collector]: Personal space violation (<1.20m) +1, total=11
[WARN] [1777760306.306118186] [data_collector]: Personal space violation (<1.20m) +1, total=12
[INFO] [1777760325.152042115] [data_collector]: SIGUSR1: 读取 result_file → 'succeeded'
[INFO] [1777760325.152350215] [data_collector]: =======================================================
[INFO] [1777760325.152570873] [data_collector]: Experiment #14 result: succeeded
[INFO] [1777760325.153467122] [data_collector]:   Mode:                    social_dstar_plus
[INFO] [1777760325.153741547] [data_collector]:   Attempt:                 1
[INFO] [1777760325.153978686] [data_collector]:   Path length:             36.39 m
[INFO] [1777760325.154202595] [data_collector]:   Navigation time:         102.65 s
[INFO] [1777760325.154439016] [data_collector]:   Encounters (<1.0m):      6
[INFO] [1777760325.155405948] [data_collector]:   Personal violations (<1.20m): 12
[INFO] [1777760325.155764988] [data_collector]:   Intimate violations (<0.45m): 4
[INFO] [1777760325.156037548] [data_collector]:   Min pedestrian dist:     0.031 m
[INFO] [1777760325.156414506] [data_collector]:   Mean angular accel:      0.2358 rad/s²
[INFO] [1777760325.156980740] [data_collector]: =======================================================
[INFO] [1777760325.157376804] [data_collector]: Saved to /home/dx/CPE631-Navigation-ROS2-main/experiment_results_v3.csv
[INFO] [1777760325.157920855] [data_collector]: exit_after_result=True, shutting down.
[INFO] [1777760325.160395090] [data_collector]: SIGUSR1: experiment was not active, shutting down.
