[INFO] [1777688698.156069289] [data_collector]: DataCollector ready  mode=dynamic  encounter=1.00m  personal=1.20m  intimate=0.45m
[INFO] [1777688698.156940904] [data_collector]: Results CSV: /home/dx/CPE631-Navigation-ROS2-main/experiment_results_v3.csv

Commands: [s] start  [e] end  [1] social  [2] baseline  [3] dynamic  [q] quit
cmd> [INFO] [1777688703.256182480] [data_collector]: Started experiment [dynamic]
[INFO] [1777688703.261546763] [data_collector]: Encounter (<1.0m) +1, total=1
[WARN] [1777688703.263520315] [data_collector]: Personal space violation (<1.20m) +1, total=1
[WARN] [1777688729.823322914] [data_collector]: Personal space violation (<1.20m) +1, total=2
[INFO] [1777688730.073117905] [data_collector]: Encounter (<1.0m) +1, total=2
[WARN] [1777688730.856357561] [data_collector]: Intimate space violation (<0.45m) +1, total=1
[WARN] [1777688741.612930001] [data_collector]: Personal space violation (<1.20m) +1, total=3
[INFO] [1777688741.900955048] [data_collector]: Encounter (<1.0m) +1, total=3
[WARN] [1777688756.946959562] [data_collector]: Personal space violation (<1.20m) +1, total=4
[INFO] [1777688757.249541760] [data_collector]: Encounter (<1.0m) +1, total=4
[WARN] [1777688767.168737492] [data_collector]: Personal space violation (<1.20m) +1, total=5
[WARN] [1777688768.011369099] [data_collector]: Personal space violation (<1.20m) +1, total=6
[WARN] [1777688768.539882359] [data_collector]: Personal space violation (<1.20m) +1, total=7
[WARN] [1777688768.978686147] [data_collector]: Personal space violation (<1.20m) +1, total=8
[WARN] [1777688771.397736051] [data_collector]: Personal space violation (<1.20m) +1, total=9
[INFO] [1777688772.767457776] [data_collector]: Encounter (<1.0m) +1, total=5
[WARN] [1777688774.813881249] [data_collector]: Intimate space violation (<0.45m) +1, total=2
[INFO] [1777688779.685446656] [data_collector]: Encounter (<1.0m) +1, total=6
[WARN] [1777688780.900192836] [data_collector]: Intimate space violation (<0.45m) +1, total=3
[WARN] [1777688794.991582619] [data_collector]: Personal space violation (<1.20m) +1, total=10
[WARN] [1777688803.462911982] [data_collector]: Personal space violation (<1.20m) +1, total=11
[INFO] [1777688803.971025951] [data_collector]: Encounter (<1.0m) +1, total=7
[WARN] [1777688805.214616538] [data_collector]: Intimate space violation (<0.45m) +1, total=4
[WARN] [1777688829.708064456] [data_collector]: Personal space violation (<1.20m) +1, total=12
[INFO] [1777688830.496555134] [data_collector]: SIGUSR1: 读取 result_file → 'succeeded'
[INFO] [1777688830.496843417] [data_collector]: =======================================================
[INFO] [1777688830.497304372] [data_collector]: Experiment #3 result: succeeded
[INFO] [1777688830.497549005] [data_collector]:   Mode:                    dynamic
[INFO] [1777688830.498406342] [data_collector]:   Attempt:                 1
[INFO] [1777688830.498750060] [data_collector]:   Path length:             42.56 m
[INFO] [1777688830.499041134] [data_collector]:   Navigation time:         116.58 s
[INFO] [1777688830.499549195] [data_collector]:   Encounters (<1.0m):      7
[INFO] [1777688830.500067869] [data_collector]:   Personal violations (<1.20m): 12
[INFO] [1777688830.501393016] [data_collector]:   Intimate violations (<0.45m): 4
[INFO] [1777688830.502990894] [data_collector]:   Min pedestrian dist:     0.051 m
[INFO] [1777688830.503953600] [data_collector]:   Mean angular accel:      0.3020 rad/s²
[INFO] [1777688830.504612349] [data_collector]: =======================================================
[INFO] [1777688830.505560574] [data_collector]: Saved to /home/dx/CPE631-Navigation-ROS2-main/experiment_results_v3.csv
[INFO] [1777688830.506658574] [data_collector]: exit_after_result=True, shutting down.
[INFO] [1777688830.510551669] [data_collector]: SIGUSR1: experiment was not active, shutting down.
