[INFO] [1777713337.429357686] [data_collector]: DataCollector ready  mode=baseline  encounter=1.00m  personal=1.20m  intimate=0.45m
[INFO] [1777713337.430075132] [data_collector]: Results CSV: /home/dx/CPE631-Navigation-ROS2-main/dynamic_4groups_headless_10.csv

Commands: [s] start  [e] end  [1] social  [2] baseline  [3] dynamic  [q] quit
cmd> [INFO] [1777713342.547762794] [data_collector]: Started experiment [baseline]
[INFO] [1777713394.675459017] [data_collector]: SIGUSR1: 读取 result_file → 'succeeded'
[INFO] [1777713394.675734751] [data_collector]: =======================================================
[INFO] [1777713394.676460037] [data_collector]: Experiment #3 result: succeeded
[INFO] [1777713394.676720259] [data_collector]:   Mode:                    baseline
[INFO] [1777713394.676947835] [data_collector]:   Attempt:                 0
[INFO] [1777713394.677173888] [data_collector]:   Path length:             36.55 m
[INFO] [1777713394.677411516] [data_collector]:   Navigation time:         101.39 s
[INFO] [1777713394.677652146] [data_collector]:   Encounters (<1.0m):      0
[INFO] [1777713394.677894939] [data_collector]:   Personal violations (<1.20m): 0
[INFO] [1777713394.678162761] [data_collector]:   Intimate violations (<0.45m): 0
[INFO] [1777713394.678692965] [data_collector]:   Min pedestrian dist:     N/A
[INFO] [1777713394.679193219] [data_collector]:   Mean angular accel:      0.1550 rad/s²
[INFO] [1777713394.679482664] [data_collector]: =======================================================
[INFO] [1777713394.680100316] [data_collector]: Saved to /home/dx/CPE631-Navigation-ROS2-main/dynamic_4groups_headless_10.csv
[INFO] [1777713394.680433363] [data_collector]: exit_after_result=True, shutting down.
[INFO] [1777713394.682288415] [data_collector]: SIGUSR1: experiment was not active, shutting down.
