[INFO] [1777721126.385738411] [data_collector]: DataCollector ready  mode=dynamic_dstar  encounter=1.00m  personal=1.20m  intimate=0.45m
[INFO] [1777721126.386484751] [data_collector]: Results CSV: /home/dx/CPE631-Navigation-ROS2-main/dynamic_4groups_headless_10.csv

Commands: [s] start  [e] end  [1] social  [2] baseline  [3] dynamic  [q] quit
cmd> [INFO] [1777721131.572924239] [data_collector]: Started experiment [dynamic_dstar]
[WARN] [1777721131.654582245] [data_collector]: Personal space violation (<1.20m) +1, total=1
[WARN] [1777721149.060603269] [data_collector]: Personal space violation (<1.20m) +1, total=2
[INFO] [1777721149.330921489] [data_collector]: Encounter (<1.0m) +1, total=1
[INFO] [1777721150.522166468] [data_collector]: Encounter (<1.0m) +1, total=2
[INFO] [1777721150.794169035] [data_collector]: Encounter (<1.0m) +1, total=3
[WARN] [1777721165.172952434] [data_collector]: Personal space violation (<1.20m) +1, total=3
[INFO] [1777721165.676357456] [data_collector]: Encounter (<1.0m) +1, total=4
[WARN] [1777721170.292528704] [data_collector]: Personal space violation (<1.20m) +1, total=4
[INFO] [1777721170.462487290] [data_collector]: Encounter (<1.0m) +1, total=5
[WARN] [1777721193.303447248] [data_collector]: Personal space violation (<1.20m) +1, total=5
[INFO] [1777721193.686002227] [data_collector]: Encounter (<1.0m) +1, total=6
[WARN] [1777721194.623018078] [data_collector]: Intimate space violation (<0.45m) +1, total=1
[WARN] [1777721196.315179316] [data_collector]: Intimate space violation (<0.45m) +1, total=2
[WARN] [1777721196.598867428] [data_collector]: Intimate space violation (<0.45m) +1, total=3
[WARN] [1777721199.717295101] [data_collector]: Personal space violation (<1.20m) +1, total=6
[INFO] [1777721199.997031619] [data_collector]: Encounter (<1.0m) +1, total=7
[WARN] [1777721200.482217071] [data_collector]: Intimate space violation (<0.45m) +1, total=4
[WARN] [1777721207.843535582] [data_collector]: Personal space violation (<1.20m) +1, total=7
[INFO] [1777721208.280266607] [data_collector]: Encounter (<1.0m) +1, total=8
[WARN] [1777721212.795671172] [data_collector]: Personal space violation (<1.20m) +1, total=8
[WARN] [1777721214.017704301] [data_collector]: Personal space violation (<1.20m) +1, total=9
[INFO] [1777721214.596827961] [data_collector]: Encounter (<1.0m) +1, total=9
[WARN] [1777721215.666231864] [data_collector]: Intimate space violation (<0.45m) +1, total=5
[INFO] [1777721249.531143572] [data_collector]: SIGUSR1: 读取 result_file → 'succeeded'
[INFO] [1777721249.531548652] [data_collector]: =======================================================
[INFO] [1777721249.531788765] [data_collector]: Experiment #3 result: succeeded
[INFO] [1777721249.532014480] [data_collector]:   Mode:                    dynamic_dstar
[INFO] [1777721249.532242374] [data_collector]:   Attempt:                 0
[INFO] [1777721249.533774947] [data_collector]:   Path length:             38.95 m
[INFO] [1777721249.534050925] [data_collector]:   Navigation time:         114.56 s
[INFO] [1777721249.535302586] [data_collector]:   Encounters (<1.0m):      9
[INFO] [1777721249.535628801] [data_collector]:   Personal violations (<1.20m): 9
[INFO] [1777721249.536171293] [data_collector]:   Intimate violations (<0.45m): 5
[INFO] [1777721249.536862878] [data_collector]:   Min pedestrian dist:     0.169 m
[INFO] [1777721249.537506346] [data_collector]:   Mean angular accel:      0.1983 rad/s²
[INFO] [1777721249.537782542] [data_collector]: =======================================================
[INFO] [1777721249.538137711] [data_collector]: Saved to /home/dx/CPE631-Navigation-ROS2-main/dynamic_4groups_headless_10.csv
[INFO] [1777721249.538465485] [data_collector]: exit_after_result=True, shutting down.
[INFO] [1777721249.540740049] [data_collector]: SIGUSR1: experiment was not active, shutting down.
