[INFO] [1777715627.263866637] [data_collector]: DataCollector ready  mode=dynamic  encounter=1.00m  personal=1.20m  intimate=0.45m
[INFO] [1777715627.264476162] [data_collector]: Results CSV: /home/dx/CPE631-Navigation-ROS2-main/dynamic_4groups_headless_10.csv

Commands: [s] start  [e] end  [1] social  [2] baseline  [3] dynamic  [q] quit
cmd> [INFO] [1777715632.288295331] [data_collector]: Started experiment [dynamic]
[WARN] [1777715632.306256080] [data_collector]: Personal space violation (<1.20m) +1, total=1
[INFO] [1777715632.709108108] [data_collector]: Encounter (<1.0m) +1, total=1
[WARN] [1777715661.292864807] [data_collector]: Personal space violation (<1.20m) +1, total=2
[INFO] [1777715661.365452125] [data_collector]: Encounter (<1.0m) +1, total=2
[WARN] [1777715661.810347291] [data_collector]: Intimate space violation (<0.45m) +1, total=1
[WARN] [1777715671.429892587] [data_collector]: Personal space violation (<1.20m) +1, total=3
[INFO] [1777715671.638054428] [data_collector]: Encounter (<1.0m) +1, total=3
[WARN] [1777715672.535105447] [data_collector]: Intimate space violation (<0.45m) +1, total=2
[WARN] [1777715686.205940274] [data_collector]: Personal space violation (<1.20m) +1, total=4
[INFO] [1777715686.809941985] [data_collector]: Encounter (<1.0m) +1, total=4
[WARN] [1777715694.888096254] [data_collector]: Personal space violation (<1.20m) +1, total=5
[INFO] [1777715695.052458981] [data_collector]: Encounter (<1.0m) +1, total=5
[WARN] [1777715695.219156689] [data_collector]: Personal space violation (<1.20m) +1, total=6
[WARN] [1777715695.890386864] [data_collector]: Intimate space violation (<0.45m) +1, total=3
[WARN] [1777715697.571617766] [data_collector]: Personal space violation (<1.20m) +1, total=7
[WARN] [1777715702.011915319] [data_collector]: Personal space violation (<1.20m) +1, total=8
[WARN] [1777715702.186638177] [data_collector]: Personal space violation (<1.20m) +1, total=9
[WARN] [1777715714.741054276] [data_collector]: Personal space violation (<1.20m) +1, total=10
[WARN] [1777715720.862731292] [data_collector]: Personal space violation (<1.20m) +1, total=11
[INFO] [1777715721.164015430] [data_collector]: Encounter (<1.0m) +1, total=6
[WARN] [1777715730.892230940] [data_collector]: Personal space violation (<1.20m) +1, total=12
[INFO] [1777715731.384902293] [data_collector]: Encounter (<1.0m) +1, total=7
[WARN] [1777715732.469622687] [data_collector]: Personal space violation (<1.20m) +1, total=13
[WARN] [1777715732.469923121] [data_collector]: Intimate space violation (<0.45m) +1, total=4
[WARN] [1777715733.435174173] [data_collector]: Intimate space violation (<0.45m) +1, total=5
[INFO] [1777715734.955574530] [data_collector]: SIGUSR1: 读取 result_file → 'succeeded'
[INFO] [1777715734.955836439] [data_collector]: =======================================================
[INFO] [1777715734.956049833] [data_collector]: Experiment #5 result: succeeded
[INFO] [1777715734.958814495] [data_collector]:   Mode:                    dynamic
[INFO] [1777715734.959100125] [data_collector]:   Attempt:                 0
[INFO] [1777715734.961465314] [data_collector]:   Path length:             36.41 m
[INFO] [1777715734.961726308] [data_collector]:   Navigation time:         96.30 s
[INFO] [1777715734.961958995] [data_collector]:   Encounters (<1.0m):      7
[INFO] [1777715734.962193005] [data_collector]:   Personal violations (<1.20m): 13
[INFO] [1777715734.962443295] [data_collector]:   Intimate violations (<0.45m): 5
[INFO] [1777715734.962682346] [data_collector]:   Min pedestrian dist:     0.278 m
[INFO] [1777715734.963068784] [data_collector]:   Mean angular accel:      0.2474 rad/s²
[INFO] [1777715734.965544241] [data_collector]: =======================================================
[INFO] [1777715734.967455103] [data_collector]: Saved to /home/dx/CPE631-Navigation-ROS2-main/dynamic_4groups_headless_10.csv
[INFO] [1777715734.967776763] [data_collector]: exit_after_result=True, shutting down.
[INFO] [1777715734.973043257] [data_collector]: SIGUSR1: experiment was not active, shutting down.
