[INFO] [1777713592.208517210] [data_collector]: DataCollector ready  mode=baseline  encounter=1.00m  personal=1.20m  intimate=0.45m
[INFO] [1777713592.209570959] [data_collector]: Results CSV: /home/dx/CPE631-Navigation-ROS2-main/dynamic_4groups_headless_10.csv

Commands: [s] start  [e] end  [1] social  [2] baseline  [3] dynamic  [q] quit
cmd> [INFO] [1777713597.380037088] [data_collector]: Started experiment [baseline]
[INFO] [1777713648.731920484] [data_collector]: SIGUSR1: 读取 result_file → 'succeeded'
[INFO] [1777713648.732195257] [data_collector]: =======================================================
[INFO] [1777713648.732421322] [data_collector]: Experiment #6 result: succeeded
[INFO] [1777713648.732633353] [data_collector]:   Mode:                    baseline
[INFO] [1777713648.732845607] [data_collector]:   Attempt:                 0
[INFO] [1777713648.733095694] [data_collector]:   Path length:             36.51 m
[INFO] [1777713648.733333071] [data_collector]:   Navigation time:         99.85 s
[INFO] [1777713648.733570377] [data_collector]:   Encounters (<1.0m):      0
[INFO] [1777713648.733811876] [data_collector]:   Personal violations (<1.20m): 0
[INFO] [1777713648.734055857] [data_collector]:   Intimate violations (<0.45m): 0
[INFO] [1777713648.734808292] [data_collector]:   Min pedestrian dist:     N/A
[INFO] [1777713648.735208124] [data_collector]:   Mean angular accel:      0.1729 rad/s²
[INFO] [1777713648.736003260] [data_collector]: =======================================================
[INFO] [1777713648.736449701] [data_collector]: Saved to /home/dx/CPE631-Navigation-ROS2-main/dynamic_4groups_headless_10.csv
[INFO] [1777713648.736964485] [data_collector]: exit_after_result=True, shutting down.
[INFO] [1777713648.740064398] [data_collector]: SIGUSR1: experiment was not active, shutting down.
