[INFO] [1777758605.173879135] [data_collector]: DataCollector ready  mode=social_dstar_plus  encounter=1.00m  personal=1.20m  intimate=0.45m
[INFO] [1777758605.174363530] [data_collector]: Results CSV: /home/dx/CPE631-Navigation-ROS2-main/experiment_results_v3.csv

Commands: [s] start  [e] end  [1] social  [2] baseline  [3] dynamic  [q] quit
cmd> [INFO] [1777758610.357628451] [data_collector]: Started experiment [social_dstar_plus]
[WARN] [1777758610.436694639] [data_collector]: Personal space violation (<1.20m) +1, total=1
[INFO] [1777758611.118334051] [data_collector]: Encounter (<1.0m) +1, total=1
[WARN] [1777758644.187118093] [data_collector]: Personal space violation (<1.20m) +1, total=2
[INFO] [1777758644.429018526] [data_collector]: Encounter (<1.0m) +1, total=2
[WARN] [1777758645.177894954] [data_collector]: Intimate space violation (<0.45m) +1, total=1
[WARN] [1777758655.934285497] [data_collector]: Personal space violation (<1.20m) +1, total=3
[INFO] [1777758656.249242680] [data_collector]: Encounter (<1.0m) +1, total=3
[WARN] [1777758673.653406497] [data_collector]: Personal space violation (<1.20m) +1, total=4
[INFO] [1777758674.136945676] [data_collector]: Encounter (<1.0m) +1, total=4
[WARN] [1777758682.812914373] [data_collector]: Personal space violation (<1.20m) +1, total=5
[INFO] [1777758683.214703727] [data_collector]: Encounter (<1.0m) +1, total=5
[WARN] [1777758684.285293611] [data_collector]: Intimate space violation (<0.45m) +1, total=2
[WARN] [1777758686.098656386] [data_collector]: Personal space violation (<1.20m) +1, total=6
[WARN] [1777758692.468819267] [data_collector]: Personal space violation (<1.20m) +1, total=7
[INFO] [1777758692.883945470] [data_collector]: Encounter (<1.0m) +1, total=6
[WARN] [1777758706.522397732] [data_collector]: Personal space violation (<1.20m) +1, total=8
[INFO] [1777758734.116795513] [data_collector]: SIGUSR1: 读取 result_file → 'succeeded'
[INFO] [1777758734.117099987] [data_collector]: =======================================================
[INFO] [1777758734.117696315] [data_collector]: Experiment #5 result: succeeded
[INFO] [1777758734.117950752] [data_collector]:   Mode:                    social_dstar_plus
[INFO] [1777758734.118170848] [data_collector]:   Attempt:                 0
[INFO] [1777758734.120545447] [data_collector]:   Path length:             37.08 m
[INFO] [1777758734.121125510] [data_collector]:   Navigation time:         101.03 s
[INFO] [1777758734.121388391] [data_collector]:   Encounters (<1.0m):      6
[INFO] [1777758734.121811084] [data_collector]:   Personal violations (<1.20m): 8
[INFO] [1777758734.122077722] [data_collector]:   Intimate violations (<0.45m): 2
[INFO] [1777758734.122330834] [data_collector]:   Min pedestrian dist:     0.296 m
[INFO] [1777758734.122644768] [data_collector]:   Mean angular accel:      0.2512 rad/s²
[INFO] [1777758734.122972816] [data_collector]: =======================================================
[INFO] [1777758734.123344279] [data_collector]: Saved to /home/dx/CPE631-Navigation-ROS2-main/experiment_results_v3.csv
[INFO] [1777758734.123684584] [data_collector]: exit_after_result=True, shutting down.
[INFO] [1777758734.129135343] [data_collector]: SIGUSR1: experiment was not active, shutting down.
