[INFO] [1777713506.532029992] [data_collector]: DataCollector ready  mode=baseline  encounter=1.00m  personal=1.20m  intimate=0.45m
[INFO] [1777713506.532718113] [data_collector]: Results CSV: /home/dx/CPE631-Navigation-ROS2-main/dynamic_4groups_headless_10.csv

Commands: [s] start  [e] end  [1] social  [2] baseline  [3] dynamic  [q] quit
cmd> [INFO] [1777713511.674513351] [data_collector]: Started experiment [baseline]
[INFO] [1777713562.781036631] [data_collector]: SIGUSR1: 读取 result_file → 'succeeded'
[INFO] [1777713562.781322182] [data_collector]: =======================================================
[INFO] [1777713562.782184955] [data_collector]: Experiment #5 result: succeeded
[INFO] [1777713562.782446474] [data_collector]:   Mode:                    baseline
[INFO] [1777713562.782670784] [data_collector]:   Attempt:                 0
[INFO] [1777713562.782923884] [data_collector]:   Path length:             36.48 m
[INFO] [1777713562.783167033] [data_collector]:   Navigation time:         100.13 s
[INFO] [1777713562.783439219] [data_collector]:   Encounters (<1.0m):      0
[INFO] [1777713562.784304713] [data_collector]:   Personal violations (<1.20m): 0
[INFO] [1777713562.784612747] [data_collector]:   Intimate violations (<0.45m): 0
[INFO] [1777713562.784885005] [data_collector]:   Min pedestrian dist:     N/A
[INFO] [1777713562.785307797] [data_collector]:   Mean angular accel:      0.1674 rad/s²
[INFO] [1777713562.785685273] [data_collector]: =======================================================
[INFO] [1777713562.786075316] [data_collector]: Saved to /home/dx/CPE631-Navigation-ROS2-main/dynamic_4groups_headless_10.csv
[INFO] [1777713562.786548670] [data_collector]: exit_after_result=True, shutting down.
[INFO] [1777713562.789514409] [data_collector]: SIGUSR1: experiment was not active, shutting down.
Traceback (most recent call last):
  File "/home/dx/CPE631-Navigation-ROS2-main/install/cpe631_ros2/lib/cpe631_ros2/data_collector", line 411, in <module>
    main()
  File "/home/dx/CPE631-Navigation-ROS2-main/install/cpe631_ros2/lib/cpe631_ros2/data_collector", line 391, in main
    rclpy.spin(node)
  File "/opt/ros/jazzy/lib/python3.12/site-packages/rclpy/__init__.py", line 247, in spin
    executor.spin_once()
  File "/opt/ros/jazzy/lib/python3.12/site-packages/rclpy/executors.py", line 926, in spin_once
    self._spin_once_impl(timeout_sec)
  File "/opt/ros/jazzy/lib/python3.12/site-packages/rclpy/executors.py", line 918, in _spin_once_impl
    raise handler.exception()
  File "/opt/ros/jazzy/lib/python3.12/site-packages/rclpy/task.py", line 286, in _execute_coroutine_step
    result = coro.send(None)
             ^^^^^^^^^^^^^^^
  File "/opt/ros/jazzy/lib/python3.12/site-packages/rclpy/executors.py", line 579, in handler
    gc.trigger()
    ^^^^^^^^^^
AttributeError: 'NoneType' object has no attribute 'trigger'
