[INFO] [1777748991.183284440] [data_collector]: DataCollector ready  mode=social_smac  encounter=1.00m  personal=1.20m  intimate=0.45m
[INFO] [1777748991.183815447] [data_collector]: Results CSV: /home/dx/CPE631-Navigation-ROS2-main/social_4groups_headless_10.csv

Commands: [s] start  [e] end  [1] social  [2] baseline  [3] dynamic  [q] quit
cmd> [INFO] [1777748996.338526578] [data_collector]: Started experiment [social_smac]
[WARN] [1777748996.355233056] [data_collector]: Personal space violation (<1.20m) +1, total=1
[INFO] [1777748996.743594583] [data_collector]: Encounter (<1.0m) +1, total=1
[WARN] [1777749024.185881270] [data_collector]: Personal space violation (<1.20m) +1, total=2
[INFO] [1777749024.616262579] [data_collector]: Encounter (<1.0m) +1, total=2
[WARN] [1777749052.086748631] [data_collector]: Personal space violation (<1.20m) +1, total=3
[INFO] [1777749052.758547461] [data_collector]: Encounter (<1.0m) +1, total=3
[WARN] [1777749060.967026783] [data_collector]: Personal space violation (<1.20m) +1, total=4
[INFO] [1777749061.527039024] [data_collector]: Encounter (<1.0m) +1, total=4
[WARN] [1777749062.587335667] [data_collector]: Intimate space violation (<0.45m) +1, total=1
[WARN] [1777749062.793392936] [data_collector]: Personal space violation (<1.20m) +1, total=5
[WARN] [1777749070.512348253] [data_collector]: Personal space violation (<1.20m) +1, total=6
[INFO] [1777749070.814438182] [data_collector]: Encounter (<1.0m) +1, total=5
[WARN] [1777749084.092755359] [data_collector]: Personal space violation (<1.20m) +1, total=7
[WARN] [1777749098.888593444] [data_collector]: Personal space violation (<1.20m) +1, total=8
[INFO] [1777749112.286583551] [data_collector]: SIGUSR1: 读取 result_file → 'succeeded'
[INFO] [1777749112.288585591] [data_collector]: =======================================================
[INFO] [1777749112.289353028] [data_collector]: Experiment #7 result: succeeded
[INFO] [1777749112.289765215] [data_collector]:   Mode:                    social_smac
[INFO] [1777749112.290281242] [data_collector]:   Attempt:                 0
[INFO] [1777749112.290759667] [data_collector]:   Path length:             37.20 m
[INFO] [1777749112.291950060] [data_collector]:   Navigation time:         103.42 s
[INFO] [1777749112.292947194] [data_collector]:   Encounters (<1.0m):      5
[INFO] [1777749112.294071499] [data_collector]:   Personal violations (<1.20m): 8
[INFO] [1777749112.294851737] [data_collector]:   Intimate violations (<0.45m): 1
[INFO] [1777749112.295618459] [data_collector]:   Min pedestrian dist:     0.195 m
[INFO] [1777749112.297446298] [data_collector]:   Mean angular accel:      0.3212 rad/s²
[INFO] [1777749112.297964416] [data_collector]: =======================================================
[INFO] [1777749112.299789109] [data_collector]: Saved to /home/dx/CPE631-Navigation-ROS2-main/social_4groups_headless_10.csv
[INFO] [1777749112.300254158] [data_collector]: exit_after_result=True, shutting down.
[INFO] [1777749112.301768877] [data_collector]: SIGUSR1: experiment was not active, shutting down.
