[INFO] [1777751122.294939997] [data_collector]: DataCollector ready  mode=social_dstar  encounter=1.00m  personal=1.20m  intimate=0.45m
[INFO] [1777751122.295490892] [data_collector]: Results CSV: /home/dx/CPE631-Navigation-ROS2-main/social_4groups_headless_10.csv

Commands: [s] start  [e] end  [1] social  [2] baseline  [3] dynamic  [q] quit
cmd> [INFO] [1777751127.333797915] [data_collector]: Started experiment [social_dstar]
[WARN] [1777751127.531884544] [data_collector]: Personal space violation (<1.20m) +1, total=1
[WARN] [1777751156.057846498] [data_collector]: Personal space violation (<1.20m) +1, total=2
[INFO] [1777751156.242390013] [data_collector]: Encounter (<1.0m) +1, total=1
[WARN] [1777751156.835249029] [data_collector]: Intimate space violation (<0.45m) +1, total=1
[WARN] [1777751167.510374474] [data_collector]: Personal space violation (<1.20m) +1, total=3
[INFO] [1777751167.704788876] [data_collector]: Encounter (<1.0m) +1, total=2
[WARN] [1777751184.010476566] [data_collector]: Personal space violation (<1.20m) +1, total=4
[INFO] [1777751184.819632332] [data_collector]: Encounter (<1.0m) +1, total=3
[WARN] [1777751187.113436159] [data_collector]: Personal space violation (<1.20m) +1, total=5
[INFO] [1777751188.124164932] [data_collector]: Encounter (<1.0m) +1, total=4
[INFO] [1777751193.013849150] [data_collector]: Encounter (<1.0m) +1, total=5
[WARN] [1777751193.612612850] [data_collector]: Personal space violation (<1.20m) +1, total=6
[WARN] [1777751193.918633005] [data_collector]: Personal space violation (<1.20m) +1, total=7
[WARN] [1777751194.727432242] [data_collector]: Intimate space violation (<0.45m) +1, total=2
[WARN] [1777751194.929763727] [data_collector]: Intimate space violation (<0.45m) +1, total=3
[WARN] [1777751195.431686857] [data_collector]: Intimate space violation (<0.45m) +1, total=4
[WARN] [1777751195.985993037] [data_collector]: Personal space violation (<1.20m) +1, total=8
[INFO] [1777751196.400335159] [data_collector]: Encounter (<1.0m) +1, total=6
[WARN] [1777751219.773501128] [data_collector]: Personal space violation (<1.20m) +1, total=9
[INFO] [1777751220.261286517] [data_collector]: Encounter (<1.0m) +1, total=7
[WARN] [1777751221.197251141] [data_collector]: Intimate space violation (<0.45m) +1, total=5
[WARN] [1777751230.383467579] [data_collector]: Personal space violation (<1.20m) +1, total=10
[INFO] [1777751230.894868703] [data_collector]: Encounter (<1.0m) +1, total=8
[WARN] [1777751231.584713304] [data_collector]: Personal space violation (<1.20m) +1, total=11
[INFO] [1777751232.098838336] [data_collector]: SIGUSR1: 读取 result_file → 'succeeded'
[INFO] [1777751232.099280942] [data_collector]: =======================================================
[INFO] [1777751232.099931038] [data_collector]: Experiment #7 result: succeeded
[INFO] [1777751232.100874883] [data_collector]:   Mode:                    social_dstar
[INFO] [1777751232.101366941] [data_collector]:   Attempt:                 0
[INFO] [1777751232.101710474] [data_collector]:   Path length:             36.79 m
[INFO] [1777751232.102096375] [data_collector]:   Navigation time:         94.38 s
[INFO] [1777751232.103377420] [data_collector]:   Encounters (<1.0m):      8
[INFO] [1777751232.103716590] [data_collector]:   Personal violations (<1.20m): 11
[INFO] [1777751232.104440288] [data_collector]:   Intimate violations (<0.45m): 5
[INFO] [1777751232.105114401] [data_collector]:   Min pedestrian dist:     0.290 m
[INFO] [1777751232.105458265] [data_collector]:   Mean angular accel:      0.2231 rad/s²
[INFO] [1777751232.105785522] [data_collector]: =======================================================
[INFO] [1777751232.107401111] [data_collector]: Saved to /home/dx/CPE631-Navigation-ROS2-main/social_4groups_headless_10.csv
[INFO] [1777751232.108009806] [data_collector]: exit_after_result=True, shutting down.
[INFO] [1777751232.110162185] [data_collector]: SIGUSR1: experiment was not active, shutting down.
