[INFO] [1777741988.191271203] [data_collector]: DataCollector ready  mode=social  encounter=1.00m  personal=1.20m  intimate=0.45m
[INFO] [1777741988.194285554] [data_collector]: Results CSV: /home/dx/CPE631-Navigation-ROS2-main/social_4groups_headless_10.csv

Commands: [s] start  [e] end  [1] social  [2] baseline  [3] dynamic  [q] quit
cmd> [INFO] [1777741993.264437740] [data_collector]: Started experiment [social]
[WARN] [1777741994.634997670] [data_collector]: Personal space violation (<1.20m) +1, total=1
[WARN] [1777742004.080559979] [data_collector]: Personal space violation (<1.20m) +1, total=2
[WARN] [1777742005.217259441] [data_collector]: Personal space violation (<1.20m) +1, total=3
[WARN] [1777742020.986442938] [data_collector]: Personal space violation (<1.20m) +1, total=4
[WARN] [1777742021.943952168] [data_collector]: Personal space violation (<1.20m) +1, total=5
[WARN] [1777742026.626113663] [data_collector]: Personal space violation (<1.20m) +1, total=6
[INFO] [1777742026.821758258] [data_collector]: Encounter (<1.0m) +1, total=1
[WARN] [1777742027.282590401] [data_collector]: Intimate space violation (<0.45m) +1, total=1
[WARN] [1777742039.376380189] [data_collector]: Personal space violation (<1.20m) +1, total=7
[INFO] [1777742039.770989519] [data_collector]: Encounter (<1.0m) +1, total=2
[WARN] [1777742055.964901875] [data_collector]: Personal space violation (<1.20m) +1, total=8
[INFO] [1777742056.427494825] [data_collector]: Encounter (<1.0m) +1, total=3
[WARN] [1777742059.793060621] [data_collector]: Personal space violation (<1.20m) +1, total=9
[INFO] [1777742060.865820557] [data_collector]: Encounter (<1.0m) +1, total=4
[WARN] [1777742063.080445415] [data_collector]: Intimate space violation (<0.45m) +1, total=2
[WARN] [1777742063.404689053] [data_collector]: Intimate space violation (<0.45m) +1, total=3
[INFO] [1777742067.268571554] [data_collector]: Encounter (<1.0m) +1, total=5
[WARN] [1777742067.991418668] [data_collector]: Personal space violation (<1.20m) +1, total=10
[WARN] [1777742068.781407201] [data_collector]: Intimate space violation (<0.45m) +1, total=4
[WARN] [1777742070.120523626] [data_collector]: Personal space violation (<1.20m) +1, total=11
[INFO] [1777742070.306397415] [data_collector]: Encounter (<1.0m) +1, total=6
[WARN] [1777742070.847458413] [data_collector]: Intimate space violation (<0.45m) +1, total=5
[WARN] [1777742076.067861243] [data_collector]: Personal space violation (<1.20m) +1, total=12
[WARN] [1777742090.865313856] [data_collector]: Personal space violation (<1.20m) +1, total=13
[WARN] [1777742091.187184609] [data_collector]: Personal space violation (<1.20m) +1, total=14
[WARN] [1777742098.361055918] [data_collector]: Personal space violation (<1.20m) +1, total=15
[INFO] [1777742098.713197752] [data_collector]: Encounter (<1.0m) +1, total=7
[WARN] [1777742099.310493049] [data_collector]: Intimate space violation (<0.45m) +1, total=6
[WARN] [1777742110.658298151] [data_collector]: Personal space violation (<1.20m) +1, total=16
[INFO] [1777742110.866004815] [data_collector]: Encounter (<1.0m) +1, total=8
[INFO] [1777742111.669616697] [data_collector]: SIGUSR1: 读取 result_file → 'succeeded'
[INFO] [1777742111.671820190] [data_collector]: =======================================================
[INFO] [1777742111.672452441] [data_collector]: Experiment #6 result: succeeded
[INFO] [1777742111.673874494] [data_collector]:   Mode:                    social
[INFO] [1777742111.675566041] [data_collector]:   Attempt:                 0
[INFO] [1777742111.675932491] [data_collector]:   Path length:             36.22 m
[INFO] [1777742111.676241463] [data_collector]:   Navigation time:         95.52 s
[INFO] [1777742111.676551836] [data_collector]:   Encounters (<1.0m):      8
[INFO] [1777742111.676893027] [data_collector]:   Personal violations (<1.20m): 16
[INFO] [1777742111.677250787] [data_collector]:   Intimate violations (<0.45m): 6
[INFO] [1777742111.677755619] [data_collector]:   Min pedestrian dist:     0.045 m
[INFO] [1777742111.678347993] [data_collector]:   Mean angular accel:      0.2558 rad/s²
[INFO] [1777742111.678720090] [data_collector]: =======================================================
[INFO] [1777742111.679533787] [data_collector]: Saved to /home/dx/CPE631-Navigation-ROS2-main/social_4groups_headless_10.csv
[INFO] [1777742111.679921023] [data_collector]: exit_after_result=True, shutting down.
[INFO] [1777742111.682865235] [data_collector]: SIGUSR1: experiment was not active, shutting down.
