[INFO] [1777750974.918711432] [data_collector]: DataCollector ready  mode=social_dstar  encounter=1.00m  personal=1.20m  intimate=0.45m
[INFO] [1777750974.919525236] [data_collector]: Results CSV: /home/dx/CPE631-Navigation-ROS2-main/social_4groups_headless_10.csv

Commands: [s] start  [e] end  [1] social  [2] baseline  [3] dynamic  [q] quit
cmd> [INFO] [1777750980.002636615] [data_collector]: Started experiment [social_dstar]
[WARN] [1777750980.113861257] [data_collector]: Personal space violation (<1.20m) +1, total=1
[WARN] [1777751007.988452190] [data_collector]: Personal space violation (<1.20m) +1, total=2
[INFO] [1777751008.284312362] [data_collector]: Encounter (<1.0m) +1, total=1
[WARN] [1777751008.870230421] [data_collector]: Intimate space violation (<0.45m) +1, total=1
[WARN] [1777751018.911093240] [data_collector]: Personal space violation (<1.20m) +1, total=3
[INFO] [1777751019.072330276] [data_collector]: Encounter (<1.0m) +1, total=2
[WARN] [1777751034.477893449] [data_collector]: Personal space violation (<1.20m) +1, total=4
[WARN] [1777751037.707174008] [data_collector]: Personal space violation (<1.20m) +1, total=5
[INFO] [1777751038.854727038] [data_collector]: Encounter (<1.0m) +1, total=3
[WARN] [1777751041.684624286] [data_collector]: Intimate space violation (<0.45m) +1, total=2
[INFO] [1777751045.561569450] [data_collector]: Encounter (<1.0m) +1, total=4
[WARN] [1777751046.427078432] [data_collector]: Personal space violation (<1.20m) +1, total=6
[WARN] [1777751048.627748814] [data_collector]: Personal space violation (<1.20m) +1, total=7
[INFO] [1777751048.828361982] [data_collector]: Encounter (<1.0m) +1, total=5
[INFO] [1777751050.313689166] [data_collector]: Encounter (<1.0m) +1, total=6
[WARN] [1777751050.519592830] [data_collector]: Intimate space violation (<0.45m) +1, total=3
[WARN] [1777751050.826037509] [data_collector]: Intimate space violation (<0.45m) +1, total=4
[WARN] [1777751053.420768187] [data_collector]: Personal space violation (<1.20m) +1, total=8
[WARN] [1777751075.030094584] [data_collector]: Personal space violation (<1.20m) +1, total=9
[INFO] [1777751075.346514262] [data_collector]: Encounter (<1.0m) +1, total=7
[WARN] [1777751076.126026076] [data_collector]: Intimate space violation (<0.45m) +1, total=5
[WARN] [1777751087.282069068] [data_collector]: Personal space violation (<1.20m) +1, total=10
[INFO] [1777751087.604517749] [data_collector]: Encounter (<1.0m) +1, total=8
[WARN] [1777751088.804055025] [data_collector]: Personal space violation (<1.20m) +1, total=11
[INFO] [1777751088.827424967] [data_collector]: SIGUSR1: 读取 result_file → 'succeeded'
[INFO] [1777751088.828678624] [data_collector]: =======================================================
[INFO] [1777751088.829057189] [data_collector]: Experiment #6 result: succeeded
[INFO] [1777751088.829816526] [data_collector]:   Mode:                    social_dstar
[INFO] [1777751088.830163313] [data_collector]:   Attempt:                 0
[INFO] [1777751088.831724021] [data_collector]:   Path length:             36.58 m
[INFO] [1777751088.832727357] [data_collector]:   Navigation time:         93.91 s
[INFO] [1777751088.833589141] [data_collector]:   Encounters (<1.0m):      8
[INFO] [1777751088.833955263] [data_collector]:   Personal violations (<1.20m): 11
[INFO] [1777751088.834339506] [data_collector]:   Intimate violations (<0.45m): 5
[INFO] [1777751088.834738540] [data_collector]:   Min pedestrian dist:     0.066 m
[INFO] [1777751088.835238347] [data_collector]:   Mean angular accel:      0.2141 rad/s²
[INFO] [1777751088.836177756] [data_collector]: =======================================================
[INFO] [1777751088.838225503] [data_collector]: Saved to /home/dx/CPE631-Navigation-ROS2-main/social_4groups_headless_10.csv
[INFO] [1777751088.839470033] [data_collector]: exit_after_result=True, shutting down.
[INFO] [1777751088.843675432] [data_collector]: SIGUSR1: experiment was not active, shutting down.
