[INFO] [1777716612.777504080] [data_collector]: DataCollector ready  mode=dynamic  encounter=1.00m  personal=1.20m  intimate=0.45m
[INFO] [1777716612.777992993] [data_collector]: Results CSV: /home/dx/CPE631-Navigation-ROS2-main/dynamic_4groups_headless_10.csv

Commands: [s] start  [e] end  [1] social  [2] baseline  [3] dynamic  [q] quit
cmd> [INFO] [1777716617.983387404] [data_collector]: Started experiment [dynamic]
[WARN] [1777716618.010549853] [data_collector]: Personal space violation (<1.20m) +1, total=1
[WARN] [1777716643.933515973] [data_collector]: Personal space violation (<1.20m) +1, total=2
[INFO] [1777716644.197816338] [data_collector]: Encounter (<1.0m) +1, total=1
[WARN] [1777716644.564476063] [data_collector]: Intimate space violation (<0.45m) +1, total=1
[WARN] [1777716654.275345881] [data_collector]: Personal space violation (<1.20m) +1, total=3
[INFO] [1777716654.465192337] [data_collector]: Encounter (<1.0m) +1, total=2
[WARN] [1777716655.024157934] [data_collector]: Intimate space violation (<0.45m) +1, total=2
[WARN] [1777716668.148519483] [data_collector]: Personal space violation (<1.20m) +1, total=4
[INFO] [1777716668.500502460] [data_collector]: Encounter (<1.0m) +1, total=3
[WARN] [1777716675.660106158] [data_collector]: Personal space violation (<1.20m) +1, total=5
[INFO] [1777716675.865395806] [data_collector]: Encounter (<1.0m) +1, total=4
[WARN] [1777716676.069167590] [data_collector]: Personal space violation (<1.20m) +1, total=6
[WARN] [1777716677.035253675] [data_collector]: Intimate space violation (<0.45m) +1, total=3
[WARN] [1777716678.622551099] [data_collector]: Personal space violation (<1.20m) +1, total=7
[WARN] [1777716695.925299716] [data_collector]: Personal space violation (<1.20m) +1, total=8
[WARN] [1777716701.575675641] [data_collector]: Personal space violation (<1.20m) +1, total=9
[INFO] [1777716701.859723937] [data_collector]: Encounter (<1.0m) +1, total=5
[INFO] [1777716718.951979228] [data_collector]: SIGUSR1: 读取 result_file → 'succeeded'
[INFO] [1777716718.952347198] [data_collector]: =======================================================
[INFO] [1777716718.952579322] [data_collector]: Experiment #10 result: succeeded
[INFO] [1777716718.953337603] [data_collector]:   Mode:                    dynamic
[INFO] [1777716718.953585974] [data_collector]:   Attempt:                 0
[INFO] [1777716718.953816993] [data_collector]:   Path length:             37.34 m
[INFO] [1777716718.954045761] [data_collector]:   Navigation time:         102.38 s
[INFO] [1777716718.954304760] [data_collector]:   Encounters (<1.0m):      5
[INFO] [1777716718.954765806] [data_collector]:   Personal violations (<1.20m): 9
[INFO] [1777716718.955416591] [data_collector]:   Intimate violations (<0.45m): 3
[INFO] [1777716718.955686655] [data_collector]:   Min pedestrian dist:     0.109 m
[INFO] [1777716718.955944276] [data_collector]:   Mean angular accel:      0.2479 rad/s²
[INFO] [1777716718.956320227] [data_collector]: =======================================================
[INFO] [1777716718.957389211] [data_collector]: Saved to /home/dx/CPE631-Navigation-ROS2-main/dynamic_4groups_headless_10.csv
[INFO] [1777716718.958060456] [data_collector]: exit_after_result=True, shutting down.
[INFO] [1777716718.959621297] [data_collector]: SIGUSR1: experiment was not active, shutting down.
