[INFO] [1777713843.439925334] [data_collector]: DataCollector ready  mode=baseline  encounter=1.00m  personal=1.20m  intimate=0.45m
[INFO] [1777713843.441581662] [data_collector]: Results CSV: /home/dx/CPE631-Navigation-ROS2-main/dynamic_4groups_headless_10.csv

Commands: [s] start  [e] end  [1] social  [2] baseline  [3] dynamic  [q] quit
cmd> [INFO] [1777713848.554055664] [data_collector]: Started experiment [baseline]
[INFO] [1777713899.698965353] [data_collector]: SIGUSR1: 读取 result_file → 'succeeded'
[INFO] [1777713899.699262508] [data_collector]: =======================================================
[INFO] [1777713899.699482693] [data_collector]: Experiment #9 result: succeeded
[INFO] [1777713899.699692899] [data_collector]:   Mode:                    baseline
[INFO] [1777713899.699905625] [data_collector]:   Attempt:                 0
[INFO] [1777713899.700131864] [data_collector]:   Path length:             36.38 m
[INFO] [1777713899.700473272] [data_collector]:   Navigation time:         100.74 s
[INFO] [1777713899.700803995] [data_collector]:   Encounters (<1.0m):      0
[INFO] [1777713899.701057390] [data_collector]:   Personal violations (<1.20m): 0
[INFO] [1777713899.701315535] [data_collector]:   Intimate violations (<0.45m): 0
[INFO] [1777713899.701572323] [data_collector]:   Min pedestrian dist:     N/A
[INFO] [1777713899.702764534] [data_collector]:   Mean angular accel:      0.1528 rad/s²
[INFO] [1777713899.703086623] [data_collector]: =======================================================
[INFO] [1777713899.704101119] [data_collector]: Saved to /home/dx/CPE631-Navigation-ROS2-main/dynamic_4groups_headless_10.csv
[INFO] [1777713899.704609013] [data_collector]: exit_after_result=True, shutting down.
[INFO] [1777713899.708479842] [data_collector]: SIGUSR1: experiment was not active, shutting down.
Traceback (most recent call last):
  File "/home/dx/CPE631-Navigation-ROS2-main/install/cpe631_ros2/lib/cpe631_ros2/data_collector", line 411, in <module>
    main()
  File "/home/dx/CPE631-Navigation-ROS2-main/install/cpe631_ros2/lib/cpe631_ros2/data_collector", line 391, in main
    rclpy.spin(node)
  File "/opt/ros/jazzy/lib/python3.12/site-packages/rclpy/__init__.py", line 247, in spin
    executor.spin_once()
  File "/opt/ros/jazzy/lib/python3.12/site-packages/rclpy/executors.py", line 926, in spin_once
    self._spin_once_impl(timeout_sec)
  File "/opt/ros/jazzy/lib/python3.12/site-packages/rclpy/executors.py", line 918, in _spin_once_impl
    raise handler.exception()
  File "/opt/ros/jazzy/lib/python3.12/site-packages/rclpy/task.py", line 286, in _execute_coroutine_step
    result = coro.send(None)
             ^^^^^^^^^^^^^^^
  File "/opt/ros/jazzy/lib/python3.12/site-packages/rclpy/executors.py", line 588, in handler
    gc.trigger()
  File "/opt/ros/jazzy/lib/python3.12/site-packages/rclpy/guard_condition.py", line 33, in trigger
    with self.__gc:
rclpy._rclpy_pybind11.InvalidHandle: cannot use Destroyable because destruction was requested
