[INFO] [1777745136.092246781] [data_collector]: DataCollector ready  mode=social_astar  encounter=1.00m  personal=1.20m  intimate=0.45m
[INFO] [1777745136.093923160] [data_collector]: Results CSV: /home/dx/CPE631-Navigation-ROS2-main/social_4groups_headless_10.csv

Commands: [s] start  [e] end  [1] social  [2] baseline  [3] dynamic  [q] quit
cmd> [INFO] [1777745141.180875467] [data_collector]: Started experiment [social_astar]
[WARN] [1777745141.195255522] [data_collector]: Personal space violation (<1.20m) +1, total=1
[INFO] [1777745141.810902383] [data_collector]: Encounter (<1.0m) +1, total=1
[WARN] [1777745171.984616528] [data_collector]: Personal space violation (<1.20m) +1, total=2
[INFO] [1777745172.557741973] [data_collector]: Encounter (<1.0m) +1, total=2
[WARN] [1777745180.118804766] [data_collector]: Personal space violation (<1.20m) +1, total=3
[INFO] [1777745180.344214262] [data_collector]: Encounter (<1.0m) +1, total=3
[WARN] [1777745181.535581171] [data_collector]: Intimate space violation (<0.45m) +1, total=1
[WARN] [1777745187.025472429] [data_collector]: Personal space violation (<1.20m) +1, total=4
[INFO] [1777745187.403610632] [data_collector]: Encounter (<1.0m) +1, total=4
[WARN] [1777745188.049713287] [data_collector]: Intimate space violation (<0.45m) +1, total=2
[WARN] [1777745194.494477499] [data_collector]: Personal space violation (<1.20m) +1, total=5
[INFO] [1777745194.696660604] [data_collector]: Encounter (<1.0m) +1, total=5
[WARN] [1777745196.245652933] [data_collector]: Intimate space violation (<0.45m) +1, total=3
[WARN] [1777745198.145232793] [data_collector]: Personal space violation (<1.20m) +1, total=6
[WARN] [1777745201.145254940] [data_collector]: Personal space violation (<1.20m) +1, total=7
[INFO] [1777745201.451272316] [data_collector]: Encounter (<1.0m) +1, total=6
[WARN] [1777745213.984604410] [data_collector]: Personal space violation (<1.20m) +1, total=8
[INFO] [1777745214.512264440] [data_collector]: Encounter (<1.0m) +1, total=7
[WARN] [1777745215.755793231] [data_collector]: Intimate space violation (<0.45m) +1, total=4
[INFO] [1777745218.291896141] [data_collector]: Encounter (<1.0m) +1, total=8
[WARN] [1777745220.654803332] [data_collector]: Personal space violation (<1.20m) +1, total=9
[INFO] [1777745220.919768423] [data_collector]: Encounter (<1.0m) +1, total=9
[WARN] [1777745221.688284180] [data_collector]: Intimate space violation (<0.45m) +1, total=5
[WARN] [1777745236.312891153] [data_collector]: Personal space violation (<1.20m) +1, total=10
[INFO] [1777745236.912161471] [data_collector]: Encounter (<1.0m) +1, total=10
[WARN] [1777745238.620893855] [data_collector]: Intimate space violation (<0.45m) +1, total=6
[INFO] [1777745274.148523650] [data_collector]: SIGUSR1: 读取 result_file → 'succeeded'
[INFO] [1777745274.150148265] [data_collector]: =======================================================
[INFO] [1777745274.150670844] [data_collector]: Experiment #6 result: succeeded
[INFO] [1777745274.151361452] [data_collector]:   Mode:                    social_astar
[INFO] [1777745274.153310747] [data_collector]:   Attempt:                 1
[INFO] [1777745274.154523507] [data_collector]:   Path length:             36.42 m
[INFO] [1777745274.154862962] [data_collector]:   Navigation time:         114.77 s
[INFO] [1777745274.155720186] [data_collector]:   Encounters (<1.0m):      10
[INFO] [1777745274.156121320] [data_collector]:   Personal violations (<1.20m): 10
[INFO] [1777745274.156497862] [data_collector]:   Intimate violations (<0.45m): 6
[INFO] [1777745274.157082357] [data_collector]:   Min pedestrian dist:     0.258 m
[INFO] [1777745274.157430220] [data_collector]:   Mean angular accel:      0.2039 rad/s²
[INFO] [1777745274.157763410] [data_collector]: =======================================================
[INFO] [1777745274.158475124] [data_collector]: Saved to /home/dx/CPE631-Navigation-ROS2-main/social_4groups_headless_10.csv
[INFO] [1777745274.159002788] [data_collector]: exit_after_result=True, shutting down.
[INFO] [1777745274.164053805] [data_collector]: SIGUSR1: experiment was not active, shutting down.
