[INFO] [1777746183.651531612] [data_collector]: DataCollector ready  mode=social_smac  encounter=1.00m  personal=1.20m  intimate=0.45m
[INFO] [1777746183.652092165] [data_collector]: Results CSV: /home/dx/CPE631-Navigation-ROS2-main/social_4groups_headless_10.csv

Commands: [s] start  [e] end  [1] social  [2] baseline  [3] dynamic  [q] quit
cmd> [INFO] [1777746188.745458253] [data_collector]: Started experiment [social_smac]
[WARN] [1777746188.872721053] [data_collector]: Personal space violation (<1.20m) +1, total=1
[WARN] [1777746191.112679542] [data_collector]: Personal space violation (<1.20m) +1, total=2
[WARN] [1777746202.966815149] [data_collector]: Personal space violation (<1.20m) +1, total=3
[WARN] [1777746224.625382550] [data_collector]: Personal space violation (<1.20m) +1, total=4
[INFO] [1777746225.566757402] [data_collector]: Encounter (<1.0m) +1, total=1
[WARN] [1777746228.545755269] [data_collector]: Personal space violation (<1.20m) +1, total=5
[WARN] [1777746231.055174763] [data_collector]: Personal space violation (<1.20m) +1, total=6
[INFO] [1777746231.501368881] [data_collector]: Encounter (<1.0m) +1, total=2
[WARN] [1777746248.453875721] [data_collector]: Personal space violation (<1.20m) +1, total=7
[INFO] [1777746248.655855939] [data_collector]: Encounter (<1.0m) +1, total=3
[WARN] [1777746249.892818060] [data_collector]: Intimate space violation (<0.45m) +1, total=1
[WARN] [1777746268.700056533] [data_collector]: Personal space violation (<1.20m) +1, total=8
[INFO] [1777746269.370508461] [data_collector]: Encounter (<1.0m) +1, total=4
[WARN] [1777746275.867273597] [data_collector]: Personal space violation (<1.20m) +1, total=9
[INFO] [1777746276.716000428] [data_collector]: Encounter (<1.0m) +1, total=5
[WARN] [1777746278.716365354] [data_collector]: Intimate space violation (<0.45m) +1, total=2
[WARN] [1777746284.415397248] [data_collector]: Personal space violation (<1.20m) +1, total=10
[WARN] [1777746287.038675606] [data_collector]: Personal space violation (<1.20m) +1, total=11
[INFO] [1777746287.169676474] [data_collector]: Encounter (<1.0m) +1, total=6
[WARN] [1777746288.682721989] [data_collector]: Personal space violation (<1.20m) +1, total=12
[WARN] [1777746289.003989819] [data_collector]: Personal space violation (<1.20m) +1, total=13
[WARN] [1777746290.067506276] [data_collector]: Intimate space violation (<0.45m) +1, total=3
[WARN] [1777746290.621988605] [data_collector]: Intimate space violation (<0.45m) +1, total=4
[WARN] [1777746315.599296932] [data_collector]: Personal space violation (<1.20m) +1, total=14
[WARN] [1777746356.422606574] [data_collector]: Personal space violation (<1.20m) +1, total=15
[WARN] [1777746362.778585016] [data_collector]: Personal space violation (<1.20m) +1, total=16
[INFO] [1777746363.434986531] [data_collector]: Encounter (<1.0m) +1, total=7
[WARN] [1777746377.949227644] [data_collector]: Personal space violation (<1.20m) +1, total=17
[INFO] [1777746378.281690995] [data_collector]: Encounter (<1.0m) +1, total=8
[WARN] [1777746379.556261062] [data_collector]: Intimate space violation (<0.45m) +1, total=5
[WARN] [1777746381.306279335] [data_collector]: Intimate space violation (<0.45m) +1, total=6
[WARN] [1777746383.145524072] [data_collector]: Intimate space violation (<0.45m) +1, total=7
[WARN] [1777746398.002040209] [data_collector]: Personal space violation (<1.20m) +1, total=18
[WARN] [1777746417.324067973] [data_collector]: Personal space violation (<1.20m) +1, total=19
[INFO] [1777746417.655257791] [data_collector]: Encounter (<1.0m) +1, total=9
[WARN] [1777746422.622433379] [data_collector]: Personal space violation (<1.20m) +1, total=20
[INFO] [1777746422.959509901] [data_collector]: Encounter (<1.0m) +1, total=10
[WARN] [1777746423.775388598] [data_collector]: Intimate space violation (<0.45m) +1, total=8
[WARN] [1777746437.012313121] [data_collector]: Personal space violation (<1.20m) +1, total=21
[INFO] [1777746437.101714390] [data_collector]: Encounter (<1.0m) +1, total=11
[WARN] [1777746438.634376421] [data_collector]: Intimate space violation (<0.45m) +1, total=9
[WARN] [1777746441.980360919] [data_collector]: Intimate space violation (<0.45m) +1, total=10
[WARN] [1777746456.121008328] [data_collector]: Personal space violation (<1.20m) +1, total=22
[INFO] [1777746456.956261547] [data_collector]: Encounter (<1.0m) +1, total=12
[WARN] [1777746457.371374538] [data_collector]: Intimate space violation (<0.45m) +1, total=11
[INFO] [1777746470.913777455] [data_collector]: SIGUSR1: 读取 result_file → 'aborted'
[INFO] [1777746470.914275390] [data_collector]: =======================================================
[INFO] [1777746470.914891262] [data_collector]: Experiment #1 result: aborted
[INFO] [1777746470.915183745] [data_collector]:   Mode:                    social_smac
[INFO] [1777746470.915531637] [data_collector]:   Attempt:                 0
[INFO] [1777746470.915813424] [data_collector]:   Path length:             53.82 m
[INFO] [1777746470.916092928] [data_collector]:   Navigation time:         181.80 s
[INFO] [1777746470.916393874] [data_collector]:   Encounters (<1.0m):      12
[INFO] [1777746470.916684709] [data_collector]:   Personal violations (<1.20m): 22
[INFO] [1777746470.916987362] [data_collector]:   Intimate violations (<0.45m): 11
[INFO] [1777746470.917613383] [data_collector]:   Min pedestrian dist:     0.037 m
[INFO] [1777746470.917962517] [data_collector]:   Mean angular accel:      0.3287 rad/s²
[INFO] [1777746470.918289044] [data_collector]: =======================================================
[INFO] [1777746470.919340630] [data_collector]: Saved to /home/dx/CPE631-Navigation-ROS2-main/social_4groups_headless_10.csv
[INFO] [1777746470.919838257] [data_collector]: exit_after_result=True, shutting down.
[INFO] [1777746470.923271581] [data_collector]: SIGUSR1: experiment was not active, shutting down.
