[INFO] [1777721720.630894434] [data_collector]: DataCollector ready  mode=dynamic_dstar  encounter=1.00m  personal=1.20m  intimate=0.45m
[INFO] [1777721720.631458937] [data_collector]: Results CSV: /home/dx/CPE631-Navigation-ROS2-main/dynamic_4groups_headless_10.csv

Commands: [s] start  [e] end  [1] social  [2] baseline  [3] dynamic  [q] quit
cmd> [INFO] [1777721725.747106733] [data_collector]: Started experiment [dynamic_dstar]
[WARN] [1777721725.773105421] [data_collector]: Personal space violation (<1.20m) +1, total=1
[WARN] [1777721750.604934223] [data_collector]: Personal space violation (<1.20m) +1, total=2
[INFO] [1777721750.783491811] [data_collector]: Encounter (<1.0m) +1, total=1
[WARN] [1777721751.176304646] [data_collector]: Intimate space violation (<0.45m) +1, total=1
[WARN] [1777721760.879954247] [data_collector]: Personal space violation (<1.20m) +1, total=3
[INFO] [1777721761.071618481] [data_collector]: Encounter (<1.0m) +1, total=2
[WARN] [1777721773.641126960] [data_collector]: Personal space violation (<1.20m) +1, total=4
[INFO] [1777721773.987371554] [data_collector]: Encounter (<1.0m) +1, total=3
[WARN] [1777721781.296780220] [data_collector]: Personal space violation (<1.20m) +1, total=5
[INFO] [1777721781.703796907] [data_collector]: Encounter (<1.0m) +1, total=4
[WARN] [1777721781.704097548] [data_collector]: Personal space violation (<1.20m) +1, total=6
[WARN] [1777721782.335625710] [data_collector]: Intimate space violation (<0.45m) +1, total=2
[WARN] [1777721784.585298624] [data_collector]: Personal space violation (<1.20m) +1, total=7
[WARN] [1777721789.224818673] [data_collector]: Personal space violation (<1.20m) +1, total=8
[WARN] [1777721800.360231951] [data_collector]: Personal space violation (<1.20m) +1, total=9
[WARN] [1777721806.088806123] [data_collector]: Personal space violation (<1.20m) +1, total=10
[INFO] [1777721806.473738422] [data_collector]: Encounter (<1.0m) +1, total=5
[WARN] [1777721828.381858657] [data_collector]: Personal space violation (<1.20m) +1, total=11
[INFO] [1777721828.568323706] [data_collector]: Encounter (<1.0m) +1, total=6
[INFO] [1777721829.239563860] [data_collector]: SIGUSR1: 读取 result_file → 'succeeded'
[INFO] [1777721829.239836839] [data_collector]: =======================================================
[INFO] [1777721829.241445345] [data_collector]: Experiment #6 result: succeeded
[INFO] [1777721829.241958466] [data_collector]:   Mode:                    dynamic_dstar
[INFO] [1777721829.242276362] [data_collector]:   Attempt:                 0
[INFO] [1777721829.242524554] [data_collector]:   Path length:             38.47 m
[INFO] [1777721829.243975338] [data_collector]:   Navigation time:         106.61 s
[INFO] [1777721829.244289984] [data_collector]:   Encounters (<1.0m):      6
[INFO] [1777721829.244615271] [data_collector]:   Personal violations (<1.20m): 11
[INFO] [1777721829.244903061] [data_collector]:   Intimate violations (<0.45m): 2
[INFO] [1777721829.245499103] [data_collector]:   Min pedestrian dist:     0.069 m
[INFO] [1777721829.245798125] [data_collector]:   Mean angular accel:      0.2128 rad/s²
[INFO] [1777721829.246065879] [data_collector]: =======================================================
[INFO] [1777721829.246427557] [data_collector]: Saved to /home/dx/CPE631-Navigation-ROS2-main/dynamic_4groups_headless_10.csv
[INFO] [1777721829.246888029] [data_collector]: exit_after_result=True, shutting down.
[INFO] [1777721829.249441210] [data_collector]: SIGUSR1: experiment was not active, shutting down.
