[INFO] [1777749146.161621059] [data_collector]: DataCollector ready  mode=social_smac  encounter=1.00m  personal=1.20m  intimate=0.45m
[INFO] [1777749146.162232413] [data_collector]: Results CSV: /home/dx/CPE631-Navigation-ROS2-main/social_4groups_headless_10.csv

Commands: [s] start  [e] end  [1] social  [2] baseline  [3] dynamic  [q] quit
cmd> [INFO] [1777749151.245472656] [data_collector]: Started experiment [social_smac]
[WARN] [1777749151.302589815] [data_collector]: Personal space violation (<1.20m) +1, total=1
[WARN] [1777749178.318127643] [data_collector]: Personal space violation (<1.20m) +1, total=2
[INFO] [1777749178.678499211] [data_collector]: Encounter (<1.0m) +1, total=1
[WARN] [1777749186.261497143] [data_collector]: Personal space violation (<1.20m) +1, total=3
[INFO] [1777749186.597986979] [data_collector]: Encounter (<1.0m) +1, total=2
[WARN] [1777749187.720744707] [data_collector]: Intimate space violation (<0.45m) +1, total=1
[WARN] [1777749192.567846689] [data_collector]: Personal space violation (<1.20m) +1, total=4
[INFO] [1777749192.911332679] [data_collector]: Encounter (<1.0m) +1, total=3
[WARN] [1777749193.884969377] [data_collector]: Intimate space violation (<0.45m) +1, total=2
[WARN] [1777749204.693457797] [data_collector]: Personal space violation (<1.20m) +1, total=5
[INFO] [1777749204.893553360] [data_collector]: Encounter (<1.0m) +1, total=4
[WARN] [1777749220.820972960] [data_collector]: Personal space violation (<1.20m) +1, total=6
[INFO] [1777749221.192391907] [data_collector]: Encounter (<1.0m) +1, total=5
[WARN] [1777749221.758837285] [data_collector]: Intimate space violation (<0.45m) +1, total=3
[WARN] [1777749226.843749779] [data_collector]: Personal space violation (<1.20m) +1, total=7
[INFO] [1777749227.536283712] [data_collector]: Encounter (<1.0m) +1, total=6
[INFO] [1777749231.370981079] [data_collector]: Encounter (<1.0m) +1, total=7
[WARN] [1777749245.581027118] [data_collector]: Personal space violation (<1.20m) +1, total=8
[WARN] [1777749247.390948435] [data_collector]: Personal space violation (<1.20m) +1, total=9
[WARN] [1777749254.972794191] [data_collector]: Personal space violation (<1.20m) +1, total=10
[WARN] [1777749255.225357558] [data_collector]: Personal space violation (<1.20m) +1, total=11
[WARN] [1777749275.722042721] [data_collector]: Personal space violation (<1.20m) +1, total=12
[WARN] [1777749294.073397369] [data_collector]: Personal space violation (<1.20m) +1, total=13
[INFO] [1777749294.163025806] [data_collector]: Encounter (<1.0m) +1, total=8
[WARN] [1777749300.118379698] [data_collector]: Personal space violation (<1.20m) +1, total=14
[INFO] [1777749308.326508255] [data_collector]: SIGUSR1: 读取 result_file → 'succeeded'
[INFO] [1777749308.328186085] [data_collector]: =======================================================
[INFO] [1777749308.328541730] [data_collector]: Experiment #8 result: succeeded
[INFO] [1777749308.329264546] [data_collector]:   Mode:                    social_smac
[INFO] [1777749308.330660629] [data_collector]:   Attempt:                 0
[INFO] [1777749308.331059812] [data_collector]:   Path length:             44.31 m
[INFO] [1777749308.331471622] [data_collector]:   Navigation time:         142.02 s
[INFO] [1777749308.332493213] [data_collector]:   Encounters (<1.0m):      8
[INFO] [1777749308.332951575] [data_collector]:   Personal violations (<1.20m): 14
[INFO] [1777749308.333424995] [data_collector]:   Intimate violations (<0.45m): 3
[INFO] [1777749308.333752011] [data_collector]:   Min pedestrian dist:     0.062 m
[INFO] [1777749308.334718206] [data_collector]:   Mean angular accel:      0.3272 rad/s²
[INFO] [1777749308.336068123] [data_collector]: =======================================================
[INFO] [1777749308.337425959] [data_collector]: Saved to /home/dx/CPE631-Navigation-ROS2-main/social_4groups_headless_10.csv
[INFO] [1777749308.337928267] [data_collector]: exit_after_result=True, shutting down.
[INFO] [1777749308.341472449] [data_collector]: SIGUSR1: experiment was not active, shutting down.
