[INFO] [1777692470.081393292] [data_collector]: DataCollector ready  mode=dynamic_astar  encounter=1.00m  personal=1.20m  intimate=0.45m
[INFO] [1777692470.081915075] [data_collector]: Results CSV: /home/dx/CPE631-Navigation-ROS2-main/experiment_results_v3.csv

Commands: [s] start  [e] end  [1] social  [2] baseline  [3] dynamic  [q] quit
cmd> [INFO] [1777692475.158766331] [data_collector]: Started experiment [dynamic_astar]
[INFO] [1777692475.238880973] [data_collector]: Encounter (<1.0m) +1, total=1
[WARN] [1777692475.240478392] [data_collector]: Personal space violation (<1.20m) +1, total=1
[WARN] [1777692504.080932931] [data_collector]: Personal space violation (<1.20m) +1, total=2
[INFO] [1777692504.395041355] [data_collector]: Encounter (<1.0m) +1, total=2
[WARN] [1777692504.760119800] [data_collector]: Intimate space violation (<0.45m) +1, total=1
[WARN] [1777692515.701506668] [data_collector]: Personal space violation (<1.20m) +1, total=3
[INFO] [1777692515.903876925] [data_collector]: Encounter (<1.0m) +1, total=3
[WARN] [1777692516.801340657] [data_collector]: Intimate space violation (<0.45m) +1, total=2
[WARN] [1777692531.021004282] [data_collector]: Personal space violation (<1.20m) +1, total=4
[INFO] [1777692531.376240158] [data_collector]: Encounter (<1.0m) +1, total=4
[WARN] [1777692539.622661955] [data_collector]: Personal space violation (<1.20m) +1, total=5
[INFO] [1777692539.826843589] [data_collector]: Encounter (<1.0m) +1, total=5
[WARN] [1777692540.026137370] [data_collector]: Personal space violation (<1.20m) +1, total=6
[WARN] [1777692540.892362466] [data_collector]: Intimate space violation (<0.45m) +1, total=3
[WARN] [1777692542.940220493] [data_collector]: Personal space violation (<1.20m) +1, total=7
[WARN] [1777692548.682191721] [data_collector]: Personal space violation (<1.20m) +1, total=8
[INFO] [1777692549.233460621] [data_collector]: Encounter (<1.0m) +1, total=6
[WARN] [1777692563.472881180] [data_collector]: Personal space violation (<1.20m) +1, total=9
[WARN] [1777692582.654058001] [data_collector]: Personal space violation (<1.20m) +1, total=10
[INFO] [1777692587.325140707] [data_collector]: SIGUSR1: 读取 result_file → 'succeeded'
[INFO] [1777692587.325440080] [data_collector]: =======================================================
[INFO] [1777692587.325690174] [data_collector]: Experiment #5 result: succeeded
[INFO] [1777692587.325906331] [data_collector]:   Mode:                    dynamic_astar
[INFO] [1777692587.328557198] [data_collector]:   Attempt:                 1
[INFO] [1777692587.328845917] [data_collector]:   Path length:             36.43 m
[INFO] [1777692587.329107539] [data_collector]:   Navigation time:         99.67 s
[INFO] [1777692587.330761154] [data_collector]:   Encounters (<1.0m):      6
[INFO] [1777692587.331057311] [data_collector]:   Personal violations (<1.20m): 10
[INFO] [1777692587.332535446] [data_collector]:   Intimate violations (<0.45m): 3
[INFO] [1777692587.333069647] [data_collector]:   Min pedestrian dist:     0.305 m
[INFO] [1777692587.333395362] [data_collector]:   Mean angular accel:      0.2547 rad/s²
[INFO] [1777692587.334630670] [data_collector]: =======================================================
[INFO] [1777692587.335311485] [data_collector]: Saved to /home/dx/CPE631-Navigation-ROS2-main/experiment_results_v3.csv
[INFO] [1777692587.336290426] [data_collector]: exit_after_result=True, shutting down.
[INFO] [1777692587.338566115] [data_collector]: SIGUSR1: experiment was not active, shutting down.
