[INFO] [1777742335.562878089] [data_collector]: DataCollector ready  mode=social  encounter=1.00m  personal=1.20m  intimate=0.45m
[INFO] [1777742335.563594659] [data_collector]: Results CSV: /home/dx/CPE631-Navigation-ROS2-main/social_4groups_headless_10.csv

Commands: [s] start  [e] end  [1] social  [2] baseline  [3] dynamic  [q] quit
cmd> [INFO] [1777742340.843121162] [data_collector]: Started experiment [social]
[INFO] [1777742340.866775174] [data_collector]: Encounter (<1.0m) +1, total=1
[WARN] [1777742340.868658038] [data_collector]: Personal space violation (<1.20m) +1, total=1
[WARN] [1777742374.433493435] [data_collector]: Personal space violation (<1.20m) +1, total=2
[INFO] [1777742374.628214052] [data_collector]: Encounter (<1.0m) +1, total=2
[WARN] [1777742404.845065848] [data_collector]: Personal space violation (<1.20m) +1, total=3
[INFO] [1777742405.252948622] [data_collector]: Encounter (<1.0m) +1, total=3
[WARN] [1777742414.832152186] [data_collector]: Personal space violation (<1.20m) +1, total=4
[WARN] [1777742415.011889572] [data_collector]: Personal space violation (<1.20m) +1, total=5
[INFO] [1777742415.216550605] [data_collector]: Encounter (<1.0m) +1, total=4
[INFO] [1777742415.512321051] [data_collector]: Encounter (<1.0m) +1, total=5
[WARN] [1777742423.997316085] [data_collector]: Personal space violation (<1.20m) +1, total=6
[INFO] [1777742424.084176642] [data_collector]: Encounter (<1.0m) +1, total=6
[WARN] [1777742436.726283388] [data_collector]: Personal space violation (<1.20m) +1, total=7
[WARN] [1777742457.623338613] [data_collector]: Personal space violation (<1.20m) +1, total=8
[INFO] [1777742463.147183254] [data_collector]: SIGUSR1: 读取 result_file → 'succeeded'
[INFO] [1777742463.147610884] [data_collector]: =======================================================
[INFO] [1777742463.147917100] [data_collector]: Experiment #8 result: succeeded
[INFO] [1777742463.148199520] [data_collector]:   Mode:                    social
[INFO] [1777742463.148507826] [data_collector]:   Attempt:                 0
[INFO] [1777742463.149482124] [data_collector]:   Path length:             36.47 m
[INFO] [1777742463.150100459] [data_collector]:   Navigation time:         99.64 s
[INFO] [1777742463.150454435] [data_collector]:   Encounters (<1.0m):      6
[INFO] [1777742463.151089852] [data_collector]:   Personal violations (<1.20m): 8
[INFO] [1777742463.151465324] [data_collector]:   Intimate violations (<0.45m): 0
[INFO] [1777742463.151786549] [data_collector]:   Min pedestrian dist:     0.508 m
[INFO] [1777742463.152156049] [data_collector]:   Mean angular accel:      0.2699 rad/s²
[INFO] [1777742463.152515810] [data_collector]: =======================================================
[INFO] [1777742463.153641004] [data_collector]: Saved to /home/dx/CPE631-Navigation-ROS2-main/social_4groups_headless_10.csv
[INFO] [1777742463.154160825] [data_collector]: exit_after_result=True, shutting down.
[INFO] [1777742463.155248510] [data_collector]: SIGUSR1: experiment was not active, shutting down.
