[INFO] [1777748091.058485392] [data_collector]: DataCollector ready  mode=social_smac  encounter=1.00m  personal=1.20m  intimate=0.45m
[INFO] [1777748091.059477977] [data_collector]: Results CSV: /home/dx/CPE631-Navigation-ROS2-main/social_4groups_headless_10.csv

Commands: [s] start  [e] end  [1] social  [2] baseline  [3] dynamic  [q] quit
cmd> [INFO] [1777748096.094857064] [data_collector]: Started experiment [social_smac]
[INFO] [1777748096.133303282] [data_collector]: Encounter (<1.0m) +1, total=1
[WARN] [1777748096.133639536] [data_collector]: Personal space violation (<1.20m) +1, total=1
[WARN] [1777748127.012298292] [data_collector]: Personal space violation (<1.20m) +1, total=2
[INFO] [1777748127.321461203] [data_collector]: Encounter (<1.0m) +1, total=2
[WARN] [1777748155.484987271] [data_collector]: Personal space violation (<1.20m) +1, total=3
[INFO] [1777748156.002794595] [data_collector]: Encounter (<1.0m) +1, total=3
[WARN] [1777748164.282663084] [data_collector]: Personal space violation (<1.20m) +1, total=4
[WARN] [1777748164.635098306] [data_collector]: Personal space violation (<1.20m) +2, total=6
[WARN] [1777748165.048888280] [data_collector]: Personal space violation (<1.20m) +1, total=7
[INFO] [1777748165.237678860] [data_collector]: Encounter (<1.0m) +1, total=4
[WARN] [1777748166.421688445] [data_collector]: Intimate space violation (<0.45m) +1, total=1
[WARN] [1777748174.000546891] [data_collector]: Personal space violation (<1.20m) +1, total=8
[INFO] [1777748174.305075335] [data_collector]: Encounter (<1.0m) +1, total=5
[WARN] [1777748176.264067634] [data_collector]: Intimate space violation (<0.45m) +1, total=2
[INFO] [1777748177.839607283] [data_collector]: Encounter (<1.0m) +1, total=6
[WARN] [1777748177.841210531] [data_collector]: Personal space violation (<1.20m) +1, total=9
[WARN] [1777748180.757693418] [data_collector]: Personal space violation (<1.20m) +1, total=10
[INFO] [1777748181.833598541] [data_collector]: Encounter (<1.0m) +1, total=7
[WARN] [1777748183.265745641] [data_collector]: Intimate space violation (<0.45m) +1, total=3
[WARN] [1777748190.781494294] [data_collector]: Personal space violation (<1.20m) +1, total=11
[INFO] [1777748191.408124175] [data_collector]: Encounter (<1.0m) +1, total=8
[INFO] [1777748192.512450697] [data_collector]: SIGUSR1: 读取 result_file → 'aborted'
[INFO] [1777748192.513981811] [data_collector]: =======================================================
[INFO] [1777748192.514370302] [data_collector]: Experiment #4 result: aborted
[INFO] [1777748192.514685011] [data_collector]:   Mode:                    social_smac
[INFO] [1777748192.515694617] [data_collector]:   Attempt:                 1
[INFO] [1777748192.516804906] [data_collector]:   Path length:             26.18 m
[INFO] [1777748192.518044696] [data_collector]:   Navigation time:         81.81 s
[INFO] [1777748192.518360412] [data_collector]:   Encounters (<1.0m):      8
[INFO] [1777748192.518667868] [data_collector]:   Personal violations (<1.20m): 11
[INFO] [1777748192.520368626] [data_collector]:   Intimate violations (<0.45m): 3
[INFO] [1777748192.520811424] [data_collector]:   Min pedestrian dist:     0.200 m
[INFO] [1777748192.521483262] [data_collector]:   Mean angular accel:      0.3586 rad/s²
[INFO] [1777748192.522365886] [data_collector]: =======================================================
[INFO] [1777748192.524665315] [data_collector]: Saved to /home/dx/CPE631-Navigation-ROS2-main/social_4groups_headless_10.csv
[INFO] [1777748192.525065052] [data_collector]: exit_after_result=True, shutting down.
[INFO] [1777748192.529024454] [data_collector]: SIGUSR1: experiment was not active, shutting down.
