[INFO] [1777749897.058627387] [data_collector]: DataCollector ready  mode=social_dstar  encounter=1.00m  personal=1.20m  intimate=0.45m
[INFO] [1777749897.059326338] [data_collector]: Results CSV: /home/dx/CPE631-Navigation-ROS2-main/social_4groups_headless_10.csv

Commands: [s] start  [e] end  [1] social  [2] baseline  [3] dynamic  [q] quit
cmd> [INFO] [1777749902.133975419] [data_collector]: Started experiment [social_dstar]
[WARN] [1777749903.755395781] [data_collector]: Personal space violation (<1.20m) +1, total=1
[WARN] [1777749915.822100071] [data_collector]: Personal space violation (<1.20m) +1, total=2
[WARN] [1777749916.876070732] [data_collector]: Personal space violation (<1.20m) +1, total=3
[WARN] [1777749936.098626340] [data_collector]: Personal space violation (<1.20m) +1, total=4
[INFO] [1777749937.109658689] [data_collector]: Encounter (<1.0m) +1, total=1
[WARN] [1777749943.337336166] [data_collector]: Personal space violation (<1.20m) +1, total=5
[INFO] [1777749943.654582164] [data_collector]: Encounter (<1.0m) +1, total=2
[WARN] [1777749944.291318398] [data_collector]: Intimate space violation (<0.45m) +1, total=1
[WARN] [1777749958.558127216] [data_collector]: Personal space violation (<1.20m) +1, total=6
[INFO] [1777749958.873038018] [data_collector]: Encounter (<1.0m) +1, total=3
[WARN] [1777749960.316532892] [data_collector]: Intimate space violation (<0.45m) +1, total=2
[WARN] [1777749962.632428101] [data_collector]: Intimate space violation (<0.45m) +1, total=3
[WARN] [1777749977.509086217] [data_collector]: Personal space violation (<1.20m) +1, total=7
[WARN] [1777749982.914971968] [data_collector]: Personal space violation (<1.20m) +1, total=8
[INFO] [1777749983.461797051] [data_collector]: Encounter (<1.0m) +1, total=4
[WARN] [1777749985.558857052] [data_collector]: Intimate space violation (<0.45m) +1, total=4
[WARN] [1777749993.183199088] [data_collector]: Personal space violation (<1.20m) +1, total=9
[INFO] [1777749994.442245564] [data_collector]: Encounter (<1.0m) +1, total=5
[WARN] [1777749997.166592040] [data_collector]: Intimate space violation (<0.45m) +1, total=5
[WARN] [1777749998.865690289] [data_collector]: Intimate space violation (<0.45m) +1, total=6
[WARN] [1777750026.596879846] [data_collector]: Personal space violation (<1.20m) +1, total=10
[INFO] [1777750026.901544007] [data_collector]: Encounter (<1.0m) +1, total=6
[WARN] [1777750027.505049174] [data_collector]: Intimate space violation (<0.45m) +1, total=7
[WARN] [1777750040.430634089] [data_collector]: Personal space violation (<1.20m) +1, total=11
[INFO] [1777750040.797350700] [data_collector]: Encounter (<1.0m) +1, total=7
[INFO] [1777750041.983119347] [data_collector]: SIGUSR1: 读取 result_file → 'succeeded'
[INFO] [1777750041.990584499] [data_collector]: =======================================================
[INFO] [1777750041.990879033] [data_collector]: Experiment #2 result: succeeded
[INFO] [1777750041.996145381] [data_collector]:   Mode:                    social_dstar
[INFO] [1777750042.001142374] [data_collector]:   Attempt:                 0
[INFO] [1777750042.004592994] [data_collector]:   Path length:             36.76 m
[INFO] [1777750042.006312073] [data_collector]:   Navigation time:         95.84 s
[INFO] [1777750042.008481315] [data_collector]:   Encounters (<1.0m):      7
[INFO] [1777750042.012022793] [data_collector]:   Personal violations (<1.20m): 11
[INFO] [1777750042.014782807] [data_collector]:   Intimate violations (<0.45m): 7
[INFO] [1777750042.017533181] [data_collector]:   Min pedestrian dist:     0.043 m
[INFO] [1777750042.018574233] [data_collector]:   Mean angular accel:      0.3009 rad/s²
[INFO] [1777750042.019900544] [data_collector]: =======================================================
[INFO] [1777750042.023850975] [data_collector]: Saved to /home/dx/CPE631-Navigation-ROS2-main/social_4groups_headless_10.csv
[INFO] [1777750042.026498415] [data_collector]: exit_after_result=True, shutting down.
[INFO] [1777750042.032634053] [data_collector]: SIGUSR1: experiment was not active, shutting down.
