[INFO] [1777761000.079495755] [data_collector]: DataCollector ready  mode=social_dstar_plus  encounter=1.00m  personal=1.20m  intimate=0.45m
[INFO] [1777761000.080814290] [data_collector]: Results CSV: /home/dx/CPE631-Navigation-ROS2-main/experiment_results_v3.csv

Commands: [s] start  [e] end  [1] social  [2] baseline  [3] dynamic  [q] quit
cmd> [INFO] [1777761005.459445740] [data_collector]: Started experiment [social_dstar_plus]
[WARN] [1777761005.498272082] [data_collector]: Personal space violation (<1.20m) +1, total=1
[INFO] [1777761006.660804573] [data_collector]: Encounter (<1.0m) +1, total=1
[WARN] [1777761037.663567562] [data_collector]: Personal space violation (<1.20m) +1, total=2
[INFO] [1777761037.772982780] [data_collector]: Encounter (<1.0m) +1, total=2
[WARN] [1777761038.385963479] [data_collector]: Intimate space violation (<0.45m) +1, total=1
[WARN] [1777761049.546956537] [data_collector]: Personal space violation (<1.20m) +1, total=3
[INFO] [1777761049.644400357] [data_collector]: Encounter (<1.0m) +1, total=3
[WARN] [1777761065.161939071] [data_collector]: Personal space violation (<1.20m) +1, total=4
[INFO] [1777761065.572807166] [data_collector]: Encounter (<1.0m) +1, total=4
[WARN] [1777761074.644146616] [data_collector]: Personal space violation (<1.20m) +2, total=6
[INFO] [1777761074.860838247] [data_collector]: Encounter (<1.0m) +1, total=5
[INFO] [1777761074.973414999] [data_collector]: Encounter (<1.0m) +1, total=6
[WARN] [1777761076.295434907] [data_collector]: Intimate space violation (<0.45m) +1, total=2
[WARN] [1777761077.681744712] [data_collector]: Personal space violation (<1.20m) +1, total=7
[WARN] [1777761084.051582934] [data_collector]: Personal space violation (<1.20m) +1, total=8
[INFO] [1777761084.696191020] [data_collector]: Encounter (<1.0m) +1, total=7
[INFO] [1777761123.802605566] [data_collector]: SIGUSR1: 读取 result_file → 'succeeded'
[INFO] [1777761123.802939087] [data_collector]: =======================================================
[INFO] [1777761123.803156394] [data_collector]: Experiment #16 result: succeeded
[INFO] [1777761123.803366148] [data_collector]:   Mode:                    social_dstar_plus
[INFO] [1777761123.803578317] [data_collector]:   Attempt:                 0
[INFO] [1777761123.803998862] [data_collector]:   Path length:             36.92 m
[INFO] [1777761123.804335365] [data_collector]:   Navigation time:         101.17 s
[INFO] [1777761123.805931985] [data_collector]:   Encounters (<1.0m):      7
[INFO] [1777761123.806214149] [data_collector]:   Personal violations (<1.20m): 8
[INFO] [1777761123.806471397] [data_collector]:   Intimate violations (<0.45m): 2
[INFO] [1777761123.806748178] [data_collector]:   Min pedestrian dist:     0.210 m
[INFO] [1777761123.807008445] [data_collector]:   Mean angular accel:      0.2064 rad/s²
[INFO] [1777761123.807274871] [data_collector]: =======================================================
[INFO] [1777761123.807675799] [data_collector]: Saved to /home/dx/CPE631-Navigation-ROS2-main/experiment_results_v3.csv
[INFO] [1777761123.812034165] [data_collector]: exit_after_result=True, shutting down.
[INFO] [1777761123.814671426] [data_collector]: SIGUSR1: experiment was not active, shutting down.
