[INFO] [1777745786.508423393] [data_collector]: DataCollector ready  mode=social_astar  encounter=1.00m  personal=1.20m  intimate=0.45m
[INFO] [1777745786.509079695] [data_collector]: Results CSV: /home/dx/CPE631-Navigation-ROS2-main/social_4groups_headless_10.csv

Commands: [s] start  [e] end  [1] social  [2] baseline  [3] dynamic  [q] quit
cmd> [INFO] [1777745791.648234220] [data_collector]: Started experiment [social_astar]
[WARN] [1777745791.815261674] [data_collector]: Personal space violation (<1.20m) +1, total=1
[INFO] [1777745792.333793241] [data_collector]: Encounter (<1.0m) +1, total=1
[WARN] [1777745821.784554952] [data_collector]: Personal space violation (<1.20m) +1, total=2
[INFO] [1777745822.072771766] [data_collector]: Encounter (<1.0m) +1, total=2
[WARN] [1777745823.003714105] [data_collector]: Intimate space violation (<0.45m) +1, total=1
[WARN] [1777745829.819952009] [data_collector]: Personal space violation (<1.20m) +1, total=3
[INFO] [1777745830.157372196] [data_collector]: Encounter (<1.0m) +1, total=3
[WARN] [1777745830.770240518] [data_collector]: Intimate space violation (<0.45m) +1, total=2
[WARN] [1777745848.088197871] [data_collector]: Personal space violation (<1.20m) +1, total=4
[INFO] [1777745848.249749048] [data_collector]: Encounter (<1.0m) +1, total=4
[WARN] [1777745848.884099637] [data_collector]: Intimate space violation (<0.45m) +1, total=3
[WARN] [1777745860.301586165] [data_collector]: Personal space violation (<1.20m) +1, total=5
[INFO] [1777745860.778745870] [data_collector]: Encounter (<1.0m) +1, total=5
[WARN] [1777745862.640320025] [data_collector]: Intimate space violation (<0.45m) +1, total=4
[WARN] [1777745867.807495867] [data_collector]: Personal space violation (<1.20m) +1, total=6
[WARN] [1777745868.259899459] [data_collector]: Personal space violation (<1.20m) +1, total=7
[INFO] [1777745868.644427795] [data_collector]: Encounter (<1.0m) +1, total=6
[WARN] [1777745870.549222850] [data_collector]: Intimate space violation (<0.45m) +1, total=5
[WARN] [1777745873.731798654] [data_collector]: Personal space violation (<1.20m) +1, total=8
[WARN] [1777745874.657517583] [data_collector]: Personal space violation (<1.20m) +1, total=9
[INFO] [1777745875.056655371] [data_collector]: Encounter (<1.0m) +1, total=7
[WARN] [1777745876.828379841] [data_collector]: Intimate space violation (<0.45m) +1, total=6
[WARN] [1777745884.209793655] [data_collector]: Personal space violation (<1.20m) +1, total=10
[WARN] [1777745885.199271463] [data_collector]: Personal space violation (<1.20m) +1, total=11
[INFO] [1777745885.590592350] [data_collector]: Encounter (<1.0m) +1, total=8
[WARN] [1777745900.527739450] [data_collector]: Personal space violation (<1.20m) +1, total=12
[INFO] [1777745901.229669600] [data_collector]: Encounter (<1.0m) +1, total=9
[INFO] [1777745901.816982912] [data_collector]: Encounter (<1.0m) +1, total=10
[WARN] [1777745914.385120222] [data_collector]: Personal space violation (<1.20m) +1, total=13
[INFO] [1777745914.894518867] [data_collector]: Encounter (<1.0m) +1, total=11
[INFO] [1777745916.002893283] [data_collector]: Encounter (<1.0m) +1, total=12
[WARN] [1777745917.079819254] [data_collector]: Personal space violation (<1.20m) +1, total=14
[INFO] [1777745920.217647105] [data_collector]: SIGUSR1: 读取 result_file → 'succeeded'
[INFO] [1777745920.221445767] [data_collector]: =======================================================
[INFO] [1777745920.223058493] [data_collector]: Experiment #9 result: succeeded
[INFO] [1777745920.223710205] [data_collector]:   Mode:                    social_astar
[INFO] [1777745920.224506480] [data_collector]:   Attempt:                 0
[INFO] [1777745920.226217208] [data_collector]:   Path length:             38.17 m
[INFO] [1777745920.226616440] [data_collector]:   Navigation time:         112.27 s
[INFO] [1777745920.227034194] [data_collector]:   Encounters (<1.0m):      12
[INFO] [1777745920.227995336] [data_collector]:   Personal violations (<1.20m): 14
[INFO] [1777745920.228346040] [data_collector]:   Intimate violations (<0.45m): 6
[INFO] [1777745920.228709626] [data_collector]:   Min pedestrian dist:     0.004 m
[INFO] [1777745920.229391689] [data_collector]:   Mean angular accel:      0.2408 rad/s²
[INFO] [1777745920.230287792] [data_collector]: =======================================================
[INFO] [1777745920.230948121] [data_collector]: Saved to /home/dx/CPE631-Navigation-ROS2-main/social_4groups_headless_10.csv
[INFO] [1777745920.231330384] [data_collector]: exit_after_result=True, shutting down.
[INFO] [1777745920.237315691] [data_collector]: SIGUSR1: experiment was not active, shutting down.
