[INFO] [1777713760.722915390] [data_collector]: DataCollector ready  mode=baseline  encounter=1.00m  personal=1.20m  intimate=0.45m
[INFO] [1777713760.723409907] [data_collector]: Results CSV: /home/dx/CPE631-Navigation-ROS2-main/dynamic_4groups_headless_10.csv

Commands: [s] start  [e] end  [1] social  [2] baseline  [3] dynamic  [q] quit
cmd> [INFO] [1777713765.853069193] [data_collector]: Started experiment [baseline]
[INFO] [1777713816.855037455] [data_collector]: SIGUSR1: 读取 result_file → 'succeeded'
[INFO] [1777713816.855346669] [data_collector]: =======================================================
[INFO] [1777713816.855600651] [data_collector]: Experiment #8 result: succeeded
[INFO] [1777713816.855833650] [data_collector]:   Mode:                    baseline
[INFO] [1777713816.856478568] [data_collector]:   Attempt:                 0
[INFO] [1777713816.856853411] [data_collector]:   Path length:             36.76 m
[INFO] [1777713816.857627532] [data_collector]:   Navigation time:         100.38 s
[INFO] [1777713816.857884563] [data_collector]:   Encounters (<1.0m):      0
[INFO] [1777713816.858494381] [data_collector]:   Personal violations (<1.20m): 0
[INFO] [1777713816.859081476] [data_collector]:   Intimate violations (<0.45m): 0
[INFO] [1777713816.859353736] [data_collector]:   Min pedestrian dist:     N/A
[INFO] [1777713816.859636083] [data_collector]:   Mean angular accel:      0.1546 rad/s²
[INFO] [1777713816.860283194] [data_collector]: =======================================================
[INFO] [1777713816.860894315] [data_collector]: Saved to /home/dx/CPE631-Navigation-ROS2-main/dynamic_4groups_headless_10.csv
[INFO] [1777713816.861364247] [data_collector]: exit_after_result=True, shutting down.
[INFO] [1777713816.863849201] [data_collector]: SIGUSR1: experiment was not active, shutting down.
Traceback (most recent call last):
  File "/home/dx/CPE631-Navigation-ROS2-main/install/cpe631_ros2/lib/cpe631_ros2/data_collector", line 411, in <module>
    main()
  File "/home/dx/CPE631-Navigation-ROS2-main/install/cpe631_ros2/lib/cpe631_ros2/data_collector", line 391, in main
    rclpy.spin(node)
  File "/opt/ros/jazzy/lib/python3.12/site-packages/rclpy/__init__.py", line 247, in spin
    executor.spin_once()
  File "/opt/ros/jazzy/lib/python3.12/site-packages/rclpy/executors.py", line 926, in spin_once
    self._spin_once_impl(timeout_sec)
  File "/opt/ros/jazzy/lib/python3.12/site-packages/rclpy/executors.py", line 907, in _spin_once_impl
    handler, entity, node = self.wait_for_ready_callbacks(
                            ^^^^^^^^^^^^^^^^^^^^^^^^^^^^^^
  File "/opt/ros/jazzy/lib/python3.12/site-packages/rclpy/executors.py", line 877, in wait_for_ready_callbacks
    return next(self._cb_iter)
           ^^^^^^^^^^^^^^^^^^^
  File "/opt/ros/jazzy/lib/python3.12/site-packages/rclpy/executors.py", line 757, in _wait_for_ready_callbacks
    wait_set = _rclpy.WaitSet(
               ^^^^^^^^^^^^^^^
rclpy._rclpy_pybind11.RCLError: failed to initialize wait set: the given context is not valid, either rcl_init() was not called or rcl_shutdown() was called., at ./src/rcl/wait.c:130
