[INFO] [1777720985.748566514] [data_collector]: DataCollector ready  mode=dynamic_dstar  encounter=1.00m  personal=1.20m  intimate=0.45m
[INFO] [1777720985.749049336] [data_collector]: Results CSV: /home/dx/CPE631-Navigation-ROS2-main/dynamic_4groups_headless_10.csv

Commands: [s] start  [e] end  [1] social  [2] baseline  [3] dynamic  [q] quit
cmd> [INFO] [1777720990.819034723] [data_collector]: Started experiment [dynamic_dstar]
[WARN] [1777720990.843886228] [data_collector]: Personal space violation (<1.20m) +1, total=1
[WARN] [1777721017.344269889] [data_collector]: Personal space violation (<1.20m) +1, total=2
[INFO] [1777721017.538726522] [data_collector]: Encounter (<1.0m) +1, total=1
[WARN] [1777721017.905353632] [data_collector]: Intimate space violation (<0.45m) +1, total=1
[WARN] [1777721027.984605718] [data_collector]: Personal space violation (<1.20m) +1, total=3
[INFO] [1777721028.267802773] [data_collector]: Encounter (<1.0m) +1, total=2
[WARN] [1777721029.363590304] [data_collector]: Intimate space violation (<0.45m) +1, total=2
[WARN] [1777721042.906838278] [data_collector]: Personal space violation (<1.20m) +1, total=4
[INFO] [1777721043.300917404] [data_collector]: Encounter (<1.0m) +1, total=3
[INFO] [1777721043.620826066] [data_collector]: Encounter (<1.0m) +1, total=4
[WARN] [1777721051.614876327] [data_collector]: Personal space violation (<1.20m) +1, total=5
[INFO] [1777721051.871084130] [data_collector]: Encounter (<1.0m) +1, total=5
[WARN] [1777721052.134130574] [data_collector]: Personal space violation (<1.20m) +1, total=6
[WARN] [1777721052.706692284] [data_collector]: Intimate space violation (<0.45m) +1, total=3
[WARN] [1777721054.115842841] [data_collector]: Intimate space violation (<0.45m) +1, total=4
[WARN] [1777721059.928816802] [data_collector]: Personal space violation (<1.20m) +1, total=7
[INFO] [1777721060.491997643] [data_collector]: Encounter (<1.0m) +1, total=6
[WARN] [1777721073.309741971] [data_collector]: Personal space violation (<1.20m) +1, total=8
[WARN] [1777721079.282704392] [data_collector]: Personal space violation (<1.20m) +1, total=9
[INFO] [1777721079.464048409] [data_collector]: Encounter (<1.0m) +1, total=7
[WARN] [1777721089.748632340] [data_collector]: Personal space violation (<1.20m) +1, total=10
[WARN] [1777721090.429341222] [data_collector]: Personal space violation (<1.20m) +1, total=11
[WARN] [1777721090.993018783] [data_collector]: Personal space violation (<1.20m) +1, total=12
[INFO] [1777721091.441456844] [data_collector]: Encounter (<1.0m) +1, total=8
[WARN] [1777721092.128758871] [data_collector]: Personal space violation (<1.20m) +1, total=13
[INFO] [1777721093.937620857] [data_collector]: SIGUSR1: 读取 result_file → 'succeeded'
[INFO] [1777721093.937886294] [data_collector]: =======================================================
[INFO] [1777721093.938091333] [data_collector]: Experiment #2 result: succeeded
[INFO] [1777721093.938314333] [data_collector]:   Mode:                    dynamic_dstar
[INFO] [1777721093.938534933] [data_collector]:   Attempt:                 2
[INFO] [1777721093.938827805] [data_collector]:   Path length:             37.58 m
[INFO] [1777721093.939066683] [data_collector]:   Navigation time:         97.23 s
[INFO] [1777721093.939362479] [data_collector]:   Encounters (<1.0m):      8
[INFO] [1777721093.939634916] [data_collector]:   Personal violations (<1.20m): 13
[INFO] [1777721093.939894608] [data_collector]:   Intimate violations (<0.45m): 4
[INFO] [1777721093.940147510] [data_collector]:   Min pedestrian dist:     0.106 m
[INFO] [1777721093.940566468] [data_collector]:   Mean angular accel:      0.2308 rad/s²
[INFO] [1777721093.940863682] [data_collector]: =======================================================
[INFO] [1777721093.941242600] [data_collector]: Saved to /home/dx/CPE631-Navigation-ROS2-main/dynamic_4groups_headless_10.csv
[INFO] [1777721093.941666066] [data_collector]: exit_after_result=True, shutting down.
[INFO] [1777721093.943193209] [data_collector]: SIGUSR1: experiment was not active, shutting down.
