[INFO] [1777741077.390629113] [data_collector]: DataCollector ready  mode=social  encounter=1.00m  personal=1.20m  intimate=0.45m
[INFO] [1777741077.391895875] [data_collector]: Results CSV: /home/dx/CPE631-Navigation-ROS2-main/social_4groups_headless_10.csv

Commands: [s] start  [e] end  [1] social  [2] baseline  [3] dynamic  [q] quit
cmd> [INFO] [1777741082.549207604] [data_collector]: Started experiment [social]
[WARN] [1777741082.580696325] [data_collector]: Personal space violation (<1.20m) +1, total=1
[WARN] [1777741085.382179188] [data_collector]: Personal space violation (<1.20m) +1, total=2
[WARN] [1777741097.179404720] [data_collector]: Personal space violation (<1.20m) +1, total=3
[WARN] [1777741117.816328263] [data_collector]: Personal space violation (<1.20m) +1, total=4
[INFO] [1777741118.676378816] [data_collector]: Encounter (<1.0m) +1, total=1
[INFO] [1777741119.824313051] [data_collector]: Encounter (<1.0m) +1, total=2
[WARN] [1777741126.265662274] [data_collector]: Personal space violation (<1.20m) +1, total=5
[INFO] [1777741126.679571630] [data_collector]: Encounter (<1.0m) +1, total=3
[WARN] [1777741127.661661046] [data_collector]: Intimate space violation (<0.45m) +1, total=1
[WARN] [1777741197.551816862] [data_collector]: Personal space violation (<1.20m) +1, total=6
[INFO] [1777741198.163579792] [data_collector]: Encounter (<1.0m) +1, total=4
[WARN] [1777741200.130085573] [data_collector]: Personal space violation (<1.20m) +1, total=7
[INFO] [1777741200.475308365] [data_collector]: Encounter (<1.0m) +1, total=5
[WARN] [1777741200.899193957] [data_collector]: Intimate space violation (<0.45m) +1, total=2
[WARN] [1777741219.254262610] [data_collector]: Personal space violation (<1.20m) +1, total=8
[INFO] [1777741219.599975133] [data_collector]: Encounter (<1.0m) +1, total=6
[WARN] [1777741220.680974948] [data_collector]: Intimate space violation (<0.45m) +1, total=3
[WARN] [1777741229.403433869] [data_collector]: Personal space violation (<1.20m) +1, total=9
[WARN] [1777741243.166657622] [data_collector]: Personal space violation (<1.20m) +1, total=10
[WARN] [1777741246.473349330] [data_collector]: Personal space violation (<1.20m) +1, total=11
[INFO] [1777741246.779763998] [data_collector]: Encounter (<1.0m) +1, total=7
[WARN] [1777741253.803759682] [data_collector]: Personal space violation (<1.20m) +1, total=12
[INFO] [1777741282.326409509] [data_collector]: SIGUSR1: 读取 result_file → 'succeeded'
[INFO] [1777741282.326751314] [data_collector]: =======================================================
[INFO] [1777741282.326985565] [data_collector]: Experiment #1 result: succeeded
[INFO] [1777741282.327211605] [data_collector]:   Mode:                    social
[INFO] [1777741282.327461775] [data_collector]:   Attempt:                 0
[INFO] [1777741282.327708366] [data_collector]:   Path length:             40.05 m
[INFO] [1777741282.327960632] [data_collector]:   Navigation time:         131.86 s
[INFO] [1777741282.328215112] [data_collector]:   Encounters (<1.0m):      7
[INFO] [1777741282.328480747] [data_collector]:   Personal violations (<1.20m): 12
[INFO] [1777741282.328848945] [data_collector]:   Intimate violations (<0.45m): 3
[INFO] [1777741282.330076290] [data_collector]:   Min pedestrian dist:     0.187 m
[INFO] [1777741282.330408843] [data_collector]:   Mean angular accel:      0.2422 rad/s²
[INFO] [1777741282.330737349] [data_collector]: =======================================================
[INFO] [1777741282.331798425] [data_collector]: Saved to /home/dx/CPE631-Navigation-ROS2-main/social_4groups_headless_10.csv
[INFO] [1777741282.332384208] [data_collector]: exit_after_result=True, shutting down.
[INFO] [1777741282.334435319] [data_collector]: SIGUSR1: experiment was not active, shutting down.
