[INFO] [1777693532.966896991] [data_collector]: DataCollector ready  mode=dynamic_astar  encounter=1.00m  personal=1.20m  intimate=0.45m
[INFO] [1777693532.968021922] [data_collector]: Results CSV: /home/dx/CPE631-Navigation-ROS2-main/experiment_results_v3.csv

Commands: [s] start  [e] end  [1] social  [2] baseline  [3] dynamic  [q] quit
cmd> [INFO] [1777693538.236543923] [data_collector]: Started experiment [dynamic_astar]
[WARN] [1777693549.420855994] [data_collector]: Personal space violation (<1.20m) +1, total=1
[INFO] [1777693549.835462901] [data_collector]: Encounter (<1.0m) +1, total=1
[WARN] [1777693560.602091309] [data_collector]: Personal space violation (<1.20m) +1, total=2
[INFO] [1777693560.754127512] [data_collector]: Encounter (<1.0m) +1, total=2
[WARN] [1777693562.505811633] [data_collector]: Personal space violation (<1.20m) +1, total=3
[WARN] [1777693567.277501421] [data_collector]: Personal space violation (<1.20m) +1, total=4
[WARN] [1777693567.444666241] [data_collector]: Personal space violation (<1.20m) +1, total=5
[WARN] [1777693568.324285149] [data_collector]: Personal space violation (<1.20m) +1, total=6
[WARN] [1777693580.740670096] [data_collector]: Personal space violation (<1.20m) +1, total=7
[INFO] [1777693580.908805055] [data_collector]: Encounter (<1.0m) +1, total=3
[WARN] [1777693591.317746618] [data_collector]: Personal space violation (<1.20m) +1, total=8
[INFO] [1777693591.555994596] [data_collector]: Encounter (<1.0m) +1, total=4
[WARN] [1777693592.343376369] [data_collector]: Intimate space violation (<0.45m) +1, total=1
[WARN] [1777693592.426890384] [data_collector]: Personal space violation (<1.20m) +1, total=9
[INFO] [1777693592.653966941] [data_collector]: Encounter (<1.0m) +1, total=5
[WARN] [1777693597.768923795] [data_collector]: Personal space violation (<1.20m) +1, total=10
[INFO] [1777693598.212672182] [data_collector]: Encounter (<1.0m) +1, total=6
[WARN] [1777693598.996120395] [data_collector]: Intimate space violation (<0.45m) +1, total=2
[INFO] [1777693628.876073645] [data_collector]: SIGUSR1: 读取 result_file → 'succeeded'
[INFO] [1777693628.878288051] [data_collector]: =======================================================
[INFO] [1777693628.878644296] [data_collector]: Experiment #8 result: succeeded
[INFO] [1777693628.879053611] [data_collector]:   Mode:                    dynamic_astar
[INFO] [1777693628.879344882] [data_collector]:   Attempt:                 1
[INFO] [1777693628.879607247] [data_collector]:   Path length:             36.60 m
[INFO] [1777693628.880416654] [data_collector]:   Navigation time:         99.28 s
[INFO] [1777693628.881778244] [data_collector]:   Encounters (<1.0m):      6
[INFO] [1777693628.882083658] [data_collector]:   Personal violations (<1.20m): 10
[INFO] [1777693628.882433955] [data_collector]:   Intimate violations (<0.45m): 2
[INFO] [1777693628.882728122] [data_collector]:   Min pedestrian dist:     0.221 m
[INFO] [1777693628.883522441] [data_collector]:   Mean angular accel:      0.2283 rad/s²
[INFO] [1777693628.883859396] [data_collector]: =======================================================
[INFO] [1777693628.884484647] [data_collector]: Saved to /home/dx/CPE631-Navigation-ROS2-main/experiment_results_v3.csv
[INFO] [1777693628.884869616] [data_collector]: exit_after_result=True, shutting down.
[INFO] [1777693628.887875439] [data_collector]: SIGUSR1: experiment was not active, shutting down.
Traceback (most recent call last):
  File "/home/dx/CPE631-Navigation-ROS2-main/install/cpe631_ros2/lib/cpe631_ros2/data_collector", line 411, in <module>
    main()
  File "/home/dx/CPE631-Navigation-ROS2-main/install/cpe631_ros2/lib/cpe631_ros2/data_collector", line 391, in main
    rclpy.spin(node)
  File "/opt/ros/jazzy/lib/python3.12/site-packages/rclpy/__init__.py", line 247, in spin
    executor.spin_once()
  File "/opt/ros/jazzy/lib/python3.12/site-packages/rclpy/executors.py", line 926, in spin_once
    self._spin_once_impl(timeout_sec)
  File "/opt/ros/jazzy/lib/python3.12/site-packages/rclpy/executors.py", line 918, in _spin_once_impl
    raise handler.exception()
  File "/opt/ros/jazzy/lib/python3.12/site-packages/rclpy/task.py", line 286, in _execute_coroutine_step
    result = coro.send(None)
             ^^^^^^^^^^^^^^^
  File "/opt/ros/jazzy/lib/python3.12/site-packages/rclpy/executors.py", line 579, in handler
    gc.trigger()
    ^^^^^^^^^^
AttributeError: 'NoneType' object has no attribute 'trigger'
