[INFO] [1777693035.715969452] [data_collector]: DataCollector ready  mode=dynamic_astar  encounter=1.00m  personal=1.20m  intimate=0.45m
[INFO] [1777693035.716502350] [data_collector]: Results CSV: /home/dx/CPE631-Navigation-ROS2-main/experiment_results_v3.csv

Commands: [s] start  [e] end  [1] social  [2] baseline  [3] dynamic  [q] quit
cmd> [INFO] [1777693040.742313488] [data_collector]: Started experiment [dynamic_astar]
[WARN] [1777693052.334947462] [data_collector]: Personal space violation (<1.20m) +1, total=1
[INFO] [1777693052.667116333] [data_collector]: Encounter (<1.0m) +1, total=1
[WARN] [1777693063.516818240] [data_collector]: Personal space violation (<1.20m) +1, total=2
[INFO] [1777693063.682749957] [data_collector]: Encounter (<1.0m) +1, total=2
[WARN] [1777693064.160375730] [data_collector]: Intimate space violation (<0.45m) +1, total=1
[WARN] [1777693072.783751806] [data_collector]: Personal space violation (<1.20m) +1, total=3
[INFO] [1777693072.855688754] [data_collector]: Encounter (<1.0m) +1, total=3
[WARN] [1777693073.699571989] [data_collector]: Personal space violation (<1.20m) +1, total=4
[WARN] [1777693085.679595981] [data_collector]: Personal space violation (<1.20m) +1, total=5
[WARN] [1777693093.345628804] [data_collector]: Personal space violation (<1.20m) +1, total=6
[INFO] [1777693093.902767289] [data_collector]: Encounter (<1.0m) +1, total=4
[WARN] [1777693094.291210978] [data_collector]: Personal space violation (<1.20m) +1, total=7
[INFO] [1777693094.543437886] [data_collector]: Encounter (<1.0m) +1, total=5
[WARN] [1777693100.248754264] [data_collector]: Personal space violation (<1.20m) +1, total=8
[INFO] [1777693100.629687408] [data_collector]: Encounter (<1.0m) +1, total=6
[INFO] [1777693131.590861069] [data_collector]: SIGUSR1: 读取 result_file → 'succeeded'
[INFO] [1777693131.591333976] [data_collector]: =======================================================
[INFO] [1777693131.591638645] [data_collector]: Experiment #6 result: succeeded
[INFO] [1777693131.592347314] [data_collector]:   Mode:                    dynamic_astar
[INFO] [1777693131.592857138] [data_collector]:   Attempt:                 1
[INFO] [1777693131.593182539] [data_collector]:   Path length:             36.84 m
[INFO] [1777693131.593464931] [data_collector]:   Navigation time:         98.58 s
[INFO] [1777693131.593824005] [data_collector]:   Encounters (<1.0m):      6
[INFO] [1777693131.594184328] [data_collector]:   Personal violations (<1.20m): 8
[INFO] [1777693131.594539853] [data_collector]:   Intimate violations (<0.45m): 1
[INFO] [1777693131.594831092] [data_collector]:   Min pedestrian dist:     0.248 m
[INFO] [1777693131.595118392] [data_collector]:   Mean angular accel:      0.2450 rad/s²
[INFO] [1777693131.595470479] [data_collector]: =======================================================
[INFO] [1777693131.595891043] [data_collector]: Saved to /home/dx/CPE631-Navigation-ROS2-main/experiment_results_v3.csv
[INFO] [1777693131.596296295] [data_collector]: exit_after_result=True, shutting down.
[INFO] [1777693131.600719047] [data_collector]: SIGUSR1: experiment was not active, shutting down.
