[INFO] [1777743358.971074382] [data_collector]: DataCollector ready  mode=social_astar  encounter=1.00m  personal=1.20m  intimate=0.45m
[INFO] [1777743358.972137452] [data_collector]: Results CSV: /home/dx/CPE631-Navigation-ROS2-main/social_4groups_headless_10.csv

Commands: [s] start  [e] end  [1] social  [2] baseline  [3] dynamic  [q] quit
cmd> [INFO] [1777743364.121739407] [data_collector]: Started experiment [social_astar]
[WARN] [1777743364.166993405] [data_collector]: Personal space violation (<1.20m) +1, total=1
[WARN] [1777743366.623360135] [data_collector]: Personal space violation (<1.20m) +1, total=2
[WARN] [1777743378.619287405] [data_collector]: Personal space violation (<1.20m) +1, total=3
[WARN] [1777743380.532980247] [data_collector]: Personal space violation (<1.20m) +1, total=4
[WARN] [1777743398.840871587] [data_collector]: Personal space violation (<1.20m) +1, total=5
[WARN] [1777743407.549311145] [data_collector]: Personal space violation (<1.20m) +1, total=6
[INFO] [1777743408.238402212] [data_collector]: Encounter (<1.0m) +1, total=1
[WARN] [1777743409.178307472] [data_collector]: Intimate space violation (<0.45m) +1, total=1
[WARN] [1777743424.207213165] [data_collector]: Personal space violation (<1.20m) +1, total=7
[INFO] [1777743424.651520359] [data_collector]: Encounter (<1.0m) +1, total=2
[WARN] [1777743425.516058188] [data_collector]: Personal space violation (<1.20m) +1, total=8
[WARN] [1777743458.297218396] [data_collector]: Personal space violation (<1.20m) +1, total=9
[INFO] [1777743458.820798998] [data_collector]: Encounter (<1.0m) +1, total=3
[WARN] [1777743458.821416457] [data_collector]: Personal space violation (<1.20m) +1, total=10
[INFO] [1777743459.498105999] [data_collector]: Encounter (<1.0m) +1, total=4
[WARN] [1777743469.722396629] [data_collector]: Personal space violation (<1.20m) +1, total=11
[INFO] [1777743470.425043943] [data_collector]: Encounter (<1.0m) +1, total=5
[WARN] [1777743492.440126069] [data_collector]: Personal space violation (<1.20m) +1, total=12
[INFO] [1777743492.563313751] [data_collector]: Encounter (<1.0m) +1, total=6
[INFO] [1777743492.735781377] [data_collector]: SIGUSR1: 读取 result_file → 'aborted'
[INFO] [1777743492.737253986] [data_collector]: =======================================================
[INFO] [1777743492.737510864] [data_collector]: Experiment #1 result: aborted
[INFO] [1777743492.737731777] [data_collector]:   Mode:                    social_astar
[INFO] [1777743492.737959881] [data_collector]:   Attempt:                 0
[INFO] [1777743492.738222401] [data_collector]:   Path length:             30.04 m
[INFO] [1777743492.738476588] [data_collector]:   Navigation time:         84.56 s
[INFO] [1777743492.738742108] [data_collector]:   Encounters (<1.0m):      6
[INFO] [1777743492.739288326] [data_collector]:   Personal violations (<1.20m): 12
[INFO] [1777743492.739600767] [data_collector]:   Intimate violations (<0.45m): 1
[INFO] [1777743492.739883568] [data_collector]:   Min pedestrian dist:     0.185 m
[INFO] [1777743492.740173357] [data_collector]:   Mean angular accel:      0.3766 rad/s²
[INFO] [1777743492.740479856] [data_collector]: =======================================================
[INFO] [1777743492.741990843] [data_collector]: Saved to /home/dx/CPE631-Navigation-ROS2-main/social_4groups_headless_10.csv
[INFO] [1777743492.742471159] [data_collector]: exit_after_result=True, shutting down.
[INFO] [1777743492.744396427] [data_collector]: SIGUSR1: experiment was not active, shutting down.
