[INFO] [1777743542.318261254] [data_collector]: DataCollector ready  mode=social_astar  encounter=1.00m  personal=1.20m  intimate=0.45m
[INFO] [1777743542.319515864] [data_collector]: Results CSV: /home/dx/CPE631-Navigation-ROS2-main/social_4groups_headless_10.csv

Commands: [s] start  [e] end  [1] social  [2] baseline  [3] dynamic  [q] quit
cmd> [INFO] [1777743547.586176927] [data_collector]: Started experiment [social_astar]
[INFO] [1777743547.724405664] [data_collector]: Encounter (<1.0m) +1, total=1
[WARN] [1777743547.724753734] [data_collector]: Personal space violation (<1.20m) +1, total=1
[WARN] [1777743550.318241297] [data_collector]: Personal space violation (<1.20m) +1, total=2
[WARN] [1777743561.134243417] [data_collector]: Personal space violation (<1.20m) +1, total=3
[WARN] [1777743578.944872293] [data_collector]: Personal space violation (<1.20m) +1, total=4
[WARN] [1777743579.867851959] [data_collector]: Personal space violation (<1.20m) +1, total=5
[WARN] [1777743585.430681847] [data_collector]: Personal space violation (<1.20m) +1, total=6
[INFO] [1777743585.629441715] [data_collector]: Encounter (<1.0m) +1, total=2
[WARN] [1777743586.717429608] [data_collector]: Intimate space violation (<0.45m) +1, total=1
[WARN] [1777743818.678226915] [data_collector]: Personal space violation (<1.20m) +1, total=7
[INFO] [1777744036.383801896] [data_collector]: SIGUSR1: 读取 result_file → 'aborted'
[INFO] [1777744036.390456954] [data_collector]: =======================================================
[INFO] [1777744036.390785025] [data_collector]: Experiment #1 result: aborted
[INFO] [1777744036.391443116] [data_collector]:   Mode:                    social_astar
[INFO] [1777744036.391699426] [data_collector]:   Attempt:                 1
[INFO] [1777744036.392541471] [data_collector]:   Path length:             17.53 m
[INFO] [1777744036.393219027] [data_collector]:   Navigation time:         367.04 s
[INFO] [1777744036.393509634] [data_collector]:   Encounters (<1.0m):      2
[INFO] [1777744036.393865533] [data_collector]:   Personal violations (<1.20m): 7
[INFO] [1777744036.394161888] [data_collector]:   Intimate violations (<0.45m): 1
[INFO] [1777744036.395261809] [data_collector]:   Min pedestrian dist:     0.322 m
[INFO] [1777744036.395700110] [data_collector]:   Mean angular accel:      0.1457 rad/s²
[INFO] [1777744036.396149120] [data_collector]: =======================================================
[INFO] [1777744036.397948984] [data_collector]: Saved to /home/dx/CPE631-Navigation-ROS2-main/social_4groups_headless_10.csv
[INFO] [1777744036.398279336] [data_collector]: exit_after_result=True, shutting down.
[INFO] [1777744036.400851064] [data_collector]: SIGUSR1: experiment was not active, shutting down.
