[INFO] [1777716827.676979690] [data_collector]: DataCollector ready  mode=dynamic_astar  encounter=1.00m  personal=1.20m  intimate=0.45m
[INFO] [1777716827.677577562] [data_collector]: Results CSV: /home/dx/CPE631-Navigation-ROS2-main/dynamic_4groups_headless_10.csv

Commands: [s] start  [e] end  [1] social  [2] baseline  [3] dynamic  [q] quit
cmd> [INFO] [1777716832.685000562] [data_collector]: Started experiment [dynamic_astar]
[WARN] [1777716832.697747982] [data_collector]: Personal space violation (<1.20m) +1, total=1
[WARN] [1777716834.392528381] [data_collector]: Personal space violation (<1.20m) +1, total=2
[WARN] [1777716846.702535506] [data_collector]: Personal space violation (<1.20m) +1, total=3
[WARN] [1777716847.012276030] [data_collector]: Personal space violation (<1.20m) +1, total=4
[WARN] [1777716847.293442180] [data_collector]: Personal space violation (<1.20m) +1, total=5
[WARN] [1777716865.922022501] [data_collector]: Personal space violation (<1.20m) +1, total=6
[WARN] [1777716873.324314374] [data_collector]: Personal space violation (<1.20m) +1, total=7
[INFO] [1777716873.615126877] [data_collector]: Encounter (<1.0m) +1, total=1
[WARN] [1777716887.375757576] [data_collector]: Personal space violation (<1.20m) +1, total=8
[INFO] [1777716887.671751146] [data_collector]: Encounter (<1.0m) +1, total=2
[WARN] [1777716889.039788955] [data_collector]: Intimate space violation (<0.45m) +1, total=1
[WARN] [1777716892.194611320] [data_collector]: Personal space violation (<1.20m) +1, total=9
[WARN] [1777716906.368432790] [data_collector]: Personal space violation (<1.20m) +1, total=10
[INFO] [1777716907.133263108] [data_collector]: Encounter (<1.0m) +1, total=3
[WARN] [1777716912.852820587] [data_collector]: Personal space violation (<1.20m) +1, total=11
[WARN] [1777716916.387797617] [data_collector]: Personal space violation (<1.20m) +1, total=12
[WARN] [1777716916.541168920] [data_collector]: Personal space violation (<1.20m) +1, total=13
[INFO] [1777716916.948556123] [data_collector]: Encounter (<1.0m) +1, total=4
[WARN] [1777716917.859769313] [data_collector]: Personal space violation (<1.20m) +1, total=14
[WARN] [1777716919.025641337] [data_collector]: Intimate space violation (<0.45m) +1, total=2
[WARN] [1777716921.738771216] [data_collector]: Personal space violation (<1.20m) +1, total=15
[WARN] [1777716922.827842488] [data_collector]: Personal space violation (<1.20m) +1, total=16
[WARN] [1777716944.669815958] [data_collector]: Personal space violation (<1.20m) +1, total=17
[WARN] [1777716944.852003384] [data_collector]: Personal space violation (<1.20m) +1, total=18
[WARN] [1777716952.261865393] [data_collector]: Personal space violation (<1.20m) +1, total=19
[INFO] [1777716952.429511082] [data_collector]: Encounter (<1.0m) +1, total=5
[WARN] [1777716953.287693507] [data_collector]: Intimate space violation (<0.45m) +1, total=3
[WARN] [1777716965.455219344] [data_collector]: Personal space violation (<1.20m) +1, total=20
[INFO] [1777716966.195872229] [data_collector]: Encounter (<1.0m) +1, total=6
[WARN] [1777716967.247589970] [data_collector]: Personal space violation (<1.20m) +1, total=21
[WARN] [1777716967.247865647] [data_collector]: Intimate space violation (<0.45m) +1, total=4
[INFO] [1777716967.734113840] [data_collector]: SIGUSR1: 读取 result_file → 'succeeded'
[INFO] [1777716967.734444462] [data_collector]: =======================================================
[INFO] [1777716967.734669145] [data_collector]: Experiment #1 result: succeeded
[INFO] [1777716967.734887586] [data_collector]:   Mode:                    dynamic_astar
[INFO] [1777716967.735118560] [data_collector]:   Attempt:                 0
[INFO] [1777716967.735373530] [data_collector]:   Path length:             36.39 m
[INFO] [1777716967.735615288] [data_collector]:   Navigation time:         96.46 s
[INFO] [1777716967.735885715] [data_collector]:   Encounters (<1.0m):      6
[INFO] [1777716967.736165034] [data_collector]:   Personal violations (<1.20m): 21
[INFO] [1777716967.739073175] [data_collector]:   Intimate violations (<0.45m): 4
[INFO] [1777716967.739454615] [data_collector]:   Min pedestrian dist:     0.358 m
[INFO] [1777716967.739777811] [data_collector]:   Mean angular accel:      0.3082 rad/s²
[INFO] [1777716967.740071400] [data_collector]: =======================================================
[INFO] [1777716967.740515347] [data_collector]: Saved to /home/dx/CPE631-Navigation-ROS2-main/dynamic_4groups_headless_10.csv
[INFO] [1777716967.740887725] [data_collector]: exit_after_result=True, shutting down.
[INFO] [1777716967.743423292] [data_collector]: SIGUSR1: experiment was not active, shutting down.
