[INFO] [1777719210.030997314] [data_collector]: DataCollector ready  mode=dynamic_dstar  encounter=1.00m  personal=1.20m  intimate=0.45m
[INFO] [1777719210.031442331] [data_collector]: Results CSV: /home/dx/CPE631-Navigation-ROS2-main/dynamic_4groups_headless_10.csv

Commands: [s] start  [e] end  [1] social  [2] baseline  [3] dynamic  [q] quit
cmd> [INFO] [1777719215.112314814] [data_collector]: Started experiment [dynamic_dstar]
[WARN] [1777719215.698685220] [data_collector]: Personal space violation (<1.20m) +1, total=1
[INFO] [1777719216.374375297] [data_collector]: Encounter (<1.0m) +1, total=1
[WARN] [1777719250.526124146] [data_collector]: Personal space violation (<1.20m) +1, total=2
[INFO] [1777719250.826472256] [data_collector]: Encounter (<1.0m) +1, total=2
[WARN] [1777719251.604844517] [data_collector]: Intimate space violation (<0.45m) +1, total=1
[WARN] [1777719264.228958633] [data_collector]: Personal space violation (<1.20m) +1, total=3
[INFO] [1777719264.548655326] [data_collector]: Encounter (<1.0m) +1, total=3
[INFO] [1777719269.263771349] [data_collector]: Encounter (<1.0m) +1, total=4
[WARN] [1777719283.249071134] [data_collector]: Personal space violation (<1.20m) +1, total=4
[INFO] [1777719283.927172558] [data_collector]: Encounter (<1.0m) +1, total=5
[WARN] [1777719286.302397935] [data_collector]: Personal space violation (<1.20m) +1, total=5
[INFO] [1777719287.071175838] [data_collector]: Encounter (<1.0m) +1, total=6
[INFO] [1777719291.522127626] [data_collector]: Encounter (<1.0m) +1, total=7
[WARN] [1777719292.688053981] [data_collector]: Personal space violation (<1.20m) +1, total=6
[WARN] [1777719293.514343760] [data_collector]: Personal space violation (<1.20m) +1, total=7
[INFO] [1777719293.684480934] [data_collector]: Encounter (<1.0m) +1, total=8
[WARN] [1777719295.050489100] [data_collector]: Intimate space violation (<0.45m) +1, total=2
[WARN] [1777719305.402371223] [data_collector]: Personal space violation (<1.20m) +1, total=8
[INFO] [1777719305.685438107] [data_collector]: Encounter (<1.0m) +1, total=9
[WARN] [1777719306.735845029] [data_collector]: Intimate space violation (<0.45m) +1, total=3
[WARN] [1777719312.764544999] [data_collector]: Personal space violation (<1.20m) +1, total=9
[INFO] [1777719313.157392923] [data_collector]: Encounter (<1.0m) +1, total=10
[WARN] [1777719314.386584860] [data_collector]: Intimate space violation (<0.45m) +1, total=4
[INFO] [1777719317.615018566] [data_collector]: Encounter (<1.0m) +1, total=11
[WARN] [1777719321.690896981] [data_collector]: Personal space violation (<1.20m) +1, total=10
[INFO] [1777719321.915478554] [data_collector]: Encounter (<1.0m) +1, total=12
[WARN] [1777719323.143260142] [data_collector]: Intimate space violation (<0.45m) +1, total=5
[WARN] [1777719334.127291836] [data_collector]: Personal space violation (<1.20m) +1, total=11
[INFO] [1777719334.543404981] [data_collector]: Encounter (<1.0m) +1, total=13
[INFO] [1777719336.592765894] [data_collector]: Encounter (<1.0m) +1, total=14
[WARN] [1777719339.659182947] [data_collector]: Personal space violation (<1.20m) +1, total=12
[INFO] [1777719339.961770944] [data_collector]: Encounter (<1.0m) +1, total=15
[WARN] [1777719341.843982467] [data_collector]: Intimate space violation (<0.45m) +1, total=6
[WARN] [1777719349.588739224] [data_collector]: Personal space violation (<1.20m) +1, total=13
[WARN] [1777719350.766716168] [data_collector]: Personal space violation (<1.20m) +1, total=14
[WARN] [1777719581.406163038] [data_collector]: Personal space violation (<1.20m) +1, total=15
[INFO] [1777719581.825511745] [data_collector]: SIGUSR1: 读取 result_file → 'aborted'
[INFO] [1777719581.825853989] [data_collector]: =======================================================
[INFO] [1777719581.826079962] [data_collector]: Experiment #1 result: aborted
[INFO] [1777719581.826290907] [data_collector]:   Mode:                    dynamic_dstar
[INFO] [1777719581.826505390] [data_collector]:   Attempt:                 1
[INFO] [1777719581.826716623] [data_collector]:   Path length:             35.25 m
[INFO] [1777719581.826943246] [data_collector]:   Navigation time:         292.97 s
[INFO] [1777719581.827164961] [data_collector]:   Encounters (<1.0m):      15
[INFO] [1777719581.829098425] [data_collector]:   Personal violations (<1.20m): 15
[INFO] [1777719581.829383476] [data_collector]:   Intimate violations (<0.45m): 6
[INFO] [1777719581.829652165] [data_collector]:   Min pedestrian dist:     0.028 m
[INFO] [1777719581.829933629] [data_collector]:   Mean angular accel:      0.1806 rad/s²
[INFO] [1777719581.830965775] [data_collector]: =======================================================
[INFO] [1777719581.831356494] [data_collector]: Saved to /home/dx/CPE631-Navigation-ROS2-main/dynamic_4groups_headless_10.csv
[INFO] [1777719581.831669099] [data_collector]: exit_after_result=True, shutting down.
[INFO] [1777719581.833414860] [data_collector]: SIGUSR1: experiment was not active, shutting down.
