[INFO] [1777713676.311476277] [data_collector]: DataCollector ready  mode=baseline  encounter=1.00m  personal=1.20m  intimate=0.45m
[INFO] [1777713676.311950529] [data_collector]: Results CSV: /home/dx/CPE631-Navigation-ROS2-main/dynamic_4groups_headless_10.csv

Commands: [s] start  [e] end  [1] social  [2] baseline  [3] dynamic  [q] quit
cmd> [INFO] [1777713681.463427740] [data_collector]: Started experiment [baseline]
[INFO] [1777713733.164659964] [data_collector]: SIGUSR1: 读取 result_file → 'succeeded'
[INFO] [1777713733.165087153] [data_collector]: =======================================================
[INFO] [1777713733.165325483] [data_collector]: Experiment #7 result: succeeded
[INFO] [1777713733.165534861] [data_collector]:   Mode:                    baseline
[INFO] [1777713733.167045613] [data_collector]:   Attempt:                 0
[INFO] [1777713733.167331334] [data_collector]:   Path length:             36.84 m
[INFO] [1777713733.167561088] [data_collector]:   Navigation time:         101.15 s
[INFO] [1777713733.168579701] [data_collector]:   Encounters (<1.0m):      0
[INFO] [1777713733.169678946] [data_collector]:   Personal violations (<1.20m): 0
[INFO] [1777713733.170161706] [data_collector]:   Intimate violations (<0.45m): 0
[INFO] [1777713733.171075158] [data_collector]:   Min pedestrian dist:     N/A
[INFO] [1777713733.171822946] [data_collector]:   Mean angular accel:      0.1465 rad/s²
[INFO] [1777713733.172560980] [data_collector]: =======================================================
[INFO] [1777713733.173298007] [data_collector]: Saved to /home/dx/CPE631-Navigation-ROS2-main/dynamic_4groups_headless_10.csv
[INFO] [1777713733.173788108] [data_collector]: exit_after_result=True, shutting down.
[INFO] [1777713733.177816413] [data_collector]: SIGUSR1: experiment was not active, shutting down.
