[INFO] [1777693847.948836908] [data_collector]: DataCollector ready  mode=dynamic_astar  encounter=1.00m  personal=1.20m  intimate=0.45m
[INFO] [1777693847.949324940] [data_collector]: Results CSV: /home/dx/CPE631-Navigation-ROS2-main/experiment_results_v3.csv

Commands: [s] start  [e] end  [1] social  [2] baseline  [3] dynamic  [q] quit
cmd> [INFO] [1777693853.004702271] [data_collector]: Started experiment [dynamic_astar]
[WARN] [1777693853.051765081] [data_collector]: Personal space violation (<1.20m) +1, total=1
[WARN] [1777693865.848677080] [data_collector]: Personal space violation (<1.20m) +1, total=2
[WARN] [1777693876.195542832] [data_collector]: Personal space violation (<1.20m) +1, total=3
[INFO] [1777693876.334522437] [data_collector]: Encounter (<1.0m) +1, total=1
[WARN] [1777693876.654347726] [data_collector]: Intimate space violation (<0.45m) +1, total=1
[WARN] [1777693885.213365455] [data_collector]: Personal space violation (<1.20m) +1, total=4
[INFO] [1777693885.466454928] [data_collector]: Encounter (<1.0m) +1, total=2
[WARN] [1777693894.277393764] [data_collector]: Personal space violation (<1.20m) +1, total=5
[WARN] [1777693898.055807072] [data_collector]: Personal space violation (<1.20m) +1, total=6
[WARN] [1777693904.909773170] [data_collector]: Personal space violation (<1.20m) +1, total=7
[INFO] [1777693905.362885049] [data_collector]: Encounter (<1.0m) +1, total=3
[WARN] [1777693906.126118131] [data_collector]: Intimate space violation (<0.45m) +1, total=2
[WARN] [1777693924.406470541] [data_collector]: Personal space violation (<1.20m) +1, total=8
[WARN] [1777693925.409812420] [data_collector]: Personal space violation (<1.20m) +1, total=9
[INFO] [1777693925.707942851] [data_collector]: Encounter (<1.0m) +1, total=4
[WARN] [1777693926.565754907] [data_collector]: Intimate space violation (<0.45m) +1, total=3
[WARN] [1777693939.742680815] [data_collector]: Personal space violation (<1.20m) +1, total=10
[WARN] [1777693942.789318641] [data_collector]: Personal space violation (<1.20m) +1, total=11
[INFO] [1777693943.289558518] [data_collector]: Encounter (<1.0m) +1, total=5
[WARN] [1777693944.445700637] [data_collector]: Intimate space violation (<0.45m) +1, total=4
[WARN] [1777693944.592262218] [data_collector]: Intimate space violation (<0.45m) +1, total=5
[WARN] [1777693955.990513823] [data_collector]: Personal space violation (<1.20m) +1, total=12
[INFO] [1777693956.716511535] [data_collector]: SIGUSR1: 读取 result_file → 'succeeded'
[INFO] [1777693956.718588088] [data_collector]: =======================================================
[INFO] [1777693956.718936274] [data_collector]: Experiment #9 result: succeeded
[INFO] [1777693956.719289175] [data_collector]:   Mode:                    dynamic_astar
[INFO] [1777693956.719658610] [data_collector]:   Attempt:                 1
[INFO] [1777693956.720401210] [data_collector]:   Path length:             38.79 m
[INFO] [1777693956.722047905] [data_collector]:   Navigation time:         115.56 s
[INFO] [1777693956.722933387] [data_collector]:   Encounters (<1.0m):      5
[INFO] [1777693956.723375911] [data_collector]:   Personal violations (<1.20m): 12
[INFO] [1777693956.723826417] [data_collector]:   Intimate violations (<0.45m): 5
[INFO] [1777693956.724250475] [data_collector]:   Min pedestrian dist:     0.157 m
[INFO] [1777693956.725720228] [data_collector]:   Mean angular accel:      0.2137 rad/s²
[INFO] [1777693956.726695273] [data_collector]: =======================================================
[INFO] [1777693956.727656812] [data_collector]: Saved to /home/dx/CPE631-Navigation-ROS2-main/experiment_results_v3.csv
[INFO] [1777693956.728288103] [data_collector]: exit_after_result=True, shutting down.
[INFO] [1777693956.731479838] [data_collector]: SIGUSR1: experiment was not active, shutting down.
