[INFO] [1777760060.145466154] [data_collector]: DataCollector ready  mode=social_dstar_plus  encounter=1.00m  personal=1.20m  intimate=0.45m
[INFO] [1777760060.145923261] [data_collector]: Results CSV: /home/dx/CPE631-Navigation-ROS2-main/experiment_results_v3.csv

Commands: [s] start  [e] end  [1] social  [2] baseline  [3] dynamic  [q] quit
cmd> [INFO] [1777760065.204370921] [data_collector]: Started experiment [social_dstar_plus]
[WARN] [1777760065.285144956] [data_collector]: Personal space violation (<1.20m) +1, total=1
[INFO] [1777760066.406647670] [data_collector]: Encounter (<1.0m) +1, total=1
[WARN] [1777760096.344949835] [data_collector]: Personal space violation (<1.20m) +1, total=2
[INFO] [1777760096.548389772] [data_collector]: Encounter (<1.0m) +1, total=2
[WARN] [1777760097.101775425] [data_collector]: Intimate space violation (<0.45m) +1, total=1
[WARN] [1777760108.570097155] [data_collector]: Personal space violation (<1.20m) +1, total=3
[INFO] [1777760108.802146328] [data_collector]: Encounter (<1.0m) +1, total=3
[WARN] [1777760124.827966266] [data_collector]: Personal space violation (<1.20m) +1, total=4
[INFO] [1777760125.245969279] [data_collector]: Encounter (<1.0m) +1, total=4
[WARN] [1777760128.747073018] [data_collector]: Personal space violation (<1.20m) +1, total=5
[INFO] [1777760129.646852561] [data_collector]: Encounter (<1.0m) +1, total=5
[WARN] [1777760134.368755014] [data_collector]: Personal space violation (<1.20m) +1, total=6
[INFO] [1777760134.464404449] [data_collector]: Encounter (<1.0m) +1, total=6
[WARN] [1777760134.865765305] [data_collector]: Personal space violation (<1.20m) +1, total=7
[WARN] [1777760135.863373932] [data_collector]: Intimate space violation (<0.45m) +1, total=2
[WARN] [1777760138.049016862] [data_collector]: Personal space violation (<1.20m) +1, total=8
[WARN] [1777760139.712746215] [data_collector]: Personal space violation (<1.20m) +1, total=9
[WARN] [1777760140.049901282] [data_collector]: Intimate space violation (<0.45m) +1, total=3
[WARN] [1777760140.382710688] [data_collector]: Intimate space violation (<0.45m) +1, total=4
[WARN] [1777760142.445808910] [data_collector]: Personal space violation (<1.20m) +1, total=10
[INFO] [1777760142.588577229] [data_collector]: Encounter (<1.0m) +1, total=7
[WARN] [1777760145.698317620] [data_collector]: Personal space violation (<1.20m) +1, total=11
[INFO] [1777760147.063893967] [data_collector]: Encounter (<1.0m) +1, total=8
[INFO] [1777760150.769158964] [data_collector]: SIGUSR1: 读取 result_file → 'aborted'
[INFO] [1777760150.769451708] [data_collector]: =======================================================
[INFO] [1777760150.769672971] [data_collector]: Experiment #14 result: aborted
[INFO] [1777760150.769885898] [data_collector]:   Mode:                    social_dstar_plus
[INFO] [1777760150.770109191] [data_collector]:   Attempt:                 0
[INFO] [1777760150.770354757] [data_collector]:   Path length:             28.06 m
[INFO] [1777760150.770581226] [data_collector]:   Navigation time:         71.77 s
[INFO] [1777760150.773665295] [data_collector]:   Encounters (<1.0m):      8
[INFO] [1777760150.773954721] [data_collector]:   Personal violations (<1.20m): 11
[INFO] [1777760150.774224567] [data_collector]:   Intimate violations (<0.45m): 4
[INFO] [1777760150.774561179] [data_collector]:   Min pedestrian dist:     0.001 m
[INFO] [1777760150.777400509] [data_collector]:   Mean angular accel:      0.2467 rad/s²
[INFO] [1777760150.777749283] [data_collector]: =======================================================
[INFO] [1777760150.779040337] [data_collector]: Saved to /home/dx/CPE631-Navigation-ROS2-main/experiment_results_v3.csv
[INFO] [1777760150.779394305] [data_collector]: exit_after_result=True, shutting down.
[INFO] [1777760150.783902038] [data_collector]: SIGUSR1: experiment was not active, shutting down.
