[INFO] [1777751419.869767402] [data_collector]: DataCollector ready  mode=social_dstar  encounter=1.00m  personal=1.20m  intimate=0.45m
[INFO] [1777751419.870820564] [data_collector]: Results CSV: /home/dx/CPE631-Navigation-ROS2-main/social_4groups_headless_10.csv

Commands: [s] start  [e] end  [1] social  [2] baseline  [3] dynamic  [q] quit
cmd> [INFO] [1777751425.070630277] [data_collector]: Started experiment [social_dstar]
[WARN] [1777751425.236849644] [data_collector]: Personal space violation (<1.20m) +1, total=1
[INFO] [1777751425.574119563] [data_collector]: Encounter (<1.0m) +1, total=1
[WARN] [1777751454.080237913] [data_collector]: Personal space violation (<1.20m) +1, total=2
[INFO] [1777751454.280831510] [data_collector]: Encounter (<1.0m) +1, total=2
[WARN] [1777751455.007956337] [data_collector]: Intimate space violation (<0.45m) +1, total=1
[WARN] [1777751466.110068129] [data_collector]: Personal space violation (<1.20m) +1, total=3
[INFO] [1777751466.286864034] [data_collector]: Encounter (<1.0m) +1, total=3
[WARN] [1777751481.823800522] [data_collector]: Personal space violation (<1.20m) +1, total=4
[INFO] [1777751482.384212051] [data_collector]: Encounter (<1.0m) +1, total=4
[WARN] [1777751491.455707545] [data_collector]: Personal space violation (<1.20m) +2, total=6
[INFO] [1777751491.728968278] [data_collector]: Encounter (<1.0m) +1, total=5
[WARN] [1777751492.581185722] [data_collector]: Intimate space violation (<0.45m) +1, total=2
[WARN] [1777751494.386552517] [data_collector]: Personal space violation (<1.20m) +1, total=7
[WARN] [1777751499.416343623] [data_collector]: Personal space violation (<1.20m) +1, total=8
[INFO] [1777751499.906873752] [data_collector]: Encounter (<1.0m) +1, total=6
[WARN] [1777751511.548460470] [data_collector]: Personal space violation (<1.20m) +1, total=9
[WARN] [1777751511.775212363] [data_collector]: Personal space violation (<1.20m) +1, total=10
[WARN] [1777751511.965447913] [data_collector]: Personal space violation (<1.20m) +1, total=11
[WARN] [1777751530.013801092] [data_collector]: Personal space violation (<1.20m) +1, total=12
[INFO] [1777751530.399244510] [data_collector]: Encounter (<1.0m) +1, total=7
[INFO] [1777751543.985079444] [data_collector]: SIGUSR1: 读取 result_file → 'succeeded'
[INFO] [1777751543.985680666] [data_collector]: =======================================================
[INFO] [1777751543.988054068] [data_collector]: Experiment #9 result: succeeded
[INFO] [1777751543.988518232] [data_collector]:   Mode:                    social_dstar
[INFO] [1777751543.989368882] [data_collector]:   Attempt:                 0
[INFO] [1777751543.989658544] [data_collector]:   Path length:             36.86 m
[INFO] [1777751543.991081114] [data_collector]:   Navigation time:         104.93 s
[INFO] [1777751543.991608904] [data_collector]:   Encounters (<1.0m):      7
[INFO] [1777751543.992079402] [data_collector]:   Personal violations (<1.20m): 12
[INFO] [1777751543.992401668] [data_collector]:   Intimate violations (<0.45m): 2
[INFO] [1777751543.992715365] [data_collector]:   Min pedestrian dist:     0.300 m
[INFO] [1777751543.993032840] [data_collector]:   Mean angular accel:      0.2015 rad/s²
[INFO] [1777751543.993630538] [data_collector]: =======================================================
[INFO] [1777751543.994527877] [data_collector]: Saved to /home/dx/CPE631-Navigation-ROS2-main/social_4groups_headless_10.csv
[INFO] [1777751543.994896691] [data_collector]: exit_after_result=True, shutting down.
[INFO] [1777751543.997793254] [data_collector]: SIGUSR1: experiment was not active, shutting down.
