[INFO] [1777722655.158491219] [data_collector]: DataCollector ready  mode=dynamic_dstar  encounter=1.00m  personal=1.20m  intimate=0.45m
[INFO] [1777722655.159142201] [data_collector]: Results CSV: /home/dx/CPE631-Navigation-ROS2-main/dynamic_4groups_headless_10.csv

Commands: [s] start  [e] end  [1] social  [2] baseline  [3] dynamic  [q] quit
cmd> [INFO] [1777722660.278605203] [data_collector]: Started experiment [dynamic_dstar]
[WARN] [1777722681.940860540] [data_collector]: Personal space violation (<1.20m) +1, total=1
[INFO] [1777722682.120157655] [data_collector]: Encounter (<1.0m) +1, total=1
[WARN] [1777722682.441501168] [data_collector]: Intimate space violation (<0.45m) +1, total=1
[WARN] [1777722690.457696664] [data_collector]: Personal space violation (<1.20m) +1, total=2
[INFO] [1777722690.614319941] [data_collector]: Encounter (<1.0m) +1, total=2
[WARN] [1777722691.023608814] [data_collector]: Intimate space violation (<0.45m) +1, total=2
[WARN] [1777722691.255619050] [data_collector]: Intimate space violation (<0.45m) +1, total=3
[WARN] [1777722702.435026070] [data_collector]: Personal space violation (<1.20m) +1, total=3
[INFO] [1777722702.902120984] [data_collector]: Encounter (<1.0m) +1, total=3
[WARN] [1777722709.364441236] [data_collector]: Personal space violation (<1.20m) +1, total=4
[WARN] [1777722709.629706912] [data_collector]: Personal space violation (<1.20m) +1, total=5
[INFO] [1777722709.789165179] [data_collector]: Encounter (<1.0m) +1, total=4
[WARN] [1777722710.649018669] [data_collector]: Intimate space violation (<0.45m) +1, total=4
[WARN] [1777722711.830710635] [data_collector]: Personal space violation (<1.20m) +1, total=6
[WARN] [1777722715.857451865] [data_collector]: Personal space violation (<1.20m) +1, total=7
[INFO] [1777722716.438087872] [data_collector]: Encounter (<1.0m) +1, total=5
[INFO] [1777722716.593599086] [data_collector]: Encounter (<1.0m) +1, total=6
[WARN] [1777722726.045423082] [data_collector]: Personal space violation (<1.20m) +1, total=8
[WARN] [1777722740.229352214] [data_collector]: Personal space violation (<1.20m) +1, total=9
[INFO] [1777722740.936429106] [data_collector]: Encounter (<1.0m) +1, total=7
[INFO] [1777722746.355659340] [data_collector]: SIGUSR1: 读取 result_file → 'succeeded'
[INFO] [1777722746.355956312] [data_collector]: =======================================================
[INFO] [1777722746.357001305] [data_collector]: Experiment #10 result: succeeded
[INFO] [1777722746.357731066] [data_collector]:   Mode:                    dynamic_dstar
[INFO] [1777722746.358000629] [data_collector]:   Attempt:                 0
[INFO] [1777722746.358245740] [data_collector]:   Path length:             36.71 m
[INFO] [1777722746.358472053] [data_collector]:   Navigation time:         98.58 s
[INFO] [1777722746.359018611] [data_collector]:   Encounters (<1.0m):      7
[INFO] [1777722746.359492365] [data_collector]:   Personal violations (<1.20m): 9
[INFO] [1777722746.359751246] [data_collector]:   Intimate violations (<0.45m): 4
[INFO] [1777722746.360002401] [data_collector]:   Min pedestrian dist:     0.034 m
[INFO] [1777722746.360273089] [data_collector]:   Mean angular accel:      0.1434 rad/s²
[INFO] [1777722746.360556510] [data_collector]: =======================================================
[INFO] [1777722746.360923921] [data_collector]: Saved to /home/dx/CPE631-Navigation-ROS2-main/dynamic_4groups_headless_10.csv
[INFO] [1777722746.361227583] [data_collector]: exit_after_result=True, shutting down.
[INFO] [1777722746.363574057] [data_collector]: SIGUSR1: experiment was not active, shutting down.
