[INFO] [1777689783.536108259] [data_collector]: DataCollector ready  mode=dynamic  encounter=1.00m  personal=1.20m  intimate=0.45m
[INFO] [1777689783.536782548] [data_collector]: Results CSV: /home/dx/CPE631-Navigation-ROS2-main/experiment_results_v3.csv

Commands: [s] start  [e] end  [1] social  [2] baseline  [3] dynamic  [q] quit
cmd> [INFO] [1777689788.676351987] [data_collector]: Started experiment [dynamic]
[INFO] [1777689788.692665946] [data_collector]: Encounter (<1.0m) +1, total=1
[WARN] [1777689788.694386578] [data_collector]: Personal space violation (<1.20m) +1, total=1
[WARN] [1777689814.375754142] [data_collector]: Personal space violation (<1.20m) +1, total=2
[INFO] [1777689814.662071516] [data_collector]: Encounter (<1.0m) +1, total=2
[WARN] [1777689814.947127378] [data_collector]: Intimate space violation (<0.45m) +1, total=1
[WARN] [1777689824.431239184] [data_collector]: Personal space violation (<1.20m) +1, total=3
[INFO] [1777689824.616570442] [data_collector]: Encounter (<1.0m) +1, total=3
[WARN] [1777689825.464701235] [data_collector]: Intimate space violation (<0.45m) +1, total=2
[WARN] [1777689839.480257454] [data_collector]: Personal space violation (<1.20m) +1, total=4
[INFO] [1777689839.842797958] [data_collector]: Encounter (<1.0m) +1, total=4
[WARN] [1777689847.971594453] [data_collector]: Personal space violation (<1.20m) +1, total=5
[INFO] [1777689848.288965455] [data_collector]: Encounter (<1.0m) +1, total=5
[WARN] [1777689848.475030548] [data_collector]: Personal space violation (<1.20m) +1, total=6
[WARN] [1777689849.237390655] [data_collector]: Intimate space violation (<0.45m) +1, total=3
[WARN] [1777689851.087018400] [data_collector]: Personal space violation (<1.20m) +1, total=7
[WARN] [1777689867.619139825] [data_collector]: Personal space violation (<1.20m) +1, total=8
[WARN] [1777689874.348611347] [data_collector]: Personal space violation (<1.20m) +1, total=9
[INFO] [1777689874.662468376] [data_collector]: Encounter (<1.0m) +1, total=6
[WARN] [1777689884.959204578] [data_collector]: Personal space violation (<1.20m) +1, total=10
[INFO] [1777689886.006612731] [data_collector]: Encounter (<1.0m) +1, total=7
[INFO] [1777689886.847502401] [data_collector]: Encounter (<1.0m) +1, total=8
[WARN] [1777689895.802371941] [data_collector]: Personal space violation (<1.20m) +1, total=11
[INFO] [1777689896.148223033] [data_collector]: Encounter (<1.0m) +1, total=9
[WARN] [1777689896.980774828] [data_collector]: Intimate space violation (<0.45m) +1, total=4
[WARN] [1777689898.877817827] [data_collector]: Intimate space violation (<0.45m) +1, total=5
[INFO] [1777689900.232387424] [data_collector]: Encounter (<1.0m) +1, total=10
[WARN] [1777689906.388823449] [data_collector]: Personal space violation (<1.20m) +1, total=12
[INFO] [1777689906.882369206] [data_collector]: Encounter (<1.0m) +1, total=11
[INFO] [1777689908.484392457] [data_collector]: Encounter (<1.0m) +1, total=12
[INFO] [1777689914.726517688] [data_collector]: SIGUSR1: 读取 result_file → 'succeeded'
[INFO] [1777689914.727228681] [data_collector]: =======================================================
[INFO] [1777689914.728214659] [data_collector]: Experiment #8 result: succeeded
[INFO] [1777689914.729308431] [data_collector]:   Mode:                    dynamic
[INFO] [1777689914.729640714] [data_collector]:   Attempt:                 2
[INFO] [1777689914.729917623] [data_collector]:   Path length:             44.30 m
[INFO] [1777689914.730510073] [data_collector]:   Navigation time:         124.30 s
[INFO] [1777689914.731456483] [data_collector]:   Encounters (<1.0m):      12
[INFO] [1777689914.732436747] [data_collector]:   Personal violations (<1.20m): 12
[INFO] [1777689914.732868496] [data_collector]:   Intimate violations (<0.45m): 5
[INFO] [1777689914.734120839] [data_collector]:   Min pedestrian dist:     0.023 m
[INFO] [1777689914.734497935] [data_collector]:   Mean angular accel:      0.3010 rad/s²
[INFO] [1777689914.734813007] [data_collector]: =======================================================
[INFO] [1777689914.736610637] [data_collector]: Saved to /home/dx/CPE631-Navigation-ROS2-main/experiment_results_v3.csv
[INFO] [1777689914.737022238] [data_collector]: exit_after_result=True, shutting down.
[INFO] [1777689914.739815445] [data_collector]: SIGUSR1: experiment was not active, shutting down.
