[INFO] [1777716481.445073536] [data_collector]: DataCollector ready  mode=dynamic  encounter=1.00m  personal=1.20m  intimate=0.45m
[INFO] [1777716481.445867632] [data_collector]: Results CSV: /home/dx/CPE631-Navigation-ROS2-main/dynamic_4groups_headless_10.csv

Commands: [s] start  [e] end  [1] social  [2] baseline  [3] dynamic  [q] quit
cmd> [INFO] [1777716486.536643319] [data_collector]: Started experiment [dynamic]
[WARN] [1777716486.576453500] [data_collector]: Personal space violation (<1.20m) +1, total=1
[WARN] [1777716513.190157661] [data_collector]: Personal space violation (<1.20m) +1, total=2
[INFO] [1777716513.270054245] [data_collector]: Encounter (<1.0m) +1, total=1
[WARN] [1777716513.679911852] [data_collector]: Intimate space violation (<0.45m) +1, total=1
[WARN] [1777716522.996782172] [data_collector]: Personal space violation (<1.20m) +1, total=3
[INFO] [1777716523.289345273] [data_collector]: Encounter (<1.0m) +1, total=2
[WARN] [1777716537.006529412] [data_collector]: Personal space violation (<1.20m) +1, total=4
[INFO] [1777716537.335752308] [data_collector]: Encounter (<1.0m) +1, total=3
[WARN] [1777716544.039869038] [data_collector]: Personal space violation (<1.20m) +1, total=5
[INFO] [1777716544.307483701] [data_collector]: Encounter (<1.0m) +1, total=4
[WARN] [1777716544.501050431] [data_collector]: Personal space violation (<1.20m) +1, total=6
[WARN] [1777716545.223948376] [data_collector]: Intimate space violation (<0.45m) +1, total=2
[WARN] [1777716546.815407804] [data_collector]: Personal space violation (<1.20m) +1, total=7
[WARN] [1777716551.899070890] [data_collector]: Personal space violation (<1.20m) +1, total=8
[WARN] [1777716562.798394504] [data_collector]: Personal space violation (<1.20m) +1, total=9
[WARN] [1777716568.796285455] [data_collector]: Personal space violation (<1.20m) +1, total=10
[INFO] [1777716569.162323172] [data_collector]: Encounter (<1.0m) +1, total=5
[WARN] [1777716577.385695820] [data_collector]: Personal space violation (<1.20m) +1, total=11
[INFO] [1777716577.729739425] [data_collector]: Encounter (<1.0m) +1, total=6
[WARN] [1777716578.427188801] [data_collector]: Personal space violation (<1.20m) +1, total=12
[INFO] [1777716580.906589216] [data_collector]: SIGUSR1: 读取 result_file → 'succeeded'
[INFO] [1777716580.906874080] [data_collector]: =======================================================
[INFO] [1777716580.907101458] [data_collector]: Experiment #9 result: succeeded
[INFO] [1777716580.907334714] [data_collector]:   Mode:                    dynamic
[INFO] [1777716580.907556684] [data_collector]:   Attempt:                 0
[INFO] [1777716580.907880877] [data_collector]:   Path length:             36.40 m
[INFO] [1777716580.908122970] [data_collector]:   Navigation time:         96.43 s
[INFO] [1777716580.909472649] [data_collector]:   Encounters (<1.0m):      6
[INFO] [1777716580.909861555] [data_collector]:   Personal violations (<1.20m): 12
[INFO] [1777716580.910125037] [data_collector]:   Intimate violations (<0.45m): 2
[INFO] [1777716580.911146096] [data_collector]:   Min pedestrian dist:     0.239 m
[INFO] [1777716580.911454617] [data_collector]:   Mean angular accel:      0.2262 rad/s²
[INFO] [1777716580.911751242] [data_collector]: =======================================================
[INFO] [1777716580.912862809] [data_collector]: Saved to /home/dx/CPE631-Navigation-ROS2-main/dynamic_4groups_headless_10.csv
[INFO] [1777716580.913174031] [data_collector]: exit_after_result=True, shutting down.
[INFO] [1777716580.914158038] [data_collector]: SIGUSR1: experiment was not active, shutting down.
