[INFO] [1777722259.348732404] [data_collector]: DataCollector ready  mode=dynamic_dstar  encounter=1.00m  personal=1.20m  intimate=0.45m
[INFO] [1777722259.349463055] [data_collector]: Results CSV: /home/dx/CPE631-Navigation-ROS2-main/dynamic_4groups_headless_10.csv

Commands: [s] start  [e] end  [1] social  [2] baseline  [3] dynamic  [q] quit
cmd> [INFO] [1777722264.414592539] [data_collector]: Started experiment [dynamic_dstar]
[WARN] [1777722287.781480810] [data_collector]: Personal space violation (<1.20m) +1, total=1
[INFO] [1777722287.973168405] [data_collector]: Encounter (<1.0m) +1, total=1
[WARN] [1777722288.380051590] [data_collector]: Intimate space violation (<0.45m) +1, total=1
[WARN] [1777722297.162766536] [data_collector]: Personal space violation (<1.20m) +1, total=2
[INFO] [1777722297.331973808] [data_collector]: Encounter (<1.0m) +1, total=2
[WARN] [1777722311.137490690] [data_collector]: Personal space violation (<1.20m) +1, total=3
[INFO] [1777722311.294639151] [data_collector]: Encounter (<1.0m) +1, total=3
[WARN] [1777722318.570920241] [data_collector]: Personal space violation (<1.20m) +1, total=4
[INFO] [1777722318.855814657] [data_collector]: Encounter (<1.0m) +1, total=4
[WARN] [1777722319.036985406] [data_collector]: Personal space violation (<1.20m) +1, total=5
[WARN] [1777722319.563810109] [data_collector]: Intimate space violation (<0.45m) +1, total=2
[WARN] [1777722321.256626710] [data_collector]: Personal space violation (<1.20m) +1, total=6
[WARN] [1777722326.046230150] [data_collector]: Personal space violation (<1.20m) +1, total=7
[INFO] [1777722326.412576547] [data_collector]: Encounter (<1.0m) +1, total=5
[WARN] [1777722326.929861773] [data_collector]: Intimate space violation (<0.45m) +1, total=3
[INFO] [1777722363.079681713] [data_collector]: SIGUSR1: 读取 result_file → 'succeeded'
[INFO] [1777722363.082410835] [data_collector]: =======================================================
[INFO] [1777722363.082647051] [data_collector]: Experiment #7 result: succeeded
[INFO] [1777722363.082859756] [data_collector]:   Mode:                    dynamic_dstar
[INFO] [1777722363.083072442] [data_collector]:   Attempt:                 1
[INFO] [1777722363.083308912] [data_collector]:   Path length:             37.96 m
[INFO] [1777722363.085144356] [data_collector]:   Navigation time:         99.87 s
[INFO] [1777722363.085483119] [data_collector]:   Encounters (<1.0m):      5
[INFO] [1777722363.085737966] [data_collector]:   Personal violations (<1.20m): 7
[INFO] [1777722363.085986148] [data_collector]:   Intimate violations (<0.45m): 3
[INFO] [1777722363.086251886] [data_collector]:   Min pedestrian dist:     0.050 m
[INFO] [1777722363.086512441] [data_collector]:   Mean angular accel:      0.1654 rad/s²
[INFO] [1777722363.087555412] [data_collector]: =======================================================
[INFO] [1777722363.088093238] [data_collector]: Saved to /home/dx/CPE631-Navigation-ROS2-main/dynamic_4groups_headless_10.csv
[INFO] [1777722363.088501255] [data_collector]: exit_after_result=True, shutting down.
[INFO] [1777722363.091576249] [data_collector]: SIGUSR1: experiment was not active, shutting down.
