[INFO] [1777718388.023574187] [data_collector]: DataCollector ready  mode=dynamic_astar  encounter=1.00m  personal=1.20m  intimate=0.45m
[INFO] [1777718388.024051145] [data_collector]: Results CSV: /home/dx/CPE631-Navigation-ROS2-main/dynamic_4groups_headless_10.csv

Commands: [s] start  [e] end  [1] social  [2] baseline  [3] dynamic  [q] quit
cmd> [INFO] [1777718393.169660559] [data_collector]: Started experiment [dynamic_astar]
[WARN] [1777718393.212923553] [data_collector]: Personal space violation (<1.20m) +1, total=1
[INFO] [1777718393.507274667] [data_collector]: Encounter (<1.0m) +1, total=1
[WARN] [1777718420.384375679] [data_collector]: Personal space violation (<1.20m) +1, total=2
[INFO] [1777718420.482878107] [data_collector]: Encounter (<1.0m) +1, total=2
[WARN] [1777718421.048499030] [data_collector]: Intimate space violation (<0.45m) +1, total=1
[WARN] [1777718431.492414308] [data_collector]: Personal space violation (<1.20m) +1, total=3
[INFO] [1777718431.687772708] [data_collector]: Encounter (<1.0m) +1, total=3
[WARN] [1777718445.756777031] [data_collector]: Personal space violation (<1.20m) +1, total=4
[INFO] [1777718445.951059687] [data_collector]: Encounter (<1.0m) +1, total=4
[WARN] [1777718454.983815038] [data_collector]: Personal space violation (<1.20m) +1, total=5
[INFO] [1777718455.319454909] [data_collector]: Encounter (<1.0m) +1, total=5
[WARN] [1777718456.061545992] [data_collector]: Intimate space violation (<0.45m) +1, total=2
[WARN] [1777718456.546257376] [data_collector]: Personal space violation (<1.20m) +1, total=6
[WARN] [1777718462.486433342] [data_collector]: Personal space violation (<1.20m) +1, total=7
[INFO] [1777718462.952890105] [data_collector]: Encounter (<1.0m) +1, total=6
[WARN] [1777718468.946919028] [data_collector]: Personal space violation (<1.20m) +1, total=8
[INFO] [1777718469.296731781] [data_collector]: Encounter (<1.0m) +1, total=7
[WARN] [1777718477.061826057] [data_collector]: Personal space violation (<1.20m) +1, total=9
[WARN] [1777718477.921364464] [data_collector]: Personal space violation (<1.20m) +1, total=10
[INFO] [1777718478.327945894] [data_collector]: Encounter (<1.0m) +1, total=8
[WARN] [1777718483.189897533] [data_collector]: Personal space violation (<1.20m) +1, total=11
[INFO] [1777718483.595614543] [data_collector]: Encounter (<1.0m) +1, total=9
[WARN] [1777718492.472525678] [data_collector]: Personal space violation (<1.20m) +1, total=12
[INFO] [1777718492.830650330] [data_collector]: Encounter (<1.0m) +1, total=10
[WARN] [1777718498.418244215] [data_collector]: Personal space violation (<1.20m) +1, total=13
[INFO] [1777718499.062915565] [data_collector]: Encounter (<1.0m) +1, total=11
[WARN] [1777718499.888750100] [data_collector]: Personal space violation (<1.20m) +1, total=14
[WARN] [1777718508.451167318] [data_collector]: Personal space violation (<1.20m) +1, total=15
[INFO] [1777718508.807328156] [data_collector]: Encounter (<1.0m) +1, total=12
[WARN] [1777718514.329892522] [data_collector]: Personal space violation (<1.20m) +1, total=16
[INFO] [1777718514.792816883] [data_collector]: Encounter (<1.0m) +1, total=13
[WARN] [1777718523.451948422] [data_collector]: Personal space violation (<1.20m) +1, total=17
[WARN] [1777718523.668340896] [data_collector]: Personal space violation (<1.20m) +1, total=18
[INFO] [1777718523.905955794] [data_collector]: Encounter (<1.0m) +1, total=14
[WARN] [1777718529.138136264] [data_collector]: Personal space violation (<1.20m) +1, total=19
[INFO] [1777718529.510310302] [data_collector]: Encounter (<1.0m) +1, total=15
[WARN] [1777718538.835323871] [data_collector]: Personal space violation (<1.20m) +1, total=20
[INFO] [1777718539.174630917] [data_collector]: Encounter (<1.0m) +1, total=16
[WARN] [1777718544.496302278] [data_collector]: Personal space violation (<1.20m) +1, total=21
[INFO] [1777718544.753346143] [data_collector]: Encounter (<1.0m) +1, total=17
[WARN] [1777718546.434822184] [data_collector]: Personal space violation (<1.20m) +1, total=22
[WARN] [1777718553.176755460] [data_collector]: Personal space violation (<1.20m) +1, total=23
[INFO] [1777718553.650037444] [data_collector]: Encounter (<1.0m) +1, total=18
[WARN] [1777718559.406355815] [data_collector]: Personal space violation (<1.20m) +1, total=24
[INFO] [1777718559.720027468] [data_collector]: Encounter (<1.0m) +1, total=19
[WARN] [1777718569.196527242] [data_collector]: Personal space violation (<1.20m) +1, total=25
[INFO] [1777718569.777940871] [data_collector]: Encounter (<1.0m) +1, total=20
[WARN] [1777718569.963275721] [data_collector]: Personal space violation (<1.20m) +1, total=26
[WARN] [1777718575.676593109] [data_collector]: Personal space violation (<1.20m) +1, total=27
[INFO] [1777718576.294012965] [data_collector]: Encounter (<1.0m) +1, total=21
[WARN] [1777718585.207708468] [data_collector]: Personal space violation (<1.20m) +1, total=28
[INFO] [1777718585.567698639] [data_collector]: Encounter (<1.0m) +1, total=22
[WARN] [1777718591.622356256] [data_collector]: Personal space violation (<1.20m) +1, total=29
[INFO] [1777718591.984591756] [data_collector]: Encounter (<1.0m) +1, total=23
[WARN] [1777718594.990230143] [data_collector]: Personal space violation (<1.20m) +1, total=30
[WARN] [1777718601.595257200] [data_collector]: Personal space violation (<1.20m) +1, total=31
[INFO] [1777718602.004632872] [data_collector]: Encounter (<1.0m) +1, total=24
[WARN] [1777718608.095732329] [data_collector]: Personal space violation (<1.20m) +1, total=32
[INFO] [1777718608.662441108] [data_collector]: Encounter (<1.0m) +1, total=25
[WARN] [1777718617.781496006] [data_collector]: Personal space violation (<1.20m) +1, total=33
[INFO] [1777718618.188938099] [data_collector]: Encounter (<1.0m) +1, total=26
[WARN] [1777718619.278013117] [data_collector]: Personal space violation (<1.20m) +1, total=34
[WARN] [1777718623.079096660] [data_collector]: Personal space violation (<1.20m) +1, total=35
[INFO] [1777718623.697891089] [data_collector]: Encounter (<1.0m) +1, total=27
[WARN] [1777718632.874697751] [data_collector]: Personal space violation (<1.20m) +1, total=36
[INFO] [1777718633.248844799] [data_collector]: Encounter (<1.0m) +1, total=28
[WARN] [1777718638.474108484] [data_collector]: Personal space violation (<1.20m) +1, total=37
[INFO] [1777718638.857931901] [data_collector]: Encounter (<1.0m) +1, total=29
[WARN] [1777718642.622371876] [data_collector]: Personal space violation (<1.20m) +1, total=38
[WARN] [1777718647.690957748] [data_collector]: Personal space violation (<1.20m) +1, total=39
[INFO] [1777718648.060334825] [data_collector]: Encounter (<1.0m) +1, total=30
[WARN] [1777718652.949330319] [data_collector]: Personal space violation (<1.20m) +1, total=40
[INFO] [1777718653.388326152] [data_collector]: Encounter (<1.0m) +1, total=31
[WARN] [1777718654.251125692] [data_collector]: Personal space violation (<1.20m) +1, total=41
[INFO] [1777718654.663027288] [data_collector]: Encounter (<1.0m) +1, total=32
[WARN] [1777718655.781493540] [data_collector]: Intimate space violation (<0.45m) +1, total=3
[WARN] [1777718662.574678691] [data_collector]: Personal space violation (<1.20m) +1, total=42
[INFO] [1777718662.974897794] [data_collector]: Encounter (<1.0m) +1, total=33
[WARN] [1777718664.781506430] [data_collector]: Personal space violation (<1.20m) +1, total=43
[WARN] [1777718667.910628741] [data_collector]: Personal space violation (<1.20m) +1, total=44
[INFO] [1777718668.433043580] [data_collector]: Encounter (<1.0m) +1, total=34
[WARN] [1777718677.195454649] [data_collector]: Personal space violation (<1.20m) +1, total=45
[INFO] [1777718677.704782252] [data_collector]: Encounter (<1.0m) +1, total=35
[WARN] [1777718682.597080072] [data_collector]: Personal space violation (<1.20m) +1, total=46
[INFO] [1777718683.083713887] [data_collector]: Encounter (<1.0m) +1, total=36
[WARN] [1777718687.287232890] [data_collector]: Personal space violation (<1.20m) +1, total=47
[WARN] [1777718692.098423104] [data_collector]: Personal space violation (<1.20m) +1, total=48
[INFO] [1777718692.559898678] [data_collector]: Encounter (<1.0m) +1, total=37
[WARN] [1777718698.094402152] [data_collector]: Personal space violation (<1.20m) +1, total=49
[INFO] [1777718698.699886802] [data_collector]: Encounter (<1.0m) +1, total=38
[WARN] [1777718707.907723344] [data_collector]: Personal space violation (<1.20m) +1, total=50
[INFO] [1777718708.298446841] [data_collector]: Encounter (<1.0m) +1, total=39
[WARN] [1777718711.216990211] [data_collector]: Personal space violation (<1.20m) +2, total=52
[INFO] [1777718711.728969195] [data_collector]: Encounter (<1.0m) +1, total=40
[WARN] [1777718713.488696034] [data_collector]: Personal space violation (<1.20m) +1, total=53
[INFO] [1777718713.871153917] [data_collector]: Encounter (<1.0m) +1, total=41
[WARN] [1777718723.114986516] [data_collector]: Personal space violation (<1.20m) +1, total=54
[INFO] [1777718723.613804681] [data_collector]: Encounter (<1.0m) +1, total=42
[WARN] [1777718741.252154196] [data_collector]: Personal space violation (<1.20m) +1, total=55
[WARN] [1777718748.411501487] [data_collector]: Personal space violation (<1.20m) +1, total=56
[WARN] [1777718754.453948615] [data_collector]: Personal space violation (<1.20m) +1, total=57
[WARN] [1777718754.778501187] [data_collector]: Personal space violation (<1.20m) +1, total=58
[INFO] [1777718755.169472173] [data_collector]: Encounter (<1.0m) +1, total=43
[WARN] [1777718757.829021091] [data_collector]: Intimate space violation (<0.45m) +1, total=4
[WARN] [1777718761.881930505] [data_collector]: Personal space violation (<1.20m) +1, total=59
[WARN] [1777718768.994554230] [data_collector]: Personal space violation (<1.20m) +1, total=60
[WARN] [1777718771.899292985] [data_collector]: Personal space violation (<1.20m) +1, total=61
[INFO] [1777718772.233681488] [data_collector]: Encounter (<1.0m) +1, total=44
[WARN] [1777718775.925353462] [data_collector]: Personal space violation (<1.20m) +1, total=62
[WARN] [1777718781.906770165] [data_collector]: Personal space violation (<1.20m) +1, total=63
[WARN] [1777718788.857406624] [data_collector]: Personal space violation (<1.20m) +1, total=64
[WARN] [1777718794.999723254] [data_collector]: Personal space violation (<1.20m) +1, total=65
[WARN] [1777718802.587711388] [data_collector]: Personal space violation (<1.20m) +1, total=66
[WARN] [1777718808.397387905] [data_collector]: Personal space violation (<1.20m) +1, total=67
[WARN] [1777718814.972625690] [data_collector]: Personal space violation (<1.20m) +1, total=68
[WARN] [1777718820.967036296] [data_collector]: Personal space violation (<1.20m) +1, total=69
[WARN] [1777718827.667505600] [data_collector]: Personal space violation (<1.20m) +1, total=70
[INFO] [1777718828.696294051] [data_collector]: Encounter (<1.0m) +1, total=45
[WARN] [1777718829.279230807] [data_collector]: Personal space violation (<1.20m) +1, total=71
[WARN] [1777718835.481300138] [data_collector]: Personal space violation (<1.20m) +1, total=72
[WARN] [1777718843.457628164] [data_collector]: Personal space violation (<1.20m) +1, total=73
[WARN] [1777718849.279282608] [data_collector]: Personal space violation (<1.20m) +1, total=74
[WARN] [1777718856.274257610] [data_collector]: Personal space violation (<1.20m) +1, total=75
[WARN] [1777718862.273878882] [data_collector]: Personal space violation (<1.20m) +1, total=76
[WARN] [1777718869.560418208] [data_collector]: Personal space violation (<1.20m) +1, total=77
[WARN] [1777718869.973230748] [data_collector]: Personal space violation (<1.20m) +1, total=78
[INFO] [1777718870.501754980] [data_collector]: SIGUSR1: 读取 result_file → 'timeout'
[INFO] [1777718870.502044380] [data_collector]: =======================================================
[INFO] [1777718870.502271763] [data_collector]: Experiment #10 result: timeout
[INFO] [1777718870.502493263] [data_collector]:   Mode:                    dynamic_astar
[INFO] [1777718870.502720167] [data_collector]:   Attempt:                 0
[INFO] [1777718870.502951179] [data_collector]:   Path length:             30.97 m
[INFO] [1777718870.503218901] [data_collector]:   Navigation time:         450.33 s
[INFO] [1777718870.503935286] [data_collector]:   Encounters (<1.0m):      45
[INFO] [1777718870.504232465] [data_collector]:   Personal violations (<1.20m): 78
[INFO] [1777718870.504488837] [data_collector]:   Intimate violations (<0.45m): 4
[INFO] [1777718870.504742463] [data_collector]:   Min pedestrian dist:     0.020 m
[INFO] [1777718870.505032419] [data_collector]:   Mean angular accel:      0.1189 rad/s²
[INFO] [1777718870.506210726] [data_collector]: =======================================================
[INFO] [1777718870.506660277] [data_collector]: Saved to /home/dx/CPE631-Navigation-ROS2-main/dynamic_4groups_headless_10.csv
[INFO] [1777718870.507016794] [data_collector]: exit_after_result=True, shutting down.
[INFO] [1777718870.511950174] [data_collector]: SIGUSR1: experiment was not active, shutting down.
Traceback (most recent call last):
  File "/home/dx/CPE631-Navigation-ROS2-main/install/cpe631_ros2/lib/cpe631_ros2/data_collector", line 411, in <module>
    main()
  File "/home/dx/CPE631-Navigation-ROS2-main/install/cpe631_ros2/lib/cpe631_ros2/data_collector", line 391, in main
    rclpy.spin(node)
  File "/opt/ros/jazzy/lib/python3.12/site-packages/rclpy/__init__.py", line 247, in spin
    executor.spin_once()
  File "/opt/ros/jazzy/lib/python3.12/site-packages/rclpy/executors.py", line 926, in spin_once
    self._spin_once_impl(timeout_sec)
  File "/opt/ros/jazzy/lib/python3.12/site-packages/rclpy/executors.py", line 907, in _spin_once_impl
    handler, entity, node = self.wait_for_ready_callbacks(
                            ^^^^^^^^^^^^^^^^^^^^^^^^^^^^^^
  File "/opt/ros/jazzy/lib/python3.12/site-packages/rclpy/executors.py", line 877, in wait_for_ready_callbacks
    return next(self._cb_iter)
           ^^^^^^^^^^^^^^^^^^^
  File "/opt/ros/jazzy/lib/python3.12/site-packages/rclpy/executors.py", line 740, in _wait_for_ready_callbacks
    context_stack.enter_context(gc.handle)
                                ^^^^^^^^^
AttributeError: 'NoneType' object has no attribute 'handle'
