[INFO] [1777748656.250956498] [data_collector]: DataCollector ready  mode=social_smac  encounter=1.00m  personal=1.20m  intimate=0.45m
[INFO] [1777748656.251590796] [data_collector]: Results CSV: /home/dx/CPE631-Navigation-ROS2-main/social_4groups_headless_10.csv

Commands: [s] start  [e] end  [1] social  [2] baseline  [3] dynamic  [q] quit
cmd> [INFO] [1777748661.458751389] [data_collector]: Started experiment [social_smac]
[WARN] [1777748661.480385103] [data_collector]: Personal space violation (<1.20m) +1, total=1
[WARN] [1777748689.615107830] [data_collector]: Personal space violation (<1.20m) +1, total=2
[INFO] [1777748689.813420444] [data_collector]: Encounter (<1.0m) +1, total=1
[WARN] [1777748690.428406297] [data_collector]: Intimate space violation (<0.45m) +1, total=1
[WARN] [1777748700.344306119] [data_collector]: Personal space violation (<1.20m) +1, total=3
[INFO] [1777748700.676496247] [data_collector]: Encounter (<1.0m) +1, total=2
[WARN] [1777748715.539097804] [data_collector]: Personal space violation (<1.20m) +1, total=4
[INFO] [1777748715.926516654] [data_collector]: Encounter (<1.0m) +1, total=3
[WARN] [1777748724.740991845] [data_collector]: Personal space violation (<1.20m) +1, total=5
[WARN] [1777748725.383794519] [data_collector]: Personal space violation (<1.20m) +1, total=6
[INFO] [1777748725.689148634] [data_collector]: Encounter (<1.0m) +1, total=4
[WARN] [1777748726.135109653] [data_collector]: Personal space violation (<1.20m) +1, total=7
[INFO] [1777748726.743873640] [data_collector]: Encounter (<1.0m) +1, total=5
[WARN] [1777748729.262572695] [data_collector]: Personal space violation (<1.20m) +1, total=8
[WARN] [1777748733.814754927] [data_collector]: Personal space violation (<1.20m) +1, total=9
[INFO] [1777748734.081844105] [data_collector]: Encounter (<1.0m) +1, total=6
[WARN] [1777748735.515813201] [data_collector]: Intimate space violation (<0.45m) +1, total=2
[WARN] [1777748738.382250557] [data_collector]: Intimate space violation (<0.45m) +1, total=3
[INFO] [1777748740.719360568] [data_collector]: Encounter (<1.0m) +1, total=7
[WARN] [1777748742.580760421] [data_collector]: Intimate space violation (<0.45m) +1, total=4
[INFO] [1777748744.711643114] [data_collector]: Encounter (<1.0m) +1, total=8
[WARN] [1777748749.203313538] [data_collector]: Personal space violation (<1.20m) +1, total=10
[WARN] [1777748749.626480528] [data_collector]: Personal space violation (<1.20m) +1, total=11
[INFO] [1777748750.132011812] [data_collector]: Encounter (<1.0m) +1, total=9
[WARN] [1777748768.120552345] [data_collector]: Personal space violation (<1.20m) +1, total=12
[INFO] [1777748768.325965524] [data_collector]: Encounter (<1.0m) +1, total=10
[WARN] [1777748771.271734985] [data_collector]: Personal space violation (<1.20m) +1, total=13
[INFO] [1777748771.678904309] [data_collector]: Encounter (<1.0m) +1, total=11
[WARN] [1777748772.952791219] [data_collector]: Intimate space violation (<0.45m) +1, total=5
[INFO] [1777748788.119755839] [data_collector]: SIGUSR1: 读取 result_file → 'aborted'
[INFO] [1777748788.120527252] [data_collector]: =======================================================
[INFO] [1777748788.121831299] [data_collector]: Experiment #6 result: aborted
[INFO] [1777748788.122382619] [data_collector]:   Mode:                    social_smac
[INFO] [1777748788.122703701] [data_collector]:   Attempt:                 0
[INFO] [1777748788.123146394] [data_collector]:   Path length:             42.00 m
[INFO] [1777748788.123905276] [data_collector]:   Navigation time:         115.07 s
[INFO] [1777748788.124669928] [data_collector]:   Encounters (<1.0m):      11
[INFO] [1777748788.125845685] [data_collector]:   Personal violations (<1.20m): 13
[INFO] [1777748788.126282713] [data_collector]:   Intimate violations (<0.45m): 5
[INFO] [1777748788.126616929] [data_collector]:   Min pedestrian dist:     0.076 m
[INFO] [1777748788.127857989] [data_collector]:   Mean angular accel:      0.3090 rad/s²
[INFO] [1777748788.128407758] [data_collector]: =======================================================
[INFO] [1777748788.129554268] [data_collector]: Saved to /home/dx/CPE631-Navigation-ROS2-main/social_4groups_headless_10.csv
[INFO] [1777748788.130806944] [data_collector]: exit_after_result=True, shutting down.
[INFO] [1777748788.134492904] [data_collector]: SIGUSR1: experiment was not active, shutting down.
