[INFO] [1777716043.590522004] [data_collector]: DataCollector ready  mode=dynamic  encounter=1.00m  personal=1.20m  intimate=0.45m
[INFO] [1777716043.591290067] [data_collector]: Results CSV: /home/dx/CPE631-Navigation-ROS2-main/dynamic_4groups_headless_10.csv

Commands: [s] start  [e] end  [1] social  [2] baseline  [3] dynamic  [q] quit
cmd> [INFO] [1777716048.778927009] [data_collector]: Started experiment [dynamic]
[WARN] [1777716048.846402657] [data_collector]: Personal space violation (<1.20m) +1, total=1
[WARN] [1777716063.861120655] [data_collector]: Personal space violation (<1.20m) +1, total=2
[WARN] [1777716064.047457114] [data_collector]: Personal space violation (<1.20m) +1, total=3
[WARN] [1777716064.240043736] [data_collector]: Personal space violation (<1.20m) +1, total=4
[WARN] [1777716074.197262777] [data_collector]: Personal space violation (<1.20m) +1, total=5
[INFO] [1777716074.491489607] [data_collector]: Encounter (<1.0m) +1, total=1
[WARN] [1777716075.072862817] [data_collector]: Intimate space violation (<0.45m) +1, total=1
[WARN] [1777716084.695865215] [data_collector]: Personal space violation (<1.20m) +1, total=6
[INFO] [1777716084.787585698] [data_collector]: Encounter (<1.0m) +1, total=2
[WARN] [1777716085.409246931] [data_collector]: Intimate space violation (<0.45m) +1, total=2
[WARN] [1777716099.444489065] [data_collector]: Personal space violation (<1.20m) +1, total=7
[INFO] [1777716099.620021466] [data_collector]: Encounter (<1.0m) +1, total=3
[WARN] [1777716108.419365421] [data_collector]: Personal space violation (<1.20m) +1, total=8
[INFO] [1777716108.598828734] [data_collector]: Encounter (<1.0m) +1, total=4
[WARN] [1777716109.364553533] [data_collector]: Personal space violation (<1.20m) +1, total=9
[WARN] [1777716109.364835780] [data_collector]: Intimate space violation (<0.45m) +1, total=3
[INFO] [1777716109.733844751] [data_collector]: Encounter (<1.0m) +1, total=5
[WARN] [1777716115.994324384] [data_collector]: Personal space violation (<1.20m) +1, total=10
[INFO] [1777716116.382741780] [data_collector]: Encounter (<1.0m) +1, total=6
[WARN] [1777716117.415917909] [data_collector]: Intimate space violation (<0.45m) +1, total=4
[WARN] [1777716121.252182701] [data_collector]: Personal space violation (<1.20m) +1, total=11
[INFO] [1777716121.774284714] [data_collector]: Encounter (<1.0m) +1, total=7
[WARN] [1777716124.304891168] [data_collector]: Intimate space violation (<0.45m) +1, total=5
[WARN] [1777716130.098692822] [data_collector]: Personal space violation (<1.20m) +1, total=12
[INFO] [1777716130.185246100] [data_collector]: Encounter (<1.0m) +1, total=8
[WARN] [1777716131.456996689] [data_collector]: Intimate space violation (<0.45m) +1, total=6
[WARN] [1777716146.406945452] [data_collector]: Personal space violation (<1.20m) +1, total=13
[INFO] [1777716146.659535235] [data_collector]: Encounter (<1.0m) +1, total=9
[WARN] [1777716151.883667599] [data_collector]: Personal space violation (<1.20m) +1, total=14
[WARN] [1777716152.561103229] [data_collector]: Personal space violation (<1.20m) +1, total=15
[WARN] [1777716159.587445552] [data_collector]: Personal space violation (<1.20m) +1, total=16
[INFO] [1777716160.080637284] [data_collector]: Encounter (<1.0m) +1, total=10
[WARN] [1777716167.023523901] [data_collector]: Personal space violation (<1.20m) +1, total=17
[WARN] [1777716169.510852321] [data_collector]: Personal space violation (<1.20m) +1, total=18
[WARN] [1777716209.109592354] [data_collector]: Personal space violation (<1.20m) +1, total=19
[WARN] [1777716222.138288625] [data_collector]: Personal space violation (<1.20m) +1, total=20
[WARN] [1777716236.469666724] [data_collector]: Personal space violation (<1.20m) +1, total=21
[WARN] [1777716256.156809216] [data_collector]: Personal space violation (<1.20m) +1, total=22
[INFO] [1777716256.459215657] [data_collector]: Encounter (<1.0m) +1, total=11
[INFO] [1777716297.995710459] [data_collector]: SIGUSR1: 读取 result_file → 'aborted'
[INFO] [1777716297.996013293] [data_collector]: =======================================================
[INFO] [1777716297.996243450] [data_collector]: Experiment #8 result: aborted
[INFO] [1777716297.996457965] [data_collector]:   Mode:                    dynamic
[INFO] [1777716297.996683267] [data_collector]:   Attempt:                 0
[INFO] [1777716297.996913196] [data_collector]:   Path length:             44.27 m
[INFO] [1777716297.997160297] [data_collector]:   Navigation time:         244.76 s
[INFO] [1777716297.997494712] [data_collector]:   Encounters (<1.0m):      11
[INFO] [1777716297.999796570] [data_collector]:   Personal violations (<1.20m): 22
[INFO] [1777716298.000557046] [data_collector]:   Intimate violations (<0.45m): 6
[INFO] [1777716298.000848380] [data_collector]:   Min pedestrian dist:     0.015 m
[INFO] [1777716298.001246669] [data_collector]:   Mean angular accel:      0.1988 rad/s²
[INFO] [1777716298.001529978] [data_collector]: =======================================================
[INFO] [1777716298.001882042] [data_collector]: Saved to /home/dx/CPE631-Navigation-ROS2-main/dynamic_4groups_headless_10.csv
[INFO] [1777716298.002380117] [data_collector]: exit_after_result=True, shutting down.
[INFO] [1777716298.004418980] [data_collector]: SIGUSR1: experiment was not active, shutting down.
