[INFO] [1777713422.226042787] [data_collector]: DataCollector ready  mode=baseline  encounter=1.00m  personal=1.20m  intimate=0.45m
[INFO] [1777713422.227023725] [data_collector]: Results CSV: /home/dx/CPE631-Navigation-ROS2-main/dynamic_4groups_headless_10.csv

Commands: [s] start  [e] end  [1] social  [2] baseline  [3] dynamic  [q] quit
cmd> [INFO] [1777713427.416042914] [data_collector]: Started experiment [baseline]
[INFO] [1777713479.212754795] [data_collector]: SIGUSR1: 读取 result_file → 'succeeded'
[INFO] [1777713479.213119604] [data_collector]: =======================================================
[INFO] [1777713479.213377311] [data_collector]: Experiment #4 result: succeeded
[INFO] [1777713479.213691001] [data_collector]:   Mode:                    baseline
[INFO] [1777713479.214159164] [data_collector]:   Attempt:                 0
[INFO] [1777713479.214432040] [data_collector]:   Path length:             36.75 m
[INFO] [1777713479.215872235] [data_collector]:   Navigation time:         100.62 s
[INFO] [1777713479.216323211] [data_collector]:   Encounters (<1.0m):      0
[INFO] [1777713479.216630229] [data_collector]:   Personal violations (<1.20m): 0
[INFO] [1777713479.217366488] [data_collector]:   Intimate violations (<0.45m): 0
[INFO] [1777713479.217874768] [data_collector]:   Min pedestrian dist:     N/A
[INFO] [1777713479.218337669] [data_collector]:   Mean angular accel:      0.1572 rad/s²
[INFO] [1777713479.218647996] [data_collector]: =======================================================
[INFO] [1777713479.219047319] [data_collector]: Saved to /home/dx/CPE631-Navigation-ROS2-main/dynamic_4groups_headless_10.csv
[INFO] [1777713479.220087651] [data_collector]: exit_after_result=True, shutting down.
[INFO] [1777713479.224325479] [data_collector]: SIGUSR1: experiment was not active, shutting down.
