[INFO] [1777715903.682145075] [data_collector]: DataCollector ready  mode=dynamic  encounter=1.00m  personal=1.20m  intimate=0.45m
[INFO] [1777715903.682615461] [data_collector]: Results CSV: /home/dx/CPE631-Navigation-ROS2-main/dynamic_4groups_headless_10.csv

Commands: [s] start  [e] end  [1] social  [2] baseline  [3] dynamic  [q] quit
cmd> [INFO] [1777715908.886206566] [data_collector]: Started experiment [dynamic]
[WARN] [1777715908.964442405] [data_collector]: Personal space violation (<1.20m) +1, total=1
[WARN] [1777715936.895516937] [data_collector]: Personal space violation (<1.20m) +1, total=2
[INFO] [1777715937.074063790] [data_collector]: Encounter (<1.0m) +1, total=1
[WARN] [1777715937.429356229] [data_collector]: Intimate space violation (<0.45m) +1, total=1
[WARN] [1777715948.542394722] [data_collector]: Personal space violation (<1.20m) +1, total=3
[INFO] [1777715948.744366366] [data_collector]: Encounter (<1.0m) +1, total=2
[WARN] [1777715949.632422623] [data_collector]: Intimate space violation (<0.45m) +1, total=2
[WARN] [1777715963.661115071] [data_collector]: Personal space violation (<1.20m) +1, total=4
[INFO] [1777715964.157370244] [data_collector]: Encounter (<1.0m) +1, total=3
[WARN] [1777715972.250964819] [data_collector]: Personal space violation (<1.20m) +1, total=5
[INFO] [1777715972.556225391] [data_collector]: Encounter (<1.0m) +1, total=4
[WARN] [1777715972.556494477] [data_collector]: Personal space violation (<1.20m) +1, total=6
[WARN] [1777715973.261915130] [data_collector]: Intimate space violation (<0.45m) +1, total=3
[WARN] [1777715975.032376504] [data_collector]: Personal space violation (<1.20m) +1, total=7
[WARN] [1777715992.429106817] [data_collector]: Personal space violation (<1.20m) +1, total=8
[WARN] [1777715999.043227258] [data_collector]: Personal space violation (<1.20m) +1, total=9
[INFO] [1777715999.336868189] [data_collector]: Encounter (<1.0m) +1, total=5
[WARN] [1777716009.121701807] [data_collector]: Personal space violation (<1.20m) +1, total=10
[INFO] [1777716009.681068309] [data_collector]: Encounter (<1.0m) +1, total=6
[WARN] [1777716010.623244141] [data_collector]: Personal space violation (<1.20m) +1, total=11
[WARN] [1777716011.213789859] [data_collector]: Intimate space violation (<0.45m) +1, total=4
[INFO] [1777716012.888402210] [data_collector]: SIGUSR1: 读取 result_file → 'succeeded'
[INFO] [1777716012.888679962] [data_collector]: =======================================================
[INFO] [1777716012.888973632] [data_collector]: Experiment #7 result: succeeded
[INFO] [1777716012.889244302] [data_collector]:   Mode:                    dynamic
[INFO] [1777716012.889468371] [data_collector]:   Attempt:                 0
[INFO] [1777716012.889689091] [data_collector]:   Path length:             36.46 m
[INFO] [1777716012.889909958] [data_collector]:   Navigation time:         96.18 s
[INFO] [1777716012.890139883] [data_collector]:   Encounters (<1.0m):      6
[INFO] [1777716012.898733051] [data_collector]:   Personal violations (<1.20m): 11
[INFO] [1777716012.899041211] [data_collector]:   Intimate violations (<0.45m): 4
[INFO] [1777716012.899390552] [data_collector]:   Min pedestrian dist:     0.160 m
[INFO] [1777716012.899954755] [data_collector]:   Mean angular accel:      0.2481 rad/s²
[INFO] [1777716012.901031208] [data_collector]: =======================================================
[INFO] [1777716012.902541408] [data_collector]: Saved to /home/dx/CPE631-Navigation-ROS2-main/dynamic_4groups_headless_10.csv
[INFO] [1777716012.902883880] [data_collector]: exit_after_result=True, shutting down.
[INFO] [1777716012.905534675] [data_collector]: SIGUSR1: experiment was not active, shutting down.
