[INFO] [1777746711.037292378] [data_collector]: DataCollector ready  mode=social_smac  encounter=1.00m  personal=1.20m  intimate=0.45m
[INFO] [1777746711.037780985] [data_collector]: Results CSV: /home/dx/CPE631-Navigation-ROS2-main/social_4groups_headless_10.csv

Commands: [s] start  [e] end  [1] social  [2] baseline  [3] dynamic  [q] quit
cmd> [INFO] [1777746716.101721985] [data_collector]: Started experiment [social_smac]
[WARN] [1777746716.948515299] [data_collector]: Personal space violation (<1.20m) +1, total=1
[INFO] [1777746717.693041800] [data_collector]: Encounter (<1.0m) +1, total=1
[WARN] [1777746753.198777018] [data_collector]: Personal space violation (<1.20m) +1, total=2
[INFO] [1777746753.357069022] [data_collector]: Encounter (<1.0m) +1, total=2
[WARN] [1777746754.216383536] [data_collector]: Intimate space violation (<0.45m) +1, total=1
[WARN] [1777746766.900386692] [data_collector]: Personal space violation (<1.20m) +1, total=3
[INFO] [1777746767.402524700] [data_collector]: Encounter (<1.0m) +1, total=3
[WARN] [1777746785.154613962] [data_collector]: Personal space violation (<1.20m) +1, total=4
[INFO] [1777746785.800594339] [data_collector]: Encounter (<1.0m) +1, total=4
[WARN] [1777746792.802120893] [data_collector]: Personal space violation (<1.20m) +1, total=5
[WARN] [1777746793.012583690] [data_collector]: Personal space violation (<1.20m) +1, total=6
[INFO] [1777746796.530603876] [data_collector]: Encounter (<1.0m) +1, total=5
[WARN] [1777746797.484776801] [data_collector]: Personal space violation (<1.20m) +1, total=7
[WARN] [1777746798.531162988] [data_collector]: Intimate space violation (<0.45m) +1, total=2
[WARN] [1777746801.020222973] [data_collector]: Personal space violation (<1.20m) +1, total=8
[INFO] [1777746801.170281242] [data_collector]: Encounter (<1.0m) +1, total=6
[INFO] [1777746802.669118792] [data_collector]: Encounter (<1.0m) +1, total=7
[WARN] [1777746806.425427588] [data_collector]: Personal space violation (<1.20m) +1, total=9
[INFO] [1777746807.116978334] [data_collector]: Encounter (<1.0m) +1, total=8
[WARN] [1777746859.018290656] [data_collector]: Personal space violation (<1.20m) +1, total=10
[INFO] [1777746859.336872848] [data_collector]: Encounter (<1.0m) +1, total=9
[WARN] [1777746868.982213281] [data_collector]: Personal space violation (<1.20m) +1, total=11
[INFO] [1777746869.196447106] [data_collector]: Encounter (<1.0m) +1, total=10
[WARN] [1777746880.655090039] [data_collector]: Personal space violation (<1.20m) +1, total=12
[INFO] [1777746880.972706597] [data_collector]: Encounter (<1.0m) +1, total=11
[WARN] [1777746881.645251815] [data_collector]: Intimate space violation (<0.45m) +1, total=3
[WARN] [1777746883.754552027] [data_collector]: Intimate space violation (<0.45m) +1, total=4
[INFO] [1777746889.173252541] [data_collector]: SIGUSR1: 读取 result_file → 'succeeded'
[INFO] [1777746889.174735924] [data_collector]: =======================================================
[INFO] [1777746889.175397766] [data_collector]: Experiment #2 result: succeeded
[INFO] [1777746889.175823787] [data_collector]:   Mode:                    social_smac
[INFO] [1777746889.176470403] [data_collector]:   Attempt:                 0
[INFO] [1777746889.176856873] [data_collector]:   Path length:             42.06 m
[INFO] [1777746889.177240147] [data_collector]:   Navigation time:         125.95 s
[INFO] [1777746889.177550288] [data_collector]:   Encounters (<1.0m):      11
[INFO] [1777746889.178451640] [data_collector]:   Personal violations (<1.20m): 12
[INFO] [1777746889.178808375] [data_collector]:   Intimate violations (<0.45m): 4
[INFO] [1777746889.179280935] [data_collector]:   Min pedestrian dist:     0.041 m
[INFO] [1777746889.179621319] [data_collector]:   Mean angular accel:      0.3638 rad/s²
[INFO] [1777746889.180541677] [data_collector]: =======================================================
[INFO] [1777746889.181118674] [data_collector]: Saved to /home/dx/CPE631-Navigation-ROS2-main/social_4groups_headless_10.csv
[INFO] [1777746889.181498679] [data_collector]: exit_after_result=True, shutting down.
[INFO] [1777746889.186975653] [data_collector]: SIGUSR1: experiment was not active, shutting down.
