[INFO] [1777760356.295474933] [data_collector]: DataCollector ready  mode=social_dstar_plus  encounter=1.00m  personal=1.20m  intimate=0.45m
[INFO] [1777760356.296047462] [data_collector]: Results CSV: /home/dx/CPE631-Navigation-ROS2-main/experiment_results_v3.csv

Commands: [s] start  [e] end  [1] social  [2] baseline  [3] dynamic  [q] quit
cmd> [INFO] [1777760361.495605827] [data_collector]: Started experiment [social_dstar_plus]
[WARN] [1777760361.597963359] [data_collector]: Personal space violation (<1.20m) +1, total=1
[WARN] [1777760390.978938844] [data_collector]: Personal space violation (<1.20m) +1, total=2
[INFO] [1777760391.103453384] [data_collector]: Encounter (<1.0m) +1, total=1
[WARN] [1777760391.516572650] [data_collector]: Intimate space violation (<0.45m) +1, total=1
[WARN] [1777760402.282328002] [data_collector]: Personal space violation (<1.20m) +1, total=3
[INFO] [1777760402.491387677] [data_collector]: Encounter (<1.0m) +1, total=2
[WARN] [1777760417.519408669] [data_collector]: Personal space violation (<1.20m) +1, total=4
[INFO] [1777760417.928682491] [data_collector]: Encounter (<1.0m) +1, total=3
[WARN] [1777760420.937562877] [data_collector]: Personal space violation (<1.20m) +1, total=5
[INFO] [1777760421.757547866] [data_collector]: Encounter (<1.0m) +1, total=4
[WARN] [1777760426.726857763] [data_collector]: Personal space violation (<1.20m) +1, total=6
[INFO] [1777760427.064107121] [data_collector]: Encounter (<1.0m) +1, total=5
[WARN] [1777760428.778662443] [data_collector]: Intimate space violation (<0.45m) +1, total=2
[WARN] [1777760435.568369119] [data_collector]: Personal space violation (<1.20m) +1, total=7
[WARN] [1777760435.747466480] [data_collector]: Personal space violation (<1.20m) +1, total=8
[INFO] [1777760436.559186634] [data_collector]: Encounter (<1.0m) +1, total=6
[INFO] [1777760437.754041202] [data_collector]: Encounter (<1.0m) +1, total=7
[WARN] [1777760441.806707620] [data_collector]: Personal space violation (<1.20m) +1, total=9
[INFO] [1777760442.495916779] [data_collector]: Encounter (<1.0m) +1, total=8
[WARN] [1777760452.369351000] [data_collector]: Personal space violation (<1.20m) +1, total=10
[INFO] [1777760453.718356729] [data_collector]: Encounter (<1.0m) +1, total=9
[WARN] [1777760457.610311066] [data_collector]: Personal space violation (<1.20m) +1, total=11
[WARN] [1777760457.772158293] [data_collector]: Personal space violation (<1.20m) +1, total=12
[WARN] [1777760457.969048002] [data_collector]: Personal space violation (<1.20m) +1, total=13
[WARN] [1777760458.165394710] [data_collector]: Personal space violation (<1.20m) +1, total=14
[WARN] [1777760466.010446081] [data_collector]: Personal space violation (<1.20m) +1, total=15
[INFO] [1777760466.551354721] [data_collector]: Encounter (<1.0m) +1, total=10
[WARN] [1777760467.771986243] [data_collector]: Intimate space violation (<0.45m) +1, total=3
[WARN] [1777760470.396825193] [data_collector]: Intimate space violation (<0.45m) +1, total=4
[WARN] [1777760481.167099134] [data_collector]: Personal space violation (<1.20m) +1, total=16
[INFO] [1777760481.603877151] [data_collector]: Encounter (<1.0m) +1, total=11
[WARN] [1777760482.699090428] [data_collector]: Intimate space violation (<0.45m) +1, total=5
[WARN] [1777760484.590314625] [data_collector]: Intimate space violation (<0.45m) +1, total=6
[WARN] [1777760496.147732279] [data_collector]: Personal space violation (<1.20m) +1, total=17
[INFO] [1777760496.541218884] [data_collector]: Encounter (<1.0m) +1, total=12
[WARN] [1777760497.894922316] [data_collector]: Intimate space violation (<0.45m) +1, total=7
[WARN] [1777760500.046355485] [data_collector]: Intimate space violation (<0.45m) +1, total=8
[WARN] [1777760510.864032160] [data_collector]: Personal space violation (<1.20m) +1, total=18
[INFO] [1777760511.240868963] [data_collector]: Encounter (<1.0m) +1, total=13
[WARN] [1777760512.472237086] [data_collector]: Intimate space violation (<0.45m) +1, total=9
[WARN] [1777760514.633776607] [data_collector]: Intimate space violation (<0.45m) +1, total=10
[WARN] [1777760526.145974179] [data_collector]: Personal space violation (<1.20m) +1, total=19
[INFO] [1777760526.542096959] [data_collector]: Encounter (<1.0m) +1, total=14
[WARN] [1777760527.865959887] [data_collector]: Intimate space violation (<0.45m) +1, total=11
[WARN] [1777760530.399554388] [data_collector]: Intimate space violation (<0.45m) +1, total=12
[WARN] [1777760541.901324737] [data_collector]: Personal space violation (<1.20m) +1, total=20
[WARN] [1777760543.099281153] [data_collector]: Personal space violation (<1.20m) +1, total=21
[INFO] [1777760543.383035421] [data_collector]: Encounter (<1.0m) +1, total=15
[WARN] [1777760544.660827272] [data_collector]: Intimate space violation (<0.45m) +1, total=13
[WARN] [1777760558.118672008] [data_collector]: Personal space violation (<1.20m) +1, total=22
[INFO] [1777760558.603192604] [data_collector]: Encounter (<1.0m) +1, total=16
[WARN] [1777760559.985085589] [data_collector]: Intimate space violation (<0.45m) +1, total=14
[WARN] [1777760561.705601478] [data_collector]: Intimate space violation (<0.45m) +1, total=15
[WARN] [1777760565.177378975] [data_collector]: Personal space violation (<1.20m) +1, total=23
[WARN] [1777760574.058944138] [data_collector]: Personal space violation (<1.20m) +1, total=24
[INFO] [1777760574.482308842] [data_collector]: Encounter (<1.0m) +1, total=17
[WARN] [1777760575.890439310] [data_collector]: Intimate space violation (<0.45m) +1, total=16
[WARN] [1777760577.165732674] [data_collector]: Intimate space violation (<0.45m) +1, total=17
[WARN] [1777760590.447348864] [data_collector]: Personal space violation (<1.20m) +1, total=25
[WARN] [1777760590.873456045] [data_collector]: Personal space violation (<1.20m) +1, total=26
[INFO] [1777760591.449696705] [data_collector]: Encounter (<1.0m) +1, total=18
[WARN] [1777760592.877213169] [data_collector]: Intimate space violation (<0.45m) +1, total=18
[WARN] [1777760594.581813554] [data_collector]: Intimate space violation (<0.45m) +1, total=19
[WARN] [1777760606.832533004] [data_collector]: Personal space violation (<1.20m) +1, total=27
[INFO] [1777760607.491455558] [data_collector]: Encounter (<1.0m) +1, total=19
[WARN] [1777760608.938362953] [data_collector]: Intimate space violation (<0.45m) +1, total=20
[WARN] [1777760610.308869851] [data_collector]: Intimate space violation (<0.45m) +1, total=21
[WARN] [1777760614.403253708] [data_collector]: Personal space violation (<1.20m) +1, total=28
[WARN] [1777760622.869936887] [data_collector]: Personal space violation (<1.20m) +2, total=30
[INFO] [1777760623.118568392] [data_collector]: Encounter (<1.0m) +2, total=21
[WARN] [1777760624.058386721] [data_collector]: Intimate space violation (<0.45m) +1, total=22
[WARN] [1777760624.532686386] [data_collector]: Intimate space violation (<0.45m) +1, total=23
[WARN] [1777760625.944905510] [data_collector]: Intimate space violation (<0.45m) +1, total=24
[WARN] [1777760640.363887209] [data_collector]: Personal space violation (<1.20m) +1, total=31
[INFO] [1777760640.756906925] [data_collector]: Encounter (<1.0m) +1, total=22
[WARN] [1777760640.757188829] [data_collector]: Personal space violation (<1.20m) +1, total=32
[WARN] [1777760642.504669099] [data_collector]: Intimate space violation (<0.45m) +1, total=25
[WARN] [1777760644.084537039] [data_collector]: Intimate space violation (<0.45m) +1, total=26
[WARN] [1777760656.662097876] [data_collector]: Personal space violation (<1.20m) +1, total=33
[INFO] [1777760656.923664189] [data_collector]: Encounter (<1.0m) +1, total=23
[WARN] [1777760658.769533638] [data_collector]: Intimate space violation (<0.45m) +1, total=27
[WARN] [1777760660.327416680] [data_collector]: Intimate space violation (<0.45m) +1, total=28
[WARN] [1777760665.648077908] [data_collector]: Personal space violation (<1.20m) +1, total=34
[WARN] [1777760672.723588111] [data_collector]: Personal space violation (<1.20m) +1, total=35
[INFO] [1777760673.367239186] [data_collector]: Encounter (<1.0m) +1, total=24
[WARN] [1777760674.991100413] [data_collector]: Intimate space violation (<0.45m) +1, total=29
[WARN] [1777760676.717201325] [data_collector]: Intimate space violation (<0.45m) +1, total=30
[WARN] [1777760686.061610095] [data_collector]: Personal space violation (<1.20m) +1, total=36
[INFO] [1777760686.646278595] [data_collector]: Encounter (<1.0m) +1, total=25
[WARN] [1777760687.911278048] [data_collector]: Intimate space violation (<0.45m) +1, total=31
[WARN] [1777760689.342125922] [data_collector]: Personal space violation (<1.20m) +1, total=37
[INFO] [1777760689.764848267] [data_collector]: Encounter (<1.0m) +1, total=26
[WARN] [1777760690.343774492] [data_collector]: Intimate space violation (<0.45m) +1, total=32
[WARN] [1777760690.634860285] [data_collector]: Personal space violation (<1.20m) +1, total=38
[WARN] [1777760691.180617640] [data_collector]: Intimate space violation (<0.45m) +1, total=33
[WARN] [1777760692.880498069] [data_collector]: Intimate space violation (<0.45m) +1, total=34
[WARN] [1777760705.312443466] [data_collector]: Personal space violation (<1.20m) +1, total=39
[INFO] [1777760705.670906488] [data_collector]: Encounter (<1.0m) +1, total=27
[WARN] [1777760707.220606631] [data_collector]: Intimate space violation (<0.45m) +1, total=35
[WARN] [1777760708.910349878] [data_collector]: Intimate space violation (<0.45m) +1, total=36
[WARN] [1777760714.388954556] [data_collector]: Personal space violation (<1.20m) +1, total=40
[WARN] [1777760720.387251539] [data_collector]: Personal space violation (<1.20m) +1, total=41
[INFO] [1777760720.759647355] [data_collector]: Encounter (<1.0m) +1, total=28
[WARN] [1777760722.699830161] [data_collector]: Intimate space violation (<0.45m) +1, total=37
[WARN] [1777760724.739515100] [data_collector]: Intimate space violation (<0.45m) +1, total=38
[WARN] [1777760736.463166782] [data_collector]: Personal space violation (<1.20m) +1, total=42
[INFO] [1777760736.931531302] [data_collector]: Encounter (<1.0m) +1, total=29
[WARN] [1777760738.405184068] [data_collector]: Intimate space violation (<0.45m) +1, total=39
[WARN] [1777760738.594822424] [data_collector]: Personal space violation (<1.20m) +1, total=43
[WARN] [1777760740.165305394] [data_collector]: Intimate space violation (<0.45m) +1, total=40
[WARN] [1777760752.668045806] [data_collector]: Personal space violation (<1.20m) +1, total=44
[INFO] [1777760753.202240845] [data_collector]: Encounter (<1.0m) +1, total=30
[WARN] [1777760754.915051787] [data_collector]: Intimate space violation (<0.45m) +1, total=41
[WARN] [1777760756.605963743] [data_collector]: Intimate space violation (<0.45m) +1, total=42
[WARN] [1777760763.490203801] [data_collector]: Personal space violation (<1.20m) +1, total=45
[WARN] [1777760768.974873955] [data_collector]: Personal space violation (<1.20m) +1, total=46
[INFO] [1777760769.404736819] [data_collector]: Encounter (<1.0m) +1, total=31
[WARN] [1777760771.441477488] [data_collector]: Personal space violation (<1.20m) +1, total=47
[INFO] [1777760771.825056702] [data_collector]: Encounter (<1.0m) +1, total=32
[WARN] [1777760784.373490841] [data_collector]: Personal space violation (<1.20m) +1, total=48
[INFO] [1777760784.882834692] [data_collector]: Encounter (<1.0m) +1, total=33
[WARN] [1777760786.269028154] [data_collector]: Intimate space violation (<0.45m) +1, total=43
[INFO] [1777760788.243039411] [data_collector]: SIGUSR1: 读取 result_file → 'aborted'
[INFO] [1777760788.244988480] [data_collector]: =======================================================
[INFO] [1777760788.245263241] [data_collector]: Experiment #15 result: aborted
[INFO] [1777760788.245482707] [data_collector]:   Mode:                    social_dstar_plus
[INFO] [1777760788.245775856] [data_collector]:   Attempt:                 0
[INFO] [1777760788.246036551] [data_collector]:   Path length:             30.84 m
[INFO] [1777760788.246272179] [data_collector]:   Navigation time:         389.31 s
[INFO] [1777760788.246509986] [data_collector]:   Encounters (<1.0m):      33
[INFO] [1777760788.251777054] [data_collector]:   Personal violations (<1.20m): 48
[INFO] [1777760788.252120948] [data_collector]:   Intimate violations (<0.45m): 43
[INFO] [1777760788.255057859] [data_collector]:   Min pedestrian dist:     0.065 m
[INFO] [1777760788.255526939] [data_collector]:   Mean angular accel:      0.1449 rad/s²
[INFO] [1777760788.257586023] [data_collector]: =======================================================
[INFO] [1777760788.258016000] [data_collector]: Saved to /home/dx/CPE631-Navigation-ROS2-main/experiment_results_v3.csv
[INFO] [1777760788.258342170] [data_collector]: exit_after_result=True, shutting down.
[INFO] [1777760788.261987653] [data_collector]: SIGUSR1: experiment was not active, shutting down.
