[INFO] [1777721565.018784613] [data_collector]: DataCollector ready  mode=dynamic_dstar  encounter=1.00m  personal=1.20m  intimate=0.45m
[INFO] [1777721565.019460325] [data_collector]: Results CSV: /home/dx/CPE631-Navigation-ROS2-main/dynamic_4groups_headless_10.csv

Commands: [s] start  [e] end  [1] social  [2] baseline  [3] dynamic  [q] quit
cmd> [INFO] [1777721570.066985865] [data_collector]: Started experiment [dynamic_dstar]
[WARN] [1777721570.162262677] [data_collector]: Personal space violation (<1.20m) +1, total=1
[WARN] [1777721583.148076451] [data_collector]: Personal space violation (<1.20m) +1, total=2
[WARN] [1777721583.354718086] [data_collector]: Personal space violation (<1.20m) +1, total=3
[WARN] [1777721595.721684089] [data_collector]: Personal space violation (<1.20m) +1, total=4
[INFO] [1777721595.883424506] [data_collector]: Encounter (<1.0m) +1, total=1
[WARN] [1777721596.250382886] [data_collector]: Intimate space violation (<0.45m) +1, total=1
[WARN] [1777721631.352884696] [data_collector]: Personal space violation (<1.20m) +1, total=5
[INFO] [1777721631.571059950] [data_collector]: Encounter (<1.0m) +1, total=2
[WARN] [1777721632.920219565] [data_collector]: Personal space violation (<1.20m) +1, total=6
[WARN] [1777721637.707821977] [data_collector]: Personal space violation (<1.20m) +1, total=7
[INFO] [1777721637.870755798] [data_collector]: Encounter (<1.0m) +1, total=3
[WARN] [1777721649.461298640] [data_collector]: Personal space violation (<1.20m) +1, total=8
[WARN] [1777721649.781311290] [data_collector]: Personal space violation (<1.20m) +1, total=9
[WARN] [1777721650.292583544] [data_collector]: Personal space violation (<1.20m) +1, total=10
[INFO] [1777721650.884773427] [data_collector]: Encounter (<1.0m) +1, total=4
[WARN] [1777721652.784650707] [data_collector]: Intimate space violation (<0.45m) +1, total=2
[INFO] [1777721655.448388712] [data_collector]: Encounter (<1.0m) +1, total=5
[WARN] [1777721656.434123302] [data_collector]: Intimate space violation (<0.45m) +1, total=3
[WARN] [1777721658.369097936] [data_collector]: Intimate space violation (<0.45m) +1, total=4
[WARN] [1777721669.790749954] [data_collector]: Personal space violation (<1.20m) +1, total=11
[WARN] [1777721670.804469921] [data_collector]: Personal space violation (<1.20m) +1, total=12
[WARN] [1777721673.086823666] [data_collector]: Personal space violation (<1.20m) +1, total=13
[INFO] [1777721673.485066344] [data_collector]: Encounter (<1.0m) +1, total=6
[WARN] [1777721686.331584039] [data_collector]: Personal space violation (<1.20m) +1, total=14
[INFO] [1777721686.790209662] [data_collector]: Encounter (<1.0m) +1, total=7
[INFO] [1777721690.347182468] [data_collector]: SIGUSR1: 读取 result_file → 'succeeded'
[INFO] [1777721690.347502007] [data_collector]: =======================================================
[INFO] [1777721690.347710264] [data_collector]: Experiment #5 result: succeeded
[INFO] [1777721690.347943883] [data_collector]:   Mode:                    dynamic_dstar
[INFO] [1777721690.348663165] [data_collector]:   Attempt:                 0
[INFO] [1777721690.349135164] [data_collector]:   Path length:             42.27 m
[INFO] [1777721690.349498240] [data_collector]:   Navigation time:         122.91 s
[INFO] [1777721690.349744428] [data_collector]:   Encounters (<1.0m):      7
[INFO] [1777721690.350052696] [data_collector]:   Personal violations (<1.20m): 14
[INFO] [1777721690.350376680] [data_collector]:   Intimate violations (<0.45m): 4
[INFO] [1777721690.350861439] [data_collector]:   Min pedestrian dist:     0.237 m
[INFO] [1777721690.351634823] [data_collector]:   Mean angular accel:      0.1555 rad/s²
[INFO] [1777721690.351949656] [data_collector]: =======================================================
[INFO] [1777721690.352313972] [data_collector]: Saved to /home/dx/CPE631-Navigation-ROS2-main/dynamic_4groups_headless_10.csv
[INFO] [1777721690.352606442] [data_collector]: exit_after_result=True, shutting down.
[INFO] [1777721690.355329665] [data_collector]: SIGUSR1: experiment was not active, shutting down.
