[INFO] [1777759578.135205978] [data_collector]: DataCollector ready  mode=social_dstar_plus  encounter=1.00m  personal=1.20m  intimate=0.45m
[INFO] [1777759578.135675944] [data_collector]: Results CSV: /home/dx/CPE631-Navigation-ROS2-main/experiment_results_v3.csv

Commands: [s] start  [e] end  [1] social  [2] baseline  [3] dynamic  [q] quit
cmd> [INFO] [1777759583.180235713] [data_collector]: Started experiment [social_dstar_plus]
[WARN] [1777759583.180840284] [data_collector]: Personal space violation (<1.20m) +1, total=1
[INFO] [1777759583.394081516] [data_collector]: Encounter (<1.0m) +1, total=1
[WARN] [1777759614.041972403] [data_collector]: Personal space violation (<1.20m) +1, total=2
[INFO] [1777759614.278866986] [data_collector]: Encounter (<1.0m) +1, total=2
[WARN] [1777759626.886850287] [data_collector]: Personal space violation (<1.20m) +1, total=3
[INFO] [1777759627.055886245] [data_collector]: Encounter (<1.0m) +1, total=3
[WARN] [1777759642.377860084] [data_collector]: Personal space violation (<1.20m) +1, total=4
[INFO] [1777759643.115039633] [data_collector]: Encounter (<1.0m) +1, total=4
[WARN] [1777759650.895509033] [data_collector]: Personal space violation (<1.20m) +2, total=6
[INFO] [1777759651.121196824] [data_collector]: Encounter (<1.0m) +1, total=5
[WARN] [1777759652.085317987] [data_collector]: Intimate space violation (<0.45m) +1, total=1
[WARN] [1777759654.138264893] [data_collector]: Personal space violation (<1.20m) +1, total=7
[WARN] [1777759659.665251182] [data_collector]: Personal space violation (<1.20m) +1, total=8
[INFO] [1777759660.501361847] [data_collector]: Encounter (<1.0m) +1, total=6
[INFO] [1777759699.481594251] [data_collector]: SIGUSR1: 读取 result_file → 'succeeded'
[INFO] [1777759699.482876076] [data_collector]: =======================================================
[INFO] [1777759699.483110379] [data_collector]: Experiment #11 result: succeeded
[INFO] [1777759699.483334082] [data_collector]:   Mode:                    social_dstar_plus
[INFO] [1777759699.483561780] [data_collector]:   Attempt:                 0
[INFO] [1777759699.483797563] [data_collector]:   Path length:             36.79 m
[INFO] [1777759699.484033073] [data_collector]:   Navigation time:         101.06 s
[INFO] [1777759699.488147030] [data_collector]:   Encounters (<1.0m):      6
[INFO] [1777759699.488456143] [data_collector]:   Personal violations (<1.20m): 8
[INFO] [1777759699.489969002] [data_collector]:   Intimate violations (<0.45m): 1
[INFO] [1777759699.491325933] [data_collector]:   Min pedestrian dist:     0.366 m
[INFO] [1777759699.491782769] [data_collector]:   Mean angular accel:      0.2506 rad/s²
[INFO] [1777759699.492074962] [data_collector]: =======================================================
[INFO] [1777759699.492460411] [data_collector]: Saved to /home/dx/CPE631-Navigation-ROS2-main/experiment_results_v3.csv
[INFO] [1777759699.494921174] [data_collector]: exit_after_result=True, shutting down.
[INFO] [1777759699.501785115] [data_collector]: SIGUSR1: experiment was not active, shutting down.
