[INFO] [1777750821.875745799] [data_collector]: DataCollector ready  mode=social_dstar  encounter=1.00m  personal=1.20m  intimate=0.45m
[INFO] [1777750821.878080867] [data_collector]: Results CSV: /home/dx/CPE631-Navigation-ROS2-main/social_4groups_headless_10.csv

Commands: [s] start  [e] end  [1] social  [2] baseline  [3] dynamic  [q] quit
cmd> [INFO] [1777750826.830047697] [data_collector]: Started experiment [social_dstar]
[WARN] [1777750827.389891689] [data_collector]: Personal space violation (<1.20m) +1, total=1
[INFO] [1777750828.932644526] [data_collector]: Encounter (<1.0m) +1, total=1
[WARN] [1777750860.840848954] [data_collector]: Personal space violation (<1.20m) +1, total=2
[INFO] [1777750861.121109784] [data_collector]: Encounter (<1.0m) +1, total=2
[WARN] [1777750861.530169618] [data_collector]: Intimate space violation (<0.45m) +1, total=1
[WARN] [1777750872.703391277] [data_collector]: Personal space violation (<1.20m) +1, total=3
[INFO] [1777750872.891086461] [data_collector]: Encounter (<1.0m) +1, total=3
[WARN] [1777750874.129615227] [data_collector]: Intimate space violation (<0.45m) +1, total=2
[WARN] [1777750875.455844912] [data_collector]: Intimate space violation (<0.45m) +1, total=3
[WARN] [1777750875.770839317] [data_collector]: Intimate space violation (<0.45m) +1, total=4
[WARN] [1777750877.689372817] [data_collector]: Personal space violation (<1.20m) +1, total=4
[WARN] [1777750887.760014343] [data_collector]: Personal space violation (<1.20m) +1, total=5
[WARN] [1777750892.568738617] [data_collector]: Personal space violation (<1.20m) +1, total=6
[INFO] [1777750893.084753202] [data_collector]: Encounter (<1.0m) +1, total=4
[WARN] [1777750894.529224756] [data_collector]: Intimate space violation (<0.45m) +1, total=5
[WARN] [1777750900.872753378] [data_collector]: Personal space violation (<1.20m) +1, total=7
[WARN] [1777750901.299877813] [data_collector]: Personal space violation (<1.20m) +1, total=8
[INFO] [1777750903.038435122] [data_collector]: Encounter (<1.0m) +1, total=5
[WARN] [1777750904.276373946] [data_collector]: Intimate space violation (<0.45m) +1, total=6
[INFO] [1777750912.463737644] [data_collector]: Encounter (<1.0m) +1, total=6
[WARN] [1777750916.062604040] [data_collector]: Personal space violation (<1.20m) +1, total=9
[WARN] [1777750929.723999649] [data_collector]: Personal space violation (<1.20m) +1, total=10
[INFO] [1777750930.050482172] [data_collector]: Encounter (<1.0m) +1, total=7
[INFO] [1777750941.674320124] [data_collector]: SIGUSR1: 读取 result_file → 'succeeded'
[INFO] [1777750941.675369316] [data_collector]: =======================================================
[INFO] [1777750941.675629035] [data_collector]: Experiment #5 result: succeeded
[INFO] [1777750941.675848996] [data_collector]:   Mode:                    social_dstar
[INFO] [1777750941.677506910] [data_collector]:   Attempt:                 0
[INFO] [1777750941.678444045] [data_collector]:   Path length:             36.45 m
[INFO] [1777750941.678810479] [data_collector]:   Navigation time:         92.48 s
[INFO] [1777750941.679682023] [data_collector]:   Encounters (<1.0m):      7
[INFO] [1777750941.680001227] [data_collector]:   Personal violations (<1.20m): 10
[INFO] [1777750941.680259991] [data_collector]:   Intimate violations (<0.45m): 6
[INFO] [1777750941.680871476] [data_collector]:   Min pedestrian dist:     0.145 m
[INFO] [1777750941.681199237] [data_collector]:   Mean angular accel:      0.2960 rad/s²
[INFO] [1777750941.681463259] [data_collector]: =======================================================
[INFO] [1777750941.683413829] [data_collector]: Saved to /home/dx/CPE631-Navigation-ROS2-main/social_4groups_headless_10.csv
[INFO] [1777750941.683754426] [data_collector]: exit_after_result=True, shutting down.
[INFO] [1777750941.691753251] [data_collector]: SIGUSR1: experiment was not active, shutting down.
