[INFO] [1777745952.404086456] [data_collector]: DataCollector ready  mode=social_astar  encounter=1.00m  personal=1.20m  intimate=0.45m
[INFO] [1777745952.405036460] [data_collector]: Results CSV: /home/dx/CPE631-Navigation-ROS2-main/social_4groups_headless_10.csv

Commands: [s] start  [e] end  [1] social  [2] baseline  [3] dynamic  [q] quit
cmd> [INFO] [1777745957.574481463] [data_collector]: Started experiment [social_astar]
[WARN] [1777745957.622245926] [data_collector]: Personal space violation (<1.20m) +1, total=1
[INFO] [1777745958.060117334] [data_collector]: Encounter (<1.0m) +1, total=1
[WARN] [1777745989.628602477] [data_collector]: Personal space violation (<1.20m) +1, total=2
[INFO] [1777745989.978258532] [data_collector]: Encounter (<1.0m) +1, total=2
[WARN] [1777745997.117450260] [data_collector]: Personal space violation (<1.20m) +1, total=3
[INFO] [1777745997.306812645] [data_collector]: Encounter (<1.0m) +1, total=3
[INFO] [1777745997.581506328] [data_collector]: Encounter (<1.0m) +1, total=4
[WARN] [1777745998.333402589] [data_collector]: Intimate space violation (<0.45m) +1, total=1
[WARN] [1777746002.763644081] [data_collector]: Personal space violation (<1.20m) +1, total=4
[INFO] [1777746002.967036435] [data_collector]: Encounter (<1.0m) +1, total=5
[WARN] [1777746014.781423456] [data_collector]: Personal space violation (<1.20m) +1, total=5
[INFO] [1777746015.002320538] [data_collector]: Encounter (<1.0m) +1, total=6
[WARN] [1777746015.864626394] [data_collector]: Intimate space violation (<0.45m) +1, total=2
[WARN] [1777746029.373646081] [data_collector]: Personal space violation (<1.20m) +1, total=6
[INFO] [1777746029.589297449] [data_collector]: Encounter (<1.0m) +1, total=7
[WARN] [1777746030.533508736] [data_collector]: Intimate space violation (<0.45m) +1, total=3
[WARN] [1777746035.101207711] [data_collector]: Personal space violation (<1.20m) +1, total=7
[INFO] [1777746035.687867956] [data_collector]: Encounter (<1.0m) +1, total=8
[WARN] [1777746037.222835467] [data_collector]: Intimate space violation (<0.45m) +1, total=4
[INFO] [1777746040.887789832] [data_collector]: Encounter (<1.0m) +1, total=9
[INFO] [1777746041.321660066] [data_collector]: Encounter (<1.0m) +1, total=10
[INFO] [1777746041.670081733] [data_collector]: Encounter (<1.0m) +1, total=11
[WARN] [1777746055.918929812] [data_collector]: Personal space violation (<1.20m) +1, total=8
[INFO] [1777746073.918887985] [data_collector]: SIGUSR1: 读取 result_file → 'succeeded'
[INFO] [1777746073.919281492] [data_collector]: =======================================================
[INFO] [1777746073.919515712] [data_collector]: Experiment #10 result: succeeded
[INFO] [1777746073.919737132] [data_collector]:   Mode:                    social_astar
[INFO] [1777746073.919991144] [data_collector]:   Attempt:                 0
[INFO] [1777746073.920652084] [data_collector]:   Path length:             36.45 m
[INFO] [1777746073.921183791] [data_collector]:   Navigation time:         101.59 s
[INFO] [1777746073.921486385] [data_collector]:   Encounters (<1.0m):      11
[INFO] [1777746073.921870767] [data_collector]:   Personal violations (<1.20m): 8
[INFO] [1777746073.922267227] [data_collector]:   Intimate violations (<0.45m): 4
[INFO] [1777746073.922832128] [data_collector]:   Min pedestrian dist:     0.038 m
[INFO] [1777746073.923179661] [data_collector]:   Mean angular accel:      0.2056 rad/s²
[INFO] [1777746073.923533041] [data_collector]: =======================================================
[INFO] [1777746073.924069205] [data_collector]: Saved to /home/dx/CPE631-Navigation-ROS2-main/social_4groups_headless_10.csv
[INFO] [1777746073.925233148] [data_collector]: exit_after_result=True, shutting down.
[INFO] [1777746073.927714574] [data_collector]: SIGUSR1: experiment was not active, shutting down.
