[INFO] [1777742494.822041474] [data_collector]: DataCollector ready  mode=social  encounter=1.00m  personal=1.20m  intimate=0.45m
[INFO] [1777742494.822597943] [data_collector]: Results CSV: /home/dx/CPE631-Navigation-ROS2-main/social_4groups_headless_10.csv

Commands: [s] start  [e] end  [1] social  [2] baseline  [3] dynamic  [q] quit
cmd> [INFO] [1777742499.869266620] [data_collector]: Started experiment [social]
[WARN] [1777742499.991334591] [data_collector]: Personal space violation (<1.20m) +1, total=1
[INFO] [1777742500.809781794] [data_collector]: Encounter (<1.0m) +1, total=1
[WARN] [1777742532.655976945] [data_collector]: Personal space violation (<1.20m) +1, total=2
[INFO] [1777742533.351498927] [data_collector]: Encounter (<1.0m) +1, total=2
[WARN] [1777742534.424009947] [data_collector]: Intimate space violation (<0.45m) +1, total=1
[WARN] [1777742558.467002700] [data_collector]: Personal space violation (<1.20m) +1, total=3
[INFO] [1777742558.564786897] [data_collector]: Encounter (<1.0m) +1, total=3
[WARN] [1777742559.029230575] [data_collector]: Intimate space violation (<0.45m) +1, total=2
[WARN] [1777742565.065468033] [data_collector]: Personal space violation (<1.20m) +1, total=4
[INFO] [1777742565.853978154] [data_collector]: Encounter (<1.0m) +1, total=4
[INFO] [1777742566.042809402] [data_collector]: Encounter (<1.0m) +1, total=5
[WARN] [1777742567.525922539] [data_collector]: Intimate space violation (<0.45m) +1, total=3
[INFO] [1777742570.823821015] [data_collector]: Encounter (<1.0m) +1, total=6
[WARN] [1777742572.043836897] [data_collector]: Intimate space violation (<0.45m) +1, total=4
[WARN] [1777742572.220974985] [data_collector]: Intimate space violation (<0.45m) +1, total=5
[WARN] [1777742579.242366823] [data_collector]: Personal space violation (<1.20m) +1, total=5
[INFO] [1777742579.347235863] [data_collector]: Encounter (<1.0m) +1, total=7
[WARN] [1777742580.539515020] [data_collector]: Intimate space violation (<0.45m) +1, total=6
[WARN] [1777742592.721960076] [data_collector]: Personal space violation (<1.20m) +1, total=6
[INFO] [1777742593.263571890] [data_collector]: Encounter (<1.0m) +1, total=8
[WARN] [1777742599.699686500] [data_collector]: Personal space violation (<1.20m) +1, total=7
[INFO] [1777742599.794704402] [data_collector]: Encounter (<1.0m) +1, total=9
[WARN] [1777742599.797729291] [data_collector]: Personal space violation (<1.20m) +1, total=8
[WARN] [1777742600.016064427] [data_collector]: Intimate space violation (<0.45m) +1, total=7
[WARN] [1777742603.700549631] [data_collector]: Personal space violation (<1.20m) +1, total=9
[INFO] [1777742604.819074026] [data_collector]: Encounter (<1.0m) +1, total=10
[INFO] [1777742607.529817062] [data_collector]: Encounter (<1.0m) +1, total=11
[WARN] [1777742643.987690551] [data_collector]: Personal space violation (<1.20m) +1, total=10
[WARN] [1777742747.207016322] [data_collector]: Personal space violation (<1.20m) +1, total=11
[INFO] [1777742747.756541223] [data_collector]: Encounter (<1.0m) +1, total=12
[WARN] [1777742807.496719899] [data_collector]: Personal space violation (<1.20m) +1, total=12
[INFO] [1777742808.309780218] [data_collector]: Encounter (<1.0m) +1, total=13
[WARN] [1777742863.377474770] [data_collector]: Personal space violation (<1.20m) +1, total=13
[INFO] [1777742864.062609383] [data_collector]: Encounter (<1.0m) +1, total=14
[INFO] [1777742920.379749709] [data_collector]: SIGUSR1: 读取 result_file → 'aborted'
[INFO] [1777742920.380595893] [data_collector]: =======================================================
[INFO] [1777742920.381171631] [data_collector]: Experiment #9 result: aborted
[INFO] [1777742920.381418528] [data_collector]:   Mode:                    social
[INFO] [1777742920.383862416] [data_collector]:   Attempt:                 0
[INFO] [1777742920.384560191] [data_collector]:   Path length:             32.00 m
[INFO] [1777742920.385630524] [data_collector]:   Navigation time:         363.70 s
[INFO] [1777742920.388016934] [data_collector]:   Encounters (<1.0m):      14
[INFO] [1777742920.390183594] [data_collector]:   Personal violations (<1.20m): 13
[INFO] [1777742920.393420763] [data_collector]:   Intimate violations (<0.45m): 7
[INFO] [1777742920.394541118] [data_collector]:   Min pedestrian dist:     0.094 m
[INFO] [1777742920.397561620] [data_collector]:   Mean angular accel:      0.1509 rad/s²
[INFO] [1777742920.399510899] [data_collector]: =======================================================
[INFO] [1777742920.400920203] [data_collector]: Saved to /home/dx/CPE631-Navigation-ROS2-main/social_4groups_headless_10.csv
[INFO] [1777742920.403234919] [data_collector]: exit_after_result=True, shutting down.
[INFO] [1777742920.410704949] [data_collector]: SIGUSR1: experiment was not active, shutting down.
