[INFO] [1777745009.948611663] [data_collector]: DataCollector ready  mode=social_astar  encounter=1.00m  personal=1.20m  intimate=0.45m
[INFO] [1777745009.949333682] [data_collector]: Results CSV: /home/dx/CPE631-Navigation-ROS2-main/social_4groups_headless_10.csv

Commands: [s] start  [e] end  [1] social  [2] baseline  [3] dynamic  [q] quit
cmd> [INFO] [1777745015.056858912] [data_collector]: Started experiment [social_astar]
[WARN] [1777745015.115894818] [data_collector]: Personal space violation (<1.20m) +1, total=1
[INFO] [1777745016.172759320] [data_collector]: Encounter (<1.0m) +1, total=1
[WARN] [1777745045.866806140] [data_collector]: Personal space violation (<1.20m) +1, total=2
[INFO] [1777745046.133766247] [data_collector]: Encounter (<1.0m) +1, total=2
[WARN] [1777745053.639159575] [data_collector]: Personal space violation (<1.20m) +1, total=3
[INFO] [1777745054.063538799] [data_collector]: Encounter (<1.0m) +1, total=3
[WARN] [1777745054.789820948] [data_collector]: Intimate space violation (<0.45m) +1, total=1
[WARN] [1777745073.153077201] [data_collector]: Personal space violation (<1.20m) +1, total=4
[INFO] [1777745073.468176133] [data_collector]: Encounter (<1.0m) +1, total=4
[WARN] [1777745074.553483314] [data_collector]: Personal space violation (<1.20m) +1, total=5
[INFO] [1777745082.139336710] [data_collector]: SIGUSR1: 读取 result_file → 'aborted'
[INFO] [1777745082.140172145] [data_collector]: =======================================================
[INFO] [1777745082.140434598] [data_collector]: Experiment #6 result: aborted
[INFO] [1777745082.140734787] [data_collector]:   Mode:                    social_astar
[INFO] [1777745082.141211897] [data_collector]:   Attempt:                 0
[INFO] [1777745082.141734823] [data_collector]:   Path length:             17.17 m
[INFO] [1777745082.142029068] [data_collector]:   Navigation time:         57.43 s
[INFO] [1777745082.142313550] [data_collector]:   Encounters (<1.0m):      4
[INFO] [1777745082.142674792] [data_collector]:   Personal violations (<1.20m): 5
[INFO] [1777745082.143189863] [data_collector]:   Intimate violations (<0.45m): 1
[INFO] [1777745082.143548706] [data_collector]:   Min pedestrian dist:     0.168 m
[INFO] [1777745082.143932911] [data_collector]:   Mean angular accel:      0.3364 rad/s²
[INFO] [1777745082.144258276] [data_collector]: =======================================================
[INFO] [1777745082.144894650] [data_collector]: Saved to /home/dx/CPE631-Navigation-ROS2-main/social_4groups_headless_10.csv
[INFO] [1777745082.146486147] [data_collector]: exit_after_result=True, shutting down.
[INFO] [1777745082.149284909] [data_collector]: SIGUSR1: experiment was not active, shutting down.
