[INFO] [1777757915.309524409] [data_collector]: DataCollector ready  mode=social_dstar_plus  encounter=1.00m  personal=1.20m  intimate=0.45m
[INFO] [1777757915.309977689] [data_collector]: Results CSV: /home/dx/CPE631-Navigation-ROS2-main/experiment_results_v3.csv

Commands: [s] start  [e] end  [1] social  [2] baseline  [3] dynamic  [q] quit
cmd> [INFO] [1777757920.538984497] [data_collector]: Started experiment [social_dstar_plus]
[WARN] [1777757921.212245878] [data_collector]: Personal space violation (<1.20m) +1, total=1
[INFO] [1777757922.613422776] [data_collector]: Encounter (<1.0m) +1, total=1
[WARN] [1777757955.971927477] [data_collector]: Personal space violation (<1.20m) +1, total=2
[INFO] [1777757956.340975540] [data_collector]: Encounter (<1.0m) +1, total=2
[WARN] [1777757956.854603784] [data_collector]: Intimate space violation (<0.45m) +1, total=1
[WARN] [1777757970.218728939] [data_collector]: Personal space violation (<1.20m) +1, total=3
[INFO] [1777757970.405984987] [data_collector]: Encounter (<1.0m) +1, total=3
[WARN] [1777757986.903117158] [data_collector]: Personal space violation (<1.20m) +1, total=4
[INFO] [1777757987.249721832] [data_collector]: Encounter (<1.0m) +1, total=4
[WARN] [1777757997.550346744] [data_collector]: Personal space violation (<1.20m) +1, total=5
[INFO] [1777757998.333887095] [data_collector]: Encounter (<1.0m) +1, total=5
[WARN] [1777757999.338684863] [data_collector]: Intimate space violation (<0.45m) +1, total=2
[WARN] [1777758006.740170385] [data_collector]: Personal space violation (<1.20m) +1, total=6
[INFO] [1777758006.973769936] [data_collector]: Encounter (<1.0m) +1, total=6
[WARN] [1777758008.361479573] [data_collector]: Intimate space violation (<0.45m) +1, total=3
[WARN] [1777758014.863689003] [data_collector]: Personal space violation (<1.20m) +1, total=7
[INFO] [1777758015.723772901] [data_collector]: Encounter (<1.0m) +1, total=7
[INFO] [1777758019.520825387] [data_collector]: Encounter (<1.0m) +1, total=8
[WARN] [1777758023.075248899] [data_collector]: Personal space violation (<1.20m) +1, total=8
[INFO] [1777758023.518554955] [data_collector]: Encounter (<1.0m) +1, total=9
[WARN] [1777758025.400891425] [data_collector]: Intimate space violation (<0.45m) +1, total=4
[WARN] [1777758028.025091530] [data_collector]: Intimate space violation (<0.45m) +1, total=5
[WARN] [1777758028.218262346] [data_collector]: Intimate space violation (<0.45m) +1, total=6
[WARN] [1777758029.742209516] [data_collector]: Personal space violation (<1.20m) +1, total=9
[WARN] [1777758043.712872033] [data_collector]: Personal space violation (<1.20m) +1, total=10
[INFO] [1777758045.398954982] [data_collector]: Encounter (<1.0m) +1, total=10
[WARN] [1777758049.960626195] [data_collector]: Personal space violation (<1.20m) +1, total=11
[WARN] [1777758063.119082751] [data_collector]: Personal space violation (<1.20m) +1, total=12
[WARN] [1777758068.162068039] [data_collector]: Personal space violation (<1.20m) +1, total=13
[WARN] [1777758081.488244839] [data_collector]: Personal space violation (<1.20m) +1, total=14
[INFO] [1777758082.516341871] [data_collector]: Encounter (<1.0m) +1, total=11
[WARN] [1777758085.947195556] [data_collector]: Personal space violation (<1.20m) +1, total=15
[INFO] [1777758087.312857510] [data_collector]: Encounter (<1.0m) +1, total=12
[WARN] [1777758099.919923644] [data_collector]: Personal space violation (<1.20m) +1, total=16
[INFO] [1777758101.012756955] [data_collector]: Encounter (<1.0m) +1, total=13
[WARN] [1777758104.793214375] [data_collector]: Personal space violation (<1.20m) +1, total=17
[INFO] [1777758105.658832595] [data_collector]: Encounter (<1.0m) +1, total=14
[WARN] [1777758118.205239953] [data_collector]: Personal space violation (<1.20m) +1, total=18
[INFO] [1777758119.378502453] [data_collector]: Encounter (<1.0m) +1, total=15
[WARN] [1777758123.507382782] [data_collector]: Personal space violation (<1.20m) +1, total=19
[INFO] [1777758124.839851692] [data_collector]: Encounter (<1.0m) +1, total=16
[WARN] [1777758136.030436397] [data_collector]: Personal space violation (<1.20m) +1, total=20
[INFO] [1777758136.843431014] [data_collector]: Encounter (<1.0m) +1, total=17
[WARN] [1777758140.493346402] [data_collector]: Personal space violation (<1.20m) +1, total=21
[INFO] [1777758141.665018883] [data_collector]: Encounter (<1.0m) +1, total=18
[WARN] [1777758152.505750248] [data_collector]: Personal space violation (<1.20m) +1, total=22
[INFO] [1777758153.443138974] [data_collector]: Encounter (<1.0m) +1, total=19
[WARN] [1777758157.224768550] [data_collector]: Personal space violation (<1.20m) +1, total=23
[INFO] [1777758158.358973176] [data_collector]: Encounter (<1.0m) +1, total=20
[WARN] [1777758169.936665684] [data_collector]: Personal space violation (<1.20m) +1, total=24
[INFO] [1777758170.869004627] [data_collector]: Encounter (<1.0m) +1, total=21
[WARN] [1777758174.522060086] [data_collector]: Personal space violation (<1.20m) +1, total=25
[INFO] [1777758175.714000454] [data_collector]: Encounter (<1.0m) +1, total=22
[WARN] [1777758187.266979450] [data_collector]: Personal space violation (<1.20m) +1, total=26
[INFO] [1777758188.083002372] [data_collector]: Encounter (<1.0m) +1, total=23
[WARN] [1777758191.334461376] [data_collector]: Personal space violation (<1.20m) +1, total=27
[INFO] [1777758192.265798425] [data_collector]: Encounter (<1.0m) +1, total=24
[WARN] [1777758203.738918700] [data_collector]: Personal space violation (<1.20m) +1, total=28
[INFO] [1777758205.040084773] [data_collector]: Encounter (<1.0m) +1, total=25
[WARN] [1777758208.790699560] [data_collector]: Personal space violation (<1.20m) +1, total=29
[INFO] [1777758209.697237925] [data_collector]: Encounter (<1.0m) +1, total=26
[WARN] [1777758221.273384116] [data_collector]: Personal space violation (<1.20m) +1, total=30
[INFO] [1777758222.447607316] [data_collector]: Encounter (<1.0m) +1, total=27
[WARN] [1777758225.614238540] [data_collector]: Personal space violation (<1.20m) +1, total=31
[WARN] [1777758225.897155809] [data_collector]: Personal space violation (<1.20m) +1, total=32
[INFO] [1777758226.782658677] [data_collector]: Encounter (<1.0m) +1, total=28
[INFO] [1777758227.012348767] [data_collector]: Encounter (<1.0m) +1, total=29
[WARN] [1777758238.849867955] [data_collector]: Personal space violation (<1.20m) +1, total=33
[INFO] [1777758239.769443206] [data_collector]: Encounter (<1.0m) +1, total=30
[WARN] [1777758243.212703345] [data_collector]: Personal space violation (<1.20m) +1, total=34
[INFO] [1777758244.186238069] [data_collector]: Encounter (<1.0m) +1, total=31
[WARN] [1777758254.846279811] [data_collector]: Personal space violation (<1.20m) +1, total=35
[INFO] [1777758255.848339655] [data_collector]: Encounter (<1.0m) +1, total=32
[WARN] [1777758259.987217890] [data_collector]: Personal space violation (<1.20m) +1, total=36
[INFO] [1777758260.735276446] [data_collector]: Encounter (<1.0m) +1, total=33
[WARN] [1777758272.779873853] [data_collector]: Personal space violation (<1.20m) +1, total=37
[INFO] [1777758273.808704570] [data_collector]: Encounter (<1.0m) +1, total=34
[WARN] [1777758277.630766102] [data_collector]: Personal space violation (<1.20m) +1, total=38
[INFO] [1777758278.706050784] [data_collector]: Encounter (<1.0m) +1, total=35
[WARN] [1777758289.475025041] [data_collector]: Personal space violation (<1.20m) +1, total=39
[INFO] [1777758290.236720016] [data_collector]: Encounter (<1.0m) +1, total=36
[WARN] [1777758293.735742432] [data_collector]: Personal space violation (<1.20m) +1, total=40
[INFO] [1777758294.743407450] [data_collector]: Encounter (<1.0m) +1, total=37
[WARN] [1777758307.085791270] [data_collector]: Personal space violation (<1.20m) +1, total=41
[INFO] [1777758308.147192097] [data_collector]: Encounter (<1.0m) +1, total=38
[WARN] [1777758311.768660141] [data_collector]: Personal space violation (<1.20m) +1, total=42
[INFO] [1777758312.934441036] [data_collector]: Encounter (<1.0m) +1, total=39
[WARN] [1777758325.404174900] [data_collector]: Personal space violation (<1.20m) +1, total=43
[INFO] [1777758326.244079255] [data_collector]: Encounter (<1.0m) +1, total=40
[WARN] [1777758329.921781051] [data_collector]: Personal space violation (<1.20m) +1, total=44
[INFO] [1777758331.101676339] [data_collector]: Encounter (<1.0m) +1, total=41
[WARN] [1777758350.702031138] [data_collector]: Personal space violation (<1.20m) +1, total=45
[WARN] [1777758360.349024871] [data_collector]: Personal space violation (<1.20m) +1, total=46
[INFO] [1777758360.652452138] [data_collector]: Encounter (<1.0m) +1, total=42
[WARN] [1777758372.338298471] [data_collector]: Personal space violation (<1.20m) +1, total=47
[INFO] [1777758409.277677826] [data_collector]: SIGUSR1: 读取 result_file → 'succeeded'
[INFO] [1777758409.277992855] [data_collector]: =======================================================
[INFO] [1777758409.278429454] [data_collector]: Experiment #3 result: succeeded
[INFO] [1777758409.280123450] [data_collector]:   Mode:                    social_dstar_plus
[INFO] [1777758409.280418186] [data_collector]:   Attempt:                 0
[INFO] [1777758409.280659027] [data_collector]:   Path length:             51.48 m
[INFO] [1777758409.281679092] [data_collector]:   Navigation time:         395.27 s
[INFO] [1777758409.282017390] [data_collector]:   Encounters (<1.0m):      42
[INFO] [1777758409.282260506] [data_collector]:   Personal violations (<1.20m): 47
[INFO] [1777758409.282531801] [data_collector]:   Intimate violations (<0.45m): 6
[INFO] [1777758409.282791609] [data_collector]:   Min pedestrian dist:     0.037 m
[INFO] [1777758409.283065893] [data_collector]:   Mean angular accel:      0.1888 rad/s²
[INFO] [1777758409.283334104] [data_collector]: =======================================================
[INFO] [1777758409.284608020] [data_collector]: Saved to /home/dx/CPE631-Navigation-ROS2-main/experiment_results_v3.csv
[INFO] [1777758409.285371282] [data_collector]: exit_after_result=True, shutting down.
[INFO] [1777758409.294673483] [data_collector]: SIGUSR1: experiment was not active, shutting down.
