[INFO] [1777717792.575569260] [data_collector]: DataCollector ready  mode=dynamic_astar  encounter=1.00m  personal=1.20m  intimate=0.45m
[INFO] [1777717792.576149922] [data_collector]: Results CSV: /home/dx/CPE631-Navigation-ROS2-main/dynamic_4groups_headless_10.csv

Commands: [s] start  [e] end  [1] social  [2] baseline  [3] dynamic  [q] quit
cmd> [INFO] [1777717797.643551849] [data_collector]: Started experiment [dynamic_astar]
[WARN] [1777717798.444063283] [data_collector]: Personal space violation (<1.20m) +1, total=1
[INFO] [1777717799.416585784] [data_collector]: Encounter (<1.0m) +1, total=1
[WARN] [1777717828.424971398] [data_collector]: Personal space violation (<1.20m) +1, total=2
[INFO] [1777717828.630096456] [data_collector]: Encounter (<1.0m) +1, total=2
[WARN] [1777717839.969071219] [data_collector]: Personal space violation (<1.20m) +1, total=3
[INFO] [1777717840.261892480] [data_collector]: Encounter (<1.0m) +1, total=3
[WARN] [1777717841.555051006] [data_collector]: Intimate space violation (<0.45m) +1, total=1
[WARN] [1777717842.136999994] [data_collector]: Intimate space violation (<0.45m) +1, total=2
[WARN] [1777717844.658759084] [data_collector]: Personal space violation (<1.20m) +1, total=4
[WARN] [1777717855.876009379] [data_collector]: Personal space violation (<1.20m) +1, total=5
[INFO] [1777717856.243753395] [data_collector]: Encounter (<1.0m) +1, total=4
[WARN] [1777717859.924714522] [data_collector]: Personal space violation (<1.20m) +1, total=6
[INFO] [1777717860.470528452] [data_collector]: Encounter (<1.0m) +1, total=5
[WARN] [1777717863.442836527] [data_collector]: Personal space violation (<1.20m) +1, total=7
[WARN] [1777717865.187785307] [data_collector]: Personal space violation (<1.20m) +1, total=8
[INFO] [1777717866.163697429] [data_collector]: Encounter (<1.0m) +1, total=6
[WARN] [1777717867.675589938] [data_collector]: Intimate space violation (<0.45m) +1, total=3
[WARN] [1777717869.329741434] [data_collector]: Intimate space violation (<0.45m) +1, total=4
[WARN] [1777717874.470931989] [data_collector]: Personal space violation (<1.20m) +1, total=9
[INFO] [1777717875.076242211] [data_collector]: Encounter (<1.0m) +1, total=7
[INFO] [1777717875.379031361] [data_collector]: Encounter (<1.0m) +1, total=8
[WARN] [1777717877.122469088] [data_collector]: Intimate space violation (<0.45m) +1, total=5
[INFO] [1777717880.119854800] [data_collector]: Encounter (<1.0m) +1, total=9
[INFO] [1777717880.499504473] [data_collector]: Encounter (<1.0m) +1, total=10
[INFO] [1777717880.694723542] [data_collector]: Encounter (<1.0m) +1, total=11
[INFO] [1777717882.640862478] [data_collector]: Encounter (<1.0m) +1, total=12
[INFO] [1777717883.124352435] [data_collector]: Encounter (<1.0m) +1, total=13
[INFO] [1777717883.488551038] [data_collector]: Encounter (<1.0m) +1, total=14
[INFO] [1777717883.771443616] [data_collector]: Encounter (<1.0m) +1, total=15
[INFO] [1777717887.538668648] [data_collector]: Encounter (<1.0m) +1, total=16
[INFO] [1777717888.221868740] [data_collector]: Encounter (<1.0m) +1, total=17
[INFO] [1777717909.582902122] [data_collector]: SIGUSR1: 读取 result_file → 'aborted'
[INFO] [1777717909.583185064] [data_collector]: =======================================================
[INFO] [1777717909.586350706] [data_collector]: Experiment #7 result: aborted
[INFO] [1777717909.586795382] [data_collector]:   Mode:                    dynamic_astar
[INFO] [1777717909.587031530] [data_collector]:   Attempt:                 0
[INFO] [1777717909.587487197] [data_collector]:   Path length:             33.81 m
[INFO] [1777717909.587726615] [data_collector]:   Navigation time:         98.45 s
[INFO] [1777717909.587962144] [data_collector]:   Encounters (<1.0m):      17
[INFO] [1777717909.588247788] [data_collector]:   Personal violations (<1.20m): 9
[INFO] [1777717909.588503335] [data_collector]:   Intimate violations (<0.45m): 5
[INFO] [1777717909.588752263] [data_collector]:   Min pedestrian dist:     0.348 m
[INFO] [1777717909.589348472] [data_collector]:   Mean angular accel:      0.2941 rad/s²
[INFO] [1777717909.589640703] [data_collector]: =======================================================
[INFO] [1777717909.590487331] [data_collector]: Saved to /home/dx/CPE631-Navigation-ROS2-main/dynamic_4groups_headless_10.csv
[INFO] [1777717909.591433365] [data_collector]: exit_after_result=True, shutting down.
[INFO] [1777717909.594955246] [data_collector]: SIGUSR1: experiment was not active, shutting down.
