[INFO] [1777721432.013441790] [data_collector]: DataCollector ready  mode=dynamic_dstar  encounter=1.00m  personal=1.20m  intimate=0.45m
[INFO] [1777721432.014001953] [data_collector]: Results CSV: /home/dx/CPE631-Navigation-ROS2-main/dynamic_4groups_headless_10.csv

Commands: [s] start  [e] end  [1] social  [2] baseline  [3] dynamic  [q] quit
cmd> [INFO] [1777721437.157714146] [data_collector]: Started experiment [dynamic_dstar]
[WARN] [1777721461.978024428] [data_collector]: Personal space violation (<1.20m) +1, total=1
[INFO] [1777721462.252689143] [data_collector]: Encounter (<1.0m) +1, total=1
[WARN] [1777721462.605507035] [data_collector]: Intimate space violation (<0.45m) +1, total=1
[WARN] [1777721472.898511034] [data_collector]: Personal space violation (<1.20m) +1, total=2
[INFO] [1777721472.997823070] [data_collector]: Encounter (<1.0m) +1, total=2
[WARN] [1777721473.612563930] [data_collector]: Intimate space violation (<0.45m) +1, total=2
[WARN] [1777721486.657078942] [data_collector]: Personal space violation (<1.20m) +1, total=3
[INFO] [1777721486.989021787] [data_collector]: Encounter (<1.0m) +1, total=3
[WARN] [1777721493.989061616] [data_collector]: Personal space violation (<1.20m) +2, total=5
[INFO] [1777721494.190735869] [data_collector]: Encounter (<1.0m) +1, total=4
[WARN] [1777721494.978622122] [data_collector]: Intimate space violation (<0.45m) +1, total=3
[WARN] [1777721501.117741168] [data_collector]: Personal space violation (<1.20m) +1, total=6
[INFO] [1777721501.806838331] [data_collector]: Encounter (<1.0m) +1, total=5
[WARN] [1777721513.282427538] [data_collector]: Personal space violation (<1.20m) +1, total=7
[WARN] [1777721519.463393276] [data_collector]: Personal space violation (<1.20m) +1, total=8
[INFO] [1777721519.844256335] [data_collector]: Encounter (<1.0m) +1, total=6
[WARN] [1777721530.656965046] [data_collector]: Personal space violation (<1.20m) +1, total=9
[INFO] [1777721531.073759134] [data_collector]: Encounter (<1.0m) +1, total=7
[INFO] [1777721535.345405264] [data_collector]: SIGUSR1: 读取 result_file → 'succeeded'
[INFO] [1777721535.346260707] [data_collector]: =======================================================
[INFO] [1777721535.346506853] [data_collector]: Experiment #4 result: succeeded
[INFO] [1777721535.346724980] [data_collector]:   Mode:                    dynamic_dstar
[INFO] [1777721535.346939336] [data_collector]:   Attempt:                 1
[INFO] [1777721535.347162427] [data_collector]:   Path length:             36.60 m
[INFO] [1777721535.350674853] [data_collector]:   Navigation time:         98.35 s
[INFO] [1777721535.351064851] [data_collector]:   Encounters (<1.0m):      7
[INFO] [1777721535.351581494] [data_collector]:   Personal violations (<1.20m): 9
[INFO] [1777721535.352041013] [data_collector]:   Intimate violations (<0.45m): 3
[INFO] [1777721535.352321562] [data_collector]:   Min pedestrian dist:     0.040 m
[INFO] [1777721535.352586654] [data_collector]:   Mean angular accel:      0.1627 rad/s²
[INFO] [1777721535.352886117] [data_collector]: =======================================================
[INFO] [1777721535.355639308] [data_collector]: Saved to /home/dx/CPE631-Navigation-ROS2-main/dynamic_4groups_headless_10.csv
[INFO] [1777721535.356358557] [data_collector]: exit_after_result=True, shutting down.
[INFO] [1777721535.358659679] [data_collector]: SIGUSR1: experiment was not active, shutting down.
