[INFO] [1777749495.836199934] [data_collector]: DataCollector ready  mode=social_smac  encounter=1.00m  personal=1.20m  intimate=0.45m
[INFO] [1777749495.836685314] [data_collector]: Results CSV: /home/dx/CPE631-Navigation-ROS2-main/social_4groups_headless_10.csv

Commands: [s] start  [e] end  [1] social  [2] baseline  [3] dynamic  [q] quit
cmd> [INFO] [1777749500.987140278] [data_collector]: Started experiment [social_smac]
[WARN] [1777749501.005989722] [data_collector]: Personal space violation (<1.20m) +1, total=1
[INFO] [1777749501.118193363] [data_collector]: Encounter (<1.0m) +1, total=1
[WARN] [1777749531.474133157] [data_collector]: Personal space violation (<1.20m) +1, total=2
[INFO] [1777749531.799961247] [data_collector]: Encounter (<1.0m) +1, total=2
[WARN] [1777749554.612332647] [data_collector]: Personal space violation (<1.20m) +1, total=3
[WARN] [1777749566.859166998] [data_collector]: Personal space violation (<1.20m) +1, total=4
[INFO] [1777749567.372825914] [data_collector]: Encounter (<1.0m) +1, total=3
[WARN] [1777749568.426062236] [data_collector]: Personal space violation (<1.20m) +1, total=5
[WARN] [1777749568.427509951] [data_collector]: Intimate space violation (<0.45m) +1, total=1
[WARN] [1777749575.558179734] [data_collector]: Personal space violation (<1.20m) +1, total=6
[INFO] [1777749575.811659469] [data_collector]: Encounter (<1.0m) +1, total=4
[WARN] [1777749588.277617923] [data_collector]: Personal space violation (<1.20m) +1, total=7
[INFO] [1777749613.236146228] [data_collector]: SIGUSR1: 读取 result_file → 'succeeded'
[INFO] [1777749613.236432840] [data_collector]: =======================================================
[INFO] [1777749613.236803282] [data_collector]: Experiment #10 result: succeeded
[INFO] [1777749613.237132323] [data_collector]:   Mode:                    social_smac
[INFO] [1777749613.237407430] [data_collector]:   Attempt:                 0
[INFO] [1777749613.237702148] [data_collector]:   Path length:             37.63 m
[INFO] [1777749613.238004128] [data_collector]:   Navigation time:         100.55 s
[INFO] [1777749613.238421429] [data_collector]:   Encounters (<1.0m):      4
[INFO] [1777749613.238785624] [data_collector]:   Personal violations (<1.20m): 7
[INFO] [1777749613.239132628] [data_collector]:   Intimate violations (<0.45m): 1
[INFO] [1777749613.239589488] [data_collector]:   Min pedestrian dist:     0.310 m
[INFO] [1777749613.240256332] [data_collector]:   Mean angular accel:      0.2986 rad/s²
[INFO] [1777749613.240713797] [data_collector]: =======================================================
[INFO] [1777749613.241687068] [data_collector]: Saved to /home/dx/CPE631-Navigation-ROS2-main/social_4groups_headless_10.csv
[INFO] [1777749613.242382059] [data_collector]: exit_after_result=True, shutting down.
[INFO] [1777749613.245566533] [data_collector]: SIGUSR1: experiment was not active, shutting down.
Traceback (most recent call last):
  File "/home/dx/CPE631-Navigation-ROS2-main/install/cpe631_ros2/lib/cpe631_ros2/data_collector", line 411, in <module>
    main()
  File "/home/dx/CPE631-Navigation-ROS2-main/install/cpe631_ros2/lib/cpe631_ros2/data_collector", line 391, in main
    rclpy.spin(node)
  File "/opt/ros/jazzy/lib/python3.12/site-packages/rclpy/__init__.py", line 247, in spin
    executor.spin_once()
  File "/opt/ros/jazzy/lib/python3.12/site-packages/rclpy/executors.py", line 926, in spin_once
    self._spin_once_impl(timeout_sec)
  File "/opt/ros/jazzy/lib/python3.12/site-packages/rclpy/executors.py", line 907, in _spin_once_impl
    handler, entity, node = self.wait_for_ready_callbacks(
                            ^^^^^^^^^^^^^^^^^^^^^^^^^^^^^^
  File "/opt/ros/jazzy/lib/python3.12/site-packages/rclpy/executors.py", line 877, in wait_for_ready_callbacks
    return next(self._cb_iter)
           ^^^^^^^^^^^^^^^^^^^
  File "/opt/ros/jazzy/lib/python3.12/site-packages/rclpy/executors.py", line 740, in _wait_for_ready_callbacks
    context_stack.enter_context(gc.handle)
                                ^^^^^^^^^
AttributeError: 'NoneType' object has no attribute 'handle'
