[INFO] [1777718100.202573739] [data_collector]: DataCollector ready  mode=dynamic_astar  encounter=1.00m  personal=1.20m  intimate=0.45m
[INFO] [1777718100.203046396] [data_collector]: Results CSV: /home/dx/CPE631-Navigation-ROS2-main/dynamic_4groups_headless_10.csv

Commands: [s] start  [e] end  [1] social  [2] baseline  [3] dynamic  [q] quit
cmd> [INFO] [1777718105.335407505] [data_collector]: Started experiment [dynamic_astar]
[WARN] [1777718105.704564143] [data_collector]: Personal space violation (<1.20m) +1, total=1
[INFO] [1777718106.664891548] [data_collector]: Encounter (<1.0m) +1, total=1
[WARN] [1777718134.843103916] [data_collector]: Personal space violation (<1.20m) +1, total=2
[INFO] [1777718135.030729821] [data_collector]: Encounter (<1.0m) +1, total=2
[WARN] [1777718145.976673918] [data_collector]: Personal space violation (<1.20m) +1, total=3
[INFO] [1777718146.170265313] [data_collector]: Encounter (<1.0m) +1, total=3
[WARN] [1777718147.366981674] [data_collector]: Intimate space violation (<0.45m) +1, total=1
[INFO] [1777718149.484563512] [data_collector]: Encounter (<1.0m) +1, total=4
[WARN] [1777718160.888089470] [data_collector]: Personal space violation (<1.20m) +1, total=4
[INFO] [1777718161.540953760] [data_collector]: Encounter (<1.0m) +1, total=5
[WARN] [1777718165.648981687] [data_collector]: Personal space violation (<1.20m) +1, total=5
[INFO] [1777718166.674405613] [data_collector]: Encounter (<1.0m) +1, total=6
[WARN] [1777718170.438859514] [data_collector]: Personal space violation (<1.20m) +1, total=6
[INFO] [1777718170.919610770] [data_collector]: Encounter (<1.0m) +1, total=7
[WARN] [1777718172.422375073] [data_collector]: Intimate space violation (<0.45m) +1, total=2
[WARN] [1777718175.146180339] [data_collector]: Personal space violation (<1.20m) +1, total=7
[WARN] [1777718193.913870753] [data_collector]: Personal space violation (<1.20m) +1, total=8
[WARN] [1777718200.359400710] [data_collector]: Personal space violation (<1.20m) +1, total=9
[INFO] [1777718200.645080780] [data_collector]: Encounter (<1.0m) +1, total=8
[WARN] [1777718201.701043525] [data_collector]: Intimate space violation (<0.45m) +1, total=3
[WARN] [1777718212.513115099] [data_collector]: Personal space violation (<1.20m) +1, total=10
[INFO] [1777718213.143182236] [data_collector]: Encounter (<1.0m) +1, total=9
[WARN] [1777718214.086331345] [data_collector]: Personal space violation (<1.20m) +1, total=11
[INFO] [1777718214.457961669] [data_collector]: SIGUSR1: 读取 result_file → 'succeeded'
[INFO] [1777718214.458268306] [data_collector]: =======================================================
[INFO] [1777718214.458487134] [data_collector]: Experiment #8 result: succeeded
[INFO] [1777718214.458692444] [data_collector]:   Mode:                    dynamic_astar
[INFO] [1777718214.458903830] [data_collector]:   Attempt:                 0
[INFO] [1777718214.459146611] [data_collector]:   Path length:             36.27 m
[INFO] [1777718214.459379517] [data_collector]:   Navigation time:         95.49 s
[INFO] [1777718214.459615478] [data_collector]:   Encounters (<1.0m):      9
[INFO] [1777718214.459846893] [data_collector]:   Personal violations (<1.20m): 11
[INFO] [1777718214.460090354] [data_collector]:   Intimate violations (<0.45m): 3
[INFO] [1777718214.462102252] [data_collector]:   Min pedestrian dist:     0.231 m
[INFO] [1777718214.462432081] [data_collector]:   Mean angular accel:      0.2672 rad/s²
[INFO] [1777718214.462697820] [data_collector]: =======================================================
[INFO] [1777718214.463048064] [data_collector]: Saved to /home/dx/CPE631-Navigation-ROS2-main/dynamic_4groups_headless_10.csv
[INFO] [1777718214.463391949] [data_collector]: exit_after_result=True, shutting down.
[INFO] [1777718214.464535363] [data_collector]: SIGUSR1: experiment was not active, shutting down.
