[INFO] [1777744087.027803337] [data_collector]: DataCollector ready  mode=social_astar  encounter=1.00m  personal=1.20m  intimate=0.45m
[INFO] [1777744087.028332617] [data_collector]: Results CSV: /home/dx/CPE631-Navigation-ROS2-main/social_4groups_headless_10.csv

Commands: [s] start  [e] end  [1] social  [2] baseline  [3] dynamic  [q] quit
cmd> [INFO] [1777744092.200862225] [data_collector]: Started experiment [social_astar]
[WARN] [1777744092.308209192] [data_collector]: Personal space violation (<1.20m) +1, total=1
[WARN] [1777744093.614889727] [data_collector]: Personal space violation (<1.20m) +1, total=2
[WARN] [1777744126.691560434] [data_collector]: Personal space violation (<1.20m) +1, total=3
[INFO] [1777744126.862171402] [data_collector]: Encounter (<1.0m) +1, total=1
[WARN] [1777744153.581759039] [data_collector]: Personal space violation (<1.20m) +1, total=4
[INFO] [1777744153.939120436] [data_collector]: Encounter (<1.0m) +1, total=2
[WARN] [1777744154.428181742] [data_collector]: Intimate space violation (<0.45m) +1, total=1
[INFO] [1777744156.348643864] [data_collector]: Encounter (<1.0m) +1, total=3
[INFO] [1777744156.568403344] [data_collector]: Encounter (<1.0m) +1, total=4
[INFO] [1777744156.757725513] [data_collector]: Encounter (<1.0m) +1, total=5
[INFO] [1777744156.948081702] [data_collector]: Encounter (<1.0m) +1, total=6
[WARN] [1777744167.425602607] [data_collector]: Personal space violation (<1.20m) +1, total=5
[INFO] [1777744167.905509909] [data_collector]: Encounter (<1.0m) +1, total=7
[WARN] [1777744169.326345855] [data_collector]: Personal space violation (<1.20m) +1, total=6
[WARN] [1777744169.326771959] [data_collector]: Intimate space violation (<0.45m) +1, total=2
[INFO] [1777744169.599027589] [data_collector]: Encounter (<1.0m) +1, total=8
[WARN] [1777744176.390138143] [data_collector]: Personal space violation (<1.20m) +1, total=7
[INFO] [1777744176.697460258] [data_collector]: Encounter (<1.0m) +1, total=9
[WARN] [1777744178.380671634] [data_collector]: Intimate space violation (<0.45m) +1, total=3
[INFO] [1777744218.600438151] [data_collector]: SIGUSR1: 读取 result_file → 'succeeded'
[INFO] [1777744218.602217094] [data_collector]: =======================================================
[INFO] [1777744218.602545903] [data_collector]: Experiment #1 result: succeeded
[INFO] [1777744218.603294284] [data_collector]:   Mode:                    social_astar
[INFO] [1777744218.604026716] [data_collector]:   Attempt:                 2
[INFO] [1777744218.605043047] [data_collector]:   Path length:             38.39 m
[INFO] [1777744218.605412224] [data_collector]:   Navigation time:         104.09 s
[INFO] [1777744218.607268296] [data_collector]:   Encounters (<1.0m):      9
[INFO] [1777744218.607640238] [data_collector]:   Personal violations (<1.20m): 7
[INFO] [1777744218.608002686] [data_collector]:   Intimate violations (<0.45m): 3
[INFO] [1777744218.608389861] [data_collector]:   Min pedestrian dist:     0.075 m
[INFO] [1777744218.608964257] [data_collector]:   Mean angular accel:      0.2595 rad/s²
[INFO] [1777744218.609356547] [data_collector]: =======================================================
[INFO] [1777744218.609870418] [data_collector]: Saved to /home/dx/CPE631-Navigation-ROS2-main/social_4groups_headless_10.csv
[INFO] [1777744218.610312913] [data_collector]: exit_after_result=True, shutting down.
[INFO] [1777744218.613775771] [data_collector]: SIGUSR1: experiment was not active, shutting down.
