[INFO] [1777751740.141681927] [data_collector]: DataCollector ready  mode=social_dstar  encounter=1.00m  personal=1.20m  intimate=0.45m
[INFO] [1777751740.142688250] [data_collector]: Results CSV: /home/dx/CPE631-Navigation-ROS2-main/social_4groups_headless_10.csv

Commands: [s] start  [e] end  [1] social  [2] baseline  [3] dynamic  [q] quit
cmd> [INFO] [1777751745.223748845] [data_collector]: Started experiment [social_dstar]
[WARN] [1777751745.329528799] [data_collector]: Personal space violation (<1.20m) +1, total=1
[INFO] [1777751745.982340528] [data_collector]: Encounter (<1.0m) +1, total=1
[WARN] [1777751772.653780620] [data_collector]: Personal space violation (<1.20m) +1, total=2
[INFO] [1777751772.824953053] [data_collector]: Encounter (<1.0m) +1, total=2
[WARN] [1777751794.875860908] [data_collector]: Personal space violation (<1.20m) +1, total=3
[INFO] [1777751795.047858132] [data_collector]: Encounter (<1.0m) +1, total=3
[WARN] [1777751810.510700071] [data_collector]: Personal space violation (<1.20m) +2, total=5
[WARN] [1777751810.846551163] [data_collector]: Personal space violation (<1.20m) +1, total=6
[INFO] [1777751810.927223249] [data_collector]: Encounter (<1.0m) +1, total=4
[INFO] [1777751811.217105159] [data_collector]: Encounter (<1.0m) +1, total=5
[INFO] [1777751811.508105178] [data_collector]: Encounter (<1.0m) +1, total=6
[INFO] [1777751812.642161080] [data_collector]: Encounter (<1.0m) +1, total=7
[INFO] [1777751813.606735648] [data_collector]: Encounter (<1.0m) +1, total=8
[WARN] [1777751820.873538584] [data_collector]: Personal space violation (<1.20m) +1, total=7
[INFO] [1777751821.272934295] [data_collector]: Encounter (<1.0m) +1, total=9
[WARN] [1777751821.896800852] [data_collector]: Intimate space violation (<0.45m) +1, total=1
[WARN] [1777751834.627752906] [data_collector]: Personal space violation (<1.20m) +1, total=8
[INFO] [1777751834.990802956] [data_collector]: Encounter (<1.0m) +1, total=10
[WARN] [1777751835.309074439] [data_collector]: Intimate space violation (<0.45m) +1, total=2
[WARN] [1777751843.310238771] [data_collector]: Personal space violation (<1.20m) +1, total=9
[INFO] [1777751843.931170976] [data_collector]: Encounter (<1.0m) +1, total=11
[WARN] [1777751849.389166336] [data_collector]: Personal space violation (<1.20m) +1, total=10
[INFO] [1777751850.101643162] [data_collector]: Encounter (<1.0m) +1, total=12
[WARN] [1777751850.102297990] [data_collector]: Personal space violation (<1.20m) +1, total=11
[WARN] [1777751857.646574768] [data_collector]: Personal space violation (<1.20m) +1, total=12
[INFO] [1777751858.299732294] [data_collector]: Encounter (<1.0m) +1, total=13
[WARN] [1777751864.012602055] [data_collector]: Personal space violation (<1.20m) +1, total=13
[INFO] [1777751864.498553237] [data_collector]: Encounter (<1.0m) +1, total=14
[WARN] [1777751871.436227088] [data_collector]: Personal space violation (<1.20m) +1, total=14
[INFO] [1777751871.783283197] [data_collector]: Encounter (<1.0m) +1, total=15
[WARN] [1777751871.784290005] [data_collector]: Personal space violation (<1.20m) +1, total=15
[INFO] [1777751872.430868346] [data_collector]: Encounter (<1.0m) +1, total=16
[WARN] [1777751877.954113011] [data_collector]: Personal space violation (<1.20m) +1, total=16
[INFO] [1777751878.721302045] [data_collector]: Encounter (<1.0m) +1, total=17
[WARN] [1777751886.659491106] [data_collector]: Personal space violation (<1.20m) +1, total=17
[INFO] [1777751887.325258538] [data_collector]: Encounter (<1.0m) +1, total=18
[WARN] [1777751892.652075645] [data_collector]: Personal space violation (<1.20m) +1, total=18
[INFO] [1777751893.156846855] [data_collector]: Encounter (<1.0m) +1, total=19
[WARN] [1777751893.506654266] [data_collector]: Personal space violation (<1.20m) +1, total=19
[INFO] [1777751893.833648212] [data_collector]: Encounter (<1.0m) +1, total=20
[WARN] [1777751900.378931699] [data_collector]: Personal space violation (<1.20m) +1, total=20
[INFO] [1777751900.898176281] [data_collector]: Encounter (<1.0m) +1, total=21
[WARN] [1777751906.117155187] [data_collector]: Personal space violation (<1.20m) +1, total=21
[INFO] [1777751906.445672257] [data_collector]: Encounter (<1.0m) +1, total=22
[WARN] [1777751914.497581752] [data_collector]: Personal space violation (<1.20m) +1, total=22
[WARN] [1777751914.921424783] [data_collector]: Personal space violation (<1.20m) +1, total=23
[INFO] [1777751915.089970354] [data_collector]: Encounter (<1.0m) +1, total=23
[WARN] [1777751920.230238183] [data_collector]: Personal space violation (<1.20m) +1, total=24
[INFO] [1777751920.791589582] [data_collector]: Encounter (<1.0m) +1, total=24
[WARN] [1777751927.988963437] [data_collector]: Personal space violation (<1.20m) +1, total=25
[INFO] [1777751928.490574218] [data_collector]: Encounter (<1.0m) +1, total=25
[WARN] [1777751933.894370406] [data_collector]: Personal space violation (<1.20m) +1, total=26
[INFO] [1777751934.407315789] [data_collector]: Encounter (<1.0m) +1, total=26
[WARN] [1777751936.195077917] [data_collector]: Personal space violation (<1.20m) +1, total=27
[WARN] [1777751943.717535990] [data_collector]: Personal space violation (<1.20m) +1, total=28
[INFO] [1777751944.598960210] [data_collector]: Encounter (<1.0m) +1, total=27
[WARN] [1777751951.286937069] [data_collector]: Personal space violation (<1.20m) +1, total=29
[INFO] [1777751951.676670445] [data_collector]: Encounter (<1.0m) +1, total=28
[WARN] [1777751959.746675920] [data_collector]: Personal space violation (<1.20m) +1, total=30
[INFO] [1777751960.324168799] [data_collector]: Encounter (<1.0m) +1, total=29
[WARN] [1777751961.209408159] [data_collector]: Personal space violation (<1.20m) +1, total=31
[WARN] [1777751975.699747329] [data_collector]: Personal space violation (<1.20m) +1, total=32
[WARN] [1777752024.553289901] [data_collector]: Personal space violation (<1.20m) +1, total=33
[INFO] [1777752025.047126858] [data_collector]: Encounter (<1.0m) +1, total=30
[WARN] [1777752089.127250073] [data_collector]: Personal space violation (<1.20m) +1, total=34
[WARN] [1777752115.029770343] [data_collector]: Personal space violation (<1.20m) +1, total=35
[WARN] [1777752189.231096072] [data_collector]: Personal space violation (<1.20m) +1, total=36
[INFO] [1777752189.719550490] [data_collector]: Encounter (<1.0m) +1, total=31
[INFO] [1777752206.059281642] [data_collector]: SIGUSR1: 读取 result_file → 'timeout'
[INFO] [1777752206.060397856] [data_collector]: =======================================================
[INFO] [1777752206.061733448] [data_collector]: Experiment #10 result: timeout
[INFO] [1777752206.062706463] [data_collector]:   Mode:                    social_dstar
[INFO] [1777752206.063840951] [data_collector]:   Attempt:                 1
[INFO] [1777752206.064149082] [data_collector]:   Path length:             39.70 m
[INFO] [1777752206.064406303] [data_collector]:   Navigation time:         450.63 s
[INFO] [1777752206.064661191] [data_collector]:   Encounters (<1.0m):      31
[INFO] [1777752206.065312487] [data_collector]:   Personal violations (<1.20m): 36
[INFO] [1777752206.065662808] [data_collector]:   Intimate violations (<0.45m): 2
[INFO] [1777752206.065945745] [data_collector]:   Min pedestrian dist:     0.094 m
[INFO] [1777752206.066269814] [data_collector]:   Mean angular accel:      0.1174 rad/s²
[INFO] [1777752206.066605376] [data_collector]: =======================================================
[INFO] [1777752206.067813846] [data_collector]: Saved to /home/dx/CPE631-Navigation-ROS2-main/social_4groups_headless_10.csv
[INFO] [1777752206.068350277] [data_collector]: exit_after_result=True, shutting down.
[INFO] [1777752206.069380275] [data_collector]: SIGUSR1: experiment was not active, shutting down.
Traceback (most recent call last):
  File "/home/dx/CPE631-Navigation-ROS2-main/install/cpe631_ros2/lib/cpe631_ros2/data_collector", line 411, in <module>
    main()
  File "/home/dx/CPE631-Navigation-ROS2-main/install/cpe631_ros2/lib/cpe631_ros2/data_collector", line 391, in main
    rclpy.spin(node)
  File "/opt/ros/jazzy/lib/python3.12/site-packages/rclpy/__init__.py", line 247, in spin
    executor.spin_once()
  File "/opt/ros/jazzy/lib/python3.12/site-packages/rclpy/executors.py", line 926, in spin_once
    self._spin_once_impl(timeout_sec)
  File "/opt/ros/jazzy/lib/python3.12/site-packages/rclpy/executors.py", line 918, in _spin_once_impl
    raise handler.exception()
  File "/opt/ros/jazzy/lib/python3.12/site-packages/rclpy/task.py", line 286, in _execute_coroutine_step
    result = coro.send(None)
             ^^^^^^^^^^^^^^^
  File "/opt/ros/jazzy/lib/python3.12/site-packages/rclpy/executors.py", line 588, in handler
    gc.trigger()
  File "/opt/ros/jazzy/lib/python3.12/site-packages/rclpy/guard_condition.py", line 33, in trigger
    with self.__gc:
rclpy._rclpy_pybind11.InvalidHandle: cannot use Destroyable because destruction was requested
