[INFO] [1777741825.393215812] [data_collector]: DataCollector ready  mode=social  encounter=1.00m  personal=1.20m  intimate=0.45m
[INFO] [1777741825.393892464] [data_collector]: Results CSV: /home/dx/CPE631-Navigation-ROS2-main/social_4groups_headless_10.csv

Commands: [s] start  [e] end  [1] social  [2] baseline  [3] dynamic  [q] quit
cmd> [INFO] [1777741830.485573952] [data_collector]: Started experiment [social]
[WARN] [1777741830.502260526] [data_collector]: Personal space violation (<1.20m) +1, total=1
[INFO] [1777741831.044284847] [data_collector]: Encounter (<1.0m) +1, total=1
[WARN] [1777741861.904961443] [data_collector]: Personal space violation (<1.20m) +1, total=2
[INFO] [1777741862.429967714] [data_collector]: Encounter (<1.0m) +1, total=2
[WARN] [1777741870.199927401] [data_collector]: Personal space violation (<1.20m) +1, total=3
[INFO] [1777741870.580661287] [data_collector]: Encounter (<1.0m) +1, total=3
[WARN] [1777741872.003518990] [data_collector]: Intimate space violation (<0.45m) +1, total=1
[WARN] [1777741876.295842773] [data_collector]: Personal space violation (<1.20m) +1, total=4
[INFO] [1777741876.504028879] [data_collector]: Encounter (<1.0m) +1, total=4
[WARN] [1777741877.237810245] [data_collector]: Intimate space violation (<0.45m) +1, total=2
[WARN] [1777741888.237513388] [data_collector]: Personal space violation (<1.20m) +1, total=5
[INFO] [1777741888.545624631] [data_collector]: Encounter (<1.0m) +1, total=5
[WARN] [1777741890.379219605] [data_collector]: Intimate space violation (<0.45m) +1, total=3
[WARN] [1777741891.511331316] [data_collector]: Intimate space violation (<0.45m) +1, total=4
[INFO] [1777741892.768647514] [data_collector]: Encounter (<1.0m) +1, total=6
[WARN] [1777741905.096213544] [data_collector]: Personal space violation (<1.20m) +1, total=6
[INFO] [1777741905.279934903] [data_collector]: Encounter (<1.0m) +1, total=7
[WARN] [1777741906.011038117] [data_collector]: Intimate space violation (<0.45m) +1, total=5
[WARN] [1777741911.015736055] [data_collector]: Personal space violation (<1.20m) +1, total=7
[INFO] [1777741911.746521066] [data_collector]: Encounter (<1.0m) +1, total=8
[WARN] [1777741913.513327238] [data_collector]: Intimate space violation (<0.45m) +1, total=6
[WARN] [1777741933.533515691] [data_collector]: Personal space violation (<1.20m) +1, total=8
[INFO] [1777741954.619704253] [data_collector]: SIGUSR1: 读取 result_file → 'succeeded'
[INFO] [1777741954.620842732] [data_collector]: =======================================================
[INFO] [1777741954.622686264] [data_collector]: Experiment #5 result: succeeded
[INFO] [1777741954.624038203] [data_collector]:   Mode:                    social
[INFO] [1777741954.624479280] [data_collector]:   Attempt:                 0
[INFO] [1777741954.625259153] [data_collector]:   Path length:             36.20 m
[INFO] [1777741954.626202422] [data_collector]:   Navigation time:         101.64 s
[INFO] [1777741954.626775079] [data_collector]:   Encounters (<1.0m):      8
[INFO] [1777741954.629354157] [data_collector]:   Personal violations (<1.20m): 8
[INFO] [1777741954.629828499] [data_collector]:   Intimate violations (<0.45m): 6
[INFO] [1777741954.630264747] [data_collector]:   Min pedestrian dist:     0.126 m
[INFO] [1777741954.630646530] [data_collector]:   Mean angular accel:      0.2413 rad/s²
[INFO] [1777741954.631642363] [data_collector]: =======================================================
[INFO] [1777741954.633573737] [data_collector]: Saved to /home/dx/CPE631-Navigation-ROS2-main/social_4groups_headless_10.csv
[INFO] [1777741954.634009842] [data_collector]: exit_after_result=True, shutting down.
[INFO] [1777741954.641808191] [data_collector]: SIGUSR1: experiment was not active, shutting down.
