[INFO] [1777715485.538006530] [data_collector]: DataCollector ready  mode=dynamic  encounter=1.00m  personal=1.20m  intimate=0.45m
[INFO] [1777715485.538768620] [data_collector]: Results CSV: /home/dx/CPE631-Navigation-ROS2-main/dynamic_4groups_headless_10.csv

Commands: [s] start  [e] end  [1] social  [2] baseline  [3] dynamic  [q] quit
cmd> [INFO] [1777715490.622863910] [data_collector]: Started experiment [dynamic]
[WARN] [1777715490.647603584] [data_collector]: Personal space violation (<1.20m) +1, total=1
[INFO] [1777715491.477279530] [data_collector]: Encounter (<1.0m) +1, total=1
[WARN] [1777715519.232748354] [data_collector]: Personal space violation (<1.20m) +1, total=2
[INFO] [1777715519.442195118] [data_collector]: Encounter (<1.0m) +1, total=2
[WARN] [1777715520.035065900] [data_collector]: Intimate space violation (<0.45m) +1, total=1
[WARN] [1777715530.417512612] [data_collector]: Personal space violation (<1.20m) +1, total=3
[INFO] [1777715530.516742736] [data_collector]: Encounter (<1.0m) +1, total=3
[WARN] [1777715531.629911499] [data_collector]: Intimate space violation (<0.45m) +1, total=2
[WARN] [1777715545.264610395] [data_collector]: Personal space violation (<1.20m) +1, total=4
[INFO] [1777715545.616499669] [data_collector]: Encounter (<1.0m) +1, total=4
[WARN] [1777715551.329705541] [data_collector]: Personal space violation (<1.20m) +1, total=5
[WARN] [1777715554.176789399] [data_collector]: Personal space violation (<1.20m) +1, total=6
[INFO] [1777715554.669571823] [data_collector]: Encounter (<1.0m) +1, total=5
[WARN] [1777715555.175937666] [data_collector]: Personal space violation (<1.20m) +1, total=7
[WARN] [1777715555.924387715] [data_collector]: Intimate space violation (<0.45m) +1, total=3
[WARN] [1777715557.712338093] [data_collector]: Personal space violation (<1.20m) +1, total=8
[WARN] [1777715581.217775514] [data_collector]: Personal space violation (<1.20m) +1, total=9
[INFO] [1777715581.466172317] [data_collector]: Encounter (<1.0m) +1, total=6
[WARN] [1777715582.307899799] [data_collector]: Intimate space violation (<0.45m) +1, total=4
[WARN] [1777715592.782323106] [data_collector]: Personal space violation (<1.20m) +1, total=10
[INFO] [1777715593.176934945] [data_collector]: Encounter (<1.0m) +1, total=7
[WARN] [1777715593.631577077] [data_collector]: Personal space violation (<1.20m) +1, total=11
[WARN] [1777715593.806472143] [data_collector]: Intimate space violation (<0.45m) +1, total=5
[INFO] [1777715593.931896681] [data_collector]: SIGUSR1: 读取 result_file → 'succeeded'
[INFO] [1777715593.932188369] [data_collector]: =======================================================
[INFO] [1777715593.932413861] [data_collector]: Experiment #4 result: succeeded
[INFO] [1777715593.932630265] [data_collector]:   Mode:                    dynamic
[INFO] [1777715593.932871830] [data_collector]:   Attempt:                 0
[INFO] [1777715593.933098869] [data_collector]:   Path length:             36.47 m
[INFO] [1777715593.933328228] [data_collector]:   Navigation time:         94.86 s
[INFO] [1777715593.933556625] [data_collector]:   Encounters (<1.0m):      7
[INFO] [1777715593.934265905] [data_collector]:   Personal violations (<1.20m): 11
[INFO] [1777715593.934609815] [data_collector]:   Intimate violations (<0.45m): 5
[INFO] [1777715593.934928831] [data_collector]:   Min pedestrian dist:     0.114 m
[INFO] [1777715593.935189311] [data_collector]:   Mean angular accel:      0.2490 rad/s²
[INFO] [1777715593.935461513] [data_collector]: =======================================================
[INFO] [1777715593.935810831] [data_collector]: Saved to /home/dx/CPE631-Navigation-ROS2-main/dynamic_4groups_headless_10.csv
[INFO] [1777715593.936102131] [data_collector]: exit_after_result=True, shutting down.
[INFO] [1777715593.938370672] [data_collector]: SIGUSR1: experiment was not active, shutting down.
