[INFO] [1777758768.356765721] [data_collector]: DataCollector ready  mode=social_dstar_plus  encounter=1.00m  personal=1.20m  intimate=0.45m
[INFO] [1777758768.357227342] [data_collector]: Results CSV: /home/dx/CPE631-Navigation-ROS2-main/experiment_results_v3.csv

Commands: [s] start  [e] end  [1] social  [2] baseline  [3] dynamic  [q] quit
cmd> [INFO] [1777758773.451317808] [data_collector]: Started experiment [social_dstar_plus]
[WARN] [1777758773.596239066] [data_collector]: Personal space violation (<1.20m) +1, total=1
[INFO] [1777758773.715310510] [data_collector]: Encounter (<1.0m) +1, total=1
[WARN] [1777758803.709773776] [data_collector]: Personal space violation (<1.20m) +1, total=2
[INFO] [1777758804.023026986] [data_collector]: Encounter (<1.0m) +1, total=2
[WARN] [1777758804.793880449] [data_collector]: Intimate space violation (<0.45m) +1, total=1
[WARN] [1777758817.142691793] [data_collector]: Personal space violation (<1.20m) +1, total=3
[WARN] [1777758831.781155786] [data_collector]: Personal space violation (<1.20m) +1, total=4
[INFO] [1777758832.014651220] [data_collector]: Encounter (<1.0m) +1, total=3
[WARN] [1777758832.808866573] [data_collector]: Intimate space violation (<0.45m) +1, total=2
[WARN] [1777758845.060203701] [data_collector]: Personal space violation (<1.20m) +1, total=5
[INFO] [1777758845.565201983] [data_collector]: Encounter (<1.0m) +1, total=4
[WARN] [1777758846.389128349] [data_collector]: Personal space violation (<1.20m) +1, total=6
[WARN] [1777758846.717354179] [data_collector]: Intimate space violation (<0.45m) +1, total=3
[INFO] [1777758846.949090480] [data_collector]: Encounter (<1.0m) +1, total=5
[WARN] [1777758854.681907603] [data_collector]: Personal space violation (<1.20m) +1, total=7
[INFO] [1777758854.894330780] [data_collector]: Encounter (<1.0m) +1, total=6
[WARN] [1777758869.217551621] [data_collector]: Personal space violation (<1.20m) +1, total=8
[WARN] [1777758869.850190847] [data_collector]: Personal space violation (<1.20m) +1, total=9
[INFO] [1777758896.895103580] [data_collector]: SIGUSR1: 读取 result_file → 'succeeded'
[INFO] [1777758896.895474074] [data_collector]: =======================================================
[INFO] [1777758896.895719389] [data_collector]: Experiment #6 result: succeeded
[INFO] [1777758896.896022310] [data_collector]:   Mode:                    social_dstar_plus
[INFO] [1777758896.896252720] [data_collector]:   Attempt:                 0
[INFO] [1777758896.896503340] [data_collector]:   Path length:             37.96 m
[INFO] [1777758896.896857553] [data_collector]:   Navigation time:         100.66 s
[INFO] [1777758896.897113219] [data_collector]:   Encounters (<1.0m):      6
[INFO] [1777758896.897357227] [data_collector]:   Personal violations (<1.20m): 9
[INFO] [1777758896.897734453] [data_collector]:   Intimate violations (<0.45m): 3
[INFO] [1777758896.898030839] [data_collector]:   Min pedestrian dist:     0.231 m
[INFO] [1777758896.898292716] [data_collector]:   Mean angular accel:      0.2428 rad/s²
[INFO] [1777758896.898553916] [data_collector]: =======================================================
[INFO] [1777758896.898972281] [data_collector]: Saved to /home/dx/CPE631-Navigation-ROS2-main/experiment_results_v3.csv
[INFO] [1777758896.899311117] [data_collector]: exit_after_result=True, shutting down.
[INFO] [1777758896.906040513] [data_collector]: SIGUSR1: experiment was not active, shutting down.
