[INFO] [1777743126.206699663] [data_collector]: DataCollector ready  mode=social  encounter=1.00m  personal=1.20m  intimate=0.45m
[INFO] [1777743126.207458493] [data_collector]: Results CSV: /home/dx/CPE631-Navigation-ROS2-main/social_4groups_headless_10.csv

Commands: [s] start  [e] end  [1] social  [2] baseline  [3] dynamic  [q] quit
cmd> [INFO] [1777743131.246131176] [data_collector]: Started experiment [social]
[WARN] [1777743131.301229053] [data_collector]: Personal space violation (<1.20m) +1, total=1
[INFO] [1777743131.475422025] [data_collector]: Encounter (<1.0m) +1, total=1
[WARN] [1777743161.936088773] [data_collector]: Personal space violation (<1.20m) +1, total=2
[INFO] [1777743162.371801743] [data_collector]: Encounter (<1.0m) +1, total=2
[WARN] [1777743170.152024418] [data_collector]: Personal space violation (<1.20m) +1, total=3
[WARN] [1777743170.350548427] [data_collector]: Personal space violation (<1.20m) +1, total=4
[WARN] [1777743185.652381187] [data_collector]: Personal space violation (<1.20m) +1, total=5
[INFO] [1777743185.823414228] [data_collector]: Encounter (<1.0m) +1, total=3
[WARN] [1777743199.869386328] [data_collector]: Personal space violation (<1.20m) +1, total=6
[INFO] [1777743200.274815946] [data_collector]: Encounter (<1.0m) +1, total=4
[WARN] [1777743201.088081597] [data_collector]: Personal space violation (<1.20m) +1, total=7
[WARN] [1777743201.289537968] [data_collector]: Intimate space violation (<0.45m) +1, total=1
[INFO] [1777743201.582666768] [data_collector]: Encounter (<1.0m) +1, total=5
[WARN] [1777743208.503701751] [data_collector]: Personal space violation (<1.20m) +1, total=8
[INFO] [1777743208.726474318] [data_collector]: Encounter (<1.0m) +1, total=6
[WARN] [1777743209.693964720] [data_collector]: Intimate space violation (<0.45m) +1, total=2
[WARN] [1777743209.896986946] [data_collector]: Intimate space violation (<0.45m) +1, total=3
[WARN] [1777743229.191516466] [data_collector]: Personal space violation (<1.20m) +1, total=9
[INFO] [1777743249.126150607] [data_collector]: SIGUSR1: 读取 result_file → 'succeeded'
[INFO] [1777743249.128268020] [data_collector]: =======================================================
[INFO] [1777743249.128633257] [data_collector]: Experiment #10 result: succeeded
[INFO] [1777743249.128957566] [data_collector]:   Mode:                    social
[INFO] [1777743249.129226063] [data_collector]:   Attempt:                 0
[INFO] [1777743249.130838331] [data_collector]:   Path length:             36.31 m
[INFO] [1777743249.131418721] [data_collector]:   Navigation time:         102.99 s
[INFO] [1777743249.132252761] [data_collector]:   Encounters (<1.0m):      6
[INFO] [1777743249.133371386] [data_collector]:   Personal violations (<1.20m): 9
[INFO] [1777743249.133686063] [data_collector]:   Intimate violations (<0.45m): 3
[INFO] [1777743249.134648537] [data_collector]:   Min pedestrian dist:     0.250 m
[INFO] [1777743249.136879876] [data_collector]:   Mean angular accel:      0.2102 rad/s²
[INFO] [1777743249.137272775] [data_collector]: =======================================================
[INFO] [1777743249.137803001] [data_collector]: Saved to /home/dx/CPE631-Navigation-ROS2-main/social_4groups_headless_10.csv
[INFO] [1777743249.139386416] [data_collector]: exit_after_result=True, shutting down.
[INFO] [1777743249.145263639] [data_collector]: SIGUSR1: experiment was not active, shutting down.
