[INFO] [1777696447.698284175] [data_collector]: DataCollector ready  mode=dynamic_dstar  encounter=1.00m  personal=1.20m  intimate=0.45m
[INFO] [1777696447.699058491] [data_collector]: Results CSV: /home/dx/CPE631-Navigation-ROS2-main/experiment_results_v3.csv

Commands: [s] start  [e] end  [1] social  [2] baseline  [3] dynamic  [q] quit
cmd> [INFO] [1777696452.783629320] [data_collector]: Started experiment [dynamic_dstar]
[WARN] [1777696452.900124204] [data_collector]: Personal space violation (<1.20m) +1, total=1
[WARN] [1777696476.205552134] [data_collector]: Personal space violation (<1.20m) +1, total=2
[INFO] [1777696476.285182174] [data_collector]: Encounter (<1.0m) +1, total=1
[WARN] [1777696476.682347124] [data_collector]: Intimate space violation (<0.45m) +1, total=1
[WARN] [1777696485.402410237] [data_collector]: Personal space violation (<1.20m) +1, total=3
[INFO] [1777696485.565784285] [data_collector]: Encounter (<1.0m) +1, total=2
[WARN] [1777696486.415111209] [data_collector]: Intimate space violation (<0.45m) +1, total=2
[WARN] [1777696497.620856091] [data_collector]: Personal space violation (<1.20m) +1, total=4
[INFO] [1777696497.791781561] [data_collector]: Encounter (<1.0m) +1, total=3
[WARN] [1777696504.654852683] [data_collector]: Personal space violation (<1.20m) +2, total=6
[INFO] [1777696504.819763445] [data_collector]: Encounter (<1.0m) +1, total=4
[INFO] [1777696504.893213900] [data_collector]: Encounter (<1.0m) +1, total=5
[WARN] [1777696505.631608298] [data_collector]: Intimate space violation (<0.45m) +1, total=3
[WARN] [1777696507.266138449] [data_collector]: Personal space violation (<1.20m) +1, total=7
[WARN] [1777696511.880987581] [data_collector]: Personal space violation (<1.20m) +1, total=8
[INFO] [1777696512.513767723] [data_collector]: Encounter (<1.0m) +1, total=6
[WARN] [1777696531.403823588] [data_collector]: Personal space violation (<1.20m) +1, total=9
[INFO] [1777696549.427352021] [data_collector]: SIGUSR1: 读取 result_file → 'succeeded'
[INFO] [1777696549.431556018] [data_collector]: =======================================================
[INFO] [1777696549.431787835] [data_collector]: Experiment #10 result: succeeded
[INFO] [1777696549.432022066] [data_collector]:   Mode:                    dynamic_dstar
[INFO] [1777696549.433337933] [data_collector]:   Attempt:                 2
[INFO] [1777696549.433788193] [data_collector]:   Path length:             36.32 m
[INFO] [1777696549.434091898] [data_collector]:   Navigation time:         102.69 s
[INFO] [1777696549.434747662] [data_collector]:   Encounters (<1.0m):      6
[INFO] [1777696549.435038730] [data_collector]:   Personal violations (<1.20m): 9
[INFO] [1777696549.436310967] [data_collector]:   Intimate violations (<0.45m): 3
[INFO] [1777696549.437456440] [data_collector]:   Min pedestrian dist:     0.201 m
[INFO] [1777696549.438480515] [data_collector]:   Mean angular accel:      0.1475 rad/s²
[INFO] [1777696549.439388233] [data_collector]: =======================================================
[INFO] [1777696549.442169843] [data_collector]: Saved to /home/dx/CPE631-Navigation-ROS2-main/experiment_results_v3.csv
[INFO] [1777696549.442560796] [data_collector]: exit_after_result=True, shutting down.
[INFO] [1777696549.445441619] [data_collector]: SIGUSR1: experiment was not active, shutting down.
Traceback (most recent call last):
  File "/home/dx/CPE631-Navigation-ROS2-main/install/cpe631_ros2/lib/cpe631_ros2/data_collector", line 411, in <module>
    main()
  File "/home/dx/CPE631-Navigation-ROS2-main/install/cpe631_ros2/lib/cpe631_ros2/data_collector", line 391, in main
    rclpy.spin(node)
  File "/opt/ros/jazzy/lib/python3.12/site-packages/rclpy/__init__.py", line 247, in spin
    executor.spin_once()
  File "/opt/ros/jazzy/lib/python3.12/site-packages/rclpy/executors.py", line 926, in spin_once
    self._spin_once_impl(timeout_sec)
  File "/opt/ros/jazzy/lib/python3.12/site-packages/rclpy/executors.py", line 918, in _spin_once_impl
    raise handler.exception()
  File "/opt/ros/jazzy/lib/python3.12/site-packages/rclpy/task.py", line 286, in _execute_coroutine_step
    result = coro.send(None)
             ^^^^^^^^^^^^^^^
  File "/opt/ros/jazzy/lib/python3.12/site-packages/rclpy/executors.py", line 588, in handler
    gc.trigger()
  File "/opt/ros/jazzy/lib/python3.12/site-packages/rclpy/guard_condition.py", line 33, in trigger
    with self.__gc:
rclpy._rclpy_pybind11.InvalidHandle: cannot use Destroyable because destruction was requested
