[INFO] [1777713251.749330712] [data_collector]: DataCollector ready  mode=baseline  encounter=1.00m  personal=1.20m  intimate=0.45m
[INFO] [1777713251.749913830] [data_collector]: Results CSV: /home/dx/CPE631-Navigation-ROS2-main/dynamic_4groups_headless_10.csv

Commands: [s] start  [e] end  [1] social  [2] baseline  [3] dynamic  [q] quit
cmd> [INFO] [1777713257.135409098] [data_collector]: Started experiment [baseline]
[INFO] [1777713309.474942330] [data_collector]: SIGUSR1: 读取 result_file → 'succeeded'
[INFO] [1777713309.475214940] [data_collector]: =======================================================
[INFO] [1777713309.475434463] [data_collector]: Experiment #2 result: succeeded
[INFO] [1777713309.475647726] [data_collector]:   Mode:                    baseline
[INFO] [1777713309.475861155] [data_collector]:   Attempt:                 0
[INFO] [1777713309.476086465] [data_collector]:   Path length:             36.44 m
[INFO] [1777713309.479323825] [data_collector]:   Navigation time:         99.99 s
[INFO] [1777713309.479625038] [data_collector]:   Encounters (<1.0m):      0
[INFO] [1777713309.479873171] [data_collector]:   Personal violations (<1.20m): 0
[INFO] [1777713309.480145543] [data_collector]:   Intimate violations (<0.45m): 0
[INFO] [1777713309.482216658] [data_collector]:   Min pedestrian dist:     N/A
[INFO] [1777713309.482540714] [data_collector]:   Mean angular accel:      0.1657 rad/s²
[INFO] [1777713309.482806773] [data_collector]: =======================================================
[INFO] [1777713309.483173012] [data_collector]: Saved to /home/dx/CPE631-Navigation-ROS2-main/dynamic_4groups_headless_10.csv
[INFO] [1777713309.483485157] [data_collector]: exit_after_result=True, shutting down.
[INFO] [1777713309.485528151] [data_collector]: SIGUSR1: experiment was not active, shutting down.
Traceback (most recent call last):
  File "/home/dx/CPE631-Navigation-ROS2-main/install/cpe631_ros2/lib/cpe631_ros2/data_collector", line 411, in <module>
    main()
  File "/home/dx/CPE631-Navigation-ROS2-main/install/cpe631_ros2/lib/cpe631_ros2/data_collector", line 391, in main
    rclpy.spin(node)
  File "/opt/ros/jazzy/lib/python3.12/site-packages/rclpy/__init__.py", line 247, in spin
    executor.spin_once()
  File "/opt/ros/jazzy/lib/python3.12/site-packages/rclpy/executors.py", line 926, in spin_once
    self._spin_once_impl(timeout_sec)
  File "/opt/ros/jazzy/lib/python3.12/site-packages/rclpy/executors.py", line 918, in _spin_once_impl
    raise handler.exception()
  File "/opt/ros/jazzy/lib/python3.12/site-packages/rclpy/task.py", line 286, in _execute_coroutine_step
    result = coro.send(None)
             ^^^^^^^^^^^^^^^
  File "/opt/ros/jazzy/lib/python3.12/site-packages/rclpy/executors.py", line 579, in handler
    gc.trigger()
    ^^^^^^^^^^
AttributeError: 'NoneType' object has no attribute 'trigger'
