[INFO] [1777759423.078947156] [data_collector]: DataCollector ready  mode=social_dstar_plus  encounter=1.00m  personal=1.20m  intimate=0.45m
[INFO] [1777759423.079412776] [data_collector]: Results CSV: /home/dx/CPE631-Navigation-ROS2-main/experiment_results_v3.csv

Commands: [s] start  [e] end  [1] social  [2] baseline  [3] dynamic  [q] quit
cmd> [INFO] [1777759428.025758967] [data_collector]: Started experiment [social_dstar_plus]
[WARN] [1777759428.209898454] [data_collector]: Personal space violation (<1.20m) +1, total=1
[INFO] [1777759428.403647914] [data_collector]: Encounter (<1.0m) +1, total=1
[WARN] [1777759457.092866153] [data_collector]: Personal space violation (<1.20m) +1, total=2
[INFO] [1777759457.175487213] [data_collector]: Encounter (<1.0m) +1, total=2
[WARN] [1777759465.371667042] [data_collector]: Personal space violation (<1.20m) +1, total=3
[INFO] [1777759465.789297638] [data_collector]: Encounter (<1.0m) +1, total=3
[WARN] [1777759466.282828158] [data_collector]: Intimate space violation (<0.45m) +1, total=1
[WARN] [1777759470.478557472] [data_collector]: Personal space violation (<1.20m) +1, total=4
[INFO] [1777759470.704010725] [data_collector]: Encounter (<1.0m) +1, total=4
[WARN] [1777759482.667199166] [data_collector]: Personal space violation (<1.20m) +1, total=5
[INFO] [1777759483.166348074] [data_collector]: Encounter (<1.0m) +1, total=5
[WARN] [1777759485.741449496] [data_collector]: Intimate space violation (<0.45m) +1, total=2
[WARN] [1777759486.056825943] [data_collector]: Intimate space violation (<0.45m) +1, total=3
[WARN] [1777759498.962427129] [data_collector]: Personal space violation (<1.20m) +1, total=6
[INFO] [1777759499.177091189] [data_collector]: Encounter (<1.0m) +1, total=6
[WARN] [1777759500.110942590] [data_collector]: Intimate space violation (<0.45m) +1, total=4
[WARN] [1777759503.685909450] [data_collector]: Personal space violation (<1.20m) +1, total=7
[INFO] [1777759504.699482713] [data_collector]: Encounter (<1.0m) +1, total=7
[WARN] [1777759506.637372402] [data_collector]: Intimate space violation (<0.45m) +1, total=5
[WARN] [1777759511.818518053] [data_collector]: Personal space violation (<1.20m) +1, total=8
[INFO] [1777759546.144741261] [data_collector]: SIGUSR1: 读取 result_file → 'succeeded'
[INFO] [1777759546.145293192] [data_collector]: =======================================================
[INFO] [1777759546.145506759] [data_collector]: Experiment #10 result: succeeded
[INFO] [1777759546.145724388] [data_collector]:   Mode:                    social_dstar_plus
[INFO] [1777759546.145939149] [data_collector]:   Attempt:                 0
[INFO] [1777759546.146158490] [data_collector]:   Path length:             36.63 m
[INFO] [1777759546.146407728] [data_collector]:   Navigation time:         101.84 s
[INFO] [1777759546.149776129] [data_collector]:   Encounters (<1.0m):      7
[INFO] [1777759546.150907675] [data_collector]:   Personal violations (<1.20m): 8
[INFO] [1777759546.152409557] [data_collector]:   Intimate violations (<0.45m): 5
[INFO] [1777759546.153575727] [data_collector]:   Min pedestrian dist:     0.227 m
[INFO] [1777759546.154046951] [data_collector]:   Mean angular accel:      0.2212 rad/s²
[INFO] [1777759546.154603948] [data_collector]: =======================================================
[INFO] [1777759546.155643017] [data_collector]: Saved to /home/dx/CPE631-Navigation-ROS2-main/experiment_results_v3.csv
[INFO] [1777759546.155955342] [data_collector]: exit_after_result=True, shutting down.
[INFO] [1777759546.158366470] [data_collector]: SIGUSR1: experiment was not active, shutting down.
