[INFO] [1777751577.329356773] [data_collector]: DataCollector ready  mode=social_dstar  encounter=1.00m  personal=1.20m  intimate=0.45m
[INFO] [1777751577.330003772] [data_collector]: Results CSV: /home/dx/CPE631-Navigation-ROS2-main/social_4groups_headless_10.csv

Commands: [s] start  [e] end  [1] social  [2] baseline  [3] dynamic  [q] quit
cmd> [INFO] [1777751582.373391024] [data_collector]: Started experiment [social_dstar]
[WARN] [1777751582.392544614] [data_collector]: Personal space violation (<1.20m) +1, total=1
[INFO] [1777751582.932772851] [data_collector]: Encounter (<1.0m) +1, total=1
[WARN] [1777751611.750275871] [data_collector]: Personal space violation (<1.20m) +1, total=2
[INFO] [1777751612.067407714] [data_collector]: Encounter (<1.0m) +1, total=2
[WARN] [1777751612.740065959] [data_collector]: Intimate space violation (<0.45m) +1, total=1
[WARN] [1777751623.995633073] [data_collector]: Personal space violation (<1.20m) +1, total=3
[INFO] [1777751624.163626285] [data_collector]: Encounter (<1.0m) +1, total=3
[WARN] [1777751639.000229433] [data_collector]: Personal space violation (<1.20m) +1, total=4
[INFO] [1777751639.381798290] [data_collector]: Encounter (<1.0m) +1, total=4
[WARN] [1777751648.428550250] [data_collector]: Personal space violation (<1.20m) +1, total=5
[INFO] [1777751648.636474522] [data_collector]: Encounter (<1.0m) +1, total=5
[WARN] [1777751650.186232442] [data_collector]: Intimate space violation (<0.45m) +1, total=2
[WARN] [1777751651.438815958] [data_collector]: Personal space violation (<1.20m) +1, total=6
[INFO] [1777751651.698878149] [data_collector]: Encounter (<1.0m) +1, total=6
[WARN] [1777751657.351715535] [data_collector]: Personal space violation (<1.20m) +1, total=7
[INFO] [1777751657.770954668] [data_collector]: Encounter (<1.0m) +1, total=7
[WARN] [1777751658.740509193] [data_collector]: Intimate space violation (<0.45m) +1, total=3
[WARN] [1777751664.154770361] [data_collector]: Personal space violation (<1.20m) +1, total=8
[INFO] [1777751664.236291026] [data_collector]: Encounter (<1.0m) +1, total=8
[WARN] [1777751666.296495600] [data_collector]: Intimate space violation (<0.45m) +1, total=4
[WARN] [1777751672.592265720] [data_collector]: Personal space violation (<1.20m) +1, total=9
[INFO] [1777751672.692339387] [data_collector]: Encounter (<1.0m) +1, total=9
[WARN] [1777751674.112483215] [data_collector]: Intimate space violation (<0.45m) +1, total=5
[WARN] [1777751678.931707421] [data_collector]: Personal space violation (<1.20m) +1, total=10
[INFO] [1777751679.113872391] [data_collector]: Encounter (<1.0m) +1, total=10
[INFO] [1777751679.690516111] [data_collector]: Encounter (<1.0m) +1, total=11
[WARN] [1777751680.475484504] [data_collector]: Intimate space violation (<0.45m) +1, total=6
[INFO] [1777751682.826220904] [data_collector]: Encounter (<1.0m) +1, total=12
[WARN] [1777751682.826510967] [data_collector]: Personal space violation (<1.20m) +1, total=11
[INFO] [1777751683.176277960] [data_collector]: SIGUSR1: 读取 result_file → 'aborted'
[INFO] [1777751683.177296803] [data_collector]: =======================================================
[INFO] [1777751683.178257908] [data_collector]: Experiment #10 result: aborted
[INFO] [1777751683.178588820] [data_collector]:   Mode:                    social_dstar
[INFO] [1777751683.178900251] [data_collector]:   Attempt:                 0
[INFO] [1777751683.180142702] [data_collector]:   Path length:             29.66 m
[INFO] [1777751683.180939776] [data_collector]:   Navigation time:         90.74 s
[INFO] [1777751683.181381214] [data_collector]:   Encounters (<1.0m):      12
[INFO] [1777751683.181954760] [data_collector]:   Personal violations (<1.20m): 11
[INFO] [1777751683.182546784] [data_collector]:   Intimate violations (<0.45m): 6
[INFO] [1777751683.183637992] [data_collector]:   Min pedestrian dist:     0.030 m
[INFO] [1777751683.184766682] [data_collector]:   Mean angular accel:      0.3136 rad/s²
[INFO] [1777751683.186083277] [data_collector]: =======================================================
[INFO] [1777751683.188970822] [data_collector]: Saved to /home/dx/CPE631-Navigation-ROS2-main/social_4groups_headless_10.csv
[INFO] [1777751683.189825607] [data_collector]: exit_after_result=True, shutting down.
[INFO] [1777751683.191676678] [data_collector]: SIGUSR1: experiment was not active, shutting down.
