[INFO] [1777716346.928722760] [data_collector]: DataCollector ready  mode=dynamic  encounter=1.00m  personal=1.20m  intimate=0.45m
[INFO] [1777716346.929529663] [data_collector]: Results CSV: /home/dx/CPE631-Navigation-ROS2-main/dynamic_4groups_headless_10.csv

Commands: [s] start  [e] end  [1] social  [2] baseline  [3] dynamic  [q] quit
cmd> [INFO] [1777716352.083501483] [data_collector]: Started experiment [dynamic]
[WARN] [1777716352.143724098] [data_collector]: Personal space violation (<1.20m) +1, total=1
[INFO] [1777716352.443798798] [data_collector]: Encounter (<1.0m) +1, total=1
[WARN] [1777716379.061879538] [data_collector]: Personal space violation (<1.20m) +1, total=2
[INFO] [1777716379.234098124] [data_collector]: Encounter (<1.0m) +1, total=2
[WARN] [1777716379.882986865] [data_collector]: Intimate space violation (<0.45m) +1, total=1
[WARN] [1777716389.615975561] [data_collector]: Personal space violation (<1.20m) +1, total=3
[INFO] [1777716390.037481548] [data_collector]: Encounter (<1.0m) +1, total=3
[WARN] [1777716390.629826967] [data_collector]: Intimate space violation (<0.45m) +1, total=2
[WARN] [1777716404.730780774] [data_collector]: Personal space violation (<1.20m) +1, total=4
[INFO] [1777716405.200466689] [data_collector]: Encounter (<1.0m) +1, total=4
[WARN] [1777716412.448611207] [data_collector]: Personal space violation (<1.20m) +1, total=5
[INFO] [1777716412.639380145] [data_collector]: Encounter (<1.0m) +1, total=5
[WARN] [1777716413.281382260] [data_collector]: Personal space violation (<1.20m) +1, total=6
[WARN] [1777716413.845188458] [data_collector]: Intimate space violation (<0.45m) +1, total=3
[WARN] [1777716415.873737449] [data_collector]: Personal space violation (<1.20m) +1, total=7
[WARN] [1777716439.258053150] [data_collector]: Personal space violation (<1.20m) +1, total=8
[INFO] [1777716439.551871556] [data_collector]: Encounter (<1.0m) +1, total=6
[WARN] [1777716440.125178012] [data_collector]: Intimate space violation (<0.45m) +1, total=4
[WARN] [1777716449.140599391] [data_collector]: Personal space violation (<1.20m) +1, total=9
[INFO] [1777716449.547630990] [data_collector]: Encounter (<1.0m) +1, total=7
[WARN] [1777716450.401725315] [data_collector]: Personal space violation (<1.20m) +1, total=10
[INFO] [1777716450.551748680] [data_collector]: SIGUSR1: 读取 result_file → 'succeeded'
[INFO] [1777716450.552005214] [data_collector]: =======================================================
[INFO] [1777716450.554963982] [data_collector]: Experiment #8 result: succeeded
[INFO] [1777716450.555306606] [data_collector]:   Mode:                    dynamic
[INFO] [1777716450.555538366] [data_collector]:   Attempt:                 1
[INFO] [1777716450.555760733] [data_collector]:   Path length:             35.96 m
[INFO] [1777716450.555979194] [data_collector]:   Navigation time:         94.48 s
[INFO] [1777716450.556560676] [data_collector]:   Encounters (<1.0m):      7
[INFO] [1777716450.556945230] [data_collector]:   Personal violations (<1.20m): 10
[INFO] [1777716450.557207366] [data_collector]:   Intimate violations (<0.45m): 4
[INFO] [1777716450.557459271] [data_collector]:   Min pedestrian dist:     0.175 m
[INFO] [1777716450.557716800] [data_collector]:   Mean angular accel:      0.2368 rad/s²
[INFO] [1777716450.558157614] [data_collector]: =======================================================
[INFO] [1777716450.558564054] [data_collector]: Saved to /home/dx/CPE631-Navigation-ROS2-main/dynamic_4groups_headless_10.csv
[INFO] [1777716450.558903394] [data_collector]: exit_after_result=True, shutting down.
[INFO] [1777716450.559695233] [data_collector]: SIGUSR1: experiment was not active, shutting down.
Traceback (most recent call last):
  File "/home/dx/CPE631-Navigation-ROS2-main/install/cpe631_ros2/lib/cpe631_ros2/data_collector", line 411, in <module>
    main()
  File "/home/dx/CPE631-Navigation-ROS2-main/install/cpe631_ros2/lib/cpe631_ros2/data_collector", line 391, in main
    rclpy.spin(node)
  File "/opt/ros/jazzy/lib/python3.12/site-packages/rclpy/__init__.py", line 247, in spin
    executor.spin_once()
  File "/opt/ros/jazzy/lib/python3.12/site-packages/rclpy/executors.py", line 926, in spin_once
    self._spin_once_impl(timeout_sec)
  File "/opt/ros/jazzy/lib/python3.12/site-packages/rclpy/executors.py", line 907, in _spin_once_impl
    handler, entity, node = self.wait_for_ready_callbacks(
                            ^^^^^^^^^^^^^^^^^^^^^^^^^^^^^^
  File "/opt/ros/jazzy/lib/python3.12/site-packages/rclpy/executors.py", line 877, in wait_for_ready_callbacks
    return next(self._cb_iter)
           ^^^^^^^^^^^^^^^^^^^
  File "/opt/ros/jazzy/lib/python3.12/site-packages/rclpy/executors.py", line 740, in _wait_for_ready_callbacks
    context_stack.enter_context(gc.handle)
                                ^^^^^^^^^
AttributeError: 'NoneType' object has no attribute 'handle'
