[INFO] [1777748843.396760510] [data_collector]: DataCollector ready  mode=social_smac  encounter=1.00m  personal=1.20m  intimate=0.45m
[INFO] [1777748843.397308993] [data_collector]: Results CSV: /home/dx/CPE631-Navigation-ROS2-main/social_4groups_headless_10.csv

Commands: [s] start  [e] end  [1] social  [2] baseline  [3] dynamic  [q] quit
cmd> [INFO] [1777748848.543186048] [data_collector]: Started experiment [social_smac]
[WARN] [1777748848.554264436] [data_collector]: Personal space violation (<1.20m) +1, total=1
[INFO] [1777748848.663383998] [data_collector]: Encounter (<1.0m) +1, total=1
[WARN] [1777748876.263592825] [data_collector]: Personal space violation (<1.20m) +1, total=2
[INFO] [1777748876.457556420] [data_collector]: Encounter (<1.0m) +1, total=2
[WARN] [1777748887.824479399] [data_collector]: Personal space violation (<1.20m) +1, total=3
[INFO] [1777748888.109578445] [data_collector]: Encounter (<1.0m) +1, total=3
[WARN] [1777748890.248005308] [data_collector]: Personal space violation (<1.20m) +1, total=4
[WARN] [1777748902.884659184] [data_collector]: Personal space violation (<1.20m) +1, total=5
[INFO] [1777748903.508939084] [data_collector]: Encounter (<1.0m) +1, total=4
[WARN] [1777748911.639659236] [data_collector]: Personal space violation (<1.20m) +1, total=6
[INFO] [1777748911.827364992] [data_collector]: Encounter (<1.0m) +1, total=5
[WARN] [1777748912.024312594] [data_collector]: Personal space violation (<1.20m) +1, total=7
[INFO] [1777748912.504631625] [data_collector]: Encounter (<1.0m) +1, total=6
[WARN] [1777748915.355493985] [data_collector]: Personal space violation (<1.20m) +1, total=8
[WARN] [1777748933.680586868] [data_collector]: Personal space violation (<1.20m) +1, total=9
[INFO] [1777748959.513603234] [data_collector]: SIGUSR1: 读取 result_file → 'succeeded'
[INFO] [1777748959.514066954] [data_collector]: =======================================================
[INFO] [1777748959.514465018] [data_collector]: Experiment #6 result: succeeded
[INFO] [1777748959.515028160] [data_collector]:   Mode:                    social_smac
[INFO] [1777748959.515400223] [data_collector]:   Attempt:                 1
[INFO] [1777748959.515703227] [data_collector]:   Path length:             37.73 m
[INFO] [1777748959.516001584] [data_collector]:   Navigation time:         100.50 s
[INFO] [1777748959.516412881] [data_collector]:   Encounters (<1.0m):      6
[INFO] [1777748959.516761647] [data_collector]:   Personal violations (<1.20m): 9
[INFO] [1777748959.517102444] [data_collector]:   Intimate violations (<0.45m): 0
[INFO] [1777748959.517395882] [data_collector]:   Min pedestrian dist:     0.479 m
[INFO] [1777748959.517690034] [data_collector]:   Mean angular accel:      0.3168 rad/s²
[INFO] [1777748959.517996270] [data_collector]: =======================================================
[INFO] [1777748959.518615262] [data_collector]: Saved to /home/dx/CPE631-Navigation-ROS2-main/social_4groups_headless_10.csv
[INFO] [1777748959.519030680] [data_collector]: exit_after_result=True, shutting down.
[INFO] [1777748959.521152437] [data_collector]: SIGUSR1: experiment was not active, shutting down.
