[INFO] [1777690969.899556585] [data_collector]: DataCollector ready  mode=dynamic_astar  encounter=1.00m  personal=1.20m  intimate=0.45m
[INFO] [1777690969.900073474] [data_collector]: Results CSV: /home/dx/CPE631-Navigation-ROS2-main/experiment_results_v3.csv

Commands: [s] start  [e] end  [1] social  [2] baseline  [3] dynamic  [q] quit
cmd> [INFO] [1777690974.987409636] [data_collector]: Started experiment [dynamic_astar]
[WARN] [1777690975.622822460] [data_collector]: Personal space violation (<1.20m) +1, total=1
[INFO] [1777690977.041216847] [data_collector]: Encounter (<1.0m) +1, total=1
[WARN] [1777691010.530337193] [data_collector]: Personal space violation (<1.20m) +1, total=2
[INFO] [1777691010.821643350] [data_collector]: Encounter (<1.0m) +1, total=2
[WARN] [1777691024.223049217] [data_collector]: Personal space violation (<1.20m) +1, total=3
[INFO] [1777691024.508601689] [data_collector]: Encounter (<1.0m) +1, total=3
[WARN] [1777691026.353121139] [data_collector]: Intimate space violation (<0.45m) +1, total=1
[WARN] [1777691026.671243130] [data_collector]: Intimate space violation (<0.45m) +1, total=2
[WARN] [1777691026.967268993] [data_collector]: Intimate space violation (<0.45m) +1, total=3
[WARN] [1777691041.582990314] [data_collector]: Personal space violation (<1.20m) +1, total=4
[INFO] [1777691042.029127954] [data_collector]: Encounter (<1.0m) +1, total=4
[WARN] [1777691053.224847336] [data_collector]: Personal space violation (<1.20m) +1, total=5
[INFO] [1777691053.465863024] [data_collector]: Encounter (<1.0m) +1, total=5
[WARN] [1777691054.500799317] [data_collector]: Intimate space violation (<0.45m) +1, total=4
[WARN] [1777691056.223212772] [data_collector]: Personal space violation (<1.20m) +1, total=6
[WARN] [1777691063.490117914] [data_collector]: Personal space violation (<1.20m) +1, total=7
[INFO] [1777691064.258820425] [data_collector]: Encounter (<1.0m) +1, total=6
[WARN] [1777691065.823192272] [data_collector]: Intimate space violation (<0.45m) +1, total=5
[WARN] [1777691070.637729586] [data_collector]: Intimate space violation (<0.45m) +1, total=6
[WARN] [1777691082.767705314] [data_collector]: Personal space violation (<1.20m) +1, total=8
[INFO] [1777691083.237899986] [data_collector]: Encounter (<1.0m) +1, total=7
[WARN] [1777691100.180261214] [data_collector]: Personal space violation (<1.20m) +1, total=9
[WARN] [1777691101.048030787] [data_collector]: Personal space violation (<1.20m) +1, total=10
[INFO] [1777691101.745217352] [data_collector]: Encounter (<1.0m) +1, total=8
[WARN] [1777691104.858712471] [data_collector]: Intimate space violation (<0.45m) +1, total=7
[INFO] [1777691109.039766069] [data_collector]: Encounter (<1.0m) +1, total=9
[WARN] [1777691123.902770213] [data_collector]: Personal space violation (<1.20m) +1, total=11
[WARN] [1777691143.313923087] [data_collector]: Personal space violation (<1.20m) +1, total=12
[INFO] [1777691143.891463168] [data_collector]: Encounter (<1.0m) +1, total=10
[WARN] [1777691159.090437579] [data_collector]: Personal space violation (<1.20m) +1, total=13
[INFO] [1777691159.385486186] [data_collector]: Encounter (<1.0m) +1, total=11
[WARN] [1777691175.160021546] [data_collector]: Personal space violation (<1.20m) +1, total=14
[INFO] [1777691175.339623762] [data_collector]: Encounter (<1.0m) +1, total=12
[WARN] [1777691188.373508471] [data_collector]: Personal space violation (<1.20m) +1, total=15
[INFO] [1777691188.631975067] [data_collector]: Encounter (<1.0m) +1, total=13
[WARN] [1777691202.979344786] [data_collector]: Personal space violation (<1.20m) +1, total=16
[INFO] [1777691203.122092814] [data_collector]: Encounter (<1.0m) +1, total=14
[WARN] [1777691216.795364876] [data_collector]: Personal space violation (<1.20m) +1, total=17
[INFO] [1777691216.930530296] [data_collector]: Encounter (<1.0m) +1, total=15
[WARN] [1777691231.777505378] [data_collector]: Personal space violation (<1.20m) +1, total=18
[INFO] [1777691231.936069262] [data_collector]: Encounter (<1.0m) +1, total=16
[WARN] [1777691247.088192300] [data_collector]: Personal space violation (<1.20m) +1, total=19
[INFO] [1777691247.296799703] [data_collector]: Encounter (<1.0m) +1, total=17
[WARN] [1777691262.159823588] [data_collector]: Personal space violation (<1.20m) +1, total=20
[INFO] [1777691262.473220950] [data_collector]: Encounter (<1.0m) +1, total=18
[WARN] [1777691278.360729302] [data_collector]: Personal space violation (<1.20m) +1, total=21
[INFO] [1777691278.652413262] [data_collector]: Encounter (<1.0m) +1, total=19
[WARN] [1777691293.235425194] [data_collector]: Personal space violation (<1.20m) +1, total=22
[INFO] [1777691293.424643570] [data_collector]: Encounter (<1.0m) +1, total=20
[WARN] [1777691307.962832222] [data_collector]: Personal space violation (<1.20m) +1, total=23
[INFO] [1777691308.249058101] [data_collector]: Encounter (<1.0m) +1, total=21
[WARN] [1777691322.940969287] [data_collector]: Personal space violation (<1.20m) +1, total=24
[INFO] [1777691323.114383202] [data_collector]: Encounter (<1.0m) +1, total=22
[WARN] [1777691337.581509466] [data_collector]: Personal space violation (<1.20m) +1, total=25
[INFO] [1777691337.847963651] [data_collector]: Encounter (<1.0m) +1, total=23
[WARN] [1777691352.268508397] [data_collector]: Personal space violation (<1.20m) +1, total=26
[INFO] [1777691352.562711031] [data_collector]: Encounter (<1.0m) +1, total=24
[WARN] [1777691368.359821696] [data_collector]: Personal space violation (<1.20m) +1, total=27
[INFO] [1777691368.679544104] [data_collector]: Encounter (<1.0m) +1, total=25
[WARN] [1777691383.425970145] [data_collector]: Personal space violation (<1.20m) +1, total=28
[INFO] [1777691383.631220471] [data_collector]: Encounter (<1.0m) +1, total=26
[WARN] [1777691398.597781681] [data_collector]: Personal space violation (<1.20m) +1, total=29
[INFO] [1777691398.875199848] [data_collector]: Encounter (<1.0m) +1, total=27
[WARN] [1777691414.431148175] [data_collector]: Personal space violation (<1.20m) +1, total=30
[INFO] [1777691414.713488396] [data_collector]: Encounter (<1.0m) +1, total=28
[WARN] [1777691427.950820492] [data_collector]: Personal space violation (<1.20m) +1, total=31
[INFO] [1777691428.099214946] [data_collector]: Encounter (<1.0m) +1, total=29
[WARN] [1777691433.963402219] [data_collector]: Personal space violation (<1.20m) +1, total=32
[INFO] [1777691436.295204181] [data_collector]: SIGUSR1: 读取 result_file → 'succeeded'
[INFO] [1777691436.295566846] [data_collector]: =======================================================
[INFO] [1777691436.295809970] [data_collector]: Experiment #1 result: succeeded
[INFO] [1777691436.296034709] [data_collector]:   Mode:                    dynamic_astar
[INFO] [1777691436.299837297] [data_collector]:   Attempt:                 1
[INFO] [1777691436.300432925] [data_collector]:   Path length:             41.69 m
[INFO] [1777691436.300791882] [data_collector]:   Navigation time:         383.21 s
[INFO] [1777691436.301090200] [data_collector]:   Encounters (<1.0m):      29
[INFO] [1777691436.301393163] [data_collector]:   Personal violations (<1.20m): 32
[INFO] [1777691436.301704760] [data_collector]:   Intimate violations (<0.45m): 7
[INFO] [1777691436.302018175] [data_collector]:   Min pedestrian dist:     0.114 m
[INFO] [1777691436.302514856] [data_collector]:   Mean angular accel:      0.1736 rad/s²
[INFO] [1777691436.302878355] [data_collector]: =======================================================
[INFO] [1777691436.303414898] [data_collector]: Saved to /home/dx/CPE631-Navigation-ROS2-main/experiment_results_v3.csv
[INFO] [1777691436.303753160] [data_collector]: exit_after_result=True, shutting down.
[INFO] [1777691436.305616450] [data_collector]: SIGUSR1: experiment was not active, shutting down.
