[INFO] [1777717321.759781005] [data_collector]: DataCollector ready  mode=dynamic_astar  encounter=1.00m  personal=1.20m  intimate=0.45m
[INFO] [1777717321.760712016] [data_collector]: Results CSV: /home/dx/CPE631-Navigation-ROS2-main/dynamic_4groups_headless_10.csv

Commands: [s] start  [e] end  [1] social  [2] baseline  [3] dynamic  [q] quit
cmd> [INFO] [1777717326.911153399] [data_collector]: Started experiment [dynamic_astar]
[WARN] [1777717327.016379384] [data_collector]: Personal space violation (<1.20m) +1, total=1
[INFO] [1777717327.405868820] [data_collector]: Encounter (<1.0m) +1, total=1
[WARN] [1777717359.952538562] [data_collector]: Personal space violation (<1.20m) +1, total=2
[INFO] [1777717360.153874759] [data_collector]: Encounter (<1.0m) +1, total=2
[WARN] [1777717361.006620442] [data_collector]: Intimate space violation (<0.45m) +1, total=1
[WARN] [1777717371.316060795] [data_collector]: Personal space violation (<1.20m) +1, total=3
[INFO] [1777717371.502401589] [data_collector]: Encounter (<1.0m) +1, total=3
[WARN] [1777717372.238286524] [data_collector]: Intimate space violation (<0.45m) +1, total=2
[WARN] [1777717388.172900960] [data_collector]: Personal space violation (<1.20m) +1, total=4
[INFO] [1777717388.463235945] [data_collector]: Encounter (<1.0m) +1, total=4
[WARN] [1777717398.351132505] [data_collector]: Personal space violation (<1.20m) +1, total=5
[INFO] [1777717398.969856291] [data_collector]: Encounter (<1.0m) +1, total=5
[WARN] [1777717399.641009941] [data_collector]: Personal space violation (<1.20m) +1, total=6
[WARN] [1777717399.985005829] [data_collector]: Intimate space violation (<0.45m) +1, total=3
[WARN] [1777717402.537021700] [data_collector]: Personal space violation (<1.20m) +1, total=7
[WARN] [1777717422.186399350] [data_collector]: Personal space violation (<1.20m) +1, total=8
[WARN] [1777717429.246311899] [data_collector]: Personal space violation (<1.20m) +1, total=9
[INFO] [1777717429.526366131] [data_collector]: Encounter (<1.0m) +1, total=6
[WARN] [1777717430.413180557] [data_collector]: Intimate space violation (<0.45m) +1, total=4
[WARN] [1777717441.792080963] [data_collector]: Personal space violation (<1.20m) +1, total=10
[INFO] [1777717442.371494438] [data_collector]: Encounter (<1.0m) +1, total=7
[WARN] [1777717443.037738758] [data_collector]: Personal space violation (<1.20m) +1, total=11
[INFO] [1777717443.560280954] [data_collector]: SIGUSR1: 读取 result_file → 'succeeded'
[INFO] [1777717443.560546191] [data_collector]: =======================================================
[INFO] [1777717443.560759503] [data_collector]: Experiment #4 result: succeeded
[INFO] [1777717443.560995641] [data_collector]:   Mode:                    dynamic_astar
[INFO] [1777717443.561224714] [data_collector]:   Attempt:                 0
[INFO] [1777717443.561556359] [data_collector]:   Path length:             36.14 m
[INFO] [1777717443.563601216] [data_collector]:   Navigation time:         94.93 s
[INFO] [1777717443.563908060] [data_collector]:   Encounters (<1.0m):      7
[INFO] [1777717443.564150314] [data_collector]:   Personal violations (<1.20m): 11
[INFO] [1777717443.564404591] [data_collector]:   Intimate violations (<0.45m): 4
[INFO] [1777717443.564659901] [data_collector]:   Min pedestrian dist:     0.290 m
[INFO] [1777717443.564914993] [data_collector]:   Mean angular accel:      0.2593 rad/s²
[INFO] [1777717443.565274015] [data_collector]: =======================================================
[INFO] [1777717443.565665500] [data_collector]: Saved to /home/dx/CPE631-Navigation-ROS2-main/dynamic_4groups_headless_10.csv
[INFO] [1777717443.565962554] [data_collector]: exit_after_result=True, shutting down.
[INFO] [1777717443.570188991] [data_collector]: SIGUSR1: experiment was not active, shutting down.
