[INFO] [1777750655.806541476] [data_collector]: DataCollector ready  mode=social_dstar  encounter=1.00m  personal=1.20m  intimate=0.45m
[INFO] [1777750655.807479911] [data_collector]: Results CSV: /home/dx/CPE631-Navigation-ROS2-main/social_4groups_headless_10.csv

Commands: [s] start  [e] end  [1] social  [2] baseline  [3] dynamic  [q] quit
cmd> [INFO] [1777750660.922864984] [data_collector]: Started experiment [social_dstar]
[WARN] [1777750661.103662796] [data_collector]: Personal space violation (<1.20m) +1, total=1
[INFO] [1777750662.213950509] [data_collector]: Encounter (<1.0m) +1, total=1
[WARN] [1777750693.080135460] [data_collector]: Personal space violation (<1.20m) +1, total=2
[INFO] [1777750693.410755569] [data_collector]: Encounter (<1.0m) +1, total=2
[WARN] [1777750694.280451891] [data_collector]: Intimate space violation (<0.45m) +1, total=1
[WARN] [1777750706.897494588] [data_collector]: Personal space violation (<1.20m) +1, total=3
[INFO] [1777750707.097559460] [data_collector]: Encounter (<1.0m) +1, total=3
[WARN] [1777750709.098114934] [data_collector]: Intimate space violation (<0.45m) +1, total=2
[WARN] [1777750709.593819264] [data_collector]: Intimate space violation (<0.45m) +1, total=3
[WARN] [1777750709.912778123] [data_collector]: Intimate space violation (<0.45m) +1, total=4
[WARN] [1777750710.342991088] [data_collector]: Intimate space violation (<0.45m) +1, total=5
[WARN] [1777750724.594225605] [data_collector]: Personal space violation (<1.20m) +1, total=4
[WARN] [1777750728.615624661] [data_collector]: Personal space violation (<1.20m) +1, total=5
[INFO] [1777750729.284081994] [data_collector]: Encounter (<1.0m) +1, total=4
[WARN] [1777750731.015234446] [data_collector]: Intimate space violation (<0.45m) +1, total=6
[WARN] [1777750738.041287043] [data_collector]: Personal space violation (<1.20m) +1, total=6
[INFO] [1777750739.694199975] [data_collector]: Encounter (<1.0m) +1, total=5
[WARN] [1777750741.571591838] [data_collector]: Intimate space violation (<0.45m) +1, total=7
[WARN] [1777750771.403288851] [data_collector]: Personal space violation (<1.20m) +1, total=7
[WARN] [1777750779.269844818] [data_collector]: Personal space violation (<1.20m) +1, total=8
[INFO] [1777750791.556472917] [data_collector]: SIGUSR1: 读取 result_file → 'succeeded'
[INFO] [1777750791.556788608] [data_collector]: =======================================================
[INFO] [1777750791.557028905] [data_collector]: Experiment #4 result: succeeded
[INFO] [1777750791.557330507] [data_collector]:   Mode:                    social_dstar
[INFO] [1777750791.557739694] [data_collector]:   Attempt:                 0
[INFO] [1777750791.558404667] [data_collector]:   Path length:             36.42 m
[INFO] [1777750791.558679257] [data_collector]:   Navigation time:         103.86 s
[INFO] [1777750791.558951724] [data_collector]:   Encounters (<1.0m):      5
[INFO] [1777750791.559247172] [data_collector]:   Personal violations (<1.20m): 8
[INFO] [1777750791.559561464] [data_collector]:   Intimate violations (<0.45m): 7
[INFO] [1777750791.559875703] [data_collector]:   Min pedestrian dist:     0.249 m
[INFO] [1777750791.560262688] [data_collector]:   Mean angular accel:      0.1951 rad/s²
[INFO] [1777750791.560559942] [data_collector]: =======================================================
[INFO] [1777750791.561361256] [data_collector]: Saved to /home/dx/CPE631-Navigation-ROS2-main/social_4groups_headless_10.csv
[INFO] [1777750791.561748141] [data_collector]: exit_after_result=True, shutting down.
[INFO] [1777750791.563362027] [data_collector]: SIGUSR1: experiment was not active, shutting down.
Traceback (most recent call last):
  File "/home/dx/CPE631-Navigation-ROS2-main/install/cpe631_ros2/lib/cpe631_ros2/data_collector", line 411, in <module>
    main()
  File "/home/dx/CPE631-Navigation-ROS2-main/install/cpe631_ros2/lib/cpe631_ros2/data_collector", line 391, in main
    rclpy.spin(node)
  File "/opt/ros/jazzy/lib/python3.12/site-packages/rclpy/__init__.py", line 247, in spin
    executor.spin_once()
  File "/opt/ros/jazzy/lib/python3.12/site-packages/rclpy/executors.py", line 926, in spin_once
    self._spin_once_impl(timeout_sec)
  File "/opt/ros/jazzy/lib/python3.12/site-packages/rclpy/executors.py", line 918, in _spin_once_impl
    raise handler.exception()
  File "/opt/ros/jazzy/lib/python3.12/site-packages/rclpy/task.py", line 286, in _execute_coroutine_step
    result = coro.send(None)
             ^^^^^^^^^^^^^^^
  File "/opt/ros/jazzy/lib/python3.12/site-packages/rclpy/executors.py", line 579, in handler
    gc.trigger()
    ^^^^^^^^^^
AttributeError: 'NoneType' object has no attribute 'trigger'
