[INFO] [1777690056.527690967] [data_collector]: DataCollector ready  mode=dynamic  encounter=1.00m  personal=1.20m  intimate=0.45m
[INFO] [1777690056.528981113] [data_collector]: Results CSV: /home/dx/CPE631-Navigation-ROS2-main/experiment_results_v3.csv

Commands: [s] start  [e] end  [1] social  [2] baseline  [3] dynamic  [q] quit
cmd> [INFO] [1777690061.653806182] [data_collector]: Started experiment [dynamic]
[WARN] [1777690061.659881720] [data_collector]: Personal space violation (<1.20m) +1, total=1
[WARN] [1777690087.246065099] [data_collector]: Personal space violation (<1.20m) +1, total=2
[INFO] [1777690087.403821879] [data_collector]: Encounter (<1.0m) +1, total=1
[WARN] [1777690087.760466798] [data_collector]: Intimate space violation (<0.45m) +1, total=1
[WARN] [1777690096.601514878] [data_collector]: Personal space violation (<1.20m) +1, total=3
[INFO] [1777690096.892795453] [data_collector]: Encounter (<1.0m) +1, total=2
[WARN] [1777690111.484705042] [data_collector]: Personal space violation (<1.20m) +1, total=4
[INFO] [1777690111.873919382] [data_collector]: Encounter (<1.0m) +1, total=3
[WARN] [1777690119.120533410] [data_collector]: Personal space violation (<1.20m) +1, total=5
[WARN] [1777690119.290938469] [data_collector]: Personal space violation (<1.20m) +1, total=6
[INFO] [1777690119.461768913] [data_collector]: Encounter (<1.0m) +1, total=4
[WARN] [1777690120.181216268] [data_collector]: Intimate space violation (<0.45m) +1, total=2
[WARN] [1777690127.260015157] [data_collector]: Personal space violation (<1.20m) +1, total=7
[INFO] [1777690127.722918767] [data_collector]: Encounter (<1.0m) +1, total=5
[INFO] [1777690163.271116367] [data_collector]: SIGUSR1: 读取 result_file → 'succeeded'
[INFO] [1777690163.271598714] [data_collector]: =======================================================
[INFO] [1777690163.274050373] [data_collector]: Experiment #9 result: succeeded
[INFO] [1777690163.274428264] [data_collector]:   Mode:                    dynamic
[INFO] [1777690163.274708499] [data_collector]:   Attempt:                 1
[INFO] [1777690163.276301189] [data_collector]:   Path length:             36.30 m
[INFO] [1777690163.276907492] [data_collector]:   Navigation time:         99.97 s
[INFO] [1777690163.277827090] [data_collector]:   Encounters (<1.0m):      5
[INFO] [1777690163.279694959] [data_collector]:   Personal violations (<1.20m): 7
[INFO] [1777690163.280128574] [data_collector]:   Intimate violations (<0.45m): 2
[INFO] [1777690163.280505400] [data_collector]:   Min pedestrian dist:     0.282 m
[INFO] [1777690163.280813177] [data_collector]:   Mean angular accel:      0.2439 rad/s²
[INFO] [1777690163.281119408] [data_collector]: =======================================================
[INFO] [1777690163.281620275] [data_collector]: Saved to /home/dx/CPE631-Navigation-ROS2-main/experiment_results_v3.csv
[INFO] [1777690163.281976736] [data_collector]: exit_after_result=True, shutting down.
[INFO] [1777690163.284571389] [data_collector]: SIGUSR1: experiment was not active, shutting down.
