[INFO] [1777717474.153071025] [data_collector]: DataCollector ready  mode=dynamic_astar  encounter=1.00m  personal=1.20m  intimate=0.45m
[INFO] [1777717474.153527550] [data_collector]: Results CSV: /home/dx/CPE631-Navigation-ROS2-main/dynamic_4groups_headless_10.csv

Commands: [s] start  [e] end  [1] social  [2] baseline  [3] dynamic  [q] quit
cmd> [INFO] [1777717479.289878833] [data_collector]: Started experiment [dynamic_astar]
[WARN] [1777717479.642180962] [data_collector]: Personal space violation (<1.20m) +1, total=1
[INFO] [1777717480.841280570] [data_collector]: Encounter (<1.0m) +1, total=1
[WARN] [1777717511.592294429] [data_collector]: Personal space violation (<1.20m) +1, total=2
[INFO] [1777717511.787638021] [data_collector]: Encounter (<1.0m) +1, total=2
[WARN] [1777717524.469359859] [data_collector]: Personal space violation (<1.20m) +1, total=3
[INFO] [1777717524.663469710] [data_collector]: Encounter (<1.0m) +1, total=3
[WARN] [1777717540.252259702] [data_collector]: Personal space violation (<1.20m) +1, total=4
[INFO] [1777717540.617419167] [data_collector]: Encounter (<1.0m) +1, total=4
[WARN] [1777717544.900802901] [data_collector]: Personal space violation (<1.20m) +1, total=5
[WARN] [1777717549.610166025] [data_collector]: Personal space violation (<1.20m) +1, total=6
[INFO] [1777717549.982926086] [data_collector]: Encounter (<1.0m) +1, total=5
[WARN] [1777717550.939068383] [data_collector]: Personal space violation (<1.20m) +1, total=7
[INFO] [1777717551.530291882] [data_collector]: Encounter (<1.0m) +1, total=6
[WARN] [1777717552.708638061] [data_collector]: Intimate space violation (<0.45m) +1, total=1
[WARN] [1777717575.096965011] [data_collector]: Personal space violation (<1.20m) +1, total=8
[WARN] [1777717576.358509719] [data_collector]: Personal space violation (<1.20m) +1, total=9
[INFO] [1777717577.012135710] [data_collector]: Encounter (<1.0m) +1, total=7
[WARN] [1777717578.325287984] [data_collector]: Intimate space violation (<0.45m) +1, total=2
[WARN] [1777717594.977682323] [data_collector]: Personal space violation (<1.20m) +1, total=10
[WARN] [1777717599.534837231] [data_collector]: Personal space violation (<1.20m) +1, total=11
[INFO] [1777717600.721945054] [data_collector]: Encounter (<1.0m) +1, total=8
[INFO] [1777717616.201161513] [data_collector]: SIGUSR1: 读取 result_file → 'succeeded'
[INFO] [1777717616.201487396] [data_collector]: =======================================================
[INFO] [1777717616.201714245] [data_collector]: Experiment #5 result: succeeded
[INFO] [1777717616.201925989] [data_collector]:   Mode:                    dynamic_astar
[INFO] [1777717616.202138822] [data_collector]:   Attempt:                 0
[INFO] [1777717616.203791147] [data_collector]:   Path length:             39.61 m
[INFO] [1777717616.204081329] [data_collector]:   Navigation time:         116.78 s
[INFO] [1777717616.204331470] [data_collector]:   Encounters (<1.0m):      8
[INFO] [1777717616.204606938] [data_collector]:   Personal violations (<1.20m): 11
[INFO] [1777717616.204858713] [data_collector]:   Intimate violations (<0.45m): 2
[INFO] [1777717616.205114698] [data_collector]:   Min pedestrian dist:     0.223 m
[INFO] [1777717616.208093343] [data_collector]:   Mean angular accel:      0.2289 rad/s²
[INFO] [1777717616.208438497] [data_collector]: =======================================================
[INFO] [1777717616.208826878] [data_collector]: Saved to /home/dx/CPE631-Navigation-ROS2-main/dynamic_4groups_headless_10.csv
[INFO] [1777717616.209135940] [data_collector]: exit_after_result=True, shutting down.
[INFO] [1777717616.212803649] [data_collector]: SIGUSR1: experiment was not active, shutting down.
