[INFO] [1777713165.097150732] [data_collector]: DataCollector ready  mode=baseline  encounter=1.00m  personal=1.20m  intimate=0.45m
[INFO] [1777713165.097711580] [data_collector]: Results CSV: /home/dx/CPE631-Navigation-ROS2-main/dynamic_4groups_headless_10.csv

Commands: [s] start  [e] end  [1] social  [2] baseline  [3] dynamic  [q] quit
cmd> [INFO] [1777713170.425320553] [data_collector]: Started experiment [baseline]
[INFO] [1777713222.343832589] [data_collector]: SIGUSR1: 读取 result_file → 'succeeded'
[INFO] [1777713222.344480982] [data_collector]: =======================================================
[INFO] [1777713222.345289855] [data_collector]: Experiment #1 result: succeeded
[INFO] [1777713222.345728151] [data_collector]:   Mode:                    baseline
[INFO] [1777713222.345995187] [data_collector]:   Attempt:                 0
[INFO] [1777713222.346597917] [data_collector]:   Path length:             36.72 m
[INFO] [1777713222.346937686] [data_collector]:   Navigation time:         99.99 s
[INFO] [1777713222.347961407] [data_collector]:   Encounters (<1.0m):      0
[INFO] [1777713222.349630001] [data_collector]:   Personal violations (<1.20m): 0
[INFO] [1777713222.351602338] [data_collector]:   Intimate violations (<0.45m): 0
[INFO] [1777713222.352766469] [data_collector]:   Min pedestrian dist:     N/A
[INFO] [1777713222.353069240] [data_collector]:   Mean angular accel:      0.1612 rad/s²
[INFO] [1777713222.355264819] [data_collector]: =======================================================
[INFO] [1777713222.357280339] [data_collector]: Saved to /home/dx/CPE631-Navigation-ROS2-main/dynamic_4groups_headless_10.csv
[INFO] [1777713222.358555402] [data_collector]: exit_after_result=True, shutting down.
[INFO] [1777713222.362186126] [data_collector]: SIGUSR1: experiment was not active, shutting down.
