[INFO] [1777748247.126983530] [data_collector]: DataCollector ready  mode=social_smac  encounter=1.00m  personal=1.20m  intimate=0.45m
[INFO] [1777748247.127557105] [data_collector]: Results CSV: /home/dx/CPE631-Navigation-ROS2-main/social_4groups_headless_10.csv

Commands: [s] start  [e] end  [1] social  [2] baseline  [3] dynamic  [q] quit
cmd> [INFO] [1777748251.982553467] [data_collector]: Started experiment [social_smac]
[WARN] [1777748252.055364061] [data_collector]: Personal space violation (<1.20m) +1, total=1
[INFO] [1777748253.229957366] [data_collector]: Encounter (<1.0m) +1, total=1
[WARN] [1777748285.844501408] [data_collector]: Personal space violation (<1.20m) +1, total=2
[INFO] [1777748286.301231178] [data_collector]: Encounter (<1.0m) +1, total=2
[WARN] [1777748287.305809456] [data_collector]: Intimate space violation (<0.45m) +1, total=1
[WARN] [1777748365.922499007] [data_collector]: Personal space violation (<1.20m) +1, total=3
[INFO] [1777748398.814555775] [data_collector]: SIGUSR1: 读取 result_file → 'aborted'
[INFO] [1777748398.815449867] [data_collector]: =======================================================
[INFO] [1777748398.816477805] [data_collector]: Experiment #4 result: aborted
[INFO] [1777748398.816798843] [data_collector]:   Mode:                    social_smac
[INFO] [1777748398.817606464] [data_collector]:   Attempt:                 2
[INFO] [1777748398.818106398] [data_collector]:   Path length:             16.03 m
[INFO] [1777748398.819696631] [data_collector]:   Navigation time:         121.84 s
[INFO] [1777748398.820101110] [data_collector]:   Encounters (<1.0m):      2
[INFO] [1777748398.821191901] [data_collector]:   Personal violations (<1.20m): 3
[INFO] [1777748398.821828766] [data_collector]:   Intimate violations (<0.45m): 1
[INFO] [1777748398.823052561] [data_collector]:   Min pedestrian dist:     0.357 m
[INFO] [1777748398.823415609] [data_collector]:   Mean angular accel:      0.4100 rad/s²
[INFO] [1777748398.824480729] [data_collector]: =======================================================
[INFO] [1777748398.826382824] [data_collector]: Saved to /home/dx/CPE631-Navigation-ROS2-main/social_4groups_headless_10.csv
[INFO] [1777748398.827154774] [data_collector]: exit_after_result=True, shutting down.
[INFO] [1777748398.830612118] [data_collector]: SIGUSR1: experiment was not active, shutting down.
Traceback (most recent call last):
  File "/home/dx/CPE631-Navigation-ROS2-main/install/cpe631_ros2/lib/cpe631_ros2/data_collector", line 411, in <module>
    main()
  File "/home/dx/CPE631-Navigation-ROS2-main/install/cpe631_ros2/lib/cpe631_ros2/data_collector", line 391, in main
    rclpy.spin(node)
  File "/opt/ros/jazzy/lib/python3.12/site-packages/rclpy/__init__.py", line 247, in spin
    executor.spin_once()
  File "/opt/ros/jazzy/lib/python3.12/site-packages/rclpy/executors.py", line 926, in spin_once
    self._spin_once_impl(timeout_sec)
  File "/opt/ros/jazzy/lib/python3.12/site-packages/rclpy/executors.py", line 918, in _spin_once_impl
    raise handler.exception()
  File "/opt/ros/jazzy/lib/python3.12/site-packages/rclpy/task.py", line 286, in _execute_coroutine_step
    result = coro.send(None)
             ^^^^^^^^^^^^^^^
  File "/opt/ros/jazzy/lib/python3.12/site-packages/rclpy/executors.py", line 588, in handler
    gc.trigger()
  File "/opt/ros/jazzy/lib/python3.12/site-packages/rclpy/guard_condition.py", line 33, in trigger
    with self.__gc:
rclpy._rclpy_pybind11.InvalidHandle: cannot use Destroyable because destruction was requested
