[INFO] [1777757745.510049444] [data_collector]: DataCollector ready  mode=social_dstar_plus  encounter=1.00m  personal=1.20m  intimate=0.45m
[INFO] [1777757745.510990699] [data_collector]: Results CSV: /home/dx/CPE631-Navigation-ROS2-main/experiment_results_v3.csv

Commands: [s] start  [e] end  [1] social  [2] baseline  [3] dynamic  [q] quit
cmd> [INFO] [1777757750.496217915] [data_collector]: Started experiment [social_dstar_plus]
[WARN] [1777757751.038849067] [data_collector]: Personal space violation (<1.20m) +1, total=1
[INFO] [1777757752.896922468] [data_collector]: Encounter (<1.0m) +1, total=1
[WARN] [1777757763.823772947] [data_collector]: Personal space violation (<1.20m) +1, total=2
[WARN] [1777757782.306467773] [data_collector]: Personal space violation (<1.20m) +1, total=3
[WARN] [1777757788.984111822] [data_collector]: Personal space violation (<1.20m) +1, total=4
[INFO] [1777757789.105193851] [data_collector]: Encounter (<1.0m) +1, total=2
[WARN] [1777757789.815731754] [data_collector]: Intimate space violation (<0.45m) +1, total=1
[WARN] [1777757803.173326857] [data_collector]: Personal space violation (<1.20m) +1, total=5
[INFO] [1777757803.374144884] [data_collector]: Encounter (<1.0m) +1, total=3
[WARN] [1777757822.969301923] [data_collector]: Personal space violation (<1.20m) +1, total=6
[INFO] [1777757823.606289861] [data_collector]: Encounter (<1.0m) +1, total=4
[WARN] [1777757829.023985225] [data_collector]: Personal space violation (<1.20m) +1, total=7
[INFO] [1777757830.545556410] [data_collector]: Encounter (<1.0m) +1, total=5
[INFO] [1777757834.066112420] [data_collector]: Encounter (<1.0m) +1, total=6
[WARN] [1777757835.064513316] [data_collector]: Personal space violation (<1.20m) +1, total=8
[WARN] [1777757838.423536765] [data_collector]: Personal space violation (<1.20m) +1, total=9
[WARN] [1777757845.821885242] [data_collector]: Personal space violation (<1.20m) +1, total=10
[WARN] [1777757862.357856096] [data_collector]: Personal space violation (<1.20m) +1, total=11
[WARN] [1777757870.126396254] [data_collector]: Personal space violation (<1.20m) +1, total=12
[INFO] [1777757870.519927983] [data_collector]: Encounter (<1.0m) +1, total=7
[WARN] [1777757882.128879019] [data_collector]: Personal space violation (<1.20m) +1, total=13
[INFO] [1777757882.551297452] [data_collector]: Encounter (<1.0m) +1, total=8
[WARN] [1777757883.365742673] [data_collector]: Personal space violation (<1.20m) +1, total=14
[INFO] [1777757884.270917559] [data_collector]: SIGUSR1: 读取 result_file → 'succeeded'
[INFO] [1777757884.271462242] [data_collector]: =======================================================
[INFO] [1777757884.271713829] [data_collector]: Experiment #2 result: succeeded
[INFO] [1777757884.271925454] [data_collector]:   Mode:                    social_dstar_plus
[INFO] [1777757884.272151365] [data_collector]:   Attempt:                 0
[INFO] [1777757884.272377053] [data_collector]:   Path length:             36.48 m
[INFO] [1777757884.272595946] [data_collector]:   Navigation time:         96.22 s
[INFO] [1777757884.273973902] [data_collector]:   Encounters (<1.0m):      8
[INFO] [1777757884.274259694] [data_collector]:   Personal violations (<1.20m): 14
[INFO] [1777757884.274539509] [data_collector]:   Intimate violations (<0.45m): 1
[INFO] [1777757884.274799357] [data_collector]:   Min pedestrian dist:     0.062 m
[INFO] [1777757884.275056197] [data_collector]:   Mean angular accel:      0.2432 rad/s²
[INFO] [1777757884.275335297] [data_collector]: =======================================================
[INFO] [1777757884.276321812] [data_collector]: Saved to /home/dx/CPE631-Navigation-ROS2-main/experiment_results_v3.csv
[INFO] [1777757884.276648521] [data_collector]: exit_after_result=True, shutting down.
[INFO] [1777757884.279684425] [data_collector]: SIGUSR1: experiment was not active, shutting down.
