[INFO] [1777747194.878963246] [data_collector]: DataCollector ready  mode=social_smac  encounter=1.00m  personal=1.20m  intimate=0.45m
[INFO] [1777747194.879578105] [data_collector]: Results CSV: /home/dx/CPE631-Navigation-ROS2-main/social_4groups_headless_10.csv

Commands: [s] start  [e] end  [1] social  [2] baseline  [3] dynamic  [q] quit
cmd> [INFO] [1777747200.098443800] [data_collector]: Started experiment [social_smac]
[WARN] [1777747200.408889285] [data_collector]: Personal space violation (<1.20m) +1, total=1
[INFO] [1777747201.365050830] [data_collector]: Encounter (<1.0m) +1, total=1
[WARN] [1777747234.329147937] [data_collector]: Personal space violation (<1.20m) +1, total=2
[INFO] [1777747234.558494731] [data_collector]: Encounter (<1.0m) +1, total=2
[WARN] [1777747245.334871501] [data_collector]: Personal space violation (<1.20m) +1, total=3
[WARN] [1777747245.544788151] [data_collector]: Personal space violation (<1.20m) +1, total=4
[WARN] [1777747261.649228503] [data_collector]: Personal space violation (<1.20m) +1, total=5
[WARN] [1777747276.295851366] [data_collector]: Personal space violation (<1.20m) +1, total=6
[INFO] [1777747276.768405180] [data_collector]: Encounter (<1.0m) +1, total=3
[WARN] [1777747277.946082943] [data_collector]: Intimate space violation (<0.45m) +1, total=1
[WARN] [1777747278.299450973] [data_collector]: Personal space violation (<1.20m) +1, total=7
[WARN] [1777747286.205143675] [data_collector]: Personal space violation (<1.20m) +1, total=8
[INFO] [1777747286.536158327] [data_collector]: Encounter (<1.0m) +1, total=4
[WARN] [1777747301.170785435] [data_collector]: Personal space violation (<1.20m) +1, total=9
[WARN] [1777747356.839168966] [data_collector]: Personal space violation (<1.20m) +1, total=10
[INFO] [1777747357.174166887] [data_collector]: Encounter (<1.0m) +1, total=5
[WARN] [1777747366.843773496] [data_collector]: Personal space violation (<1.20m) +1, total=11
[INFO] [1777747367.423560549] [data_collector]: Encounter (<1.0m) +1, total=6
[INFO] [1777747367.751556674] [data_collector]: Encounter (<1.0m) +1, total=7
[WARN] [1777747369.301034386] [data_collector]: Intimate space violation (<0.45m) +1, total=2
[WARN] [1777747376.908448566] [data_collector]: Personal space violation (<1.20m) +1, total=12
[WARN] [1777747385.011238968] [data_collector]: Personal space violation (<1.20m) +1, total=13
[INFO] [1777747385.218261083] [data_collector]: Encounter (<1.0m) +1, total=8
[WARN] [1777747385.998647505] [data_collector]: Intimate space violation (<0.45m) +1, total=3
[WARN] [1777747397.846955645] [data_collector]: Personal space violation (<1.20m) +1, total=14
[WARN] [1777747402.234988582] [data_collector]: Personal space violation (<1.20m) +1, total=15
[INFO] [1777747402.462348521] [data_collector]: Encounter (<1.0m) +1, total=9
[WARN] [1777747403.303805922] [data_collector]: Intimate space violation (<0.45m) +1, total=4
[WARN] [1777747405.142776868] [data_collector]: Personal space violation (<1.20m) +1, total=16
[WARN] [1777747417.319311545] [data_collector]: Personal space violation (<1.20m) +1, total=17
[INFO] [1777747417.417571442] [data_collector]: Encounter (<1.0m) +1, total=10
[WARN] [1777747418.473278083] [data_collector]: Intimate space violation (<0.45m) +1, total=5
[WARN] [1777747424.774463686] [data_collector]: Personal space violation (<1.20m) +1, total=18
[WARN] [1777747432.403288655] [data_collector]: Personal space violation (<1.20m) +1, total=19
[WARN] [1777747433.362022734] [data_collector]: Personal space violation (<1.20m) +1, total=20
[INFO] [1777747433.572253872] [data_collector]: Encounter (<1.0m) +1, total=11
[WARN] [1777747434.243422416] [data_collector]: Intimate space violation (<0.45m) +1, total=6
[WARN] [1777747450.476901534] [data_collector]: Personal space violation (<1.20m) +1, total=21
[INFO] [1777747450.707153574] [data_collector]: Encounter (<1.0m) +1, total=12
[WARN] [1777747451.373856383] [data_collector]: Intimate space violation (<0.45m) +1, total=7
[WARN] [1777747453.481296085] [data_collector]: Personal space violation (<1.20m) +1, total=22
[WARN] [1777747461.014847200] [data_collector]: Personal space violation (<1.20m) +1, total=23
[WARN] [1777747466.215479633] [data_collector]: Personal space violation (<1.20m) +1, total=24
[INFO] [1777747466.413466641] [data_collector]: Encounter (<1.0m) +1, total=13
[WARN] [1777747466.938693564] [data_collector]: Intimate space violation (<0.45m) +1, total=8
[WARN] [1777747481.167528637] [data_collector]: Personal space violation (<1.20m) +1, total=25
[WARN] [1777747482.507608959] [data_collector]: Personal space violation (<1.20m) +1, total=26
[INFO] [1777747482.610084741] [data_collector]: Encounter (<1.0m) +1, total=14
[WARN] [1777747483.510127705] [data_collector]: Intimate space violation (<0.45m) +1, total=9
[WARN] [1777747488.357611817] [data_collector]: Personal space violation (<1.20m) +1, total=27
[WARN] [1777747498.673316255] [data_collector]: Personal space violation (<1.20m) +1, total=28
[INFO] [1777747498.867332182] [data_collector]: Encounter (<1.0m) +1, total=15
[WARN] [1777747500.173410595] [data_collector]: Intimate space violation (<0.45m) +1, total=10
[WARN] [1777747508.540790529] [data_collector]: Personal space violation (<1.20m) +1, total=29
[WARN] [1777747513.573593189] [data_collector]: Personal space violation (<1.20m) +1, total=30
[INFO] [1777747513.826221897] [data_collector]: Encounter (<1.0m) +1, total=16
[WARN] [1777747514.603876246] [data_collector]: Intimate space violation (<0.45m) +1, total=11
[WARN] [1777747529.207526671] [data_collector]: Personal space violation (<1.20m) +1, total=31
[INFO] [1777747529.425397554] [data_collector]: Encounter (<1.0m) +1, total=17
[WARN] [1777747530.617422806] [data_collector]: Intimate space violation (<0.45m) +1, total=12
[WARN] [1777747545.134847207] [data_collector]: Personal space violation (<1.20m) +1, total=32
[INFO] [1777747545.329361275] [data_collector]: Encounter (<1.0m) +1, total=18
[WARN] [1777747546.402545220] [data_collector]: Intimate space violation (<0.45m) +1, total=13
[WARN] [1777747560.007997976] [data_collector]: Personal space violation (<1.20m) +1, total=33
[INFO] [1777747560.539225776] [data_collector]: Encounter (<1.0m) +1, total=19
[WARN] [1777747561.559678439] [data_collector]: Intimate space violation (<0.45m) +1, total=14
[WARN] [1777747576.794471747] [data_collector]: Personal space violation (<1.20m) +1, total=34
[INFO] [1777747576.980480219] [data_collector]: Encounter (<1.0m) +1, total=20
[WARN] [1777747577.810608400] [data_collector]: Intimate space violation (<0.45m) +1, total=15
[WARN] [1777747591.983521080] [data_collector]: Personal space violation (<1.20m) +1, total=35
[INFO] [1777747592.140763161] [data_collector]: Encounter (<1.0m) +1, total=21
[WARN] [1777747592.877184370] [data_collector]: Intimate space violation (<0.45m) +1, total=16
[WARN] [1777747607.150958535] [data_collector]: Personal space violation (<1.20m) +1, total=36
[INFO] [1777747607.348247244] [data_collector]: Encounter (<1.0m) +1, total=22
[WARN] [1777747608.275386229] [data_collector]: Intimate space violation (<0.45m) +1, total=17
[WARN] [1777747621.806632647] [data_collector]: Personal space violation (<1.20m) +1, total=37
[INFO] [1777747622.146454724] [data_collector]: Encounter (<1.0m) +1, total=23
[WARN] [1777747623.471004590] [data_collector]: Intimate space violation (<0.45m) +1, total=18
[WARN] [1777747638.406764935] [data_collector]: Personal space violation (<1.20m) +1, total=38
[INFO] [1777747638.631155760] [data_collector]: Encounter (<1.0m) +1, total=24
[WARN] [1777747639.644058125] [data_collector]: Intimate space violation (<0.45m) +1, total=19
[WARN] [1777747654.083814599] [data_collector]: Personal space violation (<1.20m) +1, total=39
[INFO] [1777747654.164533782] [data_collector]: Encounter (<1.0m) +1, total=25
[WARN] [1777747655.386635510] [data_collector]: Intimate space violation (<0.45m) +1, total=20
[WARN] [1777747669.557305138] [data_collector]: Personal space violation (<1.20m) +1, total=40
[INFO] [1777747669.765438448] [data_collector]: Encounter (<1.0m) +1, total=26
[WARN] [1777747670.955771471] [data_collector]: Intimate space violation (<0.45m) +1, total=21
[WARN] [1777747685.825355788] [data_collector]: Personal space violation (<1.20m) +1, total=41
[INFO] [1777747686.213974169] [data_collector]: Encounter (<1.0m) +1, total=27
[WARN] [1777747687.223215392] [data_collector]: Intimate space violation (<0.45m) +1, total=22
[WARN] [1777747700.904550775] [data_collector]: Personal space violation (<1.20m) +1, total=42
[INFO] [1777747701.225443607] [data_collector]: Encounter (<1.0m) +1, total=28
[WARN] [1777747702.270846904] [data_collector]: Intimate space violation (<0.45m) +1, total=23
[WARN] [1777747715.667804908] [data_collector]: Personal space violation (<1.20m) +1, total=43
[INFO] [1777747715.754024250] [data_collector]: Encounter (<1.0m) +1, total=29
[WARN] [1777747716.992019902] [data_collector]: Intimate space violation (<0.45m) +1, total=24
[WARN] [1777747731.324533941] [data_collector]: Personal space violation (<1.20m) +1, total=44
[INFO] [1777747731.656638499] [data_collector]: Encounter (<1.0m) +1, total=30
[WARN] [1777747732.481825931] [data_collector]: Intimate space violation (<0.45m) +1, total=25
[WARN] [1777747747.660352200] [data_collector]: Personal space violation (<1.20m) +1, total=45
[INFO] [1777747748.043789033] [data_collector]: Encounter (<1.0m) +1, total=31
[WARN] [1777747748.926614921] [data_collector]: Intimate space violation (<0.45m) +1, total=26
[WARN] [1777747749.421831277] [data_collector]: Personal space violation (<1.20m) +1, total=46
[WARN] [1777747756.117206717] [data_collector]: Personal space violation (<1.20m) +1, total=47
[INFO] [1777747759.912784502] [data_collector]: SIGUSR1: 读取 result_file → 'timeout'
[INFO] [1777747759.914403513] [data_collector]: =======================================================
[INFO] [1777747759.914752424] [data_collector]: Experiment #3 result: timeout
[INFO] [1777747759.918702060] [data_collector]:   Mode:                    social_smac
[INFO] [1777747759.919492867] [data_collector]:   Attempt:                 1
[INFO] [1777747759.921735021] [data_collector]:   Path length:             41.03 m
[INFO] [1777747759.923092047] [data_collector]:   Navigation time:         450.38 s
[INFO] [1777747759.924541802] [data_collector]:   Encounters (<1.0m):      31
[INFO] [1777747759.924931112] [data_collector]:   Personal violations (<1.20m): 47
[INFO] [1777747759.925356226] [data_collector]:   Intimate violations (<0.45m): 26
[INFO] [1777747759.925819886] [data_collector]:   Min pedestrian dist:     0.023 m
[INFO] [1777747759.927572838] [data_collector]:   Mean angular accel:      0.2518 rad/s²
[INFO] [1777747759.929438997] [data_collector]: =======================================================
[INFO] [1777747759.930263206] [data_collector]: Saved to /home/dx/CPE631-Navigation-ROS2-main/social_4groups_headless_10.csv
[INFO] [1777747759.930709922] [data_collector]: exit_after_result=True, shutting down.
[INFO] [1777747759.933531954] [data_collector]: SIGUSR1: experiment was not active, shutting down.
Traceback (most recent call last):
  File "/home/dx/CPE631-Navigation-ROS2-main/install/cpe631_ros2/lib/cpe631_ros2/data_collector", line 411, in <module>
    main()
  File "/home/dx/CPE631-Navigation-ROS2-main/install/cpe631_ros2/lib/cpe631_ros2/data_collector", line 391, in main
    rclpy.spin(node)
  File "/opt/ros/jazzy/lib/python3.12/site-packages/rclpy/__init__.py", line 247, in spin
    executor.spin_once()
  File "/opt/ros/jazzy/lib/python3.12/site-packages/rclpy/executors.py", line 926, in spin_once
    self._spin_once_impl(timeout_sec)
  File "/opt/ros/jazzy/lib/python3.12/site-packages/rclpy/executors.py", line 907, in _spin_once_impl
    handler, entity, node = self.wait_for_ready_callbacks(
                            ^^^^^^^^^^^^^^^^^^^^^^^^^^^^^^
  File "/opt/ros/jazzy/lib/python3.12/site-packages/rclpy/executors.py", line 877, in wait_for_ready_callbacks
    return next(self._cb_iter)
           ^^^^^^^^^^^^^^^^^^^
  File "/opt/ros/jazzy/lib/python3.12/site-packages/rclpy/executors.py", line 740, in _wait_for_ready_callbacks
    context_stack.enter_context(gc.handle)
                                ^^^^^^^^^
AttributeError: 'NoneType' object has no attribute 'handle'
