[INFO] [1777742977.352586773] [data_collector]: DataCollector ready  mode=social  encounter=1.00m  personal=1.20m  intimate=0.45m
[INFO] [1777742977.353097037] [data_collector]: Results CSV: /home/dx/CPE631-Navigation-ROS2-main/social_4groups_headless_10.csv

Commands: [s] start  [e] end  [1] social  [2] baseline  [3] dynamic  [q] quit
cmd> [INFO] [1777742982.511746660] [data_collector]: Started experiment [social]
[WARN] [1777742982.546079807] [data_collector]: Personal space violation (<1.20m) +1, total=1
[INFO] [1777742983.105443411] [data_collector]: Encounter (<1.0m) +1, total=1
[WARN] [1777743011.167386775] [data_collector]: Personal space violation (<1.20m) +1, total=2
[INFO] [1777743011.352841964] [data_collector]: Encounter (<1.0m) +1, total=2
[WARN] [1777743019.116092903] [data_collector]: Personal space violation (<1.20m) +1, total=3
[INFO] [1777743019.326433314] [data_collector]: Encounter (<1.0m) +1, total=3
[WARN] [1777743020.216570840] [data_collector]: Intimate space violation (<0.45m) +1, total=1
[WARN] [1777743024.589650238] [data_collector]: Personal space violation (<1.20m) +1, total=4
[INFO] [1777743024.803730367] [data_collector]: Encounter (<1.0m) +1, total=4
[INFO] [1777743025.052640700] [data_collector]: Encounter (<1.0m) +1, total=5
[WARN] [1777743036.171396769] [data_collector]: Personal space violation (<1.20m) +1, total=5
[INFO] [1777743036.356904895] [data_collector]: Encounter (<1.0m) +1, total=6
[WARN] [1777743037.189769594] [data_collector]: Intimate space violation (<0.45m) +1, total=2
[WARN] [1777743050.221582142] [data_collector]: Personal space violation (<1.20m) +1, total=6
[INFO] [1777743050.524426532] [data_collector]: Encounter (<1.0m) +1, total=7
[WARN] [1777743051.491567286] [data_collector]: Intimate space violation (<0.45m) +1, total=3
[WARN] [1777743056.062832162] [data_collector]: Personal space violation (<1.20m) +1, total=7
[INFO] [1777743056.965412868] [data_collector]: Encounter (<1.0m) +1, total=8
[WARN] [1777743058.504830407] [data_collector]: Intimate space violation (<0.45m) +1, total=4
[INFO] [1777743061.861831202] [data_collector]: Encounter (<1.0m) +1, total=9
[INFO] [1777743064.327742564] [data_collector]: Encounter (<1.0m) +1, total=10
[WARN] [1777743077.291396389] [data_collector]: Personal space violation (<1.20m) +1, total=8
[INFO] [1777743095.408560181] [data_collector]: SIGUSR1: 读取 result_file → 'succeeded'
[INFO] [1777743095.409896540] [data_collector]: =======================================================
[INFO] [1777743095.411689300] [data_collector]: Experiment #9 result: succeeded
[INFO] [1777743095.412046723] [data_collector]:   Mode:                    social
[INFO] [1777743095.412844634] [data_collector]:   Attempt:                 1
[INFO] [1777743095.413815742] [data_collector]:   Path length:             36.66 m
[INFO] [1777743095.414515167] [data_collector]:   Navigation time:         102.55 s
[INFO] [1777743095.415403654] [data_collector]:   Encounters (<1.0m):      10
[INFO] [1777743095.416967134] [data_collector]:   Personal violations (<1.20m): 8
[INFO] [1777743095.417472102] [data_collector]:   Intimate violations (<0.45m): 4
[INFO] [1777743095.418390551] [data_collector]:   Min pedestrian dist:     0.014 m
[INFO] [1777743095.418748802] [data_collector]:   Mean angular accel:      0.2278 rad/s²
[INFO] [1777743095.419787534] [data_collector]: =======================================================
[INFO] [1777743095.420858630] [data_collector]: Saved to /home/dx/CPE631-Navigation-ROS2-main/social_4groups_headless_10.csv
[INFO] [1777743095.421413333] [data_collector]: exit_after_result=True, shutting down.
[INFO] [1777743095.422256186] [data_collector]: SIGUSR1: experiment was not active, shutting down.
