[INFO] [1777721283.624446557] [data_collector]: DataCollector ready  mode=dynamic_dstar  encounter=1.00m  personal=1.20m  intimate=0.45m
[INFO] [1777721283.624967260] [data_collector]: Results CSV: /home/dx/CPE631-Navigation-ROS2-main/dynamic_4groups_headless_10.csv

Commands: [s] start  [e] end  [1] social  [2] baseline  [3] dynamic  [q] quit
cmd> [INFO] [1777721288.823414821] [data_collector]: Started experiment [dynamic_dstar]
[WARN] [1777721288.829941279] [data_collector]: Personal space violation (<1.20m) +1, total=1
[WARN] [1777721314.479047074] [data_collector]: Personal space violation (<1.20m) +1, total=2
[INFO] [1777721314.644835006] [data_collector]: Encounter (<1.0m) +1, total=1
[WARN] [1777721315.333069107] [data_collector]: Intimate space violation (<0.45m) +1, total=1
[WARN] [1777721324.636207573] [data_collector]: Personal space violation (<1.20m) +1, total=3
[INFO] [1777721324.808736801] [data_collector]: Encounter (<1.0m) +1, total=2
[WARN] [1777721337.996288893] [data_collector]: Personal space violation (<1.20m) +1, total=4
[INFO] [1777721338.501356138] [data_collector]: Encounter (<1.0m) +1, total=3
[WARN] [1777721346.116005756] [data_collector]: Personal space violation (<1.20m) +1, total=5
[INFO] [1777721346.529451128] [data_collector]: Encounter (<1.0m) +1, total=4
[WARN] [1777721347.159770837] [data_collector]: Intimate space violation (<0.45m) +1, total=2
[WARN] [1777721348.776459300] [data_collector]: Personal space violation (<1.20m) +1, total=6
[WARN] [1777721354.381137764] [data_collector]: Personal space violation (<1.20m) +1, total=7
[INFO] [1777721354.595804731] [data_collector]: Encounter (<1.0m) +1, total=5
[WARN] [1777721355.506810786] [data_collector]: Intimate space violation (<0.45m) +1, total=3
[WARN] [1777721371.959633328] [data_collector]: Personal space violation (<1.20m) +1, total=8
[INFO] [1777721372.424244186] [data_collector]: Encounter (<1.0m) +1, total=6
[INFO] [1777721376.665331938] [data_collector]: SIGUSR1: 读取 result_file → 'aborted'
[INFO] [1777721376.666325644] [data_collector]: =======================================================
[INFO] [1777721376.666596592] [data_collector]: Experiment #4 result: aborted
[INFO] [1777721376.666851553] [data_collector]:   Mode:                    dynamic_dstar
[INFO] [1777721376.667069311] [data_collector]:   Attempt:                 0
[INFO] [1777721376.667314853] [data_collector]:   Path length:             32.95 m
[INFO] [1777721376.667541171] [data_collector]:   Navigation time:         87.97 s
[INFO] [1777721376.667777378] [data_collector]:   Encounters (<1.0m):      6
[INFO] [1777721376.668032759] [data_collector]:   Personal violations (<1.20m): 8
[INFO] [1777721376.668423541] [data_collector]:   Intimate violations (<0.45m): 3
[INFO] [1777721376.669275990] [data_collector]:   Min pedestrian dist:     0.124 m
[INFO] [1777721376.669590133] [data_collector]:   Mean angular accel:      0.1743 rad/s²
[INFO] [1777721376.669844790] [data_collector]: =======================================================
[INFO] [1777721376.670211044] [data_collector]: Saved to /home/dx/CPE631-Navigation-ROS2-main/dynamic_4groups_headless_10.csv
[INFO] [1777721376.671119834] [data_collector]: exit_after_result=True, shutting down.
[INFO] [1777721376.673552909] [data_collector]: SIGUSR1: experiment was not active, shutting down.
