[INFO] [1777759730.820846700] [data_collector]: DataCollector ready  mode=social_dstar_plus  encounter=1.00m  personal=1.20m  intimate=0.45m
[INFO] [1777759730.821332890] [data_collector]: Results CSV: /home/dx/CPE631-Navigation-ROS2-main/experiment_results_v3.csv

Commands: [s] start  [e] end  [1] social  [2] baseline  [3] dynamic  [q] quit
cmd> [INFO] [1777759735.989538611] [data_collector]: Started experiment [social_dstar_plus]
[WARN] [1777759736.063927958] [data_collector]: Personal space violation (<1.20m) +1, total=1
[INFO] [1777759736.501959030] [data_collector]: Encounter (<1.0m) +1, total=1
[WARN] [1777759767.044807996] [data_collector]: Personal space violation (<1.20m) +1, total=2
[INFO] [1777759767.175381795] [data_collector]: Encounter (<1.0m) +1, total=2
[WARN] [1777759767.971932801] [data_collector]: Intimate space violation (<0.45m) +1, total=1
[WARN] [1777759779.011213829] [data_collector]: Personal space violation (<1.20m) +1, total=3
[INFO] [1777759779.244455883] [data_collector]: Encounter (<1.0m) +1, total=3
[WARN] [1777759795.074519254] [data_collector]: Personal space violation (<1.20m) +1, total=4
[INFO] [1777759795.745470251] [data_collector]: Encounter (<1.0m) +1, total=4
[WARN] [1777759805.055218127] [data_collector]: Personal space violation (<1.20m) +1, total=5
[INFO] [1777759805.380995845] [data_collector]: Encounter (<1.0m) +1, total=5
[WARN] [1777759806.181304607] [data_collector]: Intimate space violation (<0.45m) +1, total=2
[WARN] [1777759808.051448427] [data_collector]: Personal space violation (<1.20m) +1, total=6
[WARN] [1777759815.162766503] [data_collector]: Personal space violation (<1.20m) +1, total=7
[WARN] [1777759822.524771569] [data_collector]: Personal space violation (<1.20m) +1, total=8
[WARN] [1777759822.834966477] [data_collector]: Personal space violation (<1.20m) +1, total=9
[INFO] [1777759823.300669185] [data_collector]: Encounter (<1.0m) +1, total=6
[INFO] [1777759824.699767023] [data_collector]: Encounter (<1.0m) +1, total=7
[WARN] [1777759824.700050551] [data_collector]: Personal space violation (<1.20m) +1, total=10
[INFO] [1777759870.599377812] [data_collector]: SIGUSR1: 读取 result_file → 'succeeded'
[INFO] [1777759870.599730260] [data_collector]: =======================================================
[INFO] [1777759870.599999609] [data_collector]: Experiment #12 result: succeeded
[INFO] [1777759870.600207590] [data_collector]:   Mode:                    social_dstar_plus
[INFO] [1777759870.600500639] [data_collector]:   Attempt:                 0
[INFO] [1777759870.600830789] [data_collector]:   Path length:             41.73 m
[INFO] [1777759870.601076396] [data_collector]:   Navigation time:         114.55 s
[INFO] [1777759870.601323093] [data_collector]:   Encounters (<1.0m):      7
[INFO] [1777759870.601572514] [data_collector]:   Personal violations (<1.20m): 10
[INFO] [1777759870.605003187] [data_collector]:   Intimate violations (<0.45m): 2
[INFO] [1777759870.607472531] [data_collector]:   Min pedestrian dist:     0.042 m
[INFO] [1777759870.607867197] [data_collector]:   Mean angular accel:      0.2194 rad/s²
[INFO] [1777759870.608148185] [data_collector]: =======================================================
[INFO] [1777759870.608536473] [data_collector]: Saved to /home/dx/CPE631-Navigation-ROS2-main/experiment_results_v3.csv
[INFO] [1777759870.612803527] [data_collector]: exit_after_result=True, shutting down.
[INFO] [1777759870.615407857] [data_collector]: SIGUSR1: experiment was not active, shutting down.
