[INFO] [1777745307.900324477] [data_collector]: DataCollector ready  mode=social_astar  encounter=1.00m  personal=1.20m  intimate=0.45m
[INFO] [1777745307.901055848] [data_collector]: Results CSV: /home/dx/CPE631-Navigation-ROS2-main/social_4groups_headless_10.csv

Commands: [s] start  [e] end  [1] social  [2] baseline  [3] dynamic  [q] quit
cmd> [INFO] [1777745313.075867366] [data_collector]: Started experiment [social_astar]
[WARN] [1777745313.111905813] [data_collector]: Personal space violation (<1.20m) +1, total=1
[INFO] [1777745313.218264077] [data_collector]: Encounter (<1.0m) +1, total=1
[WARN] [1777745343.084841061] [data_collector]: Personal space violation (<1.20m) +1, total=2
[INFO] [1777745343.734402706] [data_collector]: Encounter (<1.0m) +1, total=2
[WARN] [1777745350.751023869] [data_collector]: Personal space violation (<1.20m) +1, total=3
[INFO] [1777745351.146930884] [data_collector]: Encounter (<1.0m) +1, total=3
[WARN] [1777745351.961867246] [data_collector]: Intimate space violation (<0.45m) +1, total=1
[WARN] [1777745356.968302580] [data_collector]: Personal space violation (<1.20m) +1, total=4
[INFO] [1777745357.242070158] [data_collector]: Encounter (<1.0m) +1, total=4
[WARN] [1777745358.173532780] [data_collector]: Intimate space violation (<0.45m) +1, total=2
[WARN] [1777745365.052818730] [data_collector]: Personal space violation (<1.20m) +1, total=5
[INFO] [1777745365.242099859] [data_collector]: Encounter (<1.0m) +1, total=5
[WARN] [1777745366.064030841] [data_collector]: Intimate space violation (<0.45m) +1, total=3
[WARN] [1777745372.744817013] [data_collector]: Personal space violation (<1.20m) +1, total=6
[INFO] [1777745372.958828233] [data_collector]: Encounter (<1.0m) +1, total=6
[WARN] [1777745373.814608173] [data_collector]: Intimate space violation (<0.45m) +1, total=4
[WARN] [1777745384.233106910] [data_collector]: Personal space violation (<1.20m) +1, total=7
[INFO] [1777745384.533862780] [data_collector]: Encounter (<1.0m) +1, total=7
[WARN] [1777745392.537054170] [data_collector]: Personal space violation (<1.20m) +1, total=8
[INFO] [1777745393.118370903] [data_collector]: Encounter (<1.0m) +1, total=8
[WARN] [1777745404.894397228] [data_collector]: Personal space violation (<1.20m) +1, total=9
[INFO] [1777745406.155567313] [data_collector]: Encounter (<1.0m) +1, total=9
[INFO] [1777745410.510092052] [data_collector]: Encounter (<1.0m) +1, total=10
[WARN] [1777745412.664118141] [data_collector]: Intimate space violation (<0.45m) +1, total=5
[WARN] [1777745429.619634733] [data_collector]: Personal space violation (<1.20m) +1, total=10
[WARN] [1777745430.596041747] [data_collector]: Personal space violation (<1.20m) +1, total=11
[WARN] [1777745430.892803695] [data_collector]: Personal space violation (<1.20m) +1, total=12
[WARN] [1777745433.224400026] [data_collector]: Personal space violation (<1.20m) +1, total=13
[INFO] [1777745433.896491020] [data_collector]: Encounter (<1.0m) +1, total=11
[WARN] [1777745450.476842248] [data_collector]: Personal space violation (<1.20m) +1, total=14
[INFO] [1777745450.900269138] [data_collector]: Encounter (<1.0m) +1, total=12
[INFO] [1777745455.681459339] [data_collector]: SIGUSR1: 读取 result_file → 'succeeded'
[INFO] [1777745455.683688911] [data_collector]: =======================================================
[INFO] [1777745455.684975669] [data_collector]: Experiment #7 result: succeeded
[INFO] [1777745455.686114289] [data_collector]:   Mode:                    social_astar
[INFO] [1777745455.687290047] [data_collector]:   Attempt:                 0
[INFO] [1777745455.687605527] [data_collector]:   Path length:             36.28 m
[INFO] [1777745455.688200413] [data_collector]:   Navigation time:         123.07 s
[INFO] [1777745455.688614564] [data_collector]:   Encounters (<1.0m):      12
[INFO] [1777745455.689007104] [data_collector]:   Personal violations (<1.20m): 14
[INFO] [1777745455.689326848] [data_collector]:   Intimate violations (<0.45m): 5
[INFO] [1777745455.689659700] [data_collector]:   Min pedestrian dist:     0.264 m
[INFO] [1777745455.690005649] [data_collector]:   Mean angular accel:      0.2217 rad/s²
[INFO] [1777745455.690375746] [data_collector]: =======================================================
[INFO] [1777745455.690877238] [data_collector]: Saved to /home/dx/CPE631-Navigation-ROS2-main/social_4groups_headless_10.csv
[INFO] [1777745455.691332416] [data_collector]: exit_after_result=True, shutting down.
[INFO] [1777745455.695937529] [data_collector]: SIGUSR1: experiment was not active, shutting down.
