[INFO] [1777758440.087407987] [data_collector]: DataCollector ready  mode=social_dstar_plus  encounter=1.00m  personal=1.20m  intimate=0.45m
[INFO] [1777758440.088909172] [data_collector]: Results CSV: /home/dx/CPE631-Navigation-ROS2-main/experiment_results_v3.csv

Commands: [s] start  [e] end  [1] social  [2] baseline  [3] dynamic  [q] quit
cmd> [INFO] [1777758445.174431052] [data_collector]: Started experiment [social_dstar_plus]
[WARN] [1777758445.339487193] [data_collector]: Personal space violation (<1.20m) +1, total=1
[INFO] [1777758446.665003826] [data_collector]: Encounter (<1.0m) +1, total=1
[WARN] [1777758477.957231496] [data_collector]: Personal space violation (<1.20m) +1, total=2
[INFO] [1777758478.091408265] [data_collector]: Encounter (<1.0m) +1, total=2
[WARN] [1777758479.068110619] [data_collector]: Intimate space violation (<0.45m) +1, total=1
[WARN] [1777758490.148626346] [data_collector]: Personal space violation (<1.20m) +1, total=3
[INFO] [1777758490.370697302] [data_collector]: Encounter (<1.0m) +1, total=3
[WARN] [1777758507.370518701] [data_collector]: Personal space violation (<1.20m) +1, total=4
[INFO] [1777758507.656506783] [data_collector]: Encounter (<1.0m) +1, total=4
[WARN] [1777758512.048229382] [data_collector]: Personal space violation (<1.20m) +1, total=5
[WARN] [1777758512.230582323] [data_collector]: Personal space violation (<1.20m) +1, total=6
[WARN] [1777758516.933910586] [data_collector]: Personal space violation (<1.20m) +1, total=7
[INFO] [1777758517.445317743] [data_collector]: Encounter (<1.0m) +1, total=5
[WARN] [1777758518.580317660] [data_collector]: Intimate space violation (<0.45m) +1, total=2
[WARN] [1777758520.460504284] [data_collector]: Personal space violation (<1.20m) +1, total=8
[WARN] [1777758526.716362174] [data_collector]: Personal space violation (<1.20m) +1, total=9
[INFO] [1777758527.002597819] [data_collector]: Encounter (<1.0m) +1, total=6
[WARN] [1777758540.935248532] [data_collector]: Personal space violation (<1.20m) +1, total=10
[WARN] [1777758559.448815240] [data_collector]: Personal space violation (<1.20m) +1, total=11
[INFO] [1777758560.450414902] [data_collector]: Encounter (<1.0m) +1, total=7
[INFO] [1777758573.969238999] [data_collector]: SIGUSR1: 读取 result_file → 'succeeded'
[INFO] [1777758573.969537045] [data_collector]: =======================================================
[INFO] [1777758573.969782591] [data_collector]: Experiment #4 result: succeeded
[INFO] [1777758573.970160196] [data_collector]:   Mode:                    social_dstar_plus
[INFO] [1777758573.970429650] [data_collector]:   Attempt:                 0
[INFO] [1777758573.970685757] [data_collector]:   Path length:             36.48 m
[INFO] [1777758573.970970682] [data_collector]:   Navigation time:         104.87 s
[INFO] [1777758573.971216340] [data_collector]:   Encounters (<1.0m):      7
[INFO] [1777758573.972066034] [data_collector]:   Personal violations (<1.20m): 11
[INFO] [1777758573.972694496] [data_collector]:   Intimate violations (<0.45m): 2
[INFO] [1777758573.972971766] [data_collector]:   Min pedestrian dist:     0.168 m
[INFO] [1777758573.973288862] [data_collector]:   Mean angular accel:      0.2214 rad/s²
[INFO] [1777758573.973579778] [data_collector]: =======================================================
[INFO] [1777758573.973957588] [data_collector]: Saved to /home/dx/CPE631-Navigation-ROS2-main/experiment_results_v3.csv
[INFO] [1777758573.974645604] [data_collector]: exit_after_result=True, shutting down.
[INFO] [1777758573.978732278] [data_collector]: SIGUSR1: experiment was not active, shutting down.
