[INFO] [1777747197.090146509] [goal_sender]: GoalSender ready: 5 goals, action=navigate_to_pose, topic=/experiment_goal_pose
[INFO] [1777747200.096683120] [goal_sender]: Nav2 action server ready. Starting route.
[INFO] [1777747200.098622628] [goal_sender]: Sent route goal 1/5: x=0.50, y=-6.50, yaw=2.08
[INFO] [1777747200.100824899] [goal_sender]: Goal 1/5 accepted
[INFO] [1777747224.352873974] [goal_sender]: Reached route goal 1/5 [SUCCEEDED]
[INFO] [1777747224.963168794] [goal_sender]: Sent route goal 2/5: x=-3.50, y=0.00, yaw=0.89
[INFO] [1777747224.967250645] [goal_sender]: Goal 2/5 accepted
[INFO] [1777747257.230528028] [goal_sender]: Reached route goal 2/5 [SUCCEEDED]
[INFO] [1777747257.845703599] [goal_sender]: Sent route goal 3/5: x=2.50, y=6.00, yaw=-2.75
[INFO] [1777747257.848363180] [goal_sender]: Goal 3/5 accepted
[INFO] [1777747284.304385773] [goal_sender]: Reached route goal 3/5 [SUCCEEDED]
[INFO] [1777747284.783282018] [goal_sender]: Sent route goal 4/5: x=-2.00, y=2.10, yaw=-1.10
[INFO] [1777747284.785830489] [goal_sender]: Goal 4/5 accepted
[INFO] [1777747303.833497835] [goal_sender]: Reached route goal 4/5 [SUCCEEDED]
[INFO] [1777747304.605961387] [goal_sender]: Sent route goal 5/5: x=2.00, y=-4.00, yaw=-2.16
[INFO] [1777747304.607340065] [goal_sender]: Goal 5/5 accepted
[ERROR] [1777747759.591712023] [goal_sender]: Experiment sim-time timeout (450.0s) reached!
[ERROR] [1777747759.592088674] [goal_sender]: Route timeout at goal 5/5. Completed 4/5 goals.
[INFO] [1777747759.595353192] [goal_sender]: Nav2 goal cancel request acknowledged.
[ros2run]: Process exited with failure 4
