[INFO] [1777751742.221932432] [goal_sender]: GoalSender ready: 5 goals, action=navigate_to_pose, topic=/experiment_goal_pose
[INFO] [1777751745.222791800] [goal_sender]: Nav2 action server ready. Starting route.
[INFO] [1777751745.223386374] [goal_sender]: Sent route goal 1/5: x=0.50, y=-6.50, yaw=2.08
[INFO] [1777751745.225241443] [goal_sender]: Goal 1/5 accepted
[INFO] [1777751764.695975075] [goal_sender]: Reached route goal 1/5 [SUCCEEDED]
[INFO] [1777751765.143450222] [goal_sender]: Sent route goal 2/5: x=-3.50, y=0.00, yaw=0.89
[INFO] [1777751765.144673616] [goal_sender]: Goal 2/5 accepted
[INFO] [1777751789.927838941] [goal_sender]: Reached route goal 2/5 [SUCCEEDED]
[INFO] [1777751790.492276771] [goal_sender]: Sent route goal 3/5: x=2.50, y=6.00, yaw=-2.75
[INFO] [1777751790.495873354] [goal_sender]: Goal 3/5 accepted
[INFO] [1777751837.902113367] [goal_sender]: Reached route goal 3/5 [SUCCEEDED]
[INFO] [1777751838.413420741] [goal_sender]: Sent route goal 4/5: x=-2.00, y=2.10, yaw=-1.10
[INFO] [1777751838.415143172] [goal_sender]: Goal 4/5 accepted
[INFO] [1777751977.495448691] [goal_sender]: Reached route goal 4/5 [SUCCEEDED]
[INFO] [1777751977.961888133] [goal_sender]: Sent route goal 5/5: x=2.00, y=-4.00, yaw=-2.16
[INFO] [1777751977.964692908] [goal_sender]: Goal 5/5 accepted
[ERROR] [1777752205.722571541] [goal_sender]: Experiment sim-time timeout (450.0s) reached!
[ERROR] [1777752205.724207981] [goal_sender]: Route timeout at goal 5/5. Completed 4/5 goals.
[INFO] [1777752205.727366306] [goal_sender]: Nav2 goal cancel request acknowledged.
[ros2run]: Process exited with failure 4
