[INFO] [1777757042.396310611] [goal_sender]: GoalSender ready: 5 goals, action=navigate_to_pose, topic=/experiment_goal_pose
[INFO] [1777757045.397911285] [goal_sender]: Nav2 action server ready. Starting route.
[INFO] [1777757045.398357756] [goal_sender]: Sent route goal 1/5: x=0.50, y=-6.50, yaw=2.08
[INFO] [1777757045.401558384] [goal_sender]: Goal 1/5 accepted
[INFO] [1777757077.131528963] [goal_sender]: Reached route goal 1/5 [SUCCEEDED]
[INFO] [1777757077.874447672] [goal_sender]: Sent route goal 2/5: x=-3.50, y=0.00, yaw=0.89
[INFO] [1777757077.880538586] [goal_sender]: Goal 2/5 accepted
[INFO] [1777757106.729707931] [goal_sender]: Reached route goal 2/5 [SUCCEEDED]
[INFO] [1777757107.442077915] [goal_sender]: Sent route goal 3/5: x=2.50, y=6.00, yaw=-2.75
[INFO] [1777757107.443342969] [goal_sender]: Goal 3/5 accepted
[INFO] [1777757242.046600789] [goal_sender]: Reached route goal 3/5 [SUCCEEDED]
[INFO] [1777757242.775568381] [goal_sender]: Sent route goal 4/5: x=-2.00, y=2.10, yaw=-1.10
[INFO] [1777757242.777298034] [goal_sender]: Goal 4/5 accepted
[INFO] [1777757664.870238575] [goal_sender]: Reached route goal 4/5 [SUCCEEDED]
[INFO] [1777757665.511146644] [goal_sender]: Sent route goal 5/5: x=2.00, y=-4.00, yaw=-2.16
[INFO] [1777757665.514102526] [goal_sender]: Goal 5/5 accepted
[ERROR] [1777757691.397111063] [goal_sender]: Experiment sim-time timeout (450.0s) reached!
[ERROR] [1777757691.398889896] [goal_sender]: Route timeout at goal 5/5. Completed 4/5 goals.
[INFO] [1777757691.401642702] [goal_sender]: Nav2 goal cancel request acknowledged.
[ros2run]: Process exited with failure 4
