[0.098s] DEBUG:colcon:Command line arguments: ['/usr/bin/colcon', 'build', '--packages-select', 'cpe631_ros2']
[0.098s] DEBUG:colcon:Parsed command line arguments: Namespace(log_base=None, log_level=None, verb_name='build', build_base='build', install_base='install', merge_install=False, symlink_install=False, test_result_base=None, continue_on_error=False, executor='parallel', parallel_workers=4, event_handlers=None, ignore_user_meta=False, metas=['./colcon.meta'], base_paths=['.'], packages_ignore=None, packages_ignore_regex=None, paths=None, packages_up_to=None, packages_up_to_regex=None, packages_above=None, packages_above_and_dependencies=None, packages_above_depth=None, packages_select_by_dep=None, packages_skip_by_dep=None, packages_skip_up_to=None, packages_select_build_failed=False, packages_skip_build_finished=False, packages_select_test_failures=False, packages_skip_test_passed=False, packages_select=['cpe631_ros2'], packages_skip=None, packages_select_regex=None, packages_skip_regex=None, packages_start=None, packages_end=None, allow_overriding=[], cmake_args=None, cmake_target=None, cmake_target_skip_unavailable=False, cmake_clean_cache=False, cmake_clean_first=False, cmake_force_configure=False, ament_cmake_args=None, catkin_cmake_args=None, catkin_skip_building_tests=False, verb_parser=<colcon_defaults.argument_parser.defaults.DefaultArgumentsDecorator object at 0x74224ac820f0>, verb_extension=<colcon_core.verb.build.BuildVerb object at 0x74224ac81dc0>, main=<bound method BuildVerb.main of <colcon_core.verb.build.BuildVerb object at 0x74224ac81dc0>>)
[0.136s] Level 1:colcon.colcon_core.package_discovery:discover_packages(colcon_meta) check parameters
[0.136s] Level 1:colcon.colcon_core.package_discovery:discover_packages(recursive) check parameters
[0.136s] Level 1:colcon.colcon_core.package_discovery:discover_packages(ignore) check parameters
[0.136s] Level 1:colcon.colcon_core.package_discovery:discover_packages(path) check parameters
[0.136s] Level 1:colcon.colcon_core.package_discovery:discover_packages(colcon_meta) discover
[0.137s] Level 1:colcon.colcon_core.package_discovery:discover_packages(recursive) discover
[0.137s] INFO:colcon.colcon_core.package_discovery:Crawling recursively for packages in '/home/dx/CPE631-Navigation-ROS2-main'
[0.137s] Level 1:colcon.colcon_core.package_identification:_identify(.) by extensions ['ignore', 'ignore_ament_install']
[0.137s] Level 1:colcon.colcon_core.package_identification:_identify(.) by extension 'ignore'
[0.137s] Level 1:colcon.colcon_core.package_identification:_identify(.) by extension 'ignore_ament_install'
[0.137s] Level 1:colcon.colcon_core.package_identification:_identify(.) by extensions ['colcon_pkg']
[0.137s] Level 1:colcon.colcon_core.package_identification:_identify(.) by extension 'colcon_pkg'
[0.137s] Level 1:colcon.colcon_core.package_identification:_identify(.) by extensions ['colcon_meta']
[0.137s] Level 1:colcon.colcon_core.package_identification:_identify(.) by extension 'colcon_meta'
[0.137s] Level 1:colcon.colcon_core.package_identification:_identify(.) by extensions ['ros']
[0.137s] Level 1:colcon.colcon_core.package_identification:_identify(.) by extension 'ros'
[0.164s] DEBUG:colcon.colcon_core.package_identification:Package '.' with type 'ros.ament_cmake' and name 'cpe631_ros2'
[0.164s] Level 1:colcon.colcon_core.package_discovery:discover_packages(recursive) using defaults
[0.164s] Level 1:colcon.colcon_core.package_discovery:discover_packages(ignore) discover
[0.164s] Level 1:colcon.colcon_core.package_discovery:discover_packages(ignore) using defaults
[0.164s] Level 1:colcon.colcon_core.package_discovery:discover_packages(path) discover
[0.164s] Level 1:colcon.colcon_core.package_discovery:discover_packages(path) using defaults
[0.182s] Level 1:colcon.colcon_core.package_discovery:discover_packages(prefix_path) check parameters
[0.182s] Level 1:colcon.colcon_core.package_discovery:discover_packages(prefix_path) discover
[0.184s] DEBUG:colcon.colcon_installed_package_information.package_discovery:Found 5 installed packages in /home/dx/ros2_ws/install
[0.185s] DEBUG:colcon.colcon_installed_package_information.package_discovery:Found 399 installed packages in /opt/ros/jazzy
[0.186s] Level 1:colcon.colcon_core.package_discovery:discover_packages(prefix_path) using defaults
[0.233s] Level 5:colcon.colcon_core.verb:set package 'cpe631_ros2' build argument 'cmake_args' from command line to 'None'
[0.233s] Level 5:colcon.colcon_core.verb:set package 'cpe631_ros2' build argument 'cmake_target' from command line to 'None'
[0.233s] Level 5:colcon.colcon_core.verb:set package 'cpe631_ros2' build argument 'cmake_target_skip_unavailable' from command line to 'False'
[0.233s] Level 5:colcon.colcon_core.verb:set package 'cpe631_ros2' build argument 'cmake_clean_cache' from command line to 'False'
[0.233s] Level 5:colcon.colcon_core.verb:set package 'cpe631_ros2' build argument 'cmake_clean_first' from command line to 'False'
[0.233s] Level 5:colcon.colcon_core.verb:set package 'cpe631_ros2' build argument 'cmake_force_configure' from command line to 'False'
[0.233s] Level 5:colcon.colcon_core.verb:set package 'cpe631_ros2' build argument 'ament_cmake_args' from command line to 'None'
[0.233s] Level 5:colcon.colcon_core.verb:set package 'cpe631_ros2' build argument 'catkin_cmake_args' from command line to 'None'
[0.233s] Level 5:colcon.colcon_core.verb:set package 'cpe631_ros2' build argument 'catkin_skip_building_tests' from command line to 'False'
[0.233s] DEBUG:colcon.colcon_core.verb:Building package 'cpe631_ros2' with the following arguments: {'ament_cmake_args': None, 'build_base': '/home/dx/CPE631-Navigation-ROS2-main/build/cpe631_ros2', 'catkin_cmake_args': None, 'catkin_skip_building_tests': False, 'cmake_args': None, 'cmake_clean_cache': False, 'cmake_clean_first': False, 'cmake_force_configure': False, 'cmake_target': None, 'cmake_target_skip_unavailable': False, 'install_base': '/home/dx/CPE631-Navigation-ROS2-main/install/cpe631_ros2', 'merge_install': False, 'path': '/home/dx/CPE631-Navigation-ROS2-main', 'symlink_install': False, 'test_result_base': None}
[0.233s] INFO:colcon.colcon_core.executor:Executing jobs using 'parallel' executor
[0.234s] DEBUG:colcon.colcon_parallel_executor.executor.parallel:run_until_complete
[0.235s] INFO:colcon.colcon_ros.task.ament_cmake.build:Building ROS package in '/home/dx/CPE631-Navigation-ROS2-main' with build type 'ament_cmake'
[0.235s] INFO:colcon.colcon_cmake.task.cmake.build:Building CMake package in '/home/dx/CPE631-Navigation-ROS2-main'
[0.237s] INFO:colcon.colcon_core.plugin_system:Skipping extension 'colcon_core.shell.bat': Not used on non-Windows systems
[0.237s] INFO:colcon.colcon_core.shell:Skip shell extension 'powershell' for command environment: Not usable outside of PowerShell
[0.237s] DEBUG:colcon.colcon_core.shell:Skip shell extension 'dsv' for command environment
[0.249s] DEBUG:colcon.colcon_core.event_handler.log_command:Invoking command in '/home/dx/CPE631-Navigation-ROS2-main/build/cpe631_ros2': CMAKE_PREFIX_PATH=${CMAKE_PREFIX_PATH}:/home/dx/ros2_ws/install/cpe631_ros2:/home/dx/ros2_ws/install/autonomous_exploration:/opt/ros/jazzy DEBUGINFOD_URLS=https://debuginfod.ubuntu.com /usr/bin/cmake --build /home/dx/CPE631-Navigation-ROS2-main/build/cpe631_ros2 -- -j4 -l4
[0.638s] DEBUG:colcon.colcon_core.event_handler.log_command:Invoked command in '/home/dx/CPE631-Navigation-ROS2-main/build/cpe631_ros2' returned '0': CMAKE_PREFIX_PATH=${CMAKE_PREFIX_PATH}:/home/dx/ros2_ws/install/cpe631_ros2:/home/dx/ros2_ws/install/autonomous_exploration:/opt/ros/jazzy DEBUGINFOD_URLS=https://debuginfod.ubuntu.com /usr/bin/cmake --build /home/dx/CPE631-Navigation-ROS2-main/build/cpe631_ros2 -- -j4 -l4
[0.648s] DEBUG:colcon.colcon_core.event_handler.log_command:Invoking command in '/home/dx/CPE631-Navigation-ROS2-main/build/cpe631_ros2': CMAKE_PREFIX_PATH=${CMAKE_PREFIX_PATH}:/home/dx/ros2_ws/install/cpe631_ros2:/home/dx/ros2_ws/install/autonomous_exploration:/opt/ros/jazzy DEBUGINFOD_URLS=https://debuginfod.ubuntu.com /usr/bin/cmake --install /home/dx/CPE631-Navigation-ROS2-main/build/cpe631_ros2
[0.740s] Level 1:colcon.colcon_core.environment:create_environment_scripts_only(cpe631_ros2)
[0.741s] DEBUG:colcon.colcon_core.event_handler.log_command:Invoked command in '/home/dx/CPE631-Navigation-ROS2-main/build/cpe631_ros2' returned '0': CMAKE_PREFIX_PATH=${CMAKE_PREFIX_PATH}:/home/dx/ros2_ws/install/cpe631_ros2:/home/dx/ros2_ws/install/autonomous_exploration:/opt/ros/jazzy DEBUGINFOD_URLS=https://debuginfod.ubuntu.com /usr/bin/cmake --install /home/dx/CPE631-Navigation-ROS2-main/build/cpe631_ros2
[0.742s] Level 1:colcon.colcon_core.environment:checking '/home/dx/CPE631-Navigation-ROS2-main/install/cpe631_ros2' for CMake module files
[0.743s] Level 1:colcon.colcon_core.environment:checking '/home/dx/CPE631-Navigation-ROS2-main/install/cpe631_ros2' for CMake config files
[0.744s] Level 1:colcon.colcon_core.shell:create_environment_hook('cpe631_ros2', 'cmake_prefix_path')
[0.744s] INFO:colcon.colcon_core.shell:Creating environment hook '/home/dx/CPE631-Navigation-ROS2-main/install/cpe631_ros2/share/cpe631_ros2/hook/cmake_prefix_path.ps1'
[0.745s] INFO:colcon.colcon_core.shell:Creating environment descriptor '/home/dx/CPE631-Navigation-ROS2-main/install/cpe631_ros2/share/cpe631_ros2/hook/cmake_prefix_path.dsv'
[0.745s] INFO:colcon.colcon_core.shell:Creating environment hook '/home/dx/CPE631-Navigation-ROS2-main/install/cpe631_ros2/share/cpe631_ros2/hook/cmake_prefix_path.sh'
[0.746s] Level 1:colcon.colcon_core.environment:checking '/home/dx/CPE631-Navigation-ROS2-main/install/cpe631_ros2/lib'
[0.746s] Level 1:colcon.colcon_core.shell:create_environment_hook('cpe631_ros2', 'ld_library_path_lib')
[0.746s] INFO:colcon.colcon_core.shell:Creating environment hook '/home/dx/CPE631-Navigation-ROS2-main/install/cpe631_ros2/share/cpe631_ros2/hook/ld_library_path_lib.ps1'
[0.747s] INFO:colcon.colcon_core.shell:Creating environment descriptor '/home/dx/CPE631-Navigation-ROS2-main/install/cpe631_ros2/share/cpe631_ros2/hook/ld_library_path_lib.dsv'
[0.747s] INFO:colcon.colcon_core.shell:Creating environment hook '/home/dx/CPE631-Navigation-ROS2-main/install/cpe631_ros2/share/cpe631_ros2/hook/ld_library_path_lib.sh'
[0.748s] Level 1:colcon.colcon_core.environment:checking '/home/dx/CPE631-Navigation-ROS2-main/install/cpe631_ros2/bin'
[0.748s] Level 1:colcon.colcon_core.environment:checking '/home/dx/CPE631-Navigation-ROS2-main/install/cpe631_ros2/lib/pkgconfig/cpe631_ros2.pc'
[0.748s] Level 1:colcon.colcon_core.environment:checking '/home/dx/CPE631-Navigation-ROS2-main/install/cpe631_ros2/lib/python3.12/site-packages'
[0.748s] Level 1:colcon.colcon_core.shell:create_environment_hook('cpe631_ros2', 'pythonpath')
[0.748s] INFO:colcon.colcon_core.shell:Creating environment hook '/home/dx/CPE631-Navigation-ROS2-main/install/cpe631_ros2/share/cpe631_ros2/hook/pythonpath.ps1'
[0.749s] INFO:colcon.colcon_core.shell:Creating environment descriptor '/home/dx/CPE631-Navigation-ROS2-main/install/cpe631_ros2/share/cpe631_ros2/hook/pythonpath.dsv'
[0.749s] INFO:colcon.colcon_core.shell:Creating environment hook '/home/dx/CPE631-Navigation-ROS2-main/install/cpe631_ros2/share/cpe631_ros2/hook/pythonpath.sh'
[0.750s] Level 1:colcon.colcon_core.environment:checking '/home/dx/CPE631-Navigation-ROS2-main/install/cpe631_ros2/bin'
[0.750s] INFO:colcon.colcon_core.shell:Creating package script '/home/dx/CPE631-Navigation-ROS2-main/install/cpe631_ros2/share/cpe631_ros2/package.ps1'
[0.751s] INFO:colcon.colcon_core.shell:Creating package descriptor '/home/dx/CPE631-Navigation-ROS2-main/install/cpe631_ros2/share/cpe631_ros2/package.dsv'
[0.752s] INFO:colcon.colcon_core.shell:Creating package script '/home/dx/CPE631-Navigation-ROS2-main/install/cpe631_ros2/share/cpe631_ros2/package.sh'
[0.752s] INFO:colcon.colcon_core.shell:Creating package script '/home/dx/CPE631-Navigation-ROS2-main/install/cpe631_ros2/share/cpe631_ros2/package.bash'
[0.754s] INFO:colcon.colcon_core.shell:Creating package script '/home/dx/CPE631-Navigation-ROS2-main/install/cpe631_ros2/share/cpe631_ros2/package.zsh'
[0.754s] Level 1:colcon.colcon_core.environment:create_file_with_runtime_dependencies(/home/dx/CPE631-Navigation-ROS2-main/install/cpe631_ros2/share/colcon-core/packages/cpe631_ros2)
[0.755s] Level 1:colcon.colcon_core.environment:create_environment_scripts_only(cpe631_ros2)
[0.755s] Level 1:colcon.colcon_core.environment:checking '/home/dx/CPE631-Navigation-ROS2-main/install/cpe631_ros2' for CMake module files
[0.756s] Level 1:colcon.colcon_core.environment:checking '/home/dx/CPE631-Navigation-ROS2-main/install/cpe631_ros2' for CMake config files
[0.756s] Level 1:colcon.colcon_core.shell:create_environment_hook('cpe631_ros2', 'cmake_prefix_path')
[0.757s] INFO:colcon.colcon_core.shell:Creating environment hook '/home/dx/CPE631-Navigation-ROS2-main/install/cpe631_ros2/share/cpe631_ros2/hook/cmake_prefix_path.ps1'
[0.757s] INFO:colcon.colcon_core.shell:Creating environment descriptor '/home/dx/CPE631-Navigation-ROS2-main/install/cpe631_ros2/share/cpe631_ros2/hook/cmake_prefix_path.dsv'
[0.758s] INFO:colcon.colcon_core.shell:Creating environment hook '/home/dx/CPE631-Navigation-ROS2-main/install/cpe631_ros2/share/cpe631_ros2/hook/cmake_prefix_path.sh'
[0.758s] Level 1:colcon.colcon_core.environment:checking '/home/dx/CPE631-Navigation-ROS2-main/install/cpe631_ros2/lib'
[0.758s] Level 1:colcon.colcon_core.shell:create_environment_hook('cpe631_ros2', 'ld_library_path_lib')
[0.758s] INFO:colcon.colcon_core.shell:Creating environment hook '/home/dx/CPE631-Navigation-ROS2-main/install/cpe631_ros2/share/cpe631_ros2/hook/ld_library_path_lib.ps1'
[0.759s] INFO:colcon.colcon_core.shell:Creating environment descriptor '/home/dx/CPE631-Navigation-ROS2-main/install/cpe631_ros2/share/cpe631_ros2/hook/ld_library_path_lib.dsv'
[0.759s] INFO:colcon.colcon_core.shell:Creating environment hook '/home/dx/CPE631-Navigation-ROS2-main/install/cpe631_ros2/share/cpe631_ros2/hook/ld_library_path_lib.sh'
[0.760s] Level 1:colcon.colcon_core.environment:checking '/home/dx/CPE631-Navigation-ROS2-main/install/cpe631_ros2/bin'
[0.760s] Level 1:colcon.colcon_core.environment:checking '/home/dx/CPE631-Navigation-ROS2-main/install/cpe631_ros2/lib/pkgconfig/cpe631_ros2.pc'
[0.760s] Level 1:colcon.colcon_core.environment:checking '/home/dx/CPE631-Navigation-ROS2-main/install/cpe631_ros2/lib/python3.12/site-packages'
[0.760s] Level 1:colcon.colcon_core.shell:create_environment_hook('cpe631_ros2', 'pythonpath')
[0.761s] INFO:colcon.colcon_core.shell:Creating environment hook '/home/dx/CPE631-Navigation-ROS2-main/install/cpe631_ros2/share/cpe631_ros2/hook/pythonpath.ps1'
[0.762s] INFO:colcon.colcon_core.shell:Creating environment descriptor '/home/dx/CPE631-Navigation-ROS2-main/install/cpe631_ros2/share/cpe631_ros2/hook/pythonpath.dsv'
[0.762s] INFO:colcon.colcon_core.shell:Creating environment hook '/home/dx/CPE631-Navigation-ROS2-main/install/cpe631_ros2/share/cpe631_ros2/hook/pythonpath.sh'
[0.763s] Level 1:colcon.colcon_core.environment:checking '/home/dx/CPE631-Navigation-ROS2-main/install/cpe631_ros2/bin'
[0.763s] INFO:colcon.colcon_core.shell:Creating package script '/home/dx/CPE631-Navigation-ROS2-main/install/cpe631_ros2/share/cpe631_ros2/package.ps1'
[0.763s] INFO:colcon.colcon_core.shell:Creating package descriptor '/home/dx/CPE631-Navigation-ROS2-main/install/cpe631_ros2/share/cpe631_ros2/package.dsv'
[0.764s] INFO:colcon.colcon_core.shell:Creating package script '/home/dx/CPE631-Navigation-ROS2-main/install/cpe631_ros2/share/cpe631_ros2/package.sh'
[0.764s] INFO:colcon.colcon_core.shell:Creating package script '/home/dx/CPE631-Navigation-ROS2-main/install/cpe631_ros2/share/cpe631_ros2/package.bash'
[0.765s] INFO:colcon.colcon_core.shell:Creating package script '/home/dx/CPE631-Navigation-ROS2-main/install/cpe631_ros2/share/cpe631_ros2/package.zsh'
[0.765s] Level 1:colcon.colcon_core.environment:create_file_with_runtime_dependencies(/home/dx/CPE631-Navigation-ROS2-main/install/cpe631_ros2/share/colcon-core/packages/cpe631_ros2)
[0.766s] DEBUG:colcon.colcon_parallel_executor.executor.parallel:closing loop
[0.766s] DEBUG:colcon.colcon_parallel_executor.executor.parallel:loop closed
[0.766s] DEBUG:colcon.colcon_parallel_executor.executor.parallel:run_until_complete finished with '0'
[0.766s] DEBUG:colcon.colcon_core.event_reactor:joining thread
[0.767s] DEBUG:colcon.colcon_core.event_reactor:joined thread
[0.767s] INFO:colcon.colcon_core.shell:Creating prefix script '/home/dx/CPE631-Navigation-ROS2-main/install/local_setup.ps1'
[0.767s] INFO:colcon.colcon_core.shell:Creating prefix util module '/home/dx/CPE631-Navigation-ROS2-main/install/_local_setup_util_ps1.py'
[0.768s] INFO:colcon.colcon_core.shell:Creating prefix chain script '/home/dx/CPE631-Navigation-ROS2-main/install/setup.ps1'
[0.770s] INFO:colcon.colcon_core.shell:Creating prefix script '/home/dx/CPE631-Navigation-ROS2-main/install/local_setup.sh'
[0.771s] INFO:colcon.colcon_core.shell:Creating prefix util module '/home/dx/CPE631-Navigation-ROS2-main/install/_local_setup_util_sh.py'
[0.772s] INFO:colcon.colcon_core.shell:Creating prefix chain script '/home/dx/CPE631-Navigation-ROS2-main/install/setup.sh'
[0.772s] INFO:colcon.colcon_core.shell:Creating prefix script '/home/dx/CPE631-Navigation-ROS2-main/install/local_setup.bash'
[0.773s] INFO:colcon.colcon_core.shell:Creating prefix chain script '/home/dx/CPE631-Navigation-ROS2-main/install/setup.bash'
[0.774s] INFO:colcon.colcon_core.shell:Creating prefix script '/home/dx/CPE631-Navigation-ROS2-main/install/local_setup.zsh'
[0.774s] INFO:colcon.colcon_core.shell:Creating prefix chain script '/home/dx/CPE631-Navigation-ROS2-main/install/setup.zsh'
